[0.154s] Invoking command in '/home/tejas_bhuta/git/drive_to_survive/build/audibot_gazebo': CMAKE_PREFIX_PATH=/home/tejas_bhuta/git/drive_to_survive/install/audibot_description:/home/tejas_bhuta/git/drive_to_survive/install/yolo_msg:/home/tejas_bhuta/git/drive_to_survive/install/gazebo_tf:/home/tejas_bhuta/git/drive_to_survive/install/audibot_gazebo:/home/tejas_bhuta/git/drive_to_survive/install/observation_space:/home/tejas_bhuta/git/drive_to_survive/install/cluster_puck:/home/tejas_bhuta/git/drive_to_survive/install/audibot_yolo:/home/tejas_bhuta/git/drive_to_survive/install/audibot_teleop_keys:/opt/ros/humble /usr/bin/cmake --build /home/tejas_bhuta/git/drive_to_survive/build/audibot_gazebo -- -j16 -l16
[0.556s] [35m[1mConsolidate compiler generated dependencies of target audibot_interface_plugin[0m
[0.873s] [100%] Built target audibot_interface_plugin
[0.955s] Invoked command in '/home/tejas_bhuta/git/drive_to_survive/build/audibot_gazebo' returned '0': CMAKE_PREFIX_PATH=/home/tejas_bhuta/git/drive_to_survive/install/audibot_description:/home/tejas_bhuta/git/drive_to_survive/install/yolo_msg:/home/tejas_bhuta/git/drive_to_survive/install/gazebo_tf:/home/tejas_bhuta/git/drive_to_survive/install/audibot_gazebo:/home/tejas_bhuta/git/drive_to_survive/install/observation_space:/home/tejas_bhuta/git/drive_to_survive/install/cluster_puck:/home/tejas_bhuta/git/drive_to_survive/install/audibot_yolo:/home/tejas_bhuta/git/drive_to_survive/install/audibot_teleop_keys:/opt/ros/humble /usr/bin/cmake --build /home/tejas_bhuta/git/drive_to_survive/build/audibot_gazebo -- -j16 -l16
[1.374s] Invoking command in '/home/tejas_bhuta/git/drive_to_survive/build/audibot_gazebo': CMAKE_PREFIX_PATH=/home/tejas_bhuta/git/drive_to_survive/install/audibot_description:/home/tejas_bhuta/git/drive_to_survive/install/yolo_msg:/home/tejas_bhuta/git/drive_to_survive/install/gazebo_tf:/home/tejas_bhuta/git/drive_to_survive/install/audibot_gazebo:/home/tejas_bhuta/git/drive_to_survive/install/observation_space:/home/tejas_bhuta/git/drive_to_survive/install/cluster_puck:/home/tejas_bhuta/git/drive_to_survive/install/audibot_yolo:/home/tejas_bhuta/git/drive_to_survive/install/audibot_teleop_keys:/opt/ros/humble /usr/bin/cmake --install /home/tejas_bhuta/git/drive_to_survive/build/audibot_gazebo
[1.424s] -- Install configuration: ""
[1.438s] -- Execute custom install script
[1.438s] -- Up-to-date symlink: /home/tejas_bhuta/git/drive_to_survive/install/audibot_gazebo/lib/libaudibot_interface_plugin.so
[1.440s] -- Up-to-date symlink: /home/tejas_bhuta/git/drive_to_survive/install/audibot_gazebo/share/audibot_gazebo/launch/audibot_robot.launch.py
[1.440s] -- Up-to-date symlink: /home/tejas_bhuta/git/drive_to_survive/install/audibot_gazebo/share/audibot_gazebo/launch/single_vehicle_example.launch.py
[1.440s] -- Up-to-date symlink: /home/tejas_bhuta/git/drive_to_survive/install/audibot_gazebo/share/audibot_gazebo/launch/two_vehicle_example.launch.py
[1.440s] -- Up-to-date symlink: /home/tejas_bhuta/git/drive_to_survive/install/audibot_gazebo/share/audibot_gazebo/rviz/single_vehicle_example.rviz
[1.441s] -- Up-to-date symlink: /home/tejas_bhuta/git/drive_to_survive/install/audibot_gazebo/share/audibot_gazebo/rviz/two_vehicle_example.rviz
[1.441s] -- Up-to-date symlink: /home/tejas_bhuta/git/drive_to_survive/install/audibot_gazebo/share/ament_index/resource_index/package_run_dependencies/audibot_gazebo
[1.444s] -- Up-to-date symlink: /home/tejas_bhuta/git/drive_to_survive/install/audibot_gazebo/share/ament_index/resource_index/parent_prefix_path/audibot_gazebo
[1.444s] -- Up-to-date symlink: /home/tejas_bhuta/git/drive_to_survive/install/audibot_gazebo/share/audibot_gazebo/environment/ament_prefix_path.sh
[1.444s] -- Up-to-date symlink: /home/tejas_bhuta/git/drive_to_survive/install/audibot_gazebo/share/audibot_gazebo/environment/ament_prefix_path.dsv
[1.444s] -- Up-to-date symlink: /home/tejas_bhuta/git/drive_to_survive/install/audibot_gazebo/share/audibot_gazebo/environment/path.sh
[1.444s] -- Up-to-date symlink: /home/tejas_bhuta/git/drive_to_survive/install/audibot_gazebo/share/audibot_gazebo/environment/path.dsv
[1.444s] -- Up-to-date symlink: /home/tejas_bhuta/git/drive_to_survive/install/audibot_gazebo/share/audibot_gazebo/local_setup.bash
[1.444s] -- Up-to-date symlink: /home/tejas_bhuta/git/drive_to_survive/install/audibot_gazebo/share/audibot_gazebo/local_setup.sh
[1.445s] -- Up-to-date symlink: /home/tejas_bhuta/git/drive_to_survive/install/audibot_gazebo/share/audibot_gazebo/local_setup.zsh
[1.445s] -- Up-to-date symlink: /home/tejas_bhuta/git/drive_to_survive/install/audibot_gazebo/share/audibot_gazebo/local_setup.dsv
[1.445s] -- Symlinking: /home/tejas_bhuta/git/drive_to_survive/install/audibot_gazebo/share/audibot_gazebo/package.dsv
[1.589s] -- Up-to-date symlink: /home/tejas_bhuta/git/drive_to_survive/install/audibot_gazebo/share/ament_index/resource_index/packages/audibot_gazebo
[1.589s] -- Up-to-date symlink: /home/tejas_bhuta/git/drive_to_survive/install/audibot_gazebo/share/audibot_gazebo/cmake/audibot_gazeboConfig.cmake
[1.590s] -- Up-to-date symlink: /home/tejas_bhuta/git/drive_to_survive/install/audibot_gazebo/share/audibot_gazebo/cmake/audibot_gazeboConfig-version.cmake
[1.590s] -- Up-to-date symlink: /home/tejas_bhuta/git/drive_to_survive/install/audibot_gazebo/share/audibot_gazebo/package.xml
[1.609s] Invoked command in '/home/tejas_bhuta/git/drive_to_survive/build/audibot_gazebo' returned '0': CMAKE_PREFIX_PATH=/home/tejas_bhuta/git/drive_to_survive/install/audibot_description:/home/tejas_bhuta/git/drive_to_survive/install/yolo_msg:/home/tejas_bhuta/git/drive_to_survive/install/gazebo_tf:/home/tejas_bhuta/git/drive_to_survive/install/audibot_gazebo:/home/tejas_bhuta/git/drive_to_survive/install/observation_space:/home/tejas_bhuta/git/drive_to_survive/install/cluster_puck:/home/tejas_bhuta/git/drive_to_survive/install/audibot_yolo:/home/tejas_bhuta/git/drive_to_survive/install/audibot_teleop_keys:/opt/ros/humble /usr/bin/cmake --install /home/tejas_bhuta/git/drive_to_survive/build/audibot_gazebo
