[1.174s] DEBUG:colcon:Command line arguments: ['/usr/bin/colcon', 'build', '--packages-select', 'audibot_rl_driver']
[1.174s] DEBUG:colcon:Parsed command line arguments: Namespace(log_base=None, log_level=None, verb_name='build', build_base='build', install_base='install', merge_install=False, symlink_install=False, test_result_base=None, continue_on_error=False, executor='parallel', parallel_workers=16, event_handlers=None, ignore_user_meta=False, metas=['./colcon.meta'], base_paths=['.'], packages_ignore=None, packages_ignore_regex=None, paths=None, packages_up_to=None, packages_up_to_regex=None, packages_above=None, packages_above_and_dependencies=None, packages_above_depth=None, packages_select_by_dep=None, packages_skip_by_dep=None, packages_skip_up_to=None, packages_select_build_failed=False, packages_skip_build_finished=False, packages_select_test_failures=False, packages_skip_test_passed=False, packages_select=['audibot_rl_driver'], packages_skip=None, packages_select_regex=None, packages_skip_regex=None, packages_start=None, packages_end=None, allow_overriding=[], cmake_args=None, cmake_target=None, cmake_target_skip_unavailable=False, cmake_clean_cache=False, cmake_clean_first=False, cmake_force_configure=False, ament_cmake_args=None, catkin_cmake_args=None, catkin_skip_building_tests=False, mixin_files=None, mixin=None, verb_parser=<colcon_mixin.mixin.mixin_argument.MixinArgumentDecorator object at 0x7f3deaacce80>, verb_extension=<colcon_core.verb.build.BuildVerb object at 0x7f3deac55690>, main=<bound method BuildVerb.main of <colcon_core.verb.build.BuildVerb object at 0x7f3deac55690>>, mixin_verb=('build',))
[1.690s] Level 1:colcon.colcon_core.package_discovery:discover_packages(colcon_meta) check parameters
[1.703s] Level 1:colcon.colcon_core.package_discovery:discover_packages(recursive) check parameters
[1.703s] Level 1:colcon.colcon_core.package_discovery:discover_packages(ignore) check parameters
[1.703s] Level 1:colcon.colcon_core.package_discovery:discover_packages(path) check parameters
[1.703s] Level 1:colcon.colcon_core.package_discovery:discover_packages(colcon_meta) discover
[1.703s] Level 1:colcon.colcon_core.package_discovery:discover_packages(recursive) discover
[1.704s] INFO:colcon.colcon_core.package_discovery:Crawling recursively for packages in '/home/tejas_bhuta/git/drive_to_survive'
[1.704s] Level 1:colcon.colcon_core.package_identification:_identify(.) by extensions ['ignore', 'ignore_ament_install']
[1.704s] Level 1:colcon.colcon_core.package_identification:_identify(.) by extension 'ignore'
[1.704s] Level 1:colcon.colcon_core.package_identification:_identify(.) by extension 'ignore_ament_install'
[1.704s] Level 1:colcon.colcon_core.package_identification:_identify(.) by extensions ['colcon_pkg']
[1.704s] Level 1:colcon.colcon_core.package_identification:_identify(.) by extension 'colcon_pkg'
[1.704s] Level 1:colcon.colcon_core.package_identification:_identify(.) by extensions ['colcon_meta']
[1.705s] Level 1:colcon.colcon_core.package_identification:_identify(.) by extension 'colcon_meta'
[1.705s] Level 1:colcon.colcon_core.package_identification:_identify(.) by extensions ['ros']
[1.705s] Level 1:colcon.colcon_core.package_identification:_identify(.) by extension 'ros'
[1.722s] Level 1:colcon.colcon_core.package_identification:_identify(.) by extensions ['cmake', 'python']
[1.743s] Level 1:colcon.colcon_core.package_identification:_identify(.) by extension 'cmake'
[1.744s] Level 1:colcon.colcon_core.package_identification:_identify(.) by extension 'python'
[1.747s] Level 1:colcon.colcon_core.package_identification:_identify(.) by extensions ['python_setup_py']
[1.748s] Level 1:colcon.colcon_core.package_identification:_identify(.) by extension 'python_setup_py'
[1.748s] Level 1:colcon.colcon_core.package_identification:_identify(build) by extensions ['ignore', 'ignore_ament_install']
[1.749s] Level 1:colcon.colcon_core.package_identification:_identify(build) by extension 'ignore'
[1.749s] Level 1:colcon.colcon_core.package_identification:_identify(build) ignored
[1.749s] Level 1:colcon.colcon_core.package_identification:_identify(dqn_models_audibot) by extensions ['ignore', 'ignore_ament_install']
[1.749s] Level 1:colcon.colcon_core.package_identification:_identify(dqn_models_audibot) by extension 'ignore'
[1.750s] Level 1:colcon.colcon_core.package_identification:_identify(dqn_models_audibot) by extension 'ignore_ament_install'
[1.750s] Level 1:colcon.colcon_core.package_identification:_identify(dqn_models_audibot) by extensions ['colcon_pkg']
[1.750s] Level 1:colcon.colcon_core.package_identification:_identify(dqn_models_audibot) by extension 'colcon_pkg'
[1.750s] Level 1:colcon.colcon_core.package_identification:_identify(dqn_models_audibot) by extensions ['colcon_meta']
[1.750s] Level 1:colcon.colcon_core.package_identification:_identify(dqn_models_audibot) by extension 'colcon_meta'
[1.750s] Level 1:colcon.colcon_core.package_identification:_identify(dqn_models_audibot) by extensions ['ros']
[1.750s] Level 1:colcon.colcon_core.package_identification:_identify(dqn_models_audibot) by extension 'ros'
[1.750s] Level 1:colcon.colcon_core.package_identification:_identify(dqn_models_audibot) by extensions ['cmake', 'python']
[1.750s] Level 1:colcon.colcon_core.package_identification:_identify(dqn_models_audibot) by extension 'cmake'
[1.751s] Level 1:colcon.colcon_core.package_identification:_identify(dqn_models_audibot) by extension 'python'
[1.751s] Level 1:colcon.colcon_core.package_identification:_identify(dqn_models_audibot) by extensions ['python_setup_py']
[1.751s] Level 1:colcon.colcon_core.package_identification:_identify(dqn_models_audibot) by extension 'python_setup_py'
[1.752s] Level 1:colcon.colcon_core.package_identification:_identify(drive_to_survive) by extensions ['ignore', 'ignore_ament_install']
[1.752s] Level 1:colcon.colcon_core.package_identification:_identify(drive_to_survive) by extension 'ignore'
[1.752s] Level 1:colcon.colcon_core.package_identification:_identify(drive_to_survive) by extension 'ignore_ament_install'
[1.752s] Level 1:colcon.colcon_core.package_identification:_identify(drive_to_survive) by extensions ['colcon_pkg']
[1.752s] Level 1:colcon.colcon_core.package_identification:_identify(drive_to_survive) by extension 'colcon_pkg'
[1.752s] Level 1:colcon.colcon_core.package_identification:_identify(drive_to_survive) by extensions ['colcon_meta']
[1.753s] Level 1:colcon.colcon_core.package_identification:_identify(drive_to_survive) by extension 'colcon_meta'
[1.753s] Level 1:colcon.colcon_core.package_identification:_identify(drive_to_survive) by extensions ['ros']
[1.753s] Level 1:colcon.colcon_core.package_identification:_identify(drive_to_survive) by extension 'ros'
[1.753s] Level 1:colcon.colcon_core.package_identification:_identify(drive_to_survive) by extensions ['cmake', 'python']
[1.753s] Level 1:colcon.colcon_core.package_identification:_identify(drive_to_survive) by extension 'cmake'
[1.753s] Level 1:colcon.colcon_core.package_identification:_identify(drive_to_survive) by extension 'python'
[1.753s] Level 1:colcon.colcon_core.package_identification:_identify(drive_to_survive) by extensions ['python_setup_py']
[1.753s] Level 1:colcon.colcon_core.package_identification:_identify(drive_to_survive) by extension 'python_setup_py'
[1.754s] Level 1:colcon.colcon_core.package_identification:_identify(install) by extensions ['ignore', 'ignore_ament_install']
[1.754s] Level 1:colcon.colcon_core.package_identification:_identify(install) by extension 'ignore'
[1.754s] Level 1:colcon.colcon_core.package_identification:_identify(install) ignored
[1.755s] Level 1:colcon.colcon_core.package_identification:_identify(launch) by extensions ['ignore', 'ignore_ament_install']
[1.755s] Level 1:colcon.colcon_core.package_identification:_identify(launch) by extension 'ignore'
[1.755s] Level 1:colcon.colcon_core.package_identification:_identify(launch) by extension 'ignore_ament_install'
[1.757s] Level 1:colcon.colcon_core.package_identification:_identify(launch) by extensions ['colcon_pkg']
[1.757s] Level 1:colcon.colcon_core.package_identification:_identify(launch) by extension 'colcon_pkg'
[1.757s] Level 1:colcon.colcon_core.package_identification:_identify(launch) by extensions ['colcon_meta']
[1.757s] Level 1:colcon.colcon_core.package_identification:_identify(launch) by extension 'colcon_meta'
[1.758s] Level 1:colcon.colcon_core.package_identification:_identify(launch) by extensions ['ros']
[1.764s] Level 1:colcon.colcon_core.package_identification:_identify(launch) by extension 'ros'
[1.765s] Level 1:colcon.colcon_core.package_identification:_identify(launch) by extensions ['cmake', 'python']
[1.767s] Level 1:colcon.colcon_core.package_identification:_identify(launch) by extension 'cmake'
[1.768s] Level 1:colcon.colcon_core.package_identification:_identify(launch) by extension 'python'
[1.768s] Level 1:colcon.colcon_core.package_identification:_identify(launch) by extensions ['python_setup_py']
[1.769s] Level 1:colcon.colcon_core.package_identification:_identify(launch) by extension 'python_setup_py'
[1.769s] Level 1:colcon.colcon_core.package_identification:_identify(launch/__pycache__) by extensions ['ignore', 'ignore_ament_install']
[1.775s] Level 1:colcon.colcon_core.package_identification:_identify(launch/__pycache__) by extension 'ignore'
[1.775s] Level 1:colcon.colcon_core.package_identification:_identify(launch/__pycache__) by extension 'ignore_ament_install'
[1.776s] Level 1:colcon.colcon_core.package_identification:_identify(launch/__pycache__) by extensions ['colcon_pkg']
[1.776s] Level 1:colcon.colcon_core.package_identification:_identify(launch/__pycache__) by extension 'colcon_pkg'
[1.776s] Level 1:colcon.colcon_core.package_identification:_identify(launch/__pycache__) by extensions ['colcon_meta']
[1.776s] Level 1:colcon.colcon_core.package_identification:_identify(launch/__pycache__) by extension 'colcon_meta'
[1.776s] Level 1:colcon.colcon_core.package_identification:_identify(launch/__pycache__) by extensions ['ros']
[1.776s] Level 1:colcon.colcon_core.package_identification:_identify(launch/__pycache__) by extension 'ros'
[1.776s] Level 1:colcon.colcon_core.package_identification:_identify(launch/__pycache__) by extensions ['cmake', 'python']
[1.776s] Level 1:colcon.colcon_core.package_identification:_identify(launch/__pycache__) by extension 'cmake'
[1.777s] Level 1:colcon.colcon_core.package_identification:_identify(launch/__pycache__) by extension 'python'
[1.777s] Level 1:colcon.colcon_core.package_identification:_identify(launch/__pycache__) by extensions ['python_setup_py']
[1.777s] Level 1:colcon.colcon_core.package_identification:_identify(launch/__pycache__) by extension 'python_setup_py'
[1.778s] Level 1:colcon.colcon_core.package_identification:_identify(log) by extensions ['ignore', 'ignore_ament_install']
[1.778s] Level 1:colcon.colcon_core.package_identification:_identify(log) by extension 'ignore'
[1.778s] Level 1:colcon.colcon_core.package_identification:_identify(log) ignored
[1.779s] Level 1:colcon.colcon_core.package_identification:_identify(machine_learning) by extensions ['ignore', 'ignore_ament_install']
[1.779s] Level 1:colcon.colcon_core.package_identification:_identify(machine_learning) by extension 'ignore'
[1.779s] Level 1:colcon.colcon_core.package_identification:_identify(machine_learning) by extension 'ignore_ament_install'
[1.779s] Level 1:colcon.colcon_core.package_identification:_identify(machine_learning) by extensions ['colcon_pkg']
[1.779s] Level 1:colcon.colcon_core.package_identification:_identify(machine_learning) by extension 'colcon_pkg'
[1.779s] Level 1:colcon.colcon_core.package_identification:_identify(machine_learning) by extensions ['colcon_meta']
[1.780s] Level 1:colcon.colcon_core.package_identification:_identify(machine_learning) by extension 'colcon_meta'
[1.780s] Level 1:colcon.colcon_core.package_identification:_identify(machine_learning) by extensions ['ros']
[1.780s] Level 1:colcon.colcon_core.package_identification:_identify(machine_learning) by extension 'ros'
[1.780s] Level 1:colcon.colcon_core.package_identification:_identify(machine_learning) by extensions ['cmake', 'python']
[1.780s] Level 1:colcon.colcon_core.package_identification:_identify(machine_learning) by extension 'cmake'
[1.780s] Level 1:colcon.colcon_core.package_identification:_identify(machine_learning) by extension 'python'
[1.780s] Level 1:colcon.colcon_core.package_identification:_identify(machine_learning) by extensions ['python_setup_py']
[1.780s] Level 1:colcon.colcon_core.package_identification:_identify(machine_learning) by extension 'python_setup_py'
[1.781s] Level 1:colcon.colcon_core.package_identification:_identify(resource) by extensions ['ignore', 'ignore_ament_install']
[1.803s] Level 1:colcon.colcon_core.package_identification:_identify(resource) by extension 'ignore'
[1.804s] Level 1:colcon.colcon_core.package_identification:_identify(resource) by extension 'ignore_ament_install'
[1.804s] Level 1:colcon.colcon_core.package_identification:_identify(resource) by extensions ['colcon_pkg']
[1.804s] Level 1:colcon.colcon_core.package_identification:_identify(resource) by extension 'colcon_pkg'
[1.804s] Level 1:colcon.colcon_core.package_identification:_identify(resource) by extensions ['colcon_meta']
[1.804s] Level 1:colcon.colcon_core.package_identification:_identify(resource) by extension 'colcon_meta'
[1.804s] Level 1:colcon.colcon_core.package_identification:_identify(resource) by extensions ['ros']
[1.804s] Level 1:colcon.colcon_core.package_identification:_identify(resource) by extension 'ros'
[1.804s] Level 1:colcon.colcon_core.package_identification:_identify(resource) by extensions ['cmake', 'python']
[1.804s] Level 1:colcon.colcon_core.package_identification:_identify(resource) by extension 'cmake'
[1.805s] Level 1:colcon.colcon_core.package_identification:_identify(resource) by extension 'python'
[1.805s] Level 1:colcon.colcon_core.package_identification:_identify(resource) by extensions ['python_setup_py']
[1.805s] Level 1:colcon.colcon_core.package_identification:_identify(resource) by extension 'python_setup_py'
[1.805s] Level 1:colcon.colcon_core.package_identification:_identify(resources) by extensions ['ignore', 'ignore_ament_install']
[1.805s] Level 1:colcon.colcon_core.package_identification:_identify(resources) by extension 'ignore'
[1.805s] Level 1:colcon.colcon_core.package_identification:_identify(resources) by extension 'ignore_ament_install'
[1.805s] Level 1:colcon.colcon_core.package_identification:_identify(resources) by extensions ['colcon_pkg']
[1.805s] Level 1:colcon.colcon_core.package_identification:_identify(resources) by extension 'colcon_pkg'
[1.806s] Level 1:colcon.colcon_core.package_identification:_identify(resources) by extensions ['colcon_meta']
[1.806s] Level 1:colcon.colcon_core.package_identification:_identify(resources) by extension 'colcon_meta'
[1.806s] Level 1:colcon.colcon_core.package_identification:_identify(resources) by extensions ['ros']
[1.806s] Level 1:colcon.colcon_core.package_identification:_identify(resources) by extension 'ros'
[1.806s] Level 1:colcon.colcon_core.package_identification:_identify(resources) by extensions ['cmake', 'python']
[1.806s] Level 1:colcon.colcon_core.package_identification:_identify(resources) by extension 'cmake'
[1.806s] Level 1:colcon.colcon_core.package_identification:_identify(resources) by extension 'python'
[1.806s] Level 1:colcon.colcon_core.package_identification:_identify(resources) by extensions ['python_setup_py']
[1.806s] Level 1:colcon.colcon_core.package_identification:_identify(resources) by extension 'python_setup_py'
[1.806s] Level 1:colcon.colcon_core.package_identification:_identify(resources/audibot) by extensions ['ignore', 'ignore_ament_install']
[1.807s] Level 1:colcon.colcon_core.package_identification:_identify(resources/audibot) by extension 'ignore'
[1.807s] Level 1:colcon.colcon_core.package_identification:_identify(resources/audibot) by extension 'ignore_ament_install'
[1.807s] Level 1:colcon.colcon_core.package_identification:_identify(resources/audibot) by extensions ['colcon_pkg']
[1.807s] Level 1:colcon.colcon_core.package_identification:_identify(resources/audibot) by extension 'colcon_pkg'
[1.807s] Level 1:colcon.colcon_core.package_identification:_identify(resources/audibot) by extensions ['colcon_meta']
[1.807s] Level 1:colcon.colcon_core.package_identification:_identify(resources/audibot) by extension 'colcon_meta'
[1.807s] Level 1:colcon.colcon_core.package_identification:_identify(resources/audibot) by extensions ['ros']
[1.807s] Level 1:colcon.colcon_core.package_identification:_identify(resources/audibot) by extension 'ros'
[1.807s] Level 1:colcon.colcon_core.package_identification:_identify(resources/audibot) by extensions ['cmake', 'python']
[1.807s] Level 1:colcon.colcon_core.package_identification:_identify(resources/audibot) by extension 'cmake'
[1.808s] Level 1:colcon.colcon_core.package_identification:_identify(resources/audibot) by extension 'python'
[1.808s] Level 1:colcon.colcon_core.package_identification:_identify(resources/audibot) by extensions ['python_setup_py']
[1.808s] Level 1:colcon.colcon_core.package_identification:_identify(resources/audibot) by extension 'python_setup_py'
[1.808s] Level 1:colcon.colcon_core.package_identification:_identify(resources/audibot/audibot) by extensions ['ignore', 'ignore_ament_install']
[1.808s] Level 1:colcon.colcon_core.package_identification:_identify(resources/audibot/audibot) by extension 'ignore'
[1.808s] Level 1:colcon.colcon_core.package_identification:_identify(resources/audibot/audibot) by extension 'ignore_ament_install'
[1.808s] Level 1:colcon.colcon_core.package_identification:_identify(resources/audibot/audibot) by extensions ['colcon_pkg']
[1.808s] Level 1:colcon.colcon_core.package_identification:_identify(resources/audibot/audibot) by extension 'colcon_pkg'
[1.808s] Level 1:colcon.colcon_core.package_identification:_identify(resources/audibot/audibot) by extensions ['colcon_meta']
[1.808s] Level 1:colcon.colcon_core.package_identification:_identify(resources/audibot/audibot) by extension 'colcon_meta'
[1.809s] Level 1:colcon.colcon_core.package_identification:_identify(resources/audibot/audibot) by extensions ['ros']
[1.810s] Level 1:colcon.colcon_core.package_identification:_identify(resources/audibot/audibot) by extension 'ros'
[1.814s] DEBUG:colcon.colcon_core.package_identification:Package 'resources/audibot/audibot' with type 'ros.ament_cmake' and name 'audibot'
[1.814s] Level 1:colcon.colcon_core.package_identification:_identify(resources/audibot/audibot_description) by extensions ['ignore', 'ignore_ament_install']
[1.814s] Level 1:colcon.colcon_core.package_identification:_identify(resources/audibot/audibot_description) by extension 'ignore'
[1.814s] Level 1:colcon.colcon_core.package_identification:_identify(resources/audibot/audibot_description) by extension 'ignore_ament_install'
[1.815s] Level 1:colcon.colcon_core.package_identification:_identify(resources/audibot/audibot_description) by extensions ['colcon_pkg']
[1.815s] Level 1:colcon.colcon_core.package_identification:_identify(resources/audibot/audibot_description) by extension 'colcon_pkg'
[1.815s] Level 1:colcon.colcon_core.package_identification:_identify(resources/audibot/audibot_description) by extensions ['colcon_meta']
[1.815s] Level 1:colcon.colcon_core.package_identification:_identify(resources/audibot/audibot_description) by extension 'colcon_meta'
[1.815s] Level 1:colcon.colcon_core.package_identification:_identify(resources/audibot/audibot_description) by extensions ['ros']
[1.815s] Level 1:colcon.colcon_core.package_identification:_identify(resources/audibot/audibot_description) by extension 'ros'
[1.816s] DEBUG:colcon.colcon_core.package_identification:Package 'resources/audibot/audibot_description' with type 'ros.ament_cmake' and name 'audibot_description'
[1.816s] Level 1:colcon.colcon_core.package_identification:_identify(resources/audibot/audibot_gazebo) by extensions ['ignore', 'ignore_ament_install']
[1.816s] Level 1:colcon.colcon_core.package_identification:_identify(resources/audibot/audibot_gazebo) by extension 'ignore'
[1.817s] Level 1:colcon.colcon_core.package_identification:_identify(resources/audibot/audibot_gazebo) by extension 'ignore_ament_install'
[1.817s] Level 1:colcon.colcon_core.package_identification:_identify(resources/audibot/audibot_gazebo) by extensions ['colcon_pkg']
[1.817s] Level 1:colcon.colcon_core.package_identification:_identify(resources/audibot/audibot_gazebo) by extension 'colcon_pkg'
[1.817s] Level 1:colcon.colcon_core.package_identification:_identify(resources/audibot/audibot_gazebo) by extensions ['colcon_meta']
[1.817s] Level 1:colcon.colcon_core.package_identification:_identify(resources/audibot/audibot_gazebo) by extension 'colcon_meta'
[1.817s] Level 1:colcon.colcon_core.package_identification:_identify(resources/audibot/audibot_gazebo) by extensions ['ros']
[1.817s] Level 1:colcon.colcon_core.package_identification:_identify(resources/audibot/audibot_gazebo) by extension 'ros'
[1.821s] DEBUG:colcon.colcon_core.package_identification:Package 'resources/audibot/audibot_gazebo' with type 'ros.ament_cmake' and name 'audibot_gazebo'
[1.822s] Level 1:colcon.colcon_core.package_identification:_identify(resources/gazebo_tf) by extensions ['ignore', 'ignore_ament_install']
[1.822s] Level 1:colcon.colcon_core.package_identification:_identify(resources/gazebo_tf) by extension 'ignore'
[1.822s] Level 1:colcon.colcon_core.package_identification:_identify(resources/gazebo_tf) by extension 'ignore_ament_install'
[1.822s] Level 1:colcon.colcon_core.package_identification:_identify(resources/gazebo_tf) by extensions ['colcon_pkg']
[1.822s] Level 1:colcon.colcon_core.package_identification:_identify(resources/gazebo_tf) by extension 'colcon_pkg'
[1.823s] Level 1:colcon.colcon_core.package_identification:_identify(resources/gazebo_tf) by extensions ['colcon_meta']
[1.823s] Level 1:colcon.colcon_core.package_identification:_identify(resources/gazebo_tf) by extension 'colcon_meta'
[1.823s] Level 1:colcon.colcon_core.package_identification:_identify(resources/gazebo_tf) by extensions ['ros']
[1.823s] Level 1:colcon.colcon_core.package_identification:_identify(resources/gazebo_tf) by extension 'ros'
[1.825s] DEBUG:colcon.colcon_core.package_identification:Package 'resources/gazebo_tf' with type 'ros.ament_cmake' and name 'gazebo_tf'
[1.825s] Level 1:colcon.colcon_core.package_identification:_identify(resources/yolo) by extensions ['ignore', 'ignore_ament_install']
[1.826s] Level 1:colcon.colcon_core.package_identification:_identify(resources/yolo) by extension 'ignore'
[1.826s] Level 1:colcon.colcon_core.package_identification:_identify(resources/yolo) by extension 'ignore_ament_install'
[1.826s] Level 1:colcon.colcon_core.package_identification:_identify(resources/yolo) by extensions ['colcon_pkg']
[1.826s] Level 1:colcon.colcon_core.package_identification:_identify(resources/yolo) by extension 'colcon_pkg'
[1.826s] Level 1:colcon.colcon_core.package_identification:_identify(resources/yolo) by extensions ['colcon_meta']
[1.826s] Level 1:colcon.colcon_core.package_identification:_identify(resources/yolo) by extension 'colcon_meta'
[1.826s] Level 1:colcon.colcon_core.package_identification:_identify(resources/yolo) by extensions ['ros']
[1.826s] Level 1:colcon.colcon_core.package_identification:_identify(resources/yolo) by extension 'ros'
[1.826s] Level 1:colcon.colcon_core.package_identification:_identify(resources/yolo) by extensions ['cmake', 'python']
[1.827s] Level 1:colcon.colcon_core.package_identification:_identify(resources/yolo) by extension 'cmake'
[1.828s] Level 1:colcon.colcon_core.package_identification:_identify(resources/yolo) by extension 'python'
[1.829s] Level 1:colcon.colcon_core.package_identification:_identify(resources/yolo) by extensions ['python_setup_py']
[1.829s] Level 1:colcon.colcon_core.package_identification:_identify(resources/yolo) by extension 'python_setup_py'
[1.830s] Level 1:colcon.colcon_core.package_identification:_identify(src) by extensions ['ignore', 'ignore_ament_install']
[1.830s] Level 1:colcon.colcon_core.package_identification:_identify(src) by extension 'ignore'
[1.830s] Level 1:colcon.colcon_core.package_identification:_identify(src) by extension 'ignore_ament_install'
[1.830s] Level 1:colcon.colcon_core.package_identification:_identify(src) by extensions ['colcon_pkg']
[1.830s] Level 1:colcon.colcon_core.package_identification:_identify(src) by extension 'colcon_pkg'
[1.830s] Level 1:colcon.colcon_core.package_identification:_identify(src) by extensions ['colcon_meta']
[1.830s] Level 1:colcon.colcon_core.package_identification:_identify(src) by extension 'colcon_meta'
[1.831s] Level 1:colcon.colcon_core.package_identification:_identify(src) by extensions ['ros']
[1.831s] Level 1:colcon.colcon_core.package_identification:_identify(src) by extension 'ros'
[1.831s] Level 1:colcon.colcon_core.package_identification:_identify(src) by extensions ['cmake', 'python']
[1.831s] Level 1:colcon.colcon_core.package_identification:_identify(src) by extension 'cmake'
[1.831s] Level 1:colcon.colcon_core.package_identification:_identify(src) by extension 'python'
[1.831s] Level 1:colcon.colcon_core.package_identification:_identify(src) by extensions ['python_setup_py']
[1.831s] Level 1:colcon.colcon_core.package_identification:_identify(src) by extension 'python_setup_py'
[1.831s] Level 1:colcon.colcon_core.package_identification:_identify(src/audibot_rl_driver) by extensions ['ignore', 'ignore_ament_install']
[1.832s] Level 1:colcon.colcon_core.package_identification:_identify(src/audibot_rl_driver) by extension 'ignore'
[1.832s] Level 1:colcon.colcon_core.package_identification:_identify(src/audibot_rl_driver) by extension 'ignore_ament_install'
[1.832s] Level 1:colcon.colcon_core.package_identification:_identify(src/audibot_rl_driver) by extensions ['colcon_pkg']
[1.832s] Level 1:colcon.colcon_core.package_identification:_identify(src/audibot_rl_driver) by extension 'colcon_pkg'
[1.832s] Level 1:colcon.colcon_core.package_identification:_identify(src/audibot_rl_driver) by extensions ['colcon_meta']
[1.832s] Level 1:colcon.colcon_core.package_identification:_identify(src/audibot_rl_driver) by extension 'colcon_meta'
[1.832s] Level 1:colcon.colcon_core.package_identification:_identify(src/audibot_rl_driver) by extensions ['ros']
[1.832s] Level 1:colcon.colcon_core.package_identification:_identify(src/audibot_rl_driver) by extension 'ros'
[1.834s] DEBUG:colcon.colcon_core.package_identification:Package 'src/audibot_rl_driver' with type 'ros.ament_python' and name 'audibot_rl_driver'
[1.834s] Level 1:colcon.colcon_core.package_identification:_identify(src/audibot_teleop_keys) by extensions ['ignore', 'ignore_ament_install']
[1.844s] Level 1:colcon.colcon_core.package_identification:_identify(src/audibot_teleop_keys) by extension 'ignore'
[1.844s] Level 1:colcon.colcon_core.package_identification:_identify(src/audibot_teleop_keys) by extension 'ignore_ament_install'
[1.844s] Level 1:colcon.colcon_core.package_identification:_identify(src/audibot_teleop_keys) by extensions ['colcon_pkg']
[1.844s] Level 1:colcon.colcon_core.package_identification:_identify(src/audibot_teleop_keys) by extension 'colcon_pkg'
[1.844s] Level 1:colcon.colcon_core.package_identification:_identify(src/audibot_teleop_keys) by extensions ['colcon_meta']
[1.845s] Level 1:colcon.colcon_core.package_identification:_identify(src/audibot_teleop_keys) by extension 'colcon_meta'
[1.845s] Level 1:colcon.colcon_core.package_identification:_identify(src/audibot_teleop_keys) by extensions ['ros']
[1.845s] Level 1:colcon.colcon_core.package_identification:_identify(src/audibot_teleop_keys) by extension 'ros'
[1.846s] DEBUG:colcon.colcon_core.package_identification:Package 'src/audibot_teleop_keys' with type 'ros.ament_python' and name 'audibot_teleop_keys'
[1.850s] Level 1:colcon.colcon_core.package_identification:_identify(src/audibot_yolo) by extensions ['ignore', 'ignore_ament_install']
[1.850s] Level 1:colcon.colcon_core.package_identification:_identify(src/audibot_yolo) by extension 'ignore'
[1.850s] Level 1:colcon.colcon_core.package_identification:_identify(src/audibot_yolo) by extension 'ignore_ament_install'
[1.850s] Level 1:colcon.colcon_core.package_identification:_identify(src/audibot_yolo) by extensions ['colcon_pkg']
[1.851s] Level 1:colcon.colcon_core.package_identification:_identify(src/audibot_yolo) by extension 'colcon_pkg'
[1.851s] Level 1:colcon.colcon_core.package_identification:_identify(src/audibot_yolo) by extensions ['colcon_meta']
[1.851s] Level 1:colcon.colcon_core.package_identification:_identify(src/audibot_yolo) by extension 'colcon_meta'
[1.851s] Level 1:colcon.colcon_core.package_identification:_identify(src/audibot_yolo) by extensions ['ros']
[1.851s] Level 1:colcon.colcon_core.package_identification:_identify(src/audibot_yolo) by extension 'ros'
[1.852s] DEBUG:colcon.colcon_core.package_identification:Package 'src/audibot_yolo' with type 'ros.ament_python' and name 'audibot_yolo'
[1.853s] Level 1:colcon.colcon_core.package_identification:_identify(src/cluster_puck) by extensions ['ignore', 'ignore_ament_install']
[1.853s] Level 1:colcon.colcon_core.package_identification:_identify(src/cluster_puck) by extension 'ignore'
[1.853s] Level 1:colcon.colcon_core.package_identification:_identify(src/cluster_puck) by extension 'ignore_ament_install'
[1.853s] Level 1:colcon.colcon_core.package_identification:_identify(src/cluster_puck) by extensions ['colcon_pkg']
[1.853s] Level 1:colcon.colcon_core.package_identification:_identify(src/cluster_puck) by extension 'colcon_pkg'
[1.853s] Level 1:colcon.colcon_core.package_identification:_identify(src/cluster_puck) by extensions ['colcon_meta']
[1.853s] Level 1:colcon.colcon_core.package_identification:_identify(src/cluster_puck) by extension 'colcon_meta'
[1.853s] Level 1:colcon.colcon_core.package_identification:_identify(src/cluster_puck) by extensions ['ros']
[1.854s] Level 1:colcon.colcon_core.package_identification:_identify(src/cluster_puck) by extension 'ros'
[1.855s] DEBUG:colcon.colcon_core.package_identification:Package 'src/cluster_puck' with type 'ros.ament_python' and name 'cluster_puck'
[1.855s] Level 1:colcon.colcon_core.package_identification:_identify(src/rl_gym) by extensions ['ignore', 'ignore_ament_install']
[1.855s] Level 1:colcon.colcon_core.package_identification:_identify(src/rl_gym) by extension 'ignore'
[1.855s] Level 1:colcon.colcon_core.package_identification:_identify(src/rl_gym) by extension 'ignore_ament_install'
[1.855s] Level 1:colcon.colcon_core.package_identification:_identify(src/rl_gym) by extensions ['colcon_pkg']
[1.855s] Level 1:colcon.colcon_core.package_identification:_identify(src/rl_gym) by extension 'colcon_pkg'
[1.856s] Level 1:colcon.colcon_core.package_identification:_identify(src/rl_gym) by extensions ['colcon_meta']
[1.856s] Level 1:colcon.colcon_core.package_identification:_identify(src/rl_gym) by extension 'colcon_meta'
[1.856s] Level 1:colcon.colcon_core.package_identification:_identify(src/rl_gym) by extensions ['ros']
[1.857s] Level 1:colcon.colcon_core.package_identification:_identify(src/rl_gym) by extension 'ros'
[1.859s] DEBUG:colcon.colcon_core.package_identification:Package 'src/rl_gym' with type 'ros.ament_python' and name 'rl_gym'
[1.865s] Level 1:colcon.colcon_core.package_identification:_identify(src/rl_rewards) by extensions ['ignore', 'ignore_ament_install']
[1.866s] Level 1:colcon.colcon_core.package_identification:_identify(src/rl_rewards) by extension 'ignore'
[1.866s] Level 1:colcon.colcon_core.package_identification:_identify(src/rl_rewards) by extension 'ignore_ament_install'
[1.866s] Level 1:colcon.colcon_core.package_identification:_identify(src/rl_rewards) by extensions ['colcon_pkg']
[1.866s] Level 1:colcon.colcon_core.package_identification:_identify(src/rl_rewards) by extension 'colcon_pkg'
[1.866s] Level 1:colcon.colcon_core.package_identification:_identify(src/rl_rewards) by extensions ['colcon_meta']
[1.867s] Level 1:colcon.colcon_core.package_identification:_identify(src/rl_rewards) by extension 'colcon_meta'
[1.867s] Level 1:colcon.colcon_core.package_identification:_identify(src/rl_rewards) by extensions ['ros']
[1.867s] Level 1:colcon.colcon_core.package_identification:_identify(src/rl_rewards) by extension 'ros'
[1.868s] DEBUG:colcon.colcon_core.package_identification:Package 'src/rl_rewards' with type 'ros.ament_python' and name 'rl_rewards'
[1.868s] Level 1:colcon.colcon_core.package_identification:_identify(src/yolo_msg) by extensions ['ignore', 'ignore_ament_install']
[1.885s] Level 1:colcon.colcon_core.package_identification:_identify(src/yolo_msg) by extension 'ignore'
[1.886s] Level 1:colcon.colcon_core.package_identification:_identify(src/yolo_msg) by extension 'ignore_ament_install'
[1.886s] Level 1:colcon.colcon_core.package_identification:_identify(src/yolo_msg) by extensions ['colcon_pkg']
[1.887s] Level 1:colcon.colcon_core.package_identification:_identify(src/yolo_msg) by extension 'colcon_pkg'
[1.887s] Level 1:colcon.colcon_core.package_identification:_identify(src/yolo_msg) by extensions ['colcon_meta']
[1.887s] Level 1:colcon.colcon_core.package_identification:_identify(src/yolo_msg) by extension 'colcon_meta'
[1.888s] Level 1:colcon.colcon_core.package_identification:_identify(src/yolo_msg) by extensions ['ros']
[1.888s] Level 1:colcon.colcon_core.package_identification:_identify(src/yolo_msg) by extension 'ros'
[1.889s] DEBUG:colcon.colcon_core.package_identification:Package 'src/yolo_msg' with type 'ros.ament_cmake' and name 'yolo_msg'
[1.890s] Level 1:colcon.colcon_core.package_identification:_identify(validation) by extensions ['ignore', 'ignore_ament_install']
[1.890s] Level 1:colcon.colcon_core.package_identification:_identify(validation) by extension 'ignore'
[1.890s] Level 1:colcon.colcon_core.package_identification:_identify(validation) by extension 'ignore_ament_install'
[1.890s] Level 1:colcon.colcon_core.package_identification:_identify(validation) by extensions ['colcon_pkg']
[1.890s] Level 1:colcon.colcon_core.package_identification:_identify(validation) by extension 'colcon_pkg'
[1.890s] Level 1:colcon.colcon_core.package_identification:_identify(validation) by extensions ['colcon_meta']
[1.890s] Level 1:colcon.colcon_core.package_identification:_identify(validation) by extension 'colcon_meta'
[1.890s] Level 1:colcon.colcon_core.package_identification:_identify(validation) by extensions ['ros']
[1.890s] Level 1:colcon.colcon_core.package_identification:_identify(validation) by extension 'ros'
[1.891s] Level 1:colcon.colcon_core.package_identification:_identify(validation) by extensions ['cmake', 'python']
[1.891s] Level 1:colcon.colcon_core.package_identification:_identify(validation) by extension 'cmake'
[1.891s] Level 1:colcon.colcon_core.package_identification:_identify(validation) by extension 'python'
[1.891s] Level 1:colcon.colcon_core.package_identification:_identify(validation) by extensions ['python_setup_py']
[1.891s] Level 1:colcon.colcon_core.package_identification:_identify(validation) by extension 'python_setup_py'
[1.891s] Level 1:colcon.colcon_core.package_identification:_identify(validation/ground_truths) by extensions ['ignore', 'ignore_ament_install']
[1.891s] Level 1:colcon.colcon_core.package_identification:_identify(validation/ground_truths) by extension 'ignore'
[1.891s] Level 1:colcon.colcon_core.package_identification:_identify(validation/ground_truths) by extension 'ignore_ament_install'
[1.891s] Level 1:colcon.colcon_core.package_identification:_identify(validation/ground_truths) by extensions ['colcon_pkg']
[1.892s] Level 1:colcon.colcon_core.package_identification:_identify(validation/ground_truths) by extension 'colcon_pkg'
[1.892s] Level 1:colcon.colcon_core.package_identification:_identify(validation/ground_truths) by extensions ['colcon_meta']
[1.892s] Level 1:colcon.colcon_core.package_identification:_identify(validation/ground_truths) by extension 'colcon_meta'
[1.892s] Level 1:colcon.colcon_core.package_identification:_identify(validation/ground_truths) by extensions ['ros']
[1.892s] Level 1:colcon.colcon_core.package_identification:_identify(validation/ground_truths) by extension 'ros'
[1.892s] Level 1:colcon.colcon_core.package_identification:_identify(validation/ground_truths) by extensions ['cmake', 'python']
[1.892s] Level 1:colcon.colcon_core.package_identification:_identify(validation/ground_truths) by extension 'cmake'
[1.892s] Level 1:colcon.colcon_core.package_identification:_identify(validation/ground_truths) by extension 'python'
[1.892s] Level 1:colcon.colcon_core.package_identification:_identify(validation/ground_truths) by extensions ['python_setup_py']
[1.892s] Level 1:colcon.colcon_core.package_identification:_identify(validation/ground_truths) by extension 'python_setup_py'
[1.893s] Level 1:colcon.colcon_core.package_identification:_identify(validation/rosbags) by extensions ['ignore', 'ignore_ament_install']
[1.893s] Level 1:colcon.colcon_core.package_identification:_identify(validation/rosbags) by extension 'ignore'
[1.893s] Level 1:colcon.colcon_core.package_identification:_identify(validation/rosbags) by extension 'ignore_ament_install'
[1.893s] Level 1:colcon.colcon_core.package_identification:_identify(validation/rosbags) by extensions ['colcon_pkg']
[1.893s] Level 1:colcon.colcon_core.package_identification:_identify(validation/rosbags) by extension 'colcon_pkg'
[1.893s] Level 1:colcon.colcon_core.package_identification:_identify(validation/rosbags) by extensions ['colcon_meta']
[1.893s] Level 1:colcon.colcon_core.package_identification:_identify(validation/rosbags) by extension 'colcon_meta'
[1.893s] Level 1:colcon.colcon_core.package_identification:_identify(validation/rosbags) by extensions ['ros']
[1.893s] Level 1:colcon.colcon_core.package_identification:_identify(validation/rosbags) by extension 'ros'
[1.893s] Level 1:colcon.colcon_core.package_identification:_identify(validation/rosbags) by extensions ['cmake', 'python']
[1.894s] Level 1:colcon.colcon_core.package_identification:_identify(validation/rosbags) by extension 'cmake'
[1.894s] Level 1:colcon.colcon_core.package_identification:_identify(validation/rosbags) by extension 'python'
[1.894s] Level 1:colcon.colcon_core.package_identification:_identify(validation/rosbags) by extensions ['python_setup_py']
[1.894s] Level 1:colcon.colcon_core.package_identification:_identify(validation/rosbags) by extension 'python_setup_py'
[1.894s] Level 1:colcon.colcon_core.package_identification:_identify(validation/rosbags/lidar_cone_centers) by extensions ['ignore', 'ignore_ament_install']
[1.894s] Level 1:colcon.colcon_core.package_identification:_identify(validation/rosbags/lidar_cone_centers) by extension 'ignore'
[1.894s] Level 1:colcon.colcon_core.package_identification:_identify(validation/rosbags/lidar_cone_centers) by extension 'ignore_ament_install'
[1.894s] Level 1:colcon.colcon_core.package_identification:_identify(validation/rosbags/lidar_cone_centers) by extensions ['colcon_pkg']
[1.894s] Level 1:colcon.colcon_core.package_identification:_identify(validation/rosbags/lidar_cone_centers) by extension 'colcon_pkg'
[1.894s] Level 1:colcon.colcon_core.package_identification:_identify(validation/rosbags/lidar_cone_centers) by extensions ['colcon_meta']
[1.894s] Level 1:colcon.colcon_core.package_identification:_identify(validation/rosbags/lidar_cone_centers) by extension 'colcon_meta'
[1.894s] Level 1:colcon.colcon_core.package_identification:_identify(validation/rosbags/lidar_cone_centers) by extensions ['ros']
[1.895s] Level 1:colcon.colcon_core.package_identification:_identify(validation/rosbags/lidar_cone_centers) by extension 'ros'
[1.895s] Level 1:colcon.colcon_core.package_identification:_identify(validation/rosbags/lidar_cone_centers) by extensions ['cmake', 'python']
[1.895s] Level 1:colcon.colcon_core.package_identification:_identify(validation/rosbags/lidar_cone_centers) by extension 'cmake'
[1.895s] Level 1:colcon.colcon_core.package_identification:_identify(validation/rosbags/lidar_cone_centers) by extension 'python'
[1.895s] Level 1:colcon.colcon_core.package_identification:_identify(validation/rosbags/lidar_cone_centers) by extensions ['python_setup_py']
[1.895s] Level 1:colcon.colcon_core.package_identification:_identify(validation/rosbags/lidar_cone_centers) by extension 'python_setup_py'
[1.895s] Level 1:colcon.colcon_core.package_identification:_identify(validation/testing) by extensions ['ignore', 'ignore_ament_install']
[1.895s] Level 1:colcon.colcon_core.package_identification:_identify(validation/testing) by extension 'ignore'
[1.895s] Level 1:colcon.colcon_core.package_identification:_identify(validation/testing) by extension 'ignore_ament_install'
[1.895s] Level 1:colcon.colcon_core.package_identification:_identify(validation/testing) by extensions ['colcon_pkg']
[1.895s] Level 1:colcon.colcon_core.package_identification:_identify(validation/testing) by extension 'colcon_pkg'
[1.896s] Level 1:colcon.colcon_core.package_identification:_identify(validation/testing) by extensions ['colcon_meta']
[1.896s] Level 1:colcon.colcon_core.package_identification:_identify(validation/testing) by extension 'colcon_meta'
[1.897s] Level 1:colcon.colcon_core.package_identification:_identify(validation/testing) by extensions ['ros']
[1.897s] Level 1:colcon.colcon_core.package_identification:_identify(validation/testing) by extension 'ros'
[1.898s] Level 1:colcon.colcon_core.package_identification:_identify(validation/testing) by extensions ['cmake', 'python']
[1.898s] Level 1:colcon.colcon_core.package_identification:_identify(validation/testing) by extension 'cmake'
[1.898s] Level 1:colcon.colcon_core.package_identification:_identify(validation/testing) by extension 'python'
[1.898s] Level 1:colcon.colcon_core.package_identification:_identify(validation/testing) by extensions ['python_setup_py']
[1.899s] Level 1:colcon.colcon_core.package_identification:_identify(validation/testing) by extension 'python_setup_py'
[1.899s] Level 1:colcon.colcon_core.package_identification:_identify(yolo_training) by extensions ['ignore', 'ignore_ament_install']
[1.899s] Level 1:colcon.colcon_core.package_identification:_identify(yolo_training) by extension 'ignore'
[1.900s] Level 1:colcon.colcon_core.package_identification:_identify(yolo_training) by extension 'ignore_ament_install'
[1.900s] Level 1:colcon.colcon_core.package_identification:_identify(yolo_training) by extensions ['colcon_pkg']
[1.900s] Level 1:colcon.colcon_core.package_identification:_identify(yolo_training) by extension 'colcon_pkg'
[1.900s] Level 1:colcon.colcon_core.package_identification:_identify(yolo_training) by extensions ['colcon_meta']
[1.901s] Level 1:colcon.colcon_core.package_identification:_identify(yolo_training) by extension 'colcon_meta'
[1.901s] Level 1:colcon.colcon_core.package_identification:_identify(yolo_training) by extensions ['ros']
[1.901s] Level 1:colcon.colcon_core.package_identification:_identify(yolo_training) by extension 'ros'
[1.902s] Level 1:colcon.colcon_core.package_identification:_identify(yolo_training) by extensions ['cmake', 'python']
[1.902s] Level 1:colcon.colcon_core.package_identification:_identify(yolo_training) by extension 'cmake'
[1.902s] Level 1:colcon.colcon_core.package_identification:_identify(yolo_training) by extension 'python'
[1.903s] Level 1:colcon.colcon_core.package_identification:_identify(yolo_training) by extensions ['python_setup_py']
[1.903s] Level 1:colcon.colcon_core.package_identification:_identify(yolo_training) by extension 'python_setup_py'
[1.903s] Level 1:colcon.colcon_core.package_identification:_identify(yolo_training/runs) by extensions ['ignore', 'ignore_ament_install']
[1.918s] Level 1:colcon.colcon_core.package_identification:_identify(yolo_training/runs) by extension 'ignore'
[1.919s] Level 1:colcon.colcon_core.package_identification:_identify(yolo_training/runs) by extension 'ignore_ament_install'
[1.919s] Level 1:colcon.colcon_core.package_identification:_identify(yolo_training/runs) by extensions ['colcon_pkg']
[1.919s] Level 1:colcon.colcon_core.package_identification:_identify(yolo_training/runs) by extension 'colcon_pkg'
[1.919s] Level 1:colcon.colcon_core.package_identification:_identify(yolo_training/runs) by extensions ['colcon_meta']
[1.919s] Level 1:colcon.colcon_core.package_identification:_identify(yolo_training/runs) by extension 'colcon_meta'
[1.919s] Level 1:colcon.colcon_core.package_identification:_identify(yolo_training/runs) by extensions ['ros']
[1.919s] Level 1:colcon.colcon_core.package_identification:_identify(yolo_training/runs) by extension 'ros'
[1.919s] Level 1:colcon.colcon_core.package_identification:_identify(yolo_training/runs) by extensions ['cmake', 'python']
[1.919s] Level 1:colcon.colcon_core.package_identification:_identify(yolo_training/runs) by extension 'cmake'
[1.920s] Level 1:colcon.colcon_core.package_identification:_identify(yolo_training/runs) by extension 'python'
[1.920s] Level 1:colcon.colcon_core.package_identification:_identify(yolo_training/runs) by extensions ['python_setup_py']
[1.920s] Level 1:colcon.colcon_core.package_identification:_identify(yolo_training/runs) by extension 'python_setup_py'
[1.920s] Level 1:colcon.colcon_core.package_identification:_identify(yolo_training/runs/detect) by extensions ['ignore', 'ignore_ament_install']
[1.920s] Level 1:colcon.colcon_core.package_identification:_identify(yolo_training/runs/detect) by extension 'ignore'
[1.920s] Level 1:colcon.colcon_core.package_identification:_identify(yolo_training/runs/detect) by extension 'ignore_ament_install'
[1.920s] Level 1:colcon.colcon_core.package_identification:_identify(yolo_training/runs/detect) by extensions ['colcon_pkg']
[1.921s] Level 1:colcon.colcon_core.package_identification:_identify(yolo_training/runs/detect) by extension 'colcon_pkg'
[1.921s] Level 1:colcon.colcon_core.package_identification:_identify(yolo_training/runs/detect) by extensions ['colcon_meta']
[1.921s] Level 1:colcon.colcon_core.package_identification:_identify(yolo_training/runs/detect) by extension 'colcon_meta'
[1.921s] Level 1:colcon.colcon_core.package_identification:_identify(yolo_training/runs/detect) by extensions ['ros']
[1.921s] Level 1:colcon.colcon_core.package_identification:_identify(yolo_training/runs/detect) by extension 'ros'
[1.921s] Level 1:colcon.colcon_core.package_identification:_identify(yolo_training/runs/detect) by extensions ['cmake', 'python']
[1.921s] Level 1:colcon.colcon_core.package_identification:_identify(yolo_training/runs/detect) by extension 'cmake'
[1.921s] Level 1:colcon.colcon_core.package_identification:_identify(yolo_training/runs/detect) by extension 'python'
[1.922s] Level 1:colcon.colcon_core.package_identification:_identify(yolo_training/runs/detect) by extensions ['python_setup_py']
[1.922s] Level 1:colcon.colcon_core.package_identification:_identify(yolo_training/runs/detect) by extension 'python_setup_py'
[1.922s] Level 1:colcon.colcon_core.package_identification:_identify(yolo_training/runs/detect/train) by extensions ['ignore', 'ignore_ament_install']
[1.922s] Level 1:colcon.colcon_core.package_identification:_identify(yolo_training/runs/detect/train) by extension 'ignore'
[1.922s] Level 1:colcon.colcon_core.package_identification:_identify(yolo_training/runs/detect/train) by extension 'ignore_ament_install'
[1.922s] Level 1:colcon.colcon_core.package_identification:_identify(yolo_training/runs/detect/train) by extensions ['colcon_pkg']
[1.922s] Level 1:colcon.colcon_core.package_identification:_identify(yolo_training/runs/detect/train) by extension 'colcon_pkg'
[1.922s] Level 1:colcon.colcon_core.package_identification:_identify(yolo_training/runs/detect/train) by extensions ['colcon_meta']
[1.923s] Level 1:colcon.colcon_core.package_identification:_identify(yolo_training/runs/detect/train) by extension 'colcon_meta'
[1.923s] Level 1:colcon.colcon_core.package_identification:_identify(yolo_training/runs/detect/train) by extensions ['ros']
[1.923s] Level 1:colcon.colcon_core.package_identification:_identify(yolo_training/runs/detect/train) by extension 'ros'
[1.923s] Level 1:colcon.colcon_core.package_identification:_identify(yolo_training/runs/detect/train) by extensions ['cmake', 'python']
[1.923s] Level 1:colcon.colcon_core.package_identification:_identify(yolo_training/runs/detect/train) by extension 'cmake'
[1.923s] Level 1:colcon.colcon_core.package_identification:_identify(yolo_training/runs/detect/train) by extension 'python'
[1.923s] Level 1:colcon.colcon_core.package_identification:_identify(yolo_training/runs/detect/train) by extensions ['python_setup_py']
[1.923s] Level 1:colcon.colcon_core.package_identification:_identify(yolo_training/runs/detect/train) by extension 'python_setup_py'
[1.923s] Level 1:colcon.colcon_core.package_identification:_identify(yolo_training/runs/detect/train/weights) by extensions ['ignore', 'ignore_ament_install']
[1.923s] Level 1:colcon.colcon_core.package_identification:_identify(yolo_training/runs/detect/train/weights) by extension 'ignore'
[1.924s] Level 1:colcon.colcon_core.package_identification:_identify(yolo_training/runs/detect/train/weights) by extension 'ignore_ament_install'
[1.924s] Level 1:colcon.colcon_core.package_identification:_identify(yolo_training/runs/detect/train/weights) by extensions ['colcon_pkg']
[1.924s] Level 1:colcon.colcon_core.package_identification:_identify(yolo_training/runs/detect/train/weights) by extension 'colcon_pkg'
[1.924s] Level 1:colcon.colcon_core.package_identification:_identify(yolo_training/runs/detect/train/weights) by extensions ['colcon_meta']
[1.924s] Level 1:colcon.colcon_core.package_identification:_identify(yolo_training/runs/detect/train/weights) by extension 'colcon_meta'
[1.924s] Level 1:colcon.colcon_core.package_identification:_identify(yolo_training/runs/detect/train/weights) by extensions ['ros']
[1.924s] Level 1:colcon.colcon_core.package_identification:_identify(yolo_training/runs/detect/train/weights) by extension 'ros'
[1.924s] Level 1:colcon.colcon_core.package_identification:_identify(yolo_training/runs/detect/train/weights) by extensions ['cmake', 'python']
[1.924s] Level 1:colcon.colcon_core.package_identification:_identify(yolo_training/runs/detect/train/weights) by extension 'cmake'
[1.924s] Level 1:colcon.colcon_core.package_identification:_identify(yolo_training/runs/detect/train/weights) by extension 'python'
[1.924s] Level 1:colcon.colcon_core.package_identification:_identify(yolo_training/runs/detect/train/weights) by extensions ['python_setup_py']
[1.924s] Level 1:colcon.colcon_core.package_identification:_identify(yolo_training/runs/detect/train/weights) by extension 'python_setup_py'
[1.925s] Level 1:colcon.colcon_core.package_identification:_identify(yolo_training/runs/detect/train5) by extensions ['ignore', 'ignore_ament_install']
[1.925s] Level 1:colcon.colcon_core.package_identification:_identify(yolo_training/runs/detect/train5) by extension 'ignore'
[1.925s] Level 1:colcon.colcon_core.package_identification:_identify(yolo_training/runs/detect/train5) by extension 'ignore_ament_install'
[1.925s] Level 1:colcon.colcon_core.package_identification:_identify(yolo_training/runs/detect/train5) by extensions ['colcon_pkg']
[1.925s] Level 1:colcon.colcon_core.package_identification:_identify(yolo_training/runs/detect/train5) by extension 'colcon_pkg'
[1.925s] Level 1:colcon.colcon_core.package_identification:_identify(yolo_training/runs/detect/train5) by extensions ['colcon_meta']
[1.925s] Level 1:colcon.colcon_core.package_identification:_identify(yolo_training/runs/detect/train5) by extension 'colcon_meta'
[1.925s] Level 1:colcon.colcon_core.package_identification:_identify(yolo_training/runs/detect/train5) by extensions ['ros']
[1.925s] Level 1:colcon.colcon_core.package_identification:_identify(yolo_training/runs/detect/train5) by extension 'ros'
[1.925s] Level 1:colcon.colcon_core.package_identification:_identify(yolo_training/runs/detect/train5) by extensions ['cmake', 'python']
[1.925s] Level 1:colcon.colcon_core.package_identification:_identify(yolo_training/runs/detect/train5) by extension 'cmake'
[1.926s] Level 1:colcon.colcon_core.package_identification:_identify(yolo_training/runs/detect/train5) by extension 'python'
[1.926s] Level 1:colcon.colcon_core.package_identification:_identify(yolo_training/runs/detect/train5) by extensions ['python_setup_py']
[1.926s] Level 1:colcon.colcon_core.package_identification:_identify(yolo_training/runs/detect/train5) by extension 'python_setup_py'
[1.926s] Level 1:colcon.colcon_core.package_discovery:discover_packages(recursive) using defaults
[1.926s] Level 1:colcon.colcon_core.package_discovery:discover_packages(ignore) discover
[1.926s] Level 1:colcon.colcon_core.package_discovery:discover_packages(ignore) using defaults
[1.926s] Level 1:colcon.colcon_core.package_discovery:discover_packages(path) discover
[1.926s] Level 1:colcon.colcon_core.package_discovery:discover_packages(path) using defaults
[1.997s] INFO:colcon.colcon_core.package_selection:Skipping not selected package 'audibot_description' in 'resources/audibot/audibot_description'
[1.998s] INFO:colcon.colcon_core.package_selection:Skipping not selected package 'audibot_teleop_keys' in 'src/audibot_teleop_keys'
[1.998s] INFO:colcon.colcon_core.package_selection:Skipping not selected package 'audibot_yolo' in 'src/audibot_yolo'
[1.998s] INFO:colcon.colcon_core.package_selection:Skipping not selected package 'cluster_puck' in 'src/cluster_puck'
[1.998s] INFO:colcon.colcon_core.package_selection:Skipping not selected package 'gazebo_tf' in 'resources/gazebo_tf'
[1.998s] INFO:colcon.colcon_core.package_selection:Skipping not selected package 'rl_gym' in 'src/rl_gym'
[1.999s] INFO:colcon.colcon_core.package_selection:Skipping not selected package 'rl_rewards' in 'src/rl_rewards'
[1.999s] INFO:colcon.colcon_core.package_selection:Skipping not selected package 'yolo_msg' in 'src/yolo_msg'
[1.999s] INFO:colcon.colcon_core.package_selection:Skipping not selected package 'audibot_gazebo' in 'resources/audibot/audibot_gazebo'
[1.999s] INFO:colcon.colcon_core.package_selection:Skipping not selected package 'audibot' in 'resources/audibot/audibot'
[2.000s] Level 1:colcon.colcon_core.package_discovery:discover_packages(prefix_path) check parameters
[2.000s] Level 1:colcon.colcon_core.package_discovery:discover_packages(prefix_path) discover
[2.003s] DEBUG:colcon.colcon_installed_package_information.package_discovery:Found 12 installed packages in /home/tejas_bhuta/git/drive_to_survive/install
[2.005s] DEBUG:colcon.colcon_installed_package_information.package_discovery:Found 398 installed packages in /opt/ros/humble
[2.028s] Level 1:colcon.colcon_core.package_discovery:discover_packages(prefix_path) using defaults
[2.194s] Level 5:colcon.colcon_core.verb:set package 'audibot_rl_driver' build argument 'cmake_args' from command line to 'None'
[2.195s] Level 5:colcon.colcon_core.verb:set package 'audibot_rl_driver' build argument 'cmake_target' from command line to 'None'
[2.196s] Level 5:colcon.colcon_core.verb:set package 'audibot_rl_driver' build argument 'cmake_target_skip_unavailable' from command line to 'False'
[2.196s] Level 5:colcon.colcon_core.verb:set package 'audibot_rl_driver' build argument 'cmake_clean_cache' from command line to 'False'
[2.196s] Level 5:colcon.colcon_core.verb:set package 'audibot_rl_driver' build argument 'cmake_clean_first' from command line to 'False'
[2.196s] Level 5:colcon.colcon_core.verb:set package 'audibot_rl_driver' build argument 'cmake_force_configure' from command line to 'False'
[2.196s] Level 5:colcon.colcon_core.verb:set package 'audibot_rl_driver' build argument 'ament_cmake_args' from command line to 'None'
[2.196s] Level 5:colcon.colcon_core.verb:set package 'audibot_rl_driver' build argument 'catkin_cmake_args' from command line to 'None'
[2.196s] Level 5:colcon.colcon_core.verb:set package 'audibot_rl_driver' build argument 'catkin_skip_building_tests' from command line to 'False'
[2.196s] DEBUG:colcon.colcon_core.verb:Building package 'audibot_rl_driver' with the following arguments: {'ament_cmake_args': None, 'build_base': '/home/tejas_bhuta/git/drive_to_survive/build/audibot_rl_driver', 'catkin_cmake_args': None, 'catkin_skip_building_tests': False, 'cmake_args': None, 'cmake_clean_cache': False, 'cmake_clean_first': False, 'cmake_force_configure': False, 'cmake_target': None, 'cmake_target_skip_unavailable': False, 'install_base': '/home/tejas_bhuta/git/drive_to_survive/install/audibot_rl_driver', 'merge_install': False, 'path': '/home/tejas_bhuta/git/drive_to_survive/src/audibot_rl_driver', 'symlink_install': False, 'test_result_base': None}
[2.197s] INFO:colcon.colcon_core.executor:Executing jobs using 'parallel' executor
[2.213s] DEBUG:colcon.colcon_parallel_executor.executor.parallel:run_until_complete
[2.214s] INFO:colcon.colcon_ros.task.ament_python.build:Building ROS package in '/home/tejas_bhuta/git/drive_to_survive/src/audibot_rl_driver' with build type 'ament_python'
[2.214s] Level 1:colcon.colcon_core.shell:create_environment_hook('audibot_rl_driver', 'ament_prefix_path')
[2.218s] INFO:colcon.colcon_core.plugin_system:Skipping extension 'colcon_core.shell.bat': Not used on non-Windows systems
[2.218s] INFO:colcon.colcon_core.shell:Creating environment hook '/home/tejas_bhuta/git/drive_to_survive/install/audibot_rl_driver/share/audibot_rl_driver/hook/ament_prefix_path.ps1'
[2.220s] INFO:colcon.colcon_core.shell:Creating environment descriptor '/home/tejas_bhuta/git/drive_to_survive/install/audibot_rl_driver/share/audibot_rl_driver/hook/ament_prefix_path.dsv'
[2.221s] INFO:colcon.colcon_core.shell:Creating environment hook '/home/tejas_bhuta/git/drive_to_survive/install/audibot_rl_driver/share/audibot_rl_driver/hook/ament_prefix_path.sh'
[2.222s] INFO:colcon.colcon_core.shell:Skip shell extension 'powershell' for command environment: Not usable outside of PowerShell
[2.223s] DEBUG:colcon.colcon_core.shell:Skip shell extension 'dsv' for command environment
[4.094s] INFO:colcon.colcon_core.task.python.build:Building Python package in '/home/tejas_bhuta/git/drive_to_survive/src/audibot_rl_driver'
[4.095s] INFO:colcon.colcon_core.shell:Skip shell extension 'powershell' for command environment: Not usable outside of PowerShell
[4.096s] DEBUG:colcon.colcon_core.shell:Skip shell extension 'dsv' for command environment
[7.534s] DEBUG:colcon.colcon_core.event_handler.log_command:Invoking command in '/home/tejas_bhuta/git/drive_to_survive/src/audibot_rl_driver': PYTHONPATH=/home/tejas_bhuta/git/drive_to_survive/build/audibot_rl_driver/prefix_override:/usr/lib/python3/dist-packages/colcon_core/task/python/colcon_distutils_commands:/home/tejas_bhuta/git/drive_to_survive/install/audibot_rl_driver/lib/python3.10/site-packages:${PYTHONPATH} /usr/bin/python3 -W ignore:setup.py install is deprecated setup.py egg_info --egg-base ../../build/audibot_rl_driver build --build-base /home/tejas_bhuta/git/drive_to_survive/build/audibot_rl_driver/build install --record /home/tejas_bhuta/git/drive_to_survive/build/audibot_rl_driver/install.log --single-version-externally-managed install_data
[9.370s] Level 1:colcon.colcon_core.environment:checking '/home/tejas_bhuta/git/drive_to_survive/install/audibot_rl_driver' for CMake module files
[9.371s] DEBUG:colcon.colcon_core.event_handler.log_command:Invoked command in '/home/tejas_bhuta/git/drive_to_survive/src/audibot_rl_driver' returned '0': PYTHONPATH=/home/tejas_bhuta/git/drive_to_survive/build/audibot_rl_driver/prefix_override:/usr/lib/python3/dist-packages/colcon_core/task/python/colcon_distutils_commands:/home/tejas_bhuta/git/drive_to_survive/install/audibot_rl_driver/lib/python3.10/site-packages:${PYTHONPATH} /usr/bin/python3 -W ignore:setup.py install is deprecated setup.py egg_info --egg-base ../../build/audibot_rl_driver build --build-base /home/tejas_bhuta/git/drive_to_survive/build/audibot_rl_driver/build install --record /home/tejas_bhuta/git/drive_to_survive/build/audibot_rl_driver/install.log --single-version-externally-managed install_data
[9.372s] Level 1:colcon.colcon_core.environment:checking '/home/tejas_bhuta/git/drive_to_survive/install/audibot_rl_driver' for CMake config files
[9.374s] Level 1:colcon.colcon_core.environment:checking '/home/tejas_bhuta/git/drive_to_survive/install/audibot_rl_driver/lib'
[9.375s] Level 1:colcon.colcon_core.environment:checking '/home/tejas_bhuta/git/drive_to_survive/install/audibot_rl_driver/bin'
[9.376s] Level 1:colcon.colcon_core.shell:create_environment_hook('audibot_rl_driver', 'path')
[9.377s] INFO:colcon.colcon_core.shell:Creating environment hook '/home/tejas_bhuta/git/drive_to_survive/install/audibot_rl_driver/share/audibot_rl_driver/hook/path.ps1'
[9.383s] INFO:colcon.colcon_core.shell:Creating environment descriptor '/home/tejas_bhuta/git/drive_to_survive/install/audibot_rl_driver/share/audibot_rl_driver/hook/path.dsv'
[9.393s] INFO:colcon.colcon_core.shell:Creating environment hook '/home/tejas_bhuta/git/drive_to_survive/install/audibot_rl_driver/share/audibot_rl_driver/hook/path.sh'
[9.394s] Level 1:colcon.colcon_core.environment:checking '/home/tejas_bhuta/git/drive_to_survive/install/audibot_rl_driver/lib/pkgconfig/audibot_rl_driver.pc'
[9.395s] Level 1:colcon.colcon_core.environment:checking '/home/tejas_bhuta/git/drive_to_survive/install/audibot_rl_driver/lib/python3.10/site-packages'
[9.395s] Level 1:colcon.colcon_core.shell:create_environment_hook('audibot_rl_driver', 'pythonpath')
[9.395s] INFO:colcon.colcon_core.shell:Creating environment hook '/home/tejas_bhuta/git/drive_to_survive/install/audibot_rl_driver/share/audibot_rl_driver/hook/pythonpath.ps1'
[9.396s] INFO:colcon.colcon_core.shell:Creating environment descriptor '/home/tejas_bhuta/git/drive_to_survive/install/audibot_rl_driver/share/audibot_rl_driver/hook/pythonpath.dsv'
[9.397s] INFO:colcon.colcon_core.shell:Creating environment hook '/home/tejas_bhuta/git/drive_to_survive/install/audibot_rl_driver/share/audibot_rl_driver/hook/pythonpath.sh'
[9.398s] Level 1:colcon.colcon_core.environment:checking '/home/tejas_bhuta/git/drive_to_survive/install/audibot_rl_driver/bin'
[9.399s] Level 1:colcon.colcon_core.shell:create_environment_hook('audibot_rl_driver', 'pythonscriptspath')
[9.399s] INFO:colcon.colcon_core.shell:Creating environment hook '/home/tejas_bhuta/git/drive_to_survive/install/audibot_rl_driver/share/audibot_rl_driver/hook/pythonscriptspath.ps1'
[9.400s] INFO:colcon.colcon_core.shell:Creating environment descriptor '/home/tejas_bhuta/git/drive_to_survive/install/audibot_rl_driver/share/audibot_rl_driver/hook/pythonscriptspath.dsv'
[9.401s] INFO:colcon.colcon_core.shell:Creating environment hook '/home/tejas_bhuta/git/drive_to_survive/install/audibot_rl_driver/share/audibot_rl_driver/hook/pythonscriptspath.sh'
[9.401s] Level 1:colcon.colcon_core.environment:create_environment_scripts_only(audibot_rl_driver)
[9.402s] INFO:colcon.colcon_core.shell:Creating package script '/home/tejas_bhuta/git/drive_to_survive/install/audibot_rl_driver/share/audibot_rl_driver/package.ps1'
[9.423s] INFO:colcon.colcon_core.shell:Creating package descriptor '/home/tejas_bhuta/git/drive_to_survive/install/audibot_rl_driver/share/audibot_rl_driver/package.dsv'
[9.425s] INFO:colcon.colcon_core.shell:Creating package script '/home/tejas_bhuta/git/drive_to_survive/install/audibot_rl_driver/share/audibot_rl_driver/package.sh'
[9.427s] INFO:colcon.colcon_core.shell:Creating package script '/home/tejas_bhuta/git/drive_to_survive/install/audibot_rl_driver/share/audibot_rl_driver/package.bash'
[9.429s] INFO:colcon.colcon_core.shell:Creating package script '/home/tejas_bhuta/git/drive_to_survive/install/audibot_rl_driver/share/audibot_rl_driver/package.zsh'
[9.431s] Level 1:colcon.colcon_core.environment:create_file_with_runtime_dependencies(/home/tejas_bhuta/git/drive_to_survive/install/audibot_rl_driver/share/colcon-core/packages/audibot_rl_driver)
[9.434s] DEBUG:colcon.colcon_parallel_executor.executor.parallel:closing loop
[9.434s] DEBUG:colcon.colcon_parallel_executor.executor.parallel:loop closed
[9.435s] DEBUG:colcon.colcon_parallel_executor.executor.parallel:run_until_complete finished with '0'
[9.435s] DEBUG:colcon.colcon_core.event_reactor:joining thread
[9.474s] INFO:colcon.colcon_core.plugin_system:Skipping extension 'colcon_notification.desktop_notification.notify_send': Could not find 'notify-send'
[9.474s] INFO:colcon.colcon_core.plugin_system:Skipping extension 'colcon_notification.desktop_notification.terminal_notifier': Not used on non-Darwin systems
[9.474s] INFO:colcon.colcon_core.plugin_system:Skipping extension 'colcon_notification.desktop_notification.win32': Not used on non-Windows systems
[9.474s] INFO:colcon.colcon_notification.desktop_notification:Sending desktop notification using 'notify2'
[9.476s] DEBUG:colcon.colcon_notification.desktop_notification.notify2:Failed to initialize notify2: org.freedesktop.DBus.Error.ServiceUnknown: The name org.freedesktop.Notifications was not provided by any .service files
[9.476s] DEBUG:colcon.colcon_core.event_reactor:joined thread
[9.476s] INFO:colcon.colcon_core.shell:Creating prefix script '/home/tejas_bhuta/git/drive_to_survive/install/local_setup.ps1'
[9.478s] INFO:colcon.colcon_core.shell:Creating prefix util module '/home/tejas_bhuta/git/drive_to_survive/install/_local_setup_util_ps1.py'
[9.480s] INFO:colcon.colcon_core.shell:Creating prefix chain script '/home/tejas_bhuta/git/drive_to_survive/install/setup.ps1'
[9.482s] INFO:colcon.colcon_core.shell:Creating prefix script '/home/tejas_bhuta/git/drive_to_survive/install/local_setup.sh'
[9.483s] INFO:colcon.colcon_core.shell:Creating prefix util module '/home/tejas_bhuta/git/drive_to_survive/install/_local_setup_util_sh.py'
[9.484s] INFO:colcon.colcon_core.shell:Creating prefix chain script '/home/tejas_bhuta/git/drive_to_survive/install/setup.sh'
[9.488s] INFO:colcon.colcon_core.shell:Creating prefix script '/home/tejas_bhuta/git/drive_to_survive/install/local_setup.bash'
[9.489s] INFO:colcon.colcon_core.shell:Creating prefix chain script '/home/tejas_bhuta/git/drive_to_survive/install/setup.bash'
[9.490s] INFO:colcon.colcon_core.shell:Creating prefix script '/home/tejas_bhuta/git/drive_to_survive/install/local_setup.zsh'
[9.491s] INFO:colcon.colcon_core.shell:Creating prefix chain script '/home/tejas_bhuta/git/drive_to_survive/install/setup.zsh'
