running develop
/usr/lib/python3/dist-packages/setuptools/command/easy_install.py:158: EasyInstallDeprecationWarning: easy_install command is deprecated. Use build and pip and other standards-based tools.
  warnings.warn(
running egg_info
creating audibot_teleop_keys.egg-info
writing audibot_teleop_keys.egg-info/PKG-INFO
writing dependency_links to audibot_teleop_keys.egg-info/dependency_links.txt
writing entry points to audibot_teleop_keys.egg-info/entry_points.txt
writing requirements to audibot_teleop_keys.egg-info/requires.txt
writing top-level names to audibot_teleop_keys.egg-info/top_level.txt
writing manifest file 'audibot_teleop_keys.egg-info/SOURCES.txt'
reading manifest file 'audibot_teleop_keys.egg-info/SOURCES.txt'
writing manifest file 'audibot_teleop_keys.egg-info/SOURCES.txt'
running build_ext
Creating /home/tejas_bhuta/git/drive_to_survive/install/audibot_teleop_keys/lib/python3.10/site-packages/audibot-teleop-keys.egg-link (link to .)
Installing teleop_keys script to /home/tejas_bhuta/git/drive_to_survive/install/audibot_teleop_keys/lib/audibot_teleop_keys

Installed /home/tejas_bhuta/git/drive_to_survive/build/audibot_teleop_keys
running symlink_data
creating /home/tejas_bhuta/git/drive_to_survive/install/audibot_teleop_keys/share/ament_index
creating /home/tejas_bhuta/git/drive_to_survive/install/audibot_teleop_keys/share/ament_index/resource_index
creating /home/tejas_bhuta/git/drive_to_survive/install/audibot_teleop_keys/share/ament_index/resource_index/packages
symbolically linking /home/tejas_bhuta/git/drive_to_survive/build/audibot_teleop_keys/resource/audibot_teleop_keys -> /home/tejas_bhuta/git/drive_to_survive/install/audibot_teleop_keys/share/ament_index/resource_index/packages
symbolically linking /home/tejas_bhuta/git/drive_to_survive/build/audibot_teleop_keys/package.xml -> /home/tejas_bhuta/git/drive_to_survive/install/audibot_teleop_keys/share/audibot_teleop_keys
