-- The C compiler identification is GNU 11.4.0
-- The CXX compiler identification is GNU 11.4.0
-- Detecting C compiler ABI info
-- Detecting C compiler ABI info - done
-- Check for working C compiler: /usr/bin/cc - skipped
-- Detecting C compile features
-- Detecting C compile features - done
-- Detecting CXX compiler ABI info
-- Detecting CXX compiler ABI info - done
-- Check for working CXX compiler: /usr/bin/c++ - skipped
-- Detecting CXX compile features
-- Detecting CXX compile features - done
-- Found ament_cmake: 1.3.10 (/opt/ros/humble/share/ament_cmake/cmake)
-- Found Python3: /usr/bin/python3 (found version "3.10.12") found components: Interpreter 
-- Override CMake install command with custom implementation using symlinks instead of copying resources
-- Extracting file: meshes.tar.xz
-- Configuring done
-- Generating done
-- Build files have been written to: /home/tejas_bhuta/git/drive_to_survive/build/audibot_description
-- Install configuration: ""
-- Execute custom install script
-- Symlinking: /home/tejas_bhuta/git/drive_to_survive/install/audibot_description/share/audibot_description/meshes/blue_body.dae
-- Symlinking: /home/tejas_bhuta/git/drive_to_survive/install/audibot_description/share/audibot_description/meshes/body_collision.stl
-- Symlinking: /home/tejas_bhuta/git/drive_to_survive/install/audibot_description/share/audibot_description/meshes/orange_body.dae
-- Symlinking: /home/tejas_bhuta/git/drive_to_survive/install/audibot_description/share/audibot_description/meshes/wheel.dae
-- Symlinking: /home/tejas_bhuta/git/drive_to_survive/install/audibot_description/share/audibot_description/urdf/audibot.urdf.xacro
-- Symlinking: /home/tejas_bhuta/git/drive_to_survive/install/audibot_description/share/audibot_description/environment/audibot_description.dsv
-- Symlinking: /home/tejas_bhuta/git/drive_to_survive/install/audibot_description/share/ament_index/resource_index/package_run_dependencies/audibot_description
-- Symlinking: /home/tejas_bhuta/git/drive_to_survive/install/audibot_description/share/ament_index/resource_index/parent_prefix_path/audibot_description
-- Symlinking: /home/tejas_bhuta/git/drive_to_survive/install/audibot_description/share/audibot_description/environment/ament_prefix_path.sh
-- Symlinking: /home/tejas_bhuta/git/drive_to_survive/install/audibot_description/share/audibot_description/environment/ament_prefix_path.dsv
-- Symlinking: /home/tejas_bhuta/git/drive_to_survive/install/audibot_description/share/audibot_description/environment/path.sh
-- Symlinking: /home/tejas_bhuta/git/drive_to_survive/install/audibot_description/share/audibot_description/environment/path.dsv
-- Symlinking: /home/tejas_bhuta/git/drive_to_survive/install/audibot_description/share/audibot_description/local_setup.bash
-- Symlinking: /home/tejas_bhuta/git/drive_to_survive/install/audibot_description/share/audibot_description/local_setup.sh
-- Symlinking: /home/tejas_bhuta/git/drive_to_survive/install/audibot_description/share/audibot_description/local_setup.zsh
-- Symlinking: /home/tejas_bhuta/git/drive_to_survive/install/audibot_description/share/audibot_description/local_setup.dsv
-- Symlinking: /home/tejas_bhuta/git/drive_to_survive/install/audibot_description/share/audibot_description/package.dsv
-- Symlinking: /home/tejas_bhuta/git/drive_to_survive/install/audibot_description/share/ament_index/resource_index/packages/audibot_description
-- Symlinking: /home/tejas_bhuta/git/drive_to_survive/install/audibot_description/share/audibot_description/cmake/audibot_descriptionConfig.cmake
-- Symlinking: /home/tejas_bhuta/git/drive_to_survive/install/audibot_description/share/audibot_description/cmake/audibot_descriptionConfig-version.cmake
-- Symlinking: /home/tejas_bhuta/git/drive_to_survive/install/audibot_description/share/audibot_description/package.xml
