[0.066s] Invoking command in '/home/tejas_bhuta/git/drive_to_survive/build/audibot_description': CMAKE_PREFIX_PATH=/opt/ros/humble /usr/bin/cmake /home/tejas_bhuta/git/drive_to_survive/resources/audibot/audibot_description -DAMENT_CMAKE_SYMLINK_INSTALL=1 -DCMAKE_INSTALL_PREFIX=/home/tejas_bhuta/git/drive_to_survive/install/audibot_description
[1.409s] -- The C compiler identification is GNU 11.4.0
[1.409s] -- The CXX compiler identification is GNU 11.4.0
[1.409s] -- Detecting C compiler ABI info
[1.410s] -- Detecting C compiler ABI info - done
[1.410s] -- Check for working C compiler: /usr/bin/cc - skipped
[1.410s] -- Detecting C compile features
[1.410s] -- Detecting C compile features - done
[1.410s] -- Detecting CXX compiler ABI info
[1.411s] -- Detecting CXX compiler ABI info - done
[1.411s] -- Check for working CXX compiler: /usr/bin/c++ - skipped
[1.412s] -- Detecting CXX compile features
[1.412s] -- Detecting CXX compile features - done
[1.412s] -- Found ament_cmake: 1.3.10 (/opt/ros/humble/share/ament_cmake/cmake)
[1.412s] -- Found Python3: /usr/bin/python3 (found version "3.10.12") found components: Interpreter 
[1.412s] -- Override CMake install command with custom implementation using symlinks instead of copying resources
[1.413s] -- Extracting file: meshes.tar.xz
[1.413s] -- Configuring done
[1.413s] -- Generating done
[1.413s] -- Build files have been written to: /home/tejas_bhuta/git/drive_to_survive/build/audibot_description
[1.415s] Invoked command in '/home/tejas_bhuta/git/drive_to_survive/build/audibot_description' returned '0': CMAKE_PREFIX_PATH=/opt/ros/humble /usr/bin/cmake /home/tejas_bhuta/git/drive_to_survive/resources/audibot/audibot_description -DAMENT_CMAKE_SYMLINK_INSTALL=1 -DCMAKE_INSTALL_PREFIX=/home/tejas_bhuta/git/drive_to_survive/install/audibot_description
[1.416s] Invoking command in '/home/tejas_bhuta/git/drive_to_survive/build/audibot_description': CMAKE_PREFIX_PATH=/opt/ros/humble /usr/bin/cmake --build /home/tejas_bhuta/git/drive_to_survive/build/audibot_description -- -j16 -l16
[1.464s] Invoked command in '/home/tejas_bhuta/git/drive_to_survive/build/audibot_description' returned '0': CMAKE_PREFIX_PATH=/opt/ros/humble /usr/bin/cmake --build /home/tejas_bhuta/git/drive_to_survive/build/audibot_description -- -j16 -l16
[1.516s] Invoking command in '/home/tejas_bhuta/git/drive_to_survive/build/audibot_description': CMAKE_PREFIX_PATH=/opt/ros/humble /usr/bin/cmake --install /home/tejas_bhuta/git/drive_to_survive/build/audibot_description
[1.524s] -- Install configuration: ""
[1.524s] -- Execute custom install script
[1.526s] -- Symlinking: /home/tejas_bhuta/git/drive_to_survive/install/audibot_description/share/audibot_description/meshes/blue_body.dae
[1.536s] -- Symlinking: /home/tejas_bhuta/git/drive_to_survive/install/audibot_description/share/audibot_description/meshes/body_collision.stl
[1.548s] -- Symlinking: /home/tejas_bhuta/git/drive_to_survive/install/audibot_description/share/audibot_description/meshes/orange_body.dae
[1.562s] -- Symlinking: /home/tejas_bhuta/git/drive_to_survive/install/audibot_description/share/audibot_description/meshes/wheel.dae
[1.575s] -- Symlinking: /home/tejas_bhuta/git/drive_to_survive/install/audibot_description/share/audibot_description/urdf/audibot.urdf.xacro
[1.589s] -- Symlinking: /home/tejas_bhuta/git/drive_to_survive/install/audibot_description/share/audibot_description/environment/audibot_description.dsv
[1.603s] -- Symlinking: /home/tejas_bhuta/git/drive_to_survive/install/audibot_description/share/ament_index/resource_index/package_run_dependencies/audibot_description
[1.615s] -- Symlinking: /home/tejas_bhuta/git/drive_to_survive/install/audibot_description/share/ament_index/resource_index/parent_prefix_path/audibot_description
[1.625s] -- Symlinking: /home/tejas_bhuta/git/drive_to_survive/install/audibot_description/share/audibot_description/environment/ament_prefix_path.sh
[1.637s] -- Symlinking: /home/tejas_bhuta/git/drive_to_survive/install/audibot_description/share/audibot_description/environment/ament_prefix_path.dsv
[1.648s] -- Symlinking: /home/tejas_bhuta/git/drive_to_survive/install/audibot_description/share/audibot_description/environment/path.sh
[1.658s] -- Symlinking: /home/tejas_bhuta/git/drive_to_survive/install/audibot_description/share/audibot_description/environment/path.dsv
[1.668s] -- Symlinking: /home/tejas_bhuta/git/drive_to_survive/install/audibot_description/share/audibot_description/local_setup.bash
[1.676s] -- Symlinking: /home/tejas_bhuta/git/drive_to_survive/install/audibot_description/share/audibot_description/local_setup.sh
[1.684s] -- Symlinking: /home/tejas_bhuta/git/drive_to_survive/install/audibot_description/share/audibot_description/local_setup.zsh
[1.694s] -- Symlinking: /home/tejas_bhuta/git/drive_to_survive/install/audibot_description/share/audibot_description/local_setup.dsv
[1.702s] -- Symlinking: /home/tejas_bhuta/git/drive_to_survive/install/audibot_description/share/audibot_description/package.dsv
[1.713s] -- Symlinking: /home/tejas_bhuta/git/drive_to_survive/install/audibot_description/share/ament_index/resource_index/packages/audibot_description
[1.724s] -- Symlinking: /home/tejas_bhuta/git/drive_to_survive/install/audibot_description/share/audibot_description/cmake/audibot_descriptionConfig.cmake
[1.732s] -- Symlinking: /home/tejas_bhuta/git/drive_to_survive/install/audibot_description/share/audibot_description/cmake/audibot_descriptionConfig-version.cmake
[1.742s] -- Symlinking: /home/tejas_bhuta/git/drive_to_survive/install/audibot_description/share/audibot_description/package.xml
[1.755s] Invoked command in '/home/tejas_bhuta/git/drive_to_survive/build/audibot_description' returned '0': CMAKE_PREFIX_PATH=/opt/ros/humble /usr/bin/cmake --install /home/tejas_bhuta/git/drive_to_survive/build/audibot_description
