running develop
/usr/lib/python3/dist-packages/setuptools/command/easy_install.py:158: EasyInstallDeprecationWarning: easy_install command is deprecated. Use build and pip and other standards-based tools.
  warnings.warn(
running egg_info
creating audibot_rl_driver.egg-info
writing audibot_rl_driver.egg-info/PKG-INFO
writing dependency_links to audibot_rl_driver.egg-info/dependency_links.txt
writing entry points to audibot_rl_driver.egg-info/entry_points.txt
writing requirements to audibot_rl_driver.egg-info/requires.txt
writing top-level names to audibot_rl_driver.egg-info/top_level.txt
writing manifest file 'audibot_rl_driver.egg-info/SOURCES.txt'
reading manifest file 'audibot_rl_driver.egg-info/SOURCES.txt'
writing manifest file 'audibot_rl_driver.egg-info/SOURCES.txt'
running build_ext
Creating /home/tejas_bhuta/git/drive_to_survive/install/audibot_rl_driver/lib/python3.10/site-packages/audibot-rl-driver.egg-link (link to .)
Installing rl_agent_node script to /home/tejas_bhuta/git/drive_to_survive/install/audibot_rl_driver/bin

Installed /home/tejas_bhuta/git/drive_to_survive/build/audibot_rl_driver
running symlink_data
creating /home/tejas_bhuta/git/drive_to_survive/install/audibot_rl_driver/share/ament_index
creating /home/tejas_bhuta/git/drive_to_survive/install/audibot_rl_driver/share/ament_index/resource_index
creating /home/tejas_bhuta/git/drive_to_survive/install/audibot_rl_driver/share/ament_index/resource_index/packages
symbolically linking /home/tejas_bhuta/git/drive_to_survive/build/audibot_rl_driver/resource/audibot_rl_driver -> /home/tejas_bhuta/git/drive_to_survive/install/audibot_rl_driver/share/ament_index/resource_index/packages
symbolically linking /home/tejas_bhuta/git/drive_to_survive/build/audibot_rl_driver/package.xml -> /home/tejas_bhuta/git/drive_to_survive/install/audibot_rl_driver/share/audibot_rl_driver
