[ 25%] [32mBuilding CXX object CMakeFiles/reach.dir/src/reach.cpp.o[0m
[ 50%] [32mBuilding CXX object CMakeFiles/gazebo_connect.dir/src/gazebo_connect.cpp.o[0m
[ 75%] [32m[1mLinking CXX executable gazebo_connect[0m
[ 75%] Built target gazebo_connect
[100%] [32m[1mLinking CXX executable reach[0m
[100%] Built target reach
-- Install configuration: ""
-- Execute custom install script
-- Symlinking: /home/tejas_bhuta/git/drive_to_survive/install/gazebo_tf/lib/gazebo_tf/gazebo_connect
-- Symlinking: /home/tejas_bhuta/git/drive_to_survive/install/gazebo_tf/lib/gazebo_tf/reach
-- Symlinking: /home/tejas_bhuta/git/drive_to_survive/install/gazebo_tf/share/gazebo_tf/launch/.gitignore
-- Symlinking: /home/tejas_bhuta/git/drive_to_survive/install/gazebo_tf/share/gazebo_tf/launch/a2.launch.py
-- Symlinking: /home/tejas_bhuta/git/drive_to_survive/install/gazebo_tf/share/gazebo_tf/launch/a3_audi.launch.py
-- Symlinking: /home/tejas_bhuta/git/drive_to_survive/install/gazebo_tf/share/gazebo_tf/launch/a3_drone.launch.py
-- Symlinking: /home/tejas_bhuta/git/drive_to_survive/install/gazebo_tf/share/gazebo_tf/launch/a3_project3.launch.py
-- Symlinking: /home/tejas_bhuta/git/drive_to_survive/install/gazebo_tf/share/gazebo_tf/launch/audi.launch.py
-- Symlinking: /home/tejas_bhuta/git/drive_to_survive/install/gazebo_tf/share/gazebo_tf/launch/audi_a2.launch.py
-- Symlinking: /home/tejas_bhuta/git/drive_to_survive/install/gazebo_tf/share/gazebo_tf/launch/audi_husky.launch.py
-- Symlinking: /home/tejas_bhuta/git/drive_to_survive/install/gazebo_tf/share/gazebo_tf/launch/audi_track.launch.py
-- Symlinking: /home/tejas_bhuta/git/drive_to_survive/install/gazebo_tf/share/gazebo_tf/launch/controllers.launch.py
-- Symlinking: /home/tejas_bhuta/git/drive_to_survive/install/gazebo_tf/share/gazebo_tf/launch/drive_to_survive.launch.py
-- Symlinking: /home/tejas_bhuta/git/drive_to_survive/install/gazebo_tf/share/gazebo_tf/launch/husky.launch.py
-- Symlinking: /home/tejas_bhuta/git/drive_to_survive/install/gazebo_tf/share/gazebo_tf/launch/quiz4.launch.py
-- Symlinking: /home/tejas_bhuta/git/drive_to_survive/install/gazebo_tf/share/gazebo_tf/launch/two_cars.launch.py
-- Symlinking: /home/tejas_bhuta/git/drive_to_survive/install/gazebo_tf/share/gazebo_tf/launch/two_quads.launch
-- Symlinking: /home/tejas_bhuta/git/drive_to_survive/install/gazebo_tf/share/gazebo_tf/launch/ugv_goals.launch
-- Symlinking: /home/tejas_bhuta/git/drive_to_survive/install/gazebo_tf/share/gazebo_tf/models/closed_green_wall/model.config
-- Symlinking: /home/tejas_bhuta/git/drive_to_survive/install/gazebo_tf/share/gazebo_tf/models/closed_green_wall/model.sdf
-- Symlinking: /home/tejas_bhuta/git/drive_to_survive/install/gazebo_tf/share/gazebo_tf/models/construction_cone/materials/textures/Construction_Cone_Diffuse.png
-- Symlinking: /home/tejas_bhuta/git/drive_to_survive/install/gazebo_tf/share/gazebo_tf/models/construction_cone/meshes/construction_cone.dae
-- Symlinking: /home/tejas_bhuta/git/drive_to_survive/install/gazebo_tf/share/gazebo_tf/models/construction_cone/model-1_3.sdf
-- Symlinking: /home/tejas_bhuta/git/drive_to_survive/install/gazebo_tf/share/gazebo_tf/models/construction_cone/model-1_4.sdf
-- Symlinking: /home/tejas_bhuta/git/drive_to_survive/install/gazebo_tf/share/gazebo_tf/models/construction_cone/model.config
-- Symlinking: /home/tejas_bhuta/git/drive_to_survive/install/gazebo_tf/share/gazebo_tf/models/construction_cone/model.sdf
-- Symlinking: /home/tejas_bhuta/git/drive_to_survive/install/gazebo_tf/share/gazebo_tf/models/database.config
-- Symlinking: /home/tejas_bhuta/git/drive_to_survive/install/gazebo_tf/share/gazebo_tf/models/ice_mt_ground/materials/textures/b6.png
-- Symlinking: /home/tejas_bhuta/git/drive_to_survive/install/gazebo_tf/share/gazebo_tf/models/ice_mt_ground/materials/textures/new_snow_low.png
-- Symlinking: /home/tejas_bhuta/git/drive_to_survive/install/gazebo_tf/share/gazebo_tf/models/ice_mt_ground/materials/textures/new_snow_mid.png
-- Symlinking: /home/tejas_bhuta/git/drive_to_survive/install/gazebo_tf/share/gazebo_tf/models/ice_mt_ground/materials/textures/new_snow_top.png
-- Symlinking: /home/tejas_bhuta/git/drive_to_survive/install/gazebo_tf/share/gazebo_tf/models/ice_mt_ground/materials/textures/new_snow_white.png
-- Symlinking: /home/tejas_bhuta/git/drive_to_survive/install/gazebo_tf/share/gazebo_tf/models/ice_mt_ground/materials/textures/snow_low.png
-- Symlinking: /home/tejas_bhuta/git/drive_to_survive/install/gazebo_tf/share/gazebo_tf/models/ice_mt_ground/materials/textures/snow_mid.png
-- Symlinking: /home/tejas_bhuta/git/drive_to_survive/install/gazebo_tf/share/gazebo_tf/models/ice_mt_ground/materials/textures/snow_top.png
-- Symlinking: /home/tejas_bhuta/git/drive_to_survive/install/gazebo_tf/share/gazebo_tf/models/ice_mt_ground/materials/textures/snow_white.png
-- Symlinking: /home/tejas_bhuta/git/drive_to_survive/install/gazebo_tf/share/gazebo_tf/models/ice_mt_ground/model.config
-- Symlinking: /home/tejas_bhuta/git/drive_to_survive/install/gazebo_tf/share/gazebo_tf/models/ice_mt_ground/model.sdf
-- Symlinking: /home/tejas_bhuta/git/drive_to_survive/install/gazebo_tf/share/gazebo_tf/models/person_standing/materials/textures/eyebrow001-unmodified.png
-- Symlinking: /home/tejas_bhuta/git/drive_to_survive/install/gazebo_tf/share/gazebo_tf/models/person_standing/materials/textures/eyebrow001.png
-- Symlinking: /home/tejas_bhuta/git/drive_to_survive/install/gazebo_tf/share/gazebo_tf/models/person_standing/materials/textures/green_eye.png
-- Symlinking: /home/tejas_bhuta/git/drive_to_survive/install/gazebo_tf/share/gazebo_tf/models/person_standing/materials/textures/jeans01_normals.png
-- Symlinking: /home/tejas_bhuta/git/drive_to_survive/install/gazebo_tf/share/gazebo_tf/models/person_standing/materials/textures/jeans_basic_diffuse.png
-- Symlinking: /home/tejas_bhuta/git/drive_to_survive/install/gazebo_tf/share/gazebo_tf/models/person_standing/materials/textures/male02_diffuse_black-unmodified.png
-- Symlinking: /home/tejas_bhuta/git/drive_to_survive/install/gazebo_tf/share/gazebo_tf/models/person_standing/materials/textures/male02_diffuse_black.png
-- Symlinking: /home/tejas_bhuta/git/drive_to_survive/install/gazebo_tf/share/gazebo_tf/models/person_standing/materials/textures/teeth.png
-- Symlinking: /home/tejas_bhuta/git/drive_to_survive/install/gazebo_tf/share/gazebo_tf/models/person_standing/materials/textures/tshirt02_normals.png
-- Symlinking: /home/tejas_bhuta/git/drive_to_survive/install/gazebo_tf/share/gazebo_tf/models/person_standing/materials/textures/tshirt02_texture.png
-- Symlinking: /home/tejas_bhuta/git/drive_to_survive/install/gazebo_tf/share/gazebo_tf/models/person_standing/materials/textures/young_lightskinned_male_diffuse.png
-- Symlinking: /home/tejas_bhuta/git/drive_to_survive/install/gazebo_tf/share/gazebo_tf/models/person_standing/meshes/standing.dae
-- Symlinking: /home/tejas_bhuta/git/drive_to_survive/install/gazebo_tf/share/gazebo_tf/models/person_standing/model.config
-- Symlinking: /home/tejas_bhuta/git/drive_to_survive/install/gazebo_tf/share/gazebo_tf/models/person_standing/model.sdf
-- Symlinking: /home/tejas_bhuta/git/drive_to_survive/install/gazebo_tf/share/gazebo_tf/models/terrain_1/media/Textures/Grass.png
-- Symlinking: /home/tejas_bhuta/git/drive_to_survive/install/gazebo_tf/share/gazebo_tf/models/terrain_1/media/scripts/repeated.material
-- Symlinking: /home/tejas_bhuta/git/drive_to_survive/install/gazebo_tf/share/gazebo_tf/models/terrain_1/media/terrain_1.dae
-- Symlinking: /home/tejas_bhuta/git/drive_to_survive/install/gazebo_tf/share/gazebo_tf/models/terrain_1/model.config
-- Symlinking: /home/tejas_bhuta/git/drive_to_survive/install/gazebo_tf/share/gazebo_tf/models/terrain_1/model.sdf
-- Symlinking: /home/tejas_bhuta/git/drive_to_survive/install/gazebo_tf/share/gazebo_tf/models/tower/model.config
-- Symlinking: /home/tejas_bhuta/git/drive_to_survive/install/gazebo_tf/share/gazebo_tf/models/tower/model.sdf
-- Symlinking: /home/tejas_bhuta/git/drive_to_survive/install/gazebo_tf/share/gazebo_tf/rviz/a2.rviz
-- Symlinking: /home/tejas_bhuta/git/drive_to_survive/install/gazebo_tf/share/gazebo_tf/rviz/a3_drone.rviz
-- Symlinking: /home/tejas_bhuta/git/drive_to_survive/install/gazebo_tf/share/gazebo_tf/rviz/audi.rviz
-- Symlinking: /home/tejas_bhuta/git/drive_to_survive/install/gazebo_tf/share/gazebo_tf/rviz/audi_husky.rviz
-- Symlinking: /home/tejas_bhuta/git/drive_to_survive/install/gazebo_tf/share/gazebo_tf/rviz/husky.rviz
-- Symlinking: /home/tejas_bhuta/git/drive_to_survive/install/gazebo_tf/share/gazebo_tf/rviz/husky_s2_3.rviz
-- Symlinking: /home/tejas_bhuta/git/drive_to_survive/install/gazebo_tf/share/gazebo_tf/rviz/multi.rviz
-- Symlinking: /home/tejas_bhuta/git/drive_to_survive/install/gazebo_tf/share/gazebo_tf/rviz/quiz4.rviz
-- Symlinking: /home/tejas_bhuta/git/drive_to_survive/install/gazebo_tf/share/gazebo_tf/rviz/two_cars.rviz
-- Symlinking: /home/tejas_bhuta/git/drive_to_survive/install/gazebo_tf/share/gazebo_tf/rviz/two_quads.rviz
-- Symlinking: /home/tejas_bhuta/git/drive_to_survive/install/gazebo_tf/share/gazebo_tf/rviz/uav.rviz
-- Symlinking: /home/tejas_bhuta/git/drive_to_survive/install/gazebo_tf/share/gazebo_tf/rviz/uav_a3.rviz
-- Symlinking: /home/tejas_bhuta/git/drive_to_survive/install/gazebo_tf/share/gazebo_tf/rviz/ugv.rviz
-- Symlinking: /home/tejas_bhuta/git/drive_to_survive/install/gazebo_tf/share/gazebo_tf/rviz/ugv_a3.rviz
-- Symlinking: /home/tejas_bhuta/git/drive_to_survive/install/gazebo_tf/share/gazebo_tf/rviz/ugv_race.rviz
-- Symlinking: /home/tejas_bhuta/git/drive_to_survive/install/gazebo_tf/share/gazebo_tf/worlds/a2.world
-- Symlinking: /home/tejas_bhuta/git/drive_to_survive/install/gazebo_tf/share/gazebo_tf/worlds/demo.world
-- Symlinking: /home/tejas_bhuta/git/drive_to_survive/install/gazebo_tf/share/gazebo_tf/worlds/ice_mts.world
-- Symlinking: /home/tejas_bhuta/git/drive_to_survive/install/gazebo_tf/share/gazebo_tf/worlds/race_track.world
-- Symlinking: /home/tejas_bhuta/git/drive_to_survive/install/gazebo_tf/share/gazebo_tf/worlds/search_and_rescue.world
-- Symlinking: /home/tejas_bhuta/git/drive_to_survive/install/gazebo_tf/share/gazebo_tf/worlds/terrain_1.world
-- Symlinking: /home/tejas_bhuta/git/drive_to_survive/install/gazebo_tf/share/gazebo_tf/worlds/tower_search_and_rescue.world
-- Symlinking: /home/tejas_bhuta/git/drive_to_survive/install/gazebo_tf/share/ament_index/resource_index/package_run_dependencies/gazebo_tf
-- Symlinking: /home/tejas_bhuta/git/drive_to_survive/install/gazebo_tf/share/ament_index/resource_index/parent_prefix_path/gazebo_tf
-- Symlinking: /home/tejas_bhuta/git/drive_to_survive/install/gazebo_tf/share/gazebo_tf/environment/ament_prefix_path.sh
-- Symlinking: /home/tejas_bhuta/git/drive_to_survive/install/gazebo_tf/share/gazebo_tf/environment/ament_prefix_path.dsv
-- Symlinking: /home/tejas_bhuta/git/drive_to_survive/install/gazebo_tf/share/gazebo_tf/environment/path.sh
-- Symlinking: /home/tejas_bhuta/git/drive_to_survive/install/gazebo_tf/share/gazebo_tf/environment/path.dsv
-- Symlinking: /home/tejas_bhuta/git/drive_to_survive/install/gazebo_tf/share/gazebo_tf/local_setup.bash
-- Symlinking: /home/tejas_bhuta/git/drive_to_survive/install/gazebo_tf/share/gazebo_tf/local_setup.sh
-- Symlinking: /home/tejas_bhuta/git/drive_to_survive/install/gazebo_tf/share/gazebo_tf/local_setup.zsh
-- Symlinking: /home/tejas_bhuta/git/drive_to_survive/install/gazebo_tf/share/gazebo_tf/local_setup.dsv
-- Symlinking: /home/tejas_bhuta/git/drive_to_survive/install/gazebo_tf/share/gazebo_tf/package.dsv
-- Symlinking: /home/tejas_bhuta/git/drive_to_survive/install/gazebo_tf/share/ament_index/resource_index/packages/gazebo_tf
-- Symlinking: /home/tejas_bhuta/git/drive_to_survive/install/gazebo_tf/share/gazebo_tf/cmake/gazebo_tfConfig.cmake
-- Symlinking: /home/tejas_bhuta/git/drive_to_survive/install/gazebo_tf/share/gazebo_tf/cmake/gazebo_tfConfig-version.cmake
-- Symlinking: /home/tejas_bhuta/git/drive_to_survive/install/gazebo_tf/share/gazebo_tf/package.xml
