[0.996s] Invoking command in '/home/tejas_bhuta/git/drive_to_survive/build/audibot_gazebo': AMENT_PREFIX_PATH=/home/tejas_bhuta/git/drive_to_survive/install/audibot_description:${AMENT_PREFIX_PATH} CMAKE_PREFIX_PATH=/home/tejas_bhuta/git/drive_to_survive/install/audibot_description:/opt/ros/humble /usr/bin/cmake /home/tejas_bhuta/git/drive_to_survive/resources/audibot/audibot_gazebo -DAMENT_CMAKE_SYMLINK_INSTALL=1 -DCMAKE_INSTALL_PREFIX=/home/tejas_bhuta/git/drive_to_survive/install/audibot_gazebo
[1.126s] -- The C compiler identification is GNU 11.4.0
[1.475s] -- The CXX compiler identification is GNU 11.4.0
[1.784s] -- Detecting C compiler ABI info
[1.936s] -- Detecting C compiler ABI info - done
[1.956s] -- Check for working C compiler: /usr/bin/cc - skipped
[1.956s] -- Detecting C compile features
[1.957s] -- Detecting C compile features - done
[1.965s] -- Detecting CXX compiler ABI info
[2.185s] -- Detecting CXX compiler ABI info - done
[2.201s] -- Check for working CXX compiler: /usr/bin/c++ - skipped
[2.202s] -- Detecting CXX compile features
[2.204s] -- Detecting CXX compile features - done
[2.210s] -- Found ament_cmake: 1.3.10 (/opt/ros/humble/share/ament_cmake/cmake)
[2.474s] -- Found Python3: /usr/bin/python3 (found version "3.10.12") found components: Interpreter 
[2.585s] -- Override CMake install command with custom implementation using symlinks instead of copying resources
[2.644s] -- Found rclcpp: 16.0.10 (/opt/ros/humble/share/rclcpp/cmake)
[2.839s] -- Found rosidl_generator_c: 3.1.5 (/opt/ros/humble/share/rosidl_generator_c/cmake)
[2.844s] -- Found rosidl_adapter: 3.1.5 (/opt/ros/humble/share/rosidl_adapter/cmake)
[2.855s] -- Found rosidl_generator_cpp: 3.1.5 (/opt/ros/humble/share/rosidl_generator_cpp/cmake)
[2.871s] -- Using all available rosidl_typesupport_c: rosidl_typesupport_fastrtps_c;rosidl_typesupport_introspection_c
[2.899s] -- Using all available rosidl_typesupport_cpp: rosidl_typesupport_fastrtps_cpp;rosidl_typesupport_introspection_cpp
[2.965s] -- Found rmw_implementation_cmake: 6.1.2 (/opt/ros/humble/share/rmw_implementation_cmake/cmake)
[2.968s] -- Found rmw_fastrtps_cpp: 6.2.7 (/opt/ros/humble/share/rmw_fastrtps_cpp/cmake)
[3.892s] -- Found OpenSSL: /usr/lib/x86_64-linux-gnu/libcrypto.so (found version "3.0.2")  
[5.574s] -- Found FastRTPS: /opt/ros/humble/include  
[8.173s] -- Using RMW implementation 'rmw_fastrtps_cpp' as default
[8.181s] -- Looking for pthread.h
[8.316s] -- Looking for pthread.h - found
[8.316s] -- Performing Test CMAKE_HAVE_LIBC_PTHREAD
[8.447s] -- Performing Test CMAKE_HAVE_LIBC_PTHREAD - Success
[8.448s] -- Found Threads: TRUE  
[8.514s] -- Found gazebo_ros: 3.7.0 (/opt/ros/humble/share/gazebo_ros/cmake)
[8.529s] -- Found PkgConfig: /usr/bin/pkg-config (found version "0.29.2") 
[8.530s] -- Checking for module 'bullet>=2.82'
[8.543s] --   Found bullet, version 3.05
[8.671s] -- Found fcl: /usr/include (found suitable version "0.7.0", minimum required is "0.5.0") 
[8.722s] -- Found assimp: /usr/include (found version "5.2.0") 
[8.744s] -- Found DART: /usr/include (Required is at least version "6.6") found components: dart 
[8.778s] -- Found Boost: /usr/lib/x86_64-linux-gnu/cmake/Boost-1.74.0/BoostConfig.cmake (found suitable version "1.74.0", minimum required is "1.40.0") found components: thread system filesystem program_options regex iostreams date_time 
[9.341s] -- Found Protobuf: /usr/lib/x86_64-linux-gnu/libprotobuf.so (found version "3.12.4") 
[9.346s] -- Looking for ignition-math6 -- found version 6.15.1
[9.355s] -- Searching for dependencies of ignition-math6
[9.358s] -- Looking for OGRE...
[9.358s] -- OGRE_PREFIX_WATCH changed.
[9.366s] -- Checking for module 'OGRE'
[9.381s] --   Found OGRE, version 1.9.0
[9.422s] -- Found Ogre Ghadamon (1.9.0)
[9.818s] -- Found OGRE: optimized;/usr/lib/x86_64-linux-gnu/libOgreMain.so;debug;/usr/lib/x86_64-linux-gnu/libOgreMain.so
[9.831s] -- Looking for OGRE_Paging...
[10.224s] -- Found OGRE_Paging: optimized;/usr/lib/x86_64-linux-gnu/libOgrePaging.so;debug;/usr/lib/x86_64-linux-gnu/libOgrePaging.so
[10.224s] -- Looking for OGRE_Terrain...
[10.586s] -- Found OGRE_Terrain: optimized;/usr/lib/x86_64-linux-gnu/libOgreTerrain.so;debug;/usr/lib/x86_64-linux-gnu/libOgreTerrain.so
[10.586s] -- Looking for OGRE_Property...
[10.969s] -- Found OGRE_Property: optimized;/usr/lib/x86_64-linux-gnu/libOgreProperty.so;debug;/usr/lib/x86_64-linux-gnu/libOgreProperty.so
[10.969s] -- Looking for OGRE_RTShaderSystem...
[11.444s] -- Found OGRE_RTShaderSystem: optimized;/usr/lib/x86_64-linux-gnu/libOgreRTShaderSystem.so;debug;/usr/lib/x86_64-linux-gnu/libOgreRTShaderSystem.so
[11.444s] -- Looking for OGRE_Volume...
[11.902s] -- Found OGRE_Volume: optimized;/usr/lib/x86_64-linux-gnu/libOgreVolume.so;debug;/usr/lib/x86_64-linux-gnu/libOgreVolume.so
[11.903s] -- Looking for OGRE_Overlay...
[12.402s] -- Found OGRE_Overlay: optimized;/usr/lib/x86_64-linux-gnu/libOgreOverlay.so;debug;/usr/lib/x86_64-linux-gnu/libOgreOverlay.so
[44.040s] -- Looking for ignition-math6 -- found version 6.15.1
[44.043s] -- Looking for ignition-transport8 -- found version 8.2.1
[44.044s] -- Searching for dependencies of ignition-transport8
[45.506s] -- Found Protobuf: /usr/lib/x86_64-linux-gnu/libprotobuf.so (found suitable version "3.12.4", minimum required is "3") 
[46.765s] -- Config-file not installed for ZeroMQ -- checking for pkg-config
[46.773s] -- Checking for module 'libzmq >= 4'
[46.801s] --   Found libzmq , version 4.3.4
[46.851s] -- Found ZeroMQ: TRUE (Required is at least version "4") 
[46.928s] -- Checking for module 'uuid'
[46.945s] --   Found uuid, version 2.37.2
[46.983s] -- Found UUID: TRUE  
[46.988s] -- Looking for ignition-msgs5 -- found version 5.8.1
[46.989s] -- Searching for dependencies of ignition-msgs5
[48.606s] -- Looking for ignition-math6 -- found version 6.15.1
[48.613s] -- Checking for module 'tinyxml2'
[48.624s] --   Found tinyxml2, version 9.0.0
[48.657s] -- Looking for ignition-msgs5 -- found version 5.8.1
[48.664s] -- Looking for ignition-common3 -- found version 3.14.0
[48.664s] -- Searching for dependencies of ignition-common3
[48.685s] -- Looking for dlfcn.h - found
[48.709s] -- Looking for libdl - found
[48.711s] -- Found DL: TRUE  
[48.865s] -- Found tinyobjloader: /usr/lib/x86_64-linux-gnu/cmake/tinyobjloader/tinyobjloader-config.cmake (found version "2.0.0") 
[48.868s] -- Searching for <ignition-common3> component [graphics]
[48.873s] -- Looking for ignition-common3-graphics -- found version 3.14.0
[48.874s] -- Searching for dependencies of ignition-common3-graphics
[48.875s] -- Looking for ignition-math6 -- found version 6.15.1
[48.884s] -- Looking for ignition-fuel_tools4 -- found version 4.4.0
[48.885s] -- Searching for dependencies of ignition-fuel_tools4
[52.072s] -- Found CURL: /usr/lib/x86_64-linux-gnu/libcurl.so (found version "7.81.0")  
[52.086s] -- Checking for module 'jsoncpp'
[52.098s] --   Found jsoncpp, version 1.9.5
[52.128s] -- Found JSONCPP: TRUE  
[52.134s] -- Checking for module 'libzip'
[52.147s] --   Found libzip, version 1.7.3
[52.189s] -- Found ZIP: TRUE  
[52.190s] -- Looking for ignition-common3 -- found version 3.14.0
[52.190s] -- Looking for ignition-math6 -- found version 6.15.1
[52.190s] -- Looking for ignition-msgs5 -- found version 5.8.1
[52.198s] -- Gazebo version: 11.10
[52.198s] -- Checking for module 'tbb'
[52.212s] --   Found tbb, version 2021.5.0
[52.246s] -- Found gazebo_msgs: 3.7.0 (/opt/ros/humble/share/gazebo_msgs/cmake)
[52.303s] -- Found tf2_ros: 0.25.8 (/opt/ros/humble/share/tf2_ros/cmake)
[52.414s] -- Found tf2_geometry_msgs: 0.25.8 (/opt/ros/humble/share/tf2_geometry_msgs/cmake)
[52.453s] -- Found eigen3_cmake_module: 0.1.1 (/opt/ros/humble/share/eigen3_cmake_module/cmake)
[52.455s] -- Found Eigen3: TRUE (found version "3.4.0") 
[52.455s] -- Ensuring Eigen3 include directory is part of orocos-kdl CMake target
[52.459s] -- Found nav_msgs: 4.2.4 (/opt/ros/humble/share/nav_msgs/cmake)
[52.567s] -- Configuring done
[52.689s] -- Generating done
[52.696s] -- Build files have been written to: /home/tejas_bhuta/git/drive_to_survive/build/audibot_gazebo
[52.739s] Invoked command in '/home/tejas_bhuta/git/drive_to_survive/build/audibot_gazebo' returned '0': AMENT_PREFIX_PATH=/home/tejas_bhuta/git/drive_to_survive/install/audibot_description:${AMENT_PREFIX_PATH} CMAKE_PREFIX_PATH=/home/tejas_bhuta/git/drive_to_survive/install/audibot_description:/opt/ros/humble /usr/bin/cmake /home/tejas_bhuta/git/drive_to_survive/resources/audibot/audibot_gazebo -DAMENT_CMAKE_SYMLINK_INSTALL=1 -DCMAKE_INSTALL_PREFIX=/home/tejas_bhuta/git/drive_to_survive/install/audibot_gazebo
[52.741s] Invoking command in '/home/tejas_bhuta/git/drive_to_survive/build/audibot_gazebo': AMENT_PREFIX_PATH=/home/tejas_bhuta/git/drive_to_survive/install/audibot_description:${AMENT_PREFIX_PATH} CMAKE_PREFIX_PATH=/home/tejas_bhuta/git/drive_to_survive/install/audibot_description:/opt/ros/humble /usr/bin/cmake --build /home/tejas_bhuta/git/drive_to_survive/build/audibot_gazebo -- -j16 -l16
[52.838s] [ 50%] [32mBuilding CXX object CMakeFiles/audibot_interface_plugin.dir/src/AudibotInterfacePlugin.cpp.o[0m
[84.351s] [100%] [32m[1mLinking CXX shared library libaudibot_interface_plugin.so[0m
[86.487s] [100%] Built target audibot_interface_plugin
[86.499s] Invoked command in '/home/tejas_bhuta/git/drive_to_survive/build/audibot_gazebo' returned '0': AMENT_PREFIX_PATH=/home/tejas_bhuta/git/drive_to_survive/install/audibot_description:${AMENT_PREFIX_PATH} CMAKE_PREFIX_PATH=/home/tejas_bhuta/git/drive_to_survive/install/audibot_description:/opt/ros/humble /usr/bin/cmake --build /home/tejas_bhuta/git/drive_to_survive/build/audibot_gazebo -- -j16 -l16
[86.529s] Invoking command in '/home/tejas_bhuta/git/drive_to_survive/build/audibot_gazebo': AMENT_PREFIX_PATH=/home/tejas_bhuta/git/drive_to_survive/install/audibot_description:${AMENT_PREFIX_PATH} CMAKE_PREFIX_PATH=/home/tejas_bhuta/git/drive_to_survive/install/audibot_description:/opt/ros/humble /usr/bin/cmake --install /home/tejas_bhuta/git/drive_to_survive/build/audibot_gazebo
[86.538s] -- Install configuration: ""
[86.538s] -- Execute custom install script
[86.538s] -- Symlinking: /home/tejas_bhuta/git/drive_to_survive/install/audibot_gazebo/lib/libaudibot_interface_plugin.so
[86.548s] -- Symlinking: /home/tejas_bhuta/git/drive_to_survive/install/audibot_gazebo/share/audibot_gazebo/launch/audibot_robot.launch.py
[86.562s] -- Symlinking: /home/tejas_bhuta/git/drive_to_survive/install/audibot_gazebo/share/audibot_gazebo/launch/single_vehicle_example.launch.py
[86.573s] -- Symlinking: /home/tejas_bhuta/git/drive_to_survive/install/audibot_gazebo/share/audibot_gazebo/launch/two_vehicle_example.launch.py
[86.585s] -- Symlinking: /home/tejas_bhuta/git/drive_to_survive/install/audibot_gazebo/share/audibot_gazebo/rviz/single_vehicle_example.rviz
[86.599s] -- Symlinking: /home/tejas_bhuta/git/drive_to_survive/install/audibot_gazebo/share/audibot_gazebo/rviz/two_vehicle_example.rviz
[86.617s] -- Symlinking: /home/tejas_bhuta/git/drive_to_survive/install/audibot_gazebo/share/ament_index/resource_index/package_run_dependencies/audibot_gazebo
[86.641s] -- Symlinking: /home/tejas_bhuta/git/drive_to_survive/install/audibot_gazebo/share/ament_index/resource_index/parent_prefix_path/audibot_gazebo
[86.663s] -- Symlinking: /home/tejas_bhuta/git/drive_to_survive/install/audibot_gazebo/share/audibot_gazebo/environment/ament_prefix_path.sh
[86.686s] -- Symlinking: /home/tejas_bhuta/git/drive_to_survive/install/audibot_gazebo/share/audibot_gazebo/environment/ament_prefix_path.dsv
[86.704s] -- Symlinking: /home/tejas_bhuta/git/drive_to_survive/install/audibot_gazebo/share/audibot_gazebo/environment/path.sh
[86.714s] -- Symlinking: /home/tejas_bhuta/git/drive_to_survive/install/audibot_gazebo/share/audibot_gazebo/environment/path.dsv
[86.722s] -- Symlinking: /home/tejas_bhuta/git/drive_to_survive/install/audibot_gazebo/share/audibot_gazebo/local_setup.bash
[86.732s] -- Symlinking: /home/tejas_bhuta/git/drive_to_survive/install/audibot_gazebo/share/audibot_gazebo/local_setup.sh
[86.745s] -- Symlinking: /home/tejas_bhuta/git/drive_to_survive/install/audibot_gazebo/share/audibot_gazebo/local_setup.zsh
[86.762s] -- Symlinking: /home/tejas_bhuta/git/drive_to_survive/install/audibot_gazebo/share/audibot_gazebo/local_setup.dsv
[86.781s] -- Symlinking: /home/tejas_bhuta/git/drive_to_survive/install/audibot_gazebo/share/audibot_gazebo/package.dsv
[86.803s] -- Symlinking: /home/tejas_bhuta/git/drive_to_survive/install/audibot_gazebo/share/ament_index/resource_index/packages/audibot_gazebo
[86.822s] -- Symlinking: /home/tejas_bhuta/git/drive_to_survive/install/audibot_gazebo/share/audibot_gazebo/cmake/audibot_gazeboConfig.cmake
[86.842s] -- Symlinking: /home/tejas_bhuta/git/drive_to_survive/install/audibot_gazebo/share/audibot_gazebo/cmake/audibot_gazeboConfig-version.cmake
[86.861s] -- Symlinking: /home/tejas_bhuta/git/drive_to_survive/install/audibot_gazebo/share/audibot_gazebo/package.xml
[86.889s] Invoked command in '/home/tejas_bhuta/git/drive_to_survive/build/audibot_gazebo' returned '0': AMENT_PREFIX_PATH=/home/tejas_bhuta/git/drive_to_survive/install/audibot_description:${AMENT_PREFIX_PATH} CMAKE_PREFIX_PATH=/home/tejas_bhuta/git/drive_to_survive/install/audibot_description:/opt/ros/humble /usr/bin/cmake --install /home/tejas_bhuta/git/drive_to_survive/build/audibot_gazebo
