[  2%] [34m[1mGenerating C code for ROS interfaces[0m
[  5%] [34m[1mGenerating C++ code for ROS interfaces[0m
[  5%] Built target ament_cmake_python_symlink_yolo_msg
running egg_info
creating yolo_msg.egg-info
writing yolo_msg.egg-info/PKG-INFO
writing dependency_links to yolo_msg.egg-info/dependency_links.txt
writing top-level names to yolo_msg.egg-info/top_level.txt
writing manifest file 'yolo_msg.egg-info/SOURCES.txt'
reading manifest file 'yolo_msg.egg-info/SOURCES.txt'
writing manifest file 'yolo_msg.egg-info/SOURCES.txt'
[  5%] Built target ament_cmake_python_build_yolo_msg_egg
[  5%] Built target yolo_msg__cpp
[  7%] [34m[1mGenerating C++ type support dispatch for ROS interfaces[0m
[ 10%] [34m[1mGenerating C++ type support for eProsima Fast-RTPS[0m
[ 12%] [34m[1mGenerating C++ introspection for ROS interfaces[0m
[ 15%] [32mBuilding C object CMakeFiles/yolo_msg__rosidl_generator_c.dir/rosidl_generator_c/yolo_msg/msg/detail/bounding_box__functions.c.o[0m
[ 17%] [32mBuilding C object CMakeFiles/yolo_msg__rosidl_generator_c.dir/rosidl_generator_c/yolo_msg/msg/detail/yolo_detections__functions.c.o[0m
[ 20%] [32m[1mLinking C shared library libyolo_msg__rosidl_generator_c.so[0m
[ 20%] Built target yolo_msg__rosidl_generator_c
[ 23%] [34m[1mGenerating C type support dispatch for ROS interfaces[0m
[ 25%] [34m[1mGenerating C type support for eProsima Fast-RTPS[0m
[ 28%] [34m[1mGenerating C introspection for ROS interfaces[0m
[ 30%] [32mBuilding CXX object CMakeFiles/yolo_msg__rosidl_typesupport_cpp.dir/rosidl_typesupport_cpp/yolo_msg/msg/yolo_detections__type_support.cpp.o[0m
[ 33%] [32mBuilding CXX object CMakeFiles/yolo_msg__rosidl_typesupport_cpp.dir/rosidl_typesupport_cpp/yolo_msg/msg/bounding_box__type_support.cpp.o[0m
[ 38%] [32mBuilding CXX object CMakeFiles/yolo_msg__rosidl_typesupport_introspection_cpp.dir/rosidl_typesupport_introspection_cpp/yolo_msg/msg/detail/yolo_detections__type_support.cpp.o[0m
[ 38%] [32mBuilding CXX object CMakeFiles/yolo_msg__rosidl_typesupport_introspection_cpp.dir/rosidl_typesupport_introspection_cpp/yolo_msg/msg/detail/bounding_box__type_support.cpp.o[0m
[ 43%] [32mBuilding CXX object CMakeFiles/yolo_msg__rosidl_typesupport_fastrtps_cpp.dir/rosidl_typesupport_fastrtps_cpp/yolo_msg/msg/detail/dds_fastrtps/yolo_detections__type_support.cpp.o[0m
[ 43%] [32mBuilding CXX object CMakeFiles/yolo_msg__rosidl_typesupport_fastrtps_cpp.dir/rosidl_typesupport_fastrtps_cpp/yolo_msg/msg/detail/dds_fastrtps/bounding_box__type_support.cpp.o[0m
[ 46%] [32mBuilding CXX object CMakeFiles/yolo_msg__rosidl_typesupport_c.dir/rosidl_typesupport_c/yolo_msg/msg/bounding_box__type_support.cpp.o[0m
[ 48%] [32mBuilding CXX object CMakeFiles/yolo_msg__rosidl_typesupport_c.dir/rosidl_typesupport_c/yolo_msg/msg/yolo_detections__type_support.cpp.o[0m
[ 53%] [32mBuilding CXX object CMakeFiles/yolo_msg__rosidl_typesupport_fastrtps_c.dir/rosidl_typesupport_fastrtps_c/yolo_msg/msg/detail/yolo_detections__type_support_c.cpp.o[0m
[ 53%] [32mBuilding CXX object CMakeFiles/yolo_msg__rosidl_typesupport_fastrtps_c.dir/rosidl_typesupport_fastrtps_c/yolo_msg/msg/detail/bounding_box__type_support_c.cpp.o[0m
[ 56%] [32m[1mLinking CXX shared library libyolo_msg__rosidl_typesupport_c.so[0m
[ 58%] [32mBuilding C object CMakeFiles/yolo_msg__rosidl_typesupport_introspection_c.dir/rosidl_typesupport_introspection_c/yolo_msg/msg/detail/yolo_detections__type_support.c.o[0m
[ 61%] [32mBuilding C object CMakeFiles/yolo_msg__rosidl_typesupport_introspection_c.dir/rosidl_typesupport_introspection_c/yolo_msg/msg/detail/bounding_box__type_support.c.o[0m
[ 64%] [32m[1mLinking CXX shared library libyolo_msg__rosidl_typesupport_cpp.so[0m
[ 66%] [32m[1mLinking C shared library libyolo_msg__rosidl_typesupport_introspection_c.so[0m
[ 66%] Built target yolo_msg__rosidl_typesupport_c
[ 66%] Built target yolo_msg__rosidl_typesupport_cpp
[ 66%] Built target yolo_msg__rosidl_typesupport_introspection_c
[ 69%] [32m[1mLinking CXX shared library libyolo_msg__rosidl_typesupport_introspection_cpp.so[0m
[ 69%] Built target yolo_msg__rosidl_typesupport_introspection_cpp
[ 71%] [32m[1mLinking CXX shared library libyolo_msg__rosidl_typesupport_fastrtps_cpp.so[0m
[ 74%] [32m[1mLinking CXX shared library libyolo_msg__rosidl_typesupport_fastrtps_c.so[0m
[ 74%] Built target yolo_msg__rosidl_typesupport_fastrtps_cpp
[ 74%] Built target yolo_msg__rosidl_typesupport_fastrtps_c
[ 74%] Built target yolo_msg
[ 76%] [34m[1mGenerating Python code for ROS interfaces[0m
[ 76%] Built target yolo_msg__py
[ 79%] [32mBuilding C object CMakeFiles/yolo_msg__rosidl_generator_py.dir/rosidl_generator_py/yolo_msg/msg/_yolo_detections_s.c.o[0m
[ 82%] [32mBuilding C object CMakeFiles/yolo_msg__rosidl_generator_py.dir/rosidl_generator_py/yolo_msg/msg/_bounding_box_s.c.o[0m
[ 84%] [32m[1mLinking C shared library rosidl_generator_py/yolo_msg/libyolo_msg__rosidl_generator_py.so[0m
[ 84%] Built target yolo_msg__rosidl_generator_py
[ 87%] [32mBuilding C object CMakeFiles/yolo_msg__rosidl_typesupport_introspection_c__pyext.dir/rosidl_generator_py/yolo_msg/_yolo_msg_s.ep.rosidl_typesupport_introspection_c.c.o[0m
[ 89%] [32mBuilding C object CMakeFiles/yolo_msg__rosidl_typesupport_fastrtps_c__pyext.dir/rosidl_generator_py/yolo_msg/_yolo_msg_s.ep.rosidl_typesupport_fastrtps_c.c.o[0m
[ 92%] [32mBuilding C object CMakeFiles/yolo_msg__rosidl_typesupport_c__pyext.dir/rosidl_generator_py/yolo_msg/_yolo_msg_s.ep.rosidl_typesupport_c.c.o[0m
[ 94%] [32m[1mLinking C shared library rosidl_generator_py/yolo_msg/yolo_msg_s__rosidl_typesupport_introspection_c.cpython-310-x86_64-linux-gnu.so[0m
[ 97%] [32m[1mLinking C shared library rosidl_generator_py/yolo_msg/yolo_msg_s__rosidl_typesupport_c.cpython-310-x86_64-linux-gnu.so[0m
[100%] [32m[1mLinking C shared library rosidl_generator_py/yolo_msg/yolo_msg_s__rosidl_typesupport_fastrtps_c.cpython-310-x86_64-linux-gnu.so[0m
[100%] Built target yolo_msg__rosidl_typesupport_c__pyext
[100%] Built target yolo_msg__rosidl_typesupport_introspection_c__pyext
[100%] Built target yolo_msg__rosidl_typesupport_fastrtps_c__pyext
-- Install configuration: ""
-- Execute custom install script
-- Symlinking: /home/tejas_bhuta/git/drive_to_survive/install/yolo_msg/share/ament_index/resource_index/rosidl_interfaces/yolo_msg
-- Symlinking: /home/tejas_bhuta/git/drive_to_survive/install/yolo_msg/include/yolo_msg/yolo_msg/msg/bounding_box.h
-- Symlinking: /home/tejas_bhuta/git/drive_to_survive/install/yolo_msg/include/yolo_msg/yolo_msg/msg/detail/bounding_box__functions.h
-- Symlinking: /home/tejas_bhuta/git/drive_to_survive/install/yolo_msg/include/yolo_msg/yolo_msg/msg/detail/bounding_box__struct.h
-- Symlinking: /home/tejas_bhuta/git/drive_to_survive/install/yolo_msg/include/yolo_msg/yolo_msg/msg/detail/bounding_box__type_support.h
-- Symlinking: /home/tejas_bhuta/git/drive_to_survive/install/yolo_msg/include/yolo_msg/yolo_msg/msg/detail/yolo_detections__functions.h
-- Symlinking: /home/tejas_bhuta/git/drive_to_survive/install/yolo_msg/include/yolo_msg/yolo_msg/msg/detail/yolo_detections__struct.h
-- Symlinking: /home/tejas_bhuta/git/drive_to_survive/install/yolo_msg/include/yolo_msg/yolo_msg/msg/detail/yolo_detections__type_support.h
-- Symlinking: /home/tejas_bhuta/git/drive_to_survive/install/yolo_msg/include/yolo_msg/yolo_msg/msg/rosidl_generator_c__visibility_control.h
-- Symlinking: /home/tejas_bhuta/git/drive_to_survive/install/yolo_msg/include/yolo_msg/yolo_msg/msg/yolo_detections.h
-- Symlinking: /home/tejas_bhuta/git/drive_to_survive/install/yolo_msg/share/yolo_msg/environment/library_path.sh
-- Symlinking: /home/tejas_bhuta/git/drive_to_survive/install/yolo_msg/share/yolo_msg/environment/library_path.dsv
-- Symlinking: /home/tejas_bhuta/git/drive_to_survive/install/yolo_msg/include/yolo_msg/yolo_msg/msg/detail/bounding_box__rosidl_typesupport_fastrtps_c.h
-- Symlinking: /home/tejas_bhuta/git/drive_to_survive/install/yolo_msg/include/yolo_msg/yolo_msg/msg/detail/yolo_detections__rosidl_typesupport_fastrtps_c.h
-- Symlinking: /home/tejas_bhuta/git/drive_to_survive/install/yolo_msg/include/yolo_msg/yolo_msg/msg/rosidl_typesupport_fastrtps_c__visibility_control.h
-- Symlinking: /home/tejas_bhuta/git/drive_to_survive/install/yolo_msg/include/yolo_msg/yolo_msg/msg/bounding_box.hpp
-- Symlinking: /home/tejas_bhuta/git/drive_to_survive/install/yolo_msg/include/yolo_msg/yolo_msg/msg/detail/bounding_box__builder.hpp
-- Symlinking: /home/tejas_bhuta/git/drive_to_survive/install/yolo_msg/include/yolo_msg/yolo_msg/msg/detail/bounding_box__struct.hpp
-- Symlinking: /home/tejas_bhuta/git/drive_to_survive/install/yolo_msg/include/yolo_msg/yolo_msg/msg/detail/bounding_box__traits.hpp
-- Symlinking: /home/tejas_bhuta/git/drive_to_survive/install/yolo_msg/include/yolo_msg/yolo_msg/msg/detail/yolo_detections__builder.hpp
-- Symlinking: /home/tejas_bhuta/git/drive_to_survive/install/yolo_msg/include/yolo_msg/yolo_msg/msg/detail/yolo_detections__struct.hpp
-- Symlinking: /home/tejas_bhuta/git/drive_to_survive/install/yolo_msg/include/yolo_msg/yolo_msg/msg/detail/yolo_detections__traits.hpp
-- Symlinking: /home/tejas_bhuta/git/drive_to_survive/install/yolo_msg/include/yolo_msg/yolo_msg/msg/yolo_detections.hpp
-- Symlinking: /home/tejas_bhuta/git/drive_to_survive/install/yolo_msg/include/yolo_msg/yolo_msg/msg/detail/bounding_box__rosidl_typesupport_fastrtps_cpp.hpp
-- Symlinking: /home/tejas_bhuta/git/drive_to_survive/install/yolo_msg/include/yolo_msg/yolo_msg/msg/detail/yolo_detections__rosidl_typesupport_fastrtps_cpp.hpp
-- Symlinking: /home/tejas_bhuta/git/drive_to_survive/install/yolo_msg/include/yolo_msg/yolo_msg/msg/rosidl_typesupport_fastrtps_cpp__visibility_control.h
-- Symlinking: /home/tejas_bhuta/git/drive_to_survive/install/yolo_msg/include/yolo_msg/yolo_msg/msg/detail/bounding_box__rosidl_typesupport_introspection_c.h
-- Symlinking: /home/tejas_bhuta/git/drive_to_survive/install/yolo_msg/include/yolo_msg/yolo_msg/msg/detail/yolo_detections__rosidl_typesupport_introspection_c.h
-- Symlinking: /home/tejas_bhuta/git/drive_to_survive/install/yolo_msg/include/yolo_msg/yolo_msg/msg/rosidl_typesupport_introspection_c__visibility_control.h
-- Symlinking: /home/tejas_bhuta/git/drive_to_survive/install/yolo_msg/include/yolo_msg/yolo_msg/msg/detail/bounding_box__rosidl_typesupport_introspection_cpp.hpp
-- Symlinking: /home/tejas_bhuta/git/drive_to_survive/install/yolo_msg/include/yolo_msg/yolo_msg/msg/detail/yolo_detections__rosidl_typesupport_introspection_cpp.hpp
-- Symlinking: /home/tejas_bhuta/git/drive_to_survive/install/yolo_msg/share/yolo_msg/environment/pythonpath.sh
-- Symlinking: /home/tejas_bhuta/git/drive_to_survive/install/yolo_msg/share/yolo_msg/environment/pythonpath.dsv
-- Symlinking: /home/tejas_bhuta/git/drive_to_survive/install/yolo_msg/local/lib/python3.10/dist-packages/yolo_msg-0.0.0-py3.10.egg-info/PKG-INFO
-- Symlinking: /home/tejas_bhuta/git/drive_to_survive/install/yolo_msg/local/lib/python3.10/dist-packages/yolo_msg-0.0.0-py3.10.egg-info/SOURCES.txt
-- Symlinking: /home/tejas_bhuta/git/drive_to_survive/install/yolo_msg/local/lib/python3.10/dist-packages/yolo_msg-0.0.0-py3.10.egg-info/dependency_links.txt
-- Symlinking: /home/tejas_bhuta/git/drive_to_survive/install/yolo_msg/local/lib/python3.10/dist-packages/yolo_msg-0.0.0-py3.10.egg-info/top_level.txt
-- Symlinking: /home/tejas_bhuta/git/drive_to_survive/install/yolo_msg/local/lib/python3.10/dist-packages/yolo_msg/__init__.py
-- Symlinking: /home/tejas_bhuta/git/drive_to_survive/install/yolo_msg/local/lib/python3.10/dist-packages/yolo_msg/_yolo_msg_s.ep.rosidl_typesupport_c.c
-- Symlinking: /home/tejas_bhuta/git/drive_to_survive/install/yolo_msg/local/lib/python3.10/dist-packages/yolo_msg/_yolo_msg_s.ep.rosidl_typesupport_fastrtps_c.c
-- Symlinking: /home/tejas_bhuta/git/drive_to_survive/install/yolo_msg/local/lib/python3.10/dist-packages/yolo_msg/_yolo_msg_s.ep.rosidl_typesupport_introspection_c.c
-- Symlinking: /home/tejas_bhuta/git/drive_to_survive/install/yolo_msg/local/lib/python3.10/dist-packages/yolo_msg/libyolo_msg__rosidl_generator_py.so
-- Symlinking: /home/tejas_bhuta/git/drive_to_survive/install/yolo_msg/local/lib/python3.10/dist-packages/yolo_msg/msg/__init__.py
-- Symlinking: /home/tejas_bhuta/git/drive_to_survive/install/yolo_msg/local/lib/python3.10/dist-packages/yolo_msg/msg/_bounding_box.py
-- Symlinking: /home/tejas_bhuta/git/drive_to_survive/install/yolo_msg/local/lib/python3.10/dist-packages/yolo_msg/msg/_bounding_box_s.c
-- Symlinking: /home/tejas_bhuta/git/drive_to_survive/install/yolo_msg/local/lib/python3.10/dist-packages/yolo_msg/msg/_yolo_detections.py
-- Symlinking: /home/tejas_bhuta/git/drive_to_survive/install/yolo_msg/local/lib/python3.10/dist-packages/yolo_msg/msg/_yolo_detections_s.c
-- Symlinking: /home/tejas_bhuta/git/drive_to_survive/install/yolo_msg/local/lib/python3.10/dist-packages/yolo_msg/yolo_msg_s__rosidl_typesupport_c.cpython-310-x86_64-linux-gnu.so
-- Symlinking: /home/tejas_bhuta/git/drive_to_survive/install/yolo_msg/local/lib/python3.10/dist-packages/yolo_msg/yolo_msg_s__rosidl_typesupport_fastrtps_c.cpython-310-x86_64-linux-gnu.so
-- Symlinking: /home/tejas_bhuta/git/drive_to_survive/install/yolo_msg/local/lib/python3.10/dist-packages/yolo_msg/yolo_msg_s__rosidl_typesupport_introspection_c.cpython-310-x86_64-linux-gnu.so
-- Up-to-date symlink: /home/tejas_bhuta/git/drive_to_survive/install/yolo_msg/local/lib/python3.10/dist-packages/yolo_msg/yolo_msg_s__rosidl_typesupport_fastrtps_c.cpython-310-x86_64-linux-gnu.so
-- Up-to-date symlink: /home/tejas_bhuta/git/drive_to_survive/install/yolo_msg/local/lib/python3.10/dist-packages/yolo_msg/yolo_msg_s__rosidl_typesupport_introspection_c.cpython-310-x86_64-linux-gnu.so
-- Up-to-date symlink: /home/tejas_bhuta/git/drive_to_survive/install/yolo_msg/local/lib/python3.10/dist-packages/yolo_msg/yolo_msg_s__rosidl_typesupport_c.cpython-310-x86_64-linux-gnu.so
-- Symlinking: /home/tejas_bhuta/git/drive_to_survive/install/yolo_msg/share/yolo_msg/msg/BoundingBox.idl
-- Symlinking: /home/tejas_bhuta/git/drive_to_survive/install/yolo_msg/share/yolo_msg/msg/YoloDetections.idl
-- Symlinking: /home/tejas_bhuta/git/drive_to_survive/install/yolo_msg/share/yolo_msg/msg/BoundingBox.msg
-- Symlinking: /home/tejas_bhuta/git/drive_to_survive/install/yolo_msg/share/yolo_msg/msg/YoloDetections.msg
-- Symlinking: /home/tejas_bhuta/git/drive_to_survive/install/yolo_msg/share/ament_index/resource_index/package_run_dependencies/yolo_msg
-- Symlinking: /home/tejas_bhuta/git/drive_to_survive/install/yolo_msg/share/ament_index/resource_index/parent_prefix_path/yolo_msg
-- Symlinking: /home/tejas_bhuta/git/drive_to_survive/install/yolo_msg/share/yolo_msg/environment/ament_prefix_path.sh
-- Symlinking: /home/tejas_bhuta/git/drive_to_survive/install/yolo_msg/share/yolo_msg/environment/ament_prefix_path.dsv
-- Symlinking: /home/tejas_bhuta/git/drive_to_survive/install/yolo_msg/share/yolo_msg/environment/path.sh
-- Symlinking: /home/tejas_bhuta/git/drive_to_survive/install/yolo_msg/share/yolo_msg/environment/path.dsv
-- Symlinking: /home/tejas_bhuta/git/drive_to_survive/install/yolo_msg/share/yolo_msg/local_setup.bash
-- Symlinking: /home/tejas_bhuta/git/drive_to_survive/install/yolo_msg/share/yolo_msg/local_setup.sh
-- Symlinking: /home/tejas_bhuta/git/drive_to_survive/install/yolo_msg/share/yolo_msg/local_setup.zsh
-- Symlinking: /home/tejas_bhuta/git/drive_to_survive/install/yolo_msg/share/yolo_msg/local_setup.dsv
-- Symlinking: /home/tejas_bhuta/git/drive_to_survive/install/yolo_msg/share/yolo_msg/package.dsv
-- Symlinking: /home/tejas_bhuta/git/drive_to_survive/install/yolo_msg/share/ament_index/resource_index/packages/yolo_msg
-- Symlinking: /home/tejas_bhuta/git/drive_to_survive/install/yolo_msg/share/yolo_msg/cmake/rosidl_cmake-extras.cmake
-- Symlinking: /home/tejas_bhuta/git/drive_to_survive/install/yolo_msg/share/yolo_msg/cmake/ament_cmake_export_dependencies-extras.cmake
-- Symlinking: /home/tejas_bhuta/git/drive_to_survive/install/yolo_msg/share/yolo_msg/cmake/ament_cmake_export_include_directories-extras.cmake
-- Symlinking: /home/tejas_bhuta/git/drive_to_survive/install/yolo_msg/share/yolo_msg/cmake/ament_cmake_export_libraries-extras.cmake
-- Symlinking: /home/tejas_bhuta/git/drive_to_survive/install/yolo_msg/share/yolo_msg/cmake/ament_cmake_export_targets-extras.cmake
-- Symlinking: /home/tejas_bhuta/git/drive_to_survive/install/yolo_msg/share/yolo_msg/cmake/rosidl_cmake_export_typesupport_targets-extras.cmake
-- Symlinking: /home/tejas_bhuta/git/drive_to_survive/install/yolo_msg/share/yolo_msg/cmake/rosidl_cmake_export_typesupport_libraries-extras.cmake
-- Symlinking: /home/tejas_bhuta/git/drive_to_survive/install/yolo_msg/share/yolo_msg/cmake/yolo_msgConfig.cmake
-- Symlinking: /home/tejas_bhuta/git/drive_to_survive/install/yolo_msg/share/yolo_msg/cmake/yolo_msgConfig-version.cmake
-- Symlinking: /home/tejas_bhuta/git/drive_to_survive/install/yolo_msg/share/yolo_msg/package.xml
-- Installing: /home/tejas_bhuta/git/drive_to_survive/install/yolo_msg/lib/libyolo_msg__rosidl_generator_c.so
-- Set runtime path of "/home/tejas_bhuta/git/drive_to_survive/install/yolo_msg/lib/libyolo_msg__rosidl_generator_c.so" to ""
-- Installing: /home/tejas_bhuta/git/drive_to_survive/install/yolo_msg/lib/libyolo_msg__rosidl_typesupport_fastrtps_c.so
-- Set runtime path of "/home/tejas_bhuta/git/drive_to_survive/install/yolo_msg/lib/libyolo_msg__rosidl_typesupport_fastrtps_c.so" to ""
-- Installing: /home/tejas_bhuta/git/drive_to_survive/install/yolo_msg/lib/libyolo_msg__rosidl_typesupport_fastrtps_cpp.so
-- Set runtime path of "/home/tejas_bhuta/git/drive_to_survive/install/yolo_msg/lib/libyolo_msg__rosidl_typesupport_fastrtps_cpp.so" to ""
-- Installing: /home/tejas_bhuta/git/drive_to_survive/install/yolo_msg/lib/libyolo_msg__rosidl_typesupport_introspection_c.so
-- Set runtime path of "/home/tejas_bhuta/git/drive_to_survive/install/yolo_msg/lib/libyolo_msg__rosidl_typesupport_introspection_c.so" to ""
-- Installing: /home/tejas_bhuta/git/drive_to_survive/install/yolo_msg/lib/libyolo_msg__rosidl_typesupport_c.so
-- Set runtime path of "/home/tejas_bhuta/git/drive_to_survive/install/yolo_msg/lib/libyolo_msg__rosidl_typesupport_c.so" to ""
-- Installing: /home/tejas_bhuta/git/drive_to_survive/install/yolo_msg/lib/libyolo_msg__rosidl_typesupport_introspection_cpp.so
-- Set runtime path of "/home/tejas_bhuta/git/drive_to_survive/install/yolo_msg/lib/libyolo_msg__rosidl_typesupport_introspection_cpp.so" to ""
-- Installing: /home/tejas_bhuta/git/drive_to_survive/install/yolo_msg/lib/libyolo_msg__rosidl_typesupport_cpp.so
-- Set runtime path of "/home/tejas_bhuta/git/drive_to_survive/install/yolo_msg/lib/libyolo_msg__rosidl_typesupport_cpp.so" to ""
Listing '/home/tejas_bhuta/git/drive_to_survive/install/yolo_msg/local/lib/python3.10/dist-packages/yolo_msg'...
Compiling '/home/tejas_bhuta/git/drive_to_survive/install/yolo_msg/local/lib/python3.10/dist-packages/yolo_msg/__init__.py'...
Listing '/home/tejas_bhuta/git/drive_to_survive/install/yolo_msg/local/lib/python3.10/dist-packages/yolo_msg/msg'...
Compiling '/home/tejas_bhuta/git/drive_to_survive/install/yolo_msg/local/lib/python3.10/dist-packages/yolo_msg/msg/__init__.py'...
Compiling '/home/tejas_bhuta/git/drive_to_survive/install/yolo_msg/local/lib/python3.10/dist-packages/yolo_msg/msg/_bounding_box.py'...
Compiling '/home/tejas_bhuta/git/drive_to_survive/install/yolo_msg/local/lib/python3.10/dist-packages/yolo_msg/msg/_yolo_detections.py'...
-- Installing: /home/tejas_bhuta/git/drive_to_survive/install/yolo_msg/lib/libyolo_msg__rosidl_generator_py.so
-- Set runtime path of "/home/tejas_bhuta/git/drive_to_survive/install/yolo_msg/lib/libyolo_msg__rosidl_generator_py.so" to ""
-- Installing: /home/tejas_bhuta/git/drive_to_survive/install/yolo_msg/share/yolo_msg/cmake/export_yolo_msg__rosidl_generator_cExport.cmake
-- Installing: /home/tejas_bhuta/git/drive_to_survive/install/yolo_msg/share/yolo_msg/cmake/export_yolo_msg__rosidl_generator_cExport-noconfig.cmake
-- Installing: /home/tejas_bhuta/git/drive_to_survive/install/yolo_msg/share/yolo_msg/cmake/export_yolo_msg__rosidl_typesupport_fastrtps_cExport.cmake
-- Installing: /home/tejas_bhuta/git/drive_to_survive/install/yolo_msg/share/yolo_msg/cmake/export_yolo_msg__rosidl_typesupport_fastrtps_cExport-noconfig.cmake
-- Installing: /home/tejas_bhuta/git/drive_to_survive/install/yolo_msg/share/yolo_msg/cmake/export_yolo_msg__rosidl_generator_cppExport.cmake
-- Installing: /home/tejas_bhuta/git/drive_to_survive/install/yolo_msg/share/yolo_msg/cmake/export_yolo_msg__rosidl_typesupport_fastrtps_cppExport.cmake
-- Installing: /home/tejas_bhuta/git/drive_to_survive/install/yolo_msg/share/yolo_msg/cmake/export_yolo_msg__rosidl_typesupport_fastrtps_cppExport-noconfig.cmake
-- Installing: /home/tejas_bhuta/git/drive_to_survive/install/yolo_msg/share/yolo_msg/cmake/yolo_msg__rosidl_typesupport_introspection_cExport.cmake
-- Installing: /home/tejas_bhuta/git/drive_to_survive/install/yolo_msg/share/yolo_msg/cmake/yolo_msg__rosidl_typesupport_introspection_cExport-noconfig.cmake
-- Installing: /home/tejas_bhuta/git/drive_to_survive/install/yolo_msg/share/yolo_msg/cmake/yolo_msg__rosidl_typesupport_cExport.cmake
-- Installing: /home/tejas_bhuta/git/drive_to_survive/install/yolo_msg/share/yolo_msg/cmake/yolo_msg__rosidl_typesupport_cExport-noconfig.cmake
-- Installing: /home/tejas_bhuta/git/drive_to_survive/install/yolo_msg/share/yolo_msg/cmake/yolo_msg__rosidl_typesupport_introspection_cppExport.cmake
-- Installing: /home/tejas_bhuta/git/drive_to_survive/install/yolo_msg/share/yolo_msg/cmake/yolo_msg__rosidl_typesupport_introspection_cppExport-noconfig.cmake
-- Installing: /home/tejas_bhuta/git/drive_to_survive/install/yolo_msg/share/yolo_msg/cmake/yolo_msg__rosidl_typesupport_cppExport.cmake
-- Installing: /home/tejas_bhuta/git/drive_to_survive/install/yolo_msg/share/yolo_msg/cmake/yolo_msg__rosidl_typesupport_cppExport-noconfig.cmake
-- Installing: /home/tejas_bhuta/git/drive_to_survive/install/yolo_msg/share/yolo_msg/cmake/export_yolo_msg__rosidl_generator_pyExport.cmake
-- Installing: /home/tejas_bhuta/git/drive_to_survive/install/yolo_msg/share/yolo_msg/cmake/export_yolo_msg__rosidl_generator_pyExport-noconfig.cmake
