[0.996s] Invoking command in '/home/tejas_bhuta/git/drive_to_survive/build/yolo_msg': CMAKE_PREFIX_PATH=/opt/ros/humble /usr/bin/cmake --build /home/tejas_bhuta/git/drive_to_survive/build/yolo_msg -- -j16 -l16
[1.036s] [  2%] [34m[1mGenerating C code for ROS interfaces[0m
[1.053s] [  5%] [34m[1mGenerating C++ code for ROS interfaces[0m
[1.064s] [  5%] Built target ament_cmake_python_symlink_yolo_msg
[1.536s] running egg_info
[1.540s] creating yolo_msg.egg-info
[1.541s] writing yolo_msg.egg-info/PKG-INFO
[1.541s] writing dependency_links to yolo_msg.egg-info/dependency_links.txt
[1.544s] writing top-level names to yolo_msg.egg-info/top_level.txt
[1.544s] writing manifest file 'yolo_msg.egg-info/SOURCES.txt'
[1.548s] reading manifest file 'yolo_msg.egg-info/SOURCES.txt'
[1.550s] writing manifest file 'yolo_msg.egg-info/SOURCES.txt'
[1.583s] [  5%] Built target ament_cmake_python_build_yolo_msg_egg
[1.607s] [  5%] Built target yolo_msg__cpp
[1.625s] [  7%] [34m[1mGenerating C++ type support dispatch for ROS interfaces[0m
[1.626s] [ 10%] [34m[1mGenerating C++ type support for eProsima Fast-RTPS[0m
[1.626s] [ 12%] [34m[1mGenerating C++ introspection for ROS interfaces[0m
[1.648s] [ 15%] [32mBuilding C object CMakeFiles/yolo_msg__rosidl_generator_c.dir/rosidl_generator_c/yolo_msg/msg/detail/bounding_box__functions.c.o[0m
[1.653s] [ 17%] [32mBuilding C object CMakeFiles/yolo_msg__rosidl_generator_c.dir/rosidl_generator_c/yolo_msg/msg/detail/yolo_detections__functions.c.o[0m
[1.729s] [ 20%] [32m[1mLinking C shared library libyolo_msg__rosidl_generator_c.so[0m
[1.871s] [ 20%] Built target yolo_msg__rosidl_generator_c
[1.882s] [ 23%] [34m[1mGenerating C type support dispatch for ROS interfaces[0m
[1.885s] [ 25%] [34m[1mGenerating C type support for eProsima Fast-RTPS[0m
[1.886s] [ 28%] [34m[1mGenerating C introspection for ROS interfaces[0m
[1.942s] [ 30%] [32mBuilding CXX object CMakeFiles/yolo_msg__rosidl_typesupport_cpp.dir/rosidl_typesupport_cpp/yolo_msg/msg/yolo_detections__type_support.cpp.o[0m
[1.944s] [ 33%] [32mBuilding CXX object CMakeFiles/yolo_msg__rosidl_typesupport_cpp.dir/rosidl_typesupport_cpp/yolo_msg/msg/bounding_box__type_support.cpp.o[0m
[1.985s] [ 38%] [32mBuilding CXX object CMakeFiles/yolo_msg__rosidl_typesupport_introspection_cpp.dir/rosidl_typesupport_introspection_cpp/yolo_msg/msg/detail/yolo_detections__type_support.cpp.o[0m
[1.985s] [ 38%] [32mBuilding CXX object CMakeFiles/yolo_msg__rosidl_typesupport_introspection_cpp.dir/rosidl_typesupport_introspection_cpp/yolo_msg/msg/detail/bounding_box__type_support.cpp.o[0m
[2.018s] [ 43%] [32mBuilding CXX object CMakeFiles/yolo_msg__rosidl_typesupport_fastrtps_cpp.dir/rosidl_typesupport_fastrtps_cpp/yolo_msg/msg/detail/dds_fastrtps/yolo_detections__type_support.cpp.o[0m
[2.018s] [ 43%] [32mBuilding CXX object CMakeFiles/yolo_msg__rosidl_typesupport_fastrtps_cpp.dir/rosidl_typesupport_fastrtps_cpp/yolo_msg/msg/detail/dds_fastrtps/bounding_box__type_support.cpp.o[0m
[2.287s] [ 46%] [32mBuilding CXX object CMakeFiles/yolo_msg__rosidl_typesupport_c.dir/rosidl_typesupport_c/yolo_msg/msg/bounding_box__type_support.cpp.o[0m
[2.292s] [ 48%] [32mBuilding CXX object CMakeFiles/yolo_msg__rosidl_typesupport_c.dir/rosidl_typesupport_c/yolo_msg/msg/yolo_detections__type_support.cpp.o[0m
[2.345s] [ 53%] [32mBuilding CXX object CMakeFiles/yolo_msg__rosidl_typesupport_fastrtps_c.dir/rosidl_typesupport_fastrtps_c/yolo_msg/msg/detail/yolo_detections__type_support_c.cpp.o[0m
[2.345s] [ 53%] [32mBuilding CXX object CMakeFiles/yolo_msg__rosidl_typesupport_fastrtps_c.dir/rosidl_typesupport_fastrtps_c/yolo_msg/msg/detail/bounding_box__type_support_c.cpp.o[0m
[2.358s] [ 56%] [32m[1mLinking CXX shared library libyolo_msg__rosidl_typesupport_c.so[0m
[2.371s] [ 58%] [32mBuilding C object CMakeFiles/yolo_msg__rosidl_typesupport_introspection_c.dir/rosidl_typesupport_introspection_c/yolo_msg/msg/detail/yolo_detections__type_support.c.o[0m
[2.371s] [ 61%] [32mBuilding C object CMakeFiles/yolo_msg__rosidl_typesupport_introspection_c.dir/rosidl_typesupport_introspection_c/yolo_msg/msg/detail/bounding_box__type_support.c.o[0m
[2.388s] [ 64%] [32m[1mLinking CXX shared library libyolo_msg__rosidl_typesupport_cpp.so[0m
[2.438s] [ 66%] [32m[1mLinking C shared library libyolo_msg__rosidl_typesupport_introspection_c.so[0m
[2.488s] [ 66%] Built target yolo_msg__rosidl_typesupport_c
[2.504s] [ 66%] Built target yolo_msg__rosidl_typesupport_cpp
[2.544s] [ 66%] Built target yolo_msg__rosidl_typesupport_introspection_c
[2.662s] [ 69%] [32m[1mLinking CXX shared library libyolo_msg__rosidl_typesupport_introspection_cpp.so[0m
[2.805s] [ 69%] Built target yolo_msg__rosidl_typesupport_introspection_cpp
[2.823s] [ 71%] [32m[1mLinking CXX shared library libyolo_msg__rosidl_typesupport_fastrtps_cpp.so[0m
[2.910s] [ 74%] [32m[1mLinking CXX shared library libyolo_msg__rosidl_typesupport_fastrtps_c.so[0m
[2.960s] [ 74%] Built target yolo_msg__rosidl_typesupport_fastrtps_cpp
[3.046s] [ 74%] Built target yolo_msg__rosidl_typesupport_fastrtps_c
[3.066s] [ 74%] Built target yolo_msg
[3.086s] [ 76%] [34m[1mGenerating Python code for ROS interfaces[0m
[3.551s] [ 76%] Built target yolo_msg__py
[3.570s] [ 79%] [32mBuilding C object CMakeFiles/yolo_msg__rosidl_generator_py.dir/rosidl_generator_py/yolo_msg/msg/_yolo_detections_s.c.o[0m
[3.570s] [ 82%] [32mBuilding C object CMakeFiles/yolo_msg__rosidl_generator_py.dir/rosidl_generator_py/yolo_msg/msg/_bounding_box_s.c.o[0m
[3.734s] [ 84%] [32m[1mLinking C shared library rosidl_generator_py/yolo_msg/libyolo_msg__rosidl_generator_py.so[0m
[3.812s] [ 84%] Built target yolo_msg__rosidl_generator_py
[3.834s] [ 87%] [32mBuilding C object CMakeFiles/yolo_msg__rosidl_typesupport_introspection_c__pyext.dir/rosidl_generator_py/yolo_msg/_yolo_msg_s.ep.rosidl_typesupport_introspection_c.c.o[0m
[3.835s] [ 89%] [32mBuilding C object CMakeFiles/yolo_msg__rosidl_typesupport_fastrtps_c__pyext.dir/rosidl_generator_py/yolo_msg/_yolo_msg_s.ep.rosidl_typesupport_fastrtps_c.c.o[0m
[3.835s] [ 92%] [32mBuilding C object CMakeFiles/yolo_msg__rosidl_typesupport_c__pyext.dir/rosidl_generator_py/yolo_msg/_yolo_msg_s.ep.rosidl_typesupport_c.c.o[0m
[3.964s] [ 94%] [32m[1mLinking C shared library rosidl_generator_py/yolo_msg/yolo_msg_s__rosidl_typesupport_introspection_c.cpython-310-x86_64-linux-gnu.so[0m
[3.965s] [ 97%] [32m[1mLinking C shared library rosidl_generator_py/yolo_msg/yolo_msg_s__rosidl_typesupport_c.cpython-310-x86_64-linux-gnu.so[0m
[3.973s] [100%] [32m[1mLinking C shared library rosidl_generator_py/yolo_msg/yolo_msg_s__rosidl_typesupport_fastrtps_c.cpython-310-x86_64-linux-gnu.so[0m
[4.049s] [100%] Built target yolo_msg__rosidl_typesupport_c__pyext
[4.054s] [100%] Built target yolo_msg__rosidl_typesupport_introspection_c__pyext
[4.086s] [100%] Built target yolo_msg__rosidl_typesupport_fastrtps_c__pyext
[4.103s] Invoked command in '/home/tejas_bhuta/git/drive_to_survive/build/yolo_msg' returned '0': CMAKE_PREFIX_PATH=/opt/ros/humble /usr/bin/cmake --build /home/tejas_bhuta/git/drive_to_survive/build/yolo_msg -- -j16 -l16
[4.192s] Invoking command in '/home/tejas_bhuta/git/drive_to_survive/build/yolo_msg': CMAKE_PREFIX_PATH=/opt/ros/humble /usr/bin/cmake --install /home/tejas_bhuta/git/drive_to_survive/build/yolo_msg
[4.200s] -- Install configuration: ""
[4.201s] -- Execute custom install script
[4.203s] -- Symlinking: /home/tejas_bhuta/git/drive_to_survive/install/yolo_msg/share/ament_index/resource_index/rosidl_interfaces/yolo_msg
[4.212s] -- Symlinking: /home/tejas_bhuta/git/drive_to_survive/install/yolo_msg/include/yolo_msg/yolo_msg/msg/bounding_box.h
[4.220s] -- Symlinking: /home/tejas_bhuta/git/drive_to_survive/install/yolo_msg/include/yolo_msg/yolo_msg/msg/detail/bounding_box__functions.h
[4.228s] -- Symlinking: /home/tejas_bhuta/git/drive_to_survive/install/yolo_msg/include/yolo_msg/yolo_msg/msg/detail/bounding_box__struct.h
[4.238s] -- Symlinking: /home/tejas_bhuta/git/drive_to_survive/install/yolo_msg/include/yolo_msg/yolo_msg/msg/detail/bounding_box__type_support.h
[4.248s] -- Symlinking: /home/tejas_bhuta/git/drive_to_survive/install/yolo_msg/include/yolo_msg/yolo_msg/msg/detail/yolo_detections__functions.h
[4.257s] -- Symlinking: /home/tejas_bhuta/git/drive_to_survive/install/yolo_msg/include/yolo_msg/yolo_msg/msg/detail/yolo_detections__struct.h
[4.266s] -- Symlinking: /home/tejas_bhuta/git/drive_to_survive/install/yolo_msg/include/yolo_msg/yolo_msg/msg/detail/yolo_detections__type_support.h
[4.274s] -- Symlinking: /home/tejas_bhuta/git/drive_to_survive/install/yolo_msg/include/yolo_msg/yolo_msg/msg/rosidl_generator_c__visibility_control.h
[4.284s] -- Symlinking: /home/tejas_bhuta/git/drive_to_survive/install/yolo_msg/include/yolo_msg/yolo_msg/msg/yolo_detections.h
[4.293s] -- Symlinking: /home/tejas_bhuta/git/drive_to_survive/install/yolo_msg/share/yolo_msg/environment/library_path.sh
[4.303s] -- Symlinking: /home/tejas_bhuta/git/drive_to_survive/install/yolo_msg/share/yolo_msg/environment/library_path.dsv
[4.315s] -- Symlinking: /home/tejas_bhuta/git/drive_to_survive/install/yolo_msg/include/yolo_msg/yolo_msg/msg/detail/bounding_box__rosidl_typesupport_fastrtps_c.h
[4.325s] -- Symlinking: /home/tejas_bhuta/git/drive_to_survive/install/yolo_msg/include/yolo_msg/yolo_msg/msg/detail/yolo_detections__rosidl_typesupport_fastrtps_c.h
[4.337s] -- Symlinking: /home/tejas_bhuta/git/drive_to_survive/install/yolo_msg/include/yolo_msg/yolo_msg/msg/rosidl_typesupport_fastrtps_c__visibility_control.h
[4.346s] -- Symlinking: /home/tejas_bhuta/git/drive_to_survive/install/yolo_msg/include/yolo_msg/yolo_msg/msg/bounding_box.hpp
[4.356s] -- Symlinking: /home/tejas_bhuta/git/drive_to_survive/install/yolo_msg/include/yolo_msg/yolo_msg/msg/detail/bounding_box__builder.hpp
[4.365s] -- Symlinking: /home/tejas_bhuta/git/drive_to_survive/install/yolo_msg/include/yolo_msg/yolo_msg/msg/detail/bounding_box__struct.hpp
[4.379s] -- Symlinking: /home/tejas_bhuta/git/drive_to_survive/install/yolo_msg/include/yolo_msg/yolo_msg/msg/detail/bounding_box__traits.hpp
[4.390s] -- Symlinking: /home/tejas_bhuta/git/drive_to_survive/install/yolo_msg/include/yolo_msg/yolo_msg/msg/detail/yolo_detections__builder.hpp
[4.403s] -- Symlinking: /home/tejas_bhuta/git/drive_to_survive/install/yolo_msg/include/yolo_msg/yolo_msg/msg/detail/yolo_detections__struct.hpp
[4.413s] -- Symlinking: /home/tejas_bhuta/git/drive_to_survive/install/yolo_msg/include/yolo_msg/yolo_msg/msg/detail/yolo_detections__traits.hpp
[4.424s] -- Symlinking: /home/tejas_bhuta/git/drive_to_survive/install/yolo_msg/include/yolo_msg/yolo_msg/msg/yolo_detections.hpp
[4.435s] -- Symlinking: /home/tejas_bhuta/git/drive_to_survive/install/yolo_msg/include/yolo_msg/yolo_msg/msg/detail/bounding_box__rosidl_typesupport_fastrtps_cpp.hpp
[4.446s] -- Symlinking: /home/tejas_bhuta/git/drive_to_survive/install/yolo_msg/include/yolo_msg/yolo_msg/msg/detail/yolo_detections__rosidl_typesupport_fastrtps_cpp.hpp
[4.456s] -- Symlinking: /home/tejas_bhuta/git/drive_to_survive/install/yolo_msg/include/yolo_msg/yolo_msg/msg/rosidl_typesupport_fastrtps_cpp__visibility_control.h
[4.465s] -- Symlinking: /home/tejas_bhuta/git/drive_to_survive/install/yolo_msg/include/yolo_msg/yolo_msg/msg/detail/bounding_box__rosidl_typesupport_introspection_c.h
[4.475s] -- Symlinking: /home/tejas_bhuta/git/drive_to_survive/install/yolo_msg/include/yolo_msg/yolo_msg/msg/detail/yolo_detections__rosidl_typesupport_introspection_c.h
[4.485s] -- Symlinking: /home/tejas_bhuta/git/drive_to_survive/install/yolo_msg/include/yolo_msg/yolo_msg/msg/rosidl_typesupport_introspection_c__visibility_control.h
[4.495s] -- Symlinking: /home/tejas_bhuta/git/drive_to_survive/install/yolo_msg/include/yolo_msg/yolo_msg/msg/detail/bounding_box__rosidl_typesupport_introspection_cpp.hpp
[4.505s] -- Symlinking: /home/tejas_bhuta/git/drive_to_survive/install/yolo_msg/include/yolo_msg/yolo_msg/msg/detail/yolo_detections__rosidl_typesupport_introspection_cpp.hpp
[4.516s] -- Symlinking: /home/tejas_bhuta/git/drive_to_survive/install/yolo_msg/share/yolo_msg/environment/pythonpath.sh
[4.525s] -- Symlinking: /home/tejas_bhuta/git/drive_to_survive/install/yolo_msg/share/yolo_msg/environment/pythonpath.dsv
[4.539s] -- Symlinking: /home/tejas_bhuta/git/drive_to_survive/install/yolo_msg/local/lib/python3.10/dist-packages/yolo_msg-0.0.0-py3.10.egg-info/PKG-INFO
[4.550s] -- Symlinking: /home/tejas_bhuta/git/drive_to_survive/install/yolo_msg/local/lib/python3.10/dist-packages/yolo_msg-0.0.0-py3.10.egg-info/SOURCES.txt
[4.563s] -- Symlinking: /home/tejas_bhuta/git/drive_to_survive/install/yolo_msg/local/lib/python3.10/dist-packages/yolo_msg-0.0.0-py3.10.egg-info/dependency_links.txt
[4.573s] -- Symlinking: /home/tejas_bhuta/git/drive_to_survive/install/yolo_msg/local/lib/python3.10/dist-packages/yolo_msg-0.0.0-py3.10.egg-info/top_level.txt
[4.584s] -- Symlinking: /home/tejas_bhuta/git/drive_to_survive/install/yolo_msg/local/lib/python3.10/dist-packages/yolo_msg/__init__.py
[4.592s] -- Symlinking: /home/tejas_bhuta/git/drive_to_survive/install/yolo_msg/local/lib/python3.10/dist-packages/yolo_msg/_yolo_msg_s.ep.rosidl_typesupport_c.c
[4.601s] -- Symlinking: /home/tejas_bhuta/git/drive_to_survive/install/yolo_msg/local/lib/python3.10/dist-packages/yolo_msg/_yolo_msg_s.ep.rosidl_typesupport_fastrtps_c.c
[4.610s] -- Symlinking: /home/tejas_bhuta/git/drive_to_survive/install/yolo_msg/local/lib/python3.10/dist-packages/yolo_msg/_yolo_msg_s.ep.rosidl_typesupport_introspection_c.c
[4.622s] -- Symlinking: /home/tejas_bhuta/git/drive_to_survive/install/yolo_msg/local/lib/python3.10/dist-packages/yolo_msg/libyolo_msg__rosidl_generator_py.so
[4.634s] -- Symlinking: /home/tejas_bhuta/git/drive_to_survive/install/yolo_msg/local/lib/python3.10/dist-packages/yolo_msg/msg/__init__.py
[4.648s] -- Symlinking: /home/tejas_bhuta/git/drive_to_survive/install/yolo_msg/local/lib/python3.10/dist-packages/yolo_msg/msg/_bounding_box.py
[4.671s] -- Symlinking: /home/tejas_bhuta/git/drive_to_survive/install/yolo_msg/local/lib/python3.10/dist-packages/yolo_msg/msg/_bounding_box_s.c
[4.708s] -- Symlinking: /home/tejas_bhuta/git/drive_to_survive/install/yolo_msg/local/lib/python3.10/dist-packages/yolo_msg/msg/_yolo_detections.py
[4.728s] -- Symlinking: /home/tejas_bhuta/git/drive_to_survive/install/yolo_msg/local/lib/python3.10/dist-packages/yolo_msg/msg/_yolo_detections_s.c
[4.740s] -- Symlinking: /home/tejas_bhuta/git/drive_to_survive/install/yolo_msg/local/lib/python3.10/dist-packages/yolo_msg/yolo_msg_s__rosidl_typesupport_c.cpython-310-x86_64-linux-gnu.so
[4.751s] -- Symlinking: /home/tejas_bhuta/git/drive_to_survive/install/yolo_msg/local/lib/python3.10/dist-packages/yolo_msg/yolo_msg_s__rosidl_typesupport_fastrtps_c.cpython-310-x86_64-linux-gnu.so
[4.769s] -- Symlinking: /home/tejas_bhuta/git/drive_to_survive/install/yolo_msg/local/lib/python3.10/dist-packages/yolo_msg/yolo_msg_s__rosidl_typesupport_introspection_c.cpython-310-x86_64-linux-gnu.so
[4.782s] -- Up-to-date symlink: /home/tejas_bhuta/git/drive_to_survive/install/yolo_msg/local/lib/python3.10/dist-packages/yolo_msg/yolo_msg_s__rosidl_typesupport_fastrtps_c.cpython-310-x86_64-linux-gnu.so
[4.782s] -- Up-to-date symlink: /home/tejas_bhuta/git/drive_to_survive/install/yolo_msg/local/lib/python3.10/dist-packages/yolo_msg/yolo_msg_s__rosidl_typesupport_introspection_c.cpython-310-x86_64-linux-gnu.so
[4.783s] -- Up-to-date symlink: /home/tejas_bhuta/git/drive_to_survive/install/yolo_msg/local/lib/python3.10/dist-packages/yolo_msg/yolo_msg_s__rosidl_typesupport_c.cpython-310-x86_64-linux-gnu.so
[4.783s] -- Symlinking: /home/tejas_bhuta/git/drive_to_survive/install/yolo_msg/share/yolo_msg/msg/BoundingBox.idl
[4.793s] -- Symlinking: /home/tejas_bhuta/git/drive_to_survive/install/yolo_msg/share/yolo_msg/msg/YoloDetections.idl
[4.801s] -- Symlinking: /home/tejas_bhuta/git/drive_to_survive/install/yolo_msg/share/yolo_msg/msg/BoundingBox.msg
[4.809s] -- Symlinking: /home/tejas_bhuta/git/drive_to_survive/install/yolo_msg/share/yolo_msg/msg/YoloDetections.msg
[4.819s] -- Symlinking: /home/tejas_bhuta/git/drive_to_survive/install/yolo_msg/share/ament_index/resource_index/package_run_dependencies/yolo_msg
[4.829s] -- Symlinking: /home/tejas_bhuta/git/drive_to_survive/install/yolo_msg/share/ament_index/resource_index/parent_prefix_path/yolo_msg
[4.838s] -- Symlinking: /home/tejas_bhuta/git/drive_to_survive/install/yolo_msg/share/yolo_msg/environment/ament_prefix_path.sh
[4.846s] -- Symlinking: /home/tejas_bhuta/git/drive_to_survive/install/yolo_msg/share/yolo_msg/environment/ament_prefix_path.dsv
[4.854s] -- Symlinking: /home/tejas_bhuta/git/drive_to_survive/install/yolo_msg/share/yolo_msg/environment/path.sh
[4.864s] -- Symlinking: /home/tejas_bhuta/git/drive_to_survive/install/yolo_msg/share/yolo_msg/environment/path.dsv
[4.875s] -- Symlinking: /home/tejas_bhuta/git/drive_to_survive/install/yolo_msg/share/yolo_msg/local_setup.bash
[4.887s] -- Symlinking: /home/tejas_bhuta/git/drive_to_survive/install/yolo_msg/share/yolo_msg/local_setup.sh
[4.898s] -- Symlinking: /home/tejas_bhuta/git/drive_to_survive/install/yolo_msg/share/yolo_msg/local_setup.zsh
[4.906s] -- Symlinking: /home/tejas_bhuta/git/drive_to_survive/install/yolo_msg/share/yolo_msg/local_setup.dsv
[4.917s] -- Symlinking: /home/tejas_bhuta/git/drive_to_survive/install/yolo_msg/share/yolo_msg/package.dsv
[4.928s] -- Symlinking: /home/tejas_bhuta/git/drive_to_survive/install/yolo_msg/share/ament_index/resource_index/packages/yolo_msg
[4.938s] -- Symlinking: /home/tejas_bhuta/git/drive_to_survive/install/yolo_msg/share/yolo_msg/cmake/rosidl_cmake-extras.cmake
[4.947s] -- Symlinking: /home/tejas_bhuta/git/drive_to_survive/install/yolo_msg/share/yolo_msg/cmake/ament_cmake_export_dependencies-extras.cmake
[4.957s] -- Symlinking: /home/tejas_bhuta/git/drive_to_survive/install/yolo_msg/share/yolo_msg/cmake/ament_cmake_export_include_directories-extras.cmake
[4.965s] -- Symlinking: /home/tejas_bhuta/git/drive_to_survive/install/yolo_msg/share/yolo_msg/cmake/ament_cmake_export_libraries-extras.cmake
[4.974s] -- Symlinking: /home/tejas_bhuta/git/drive_to_survive/install/yolo_msg/share/yolo_msg/cmake/ament_cmake_export_targets-extras.cmake
[4.985s] -- Symlinking: /home/tejas_bhuta/git/drive_to_survive/install/yolo_msg/share/yolo_msg/cmake/rosidl_cmake_export_typesupport_targets-extras.cmake
[4.994s] -- Symlinking: /home/tejas_bhuta/git/drive_to_survive/install/yolo_msg/share/yolo_msg/cmake/rosidl_cmake_export_typesupport_libraries-extras.cmake
[5.005s] -- Symlinking: /home/tejas_bhuta/git/drive_to_survive/install/yolo_msg/share/yolo_msg/cmake/yolo_msgConfig.cmake
[5.014s] -- Symlinking: /home/tejas_bhuta/git/drive_to_survive/install/yolo_msg/share/yolo_msg/cmake/yolo_msgConfig-version.cmake
[5.026s] -- Symlinking: /home/tejas_bhuta/git/drive_to_survive/install/yolo_msg/share/yolo_msg/package.xml
[5.041s] -- Installing: /home/tejas_bhuta/git/drive_to_survive/install/yolo_msg/lib/libyolo_msg__rosidl_generator_c.so
[5.042s] -- Set runtime path of "/home/tejas_bhuta/git/drive_to_survive/install/yolo_msg/lib/libyolo_msg__rosidl_generator_c.so" to ""
[5.042s] -- Installing: /home/tejas_bhuta/git/drive_to_survive/install/yolo_msg/lib/libyolo_msg__rosidl_typesupport_fastrtps_c.so
[5.042s] -- Set runtime path of "/home/tejas_bhuta/git/drive_to_survive/install/yolo_msg/lib/libyolo_msg__rosidl_typesupport_fastrtps_c.so" to ""
[5.043s] -- Installing: /home/tejas_bhuta/git/drive_to_survive/install/yolo_msg/lib/libyolo_msg__rosidl_typesupport_fastrtps_cpp.so
[5.044s] -- Set runtime path of "/home/tejas_bhuta/git/drive_to_survive/install/yolo_msg/lib/libyolo_msg__rosidl_typesupport_fastrtps_cpp.so" to ""
[5.044s] -- Installing: /home/tejas_bhuta/git/drive_to_survive/install/yolo_msg/lib/libyolo_msg__rosidl_typesupport_introspection_c.so
[5.045s] -- Set runtime path of "/home/tejas_bhuta/git/drive_to_survive/install/yolo_msg/lib/libyolo_msg__rosidl_typesupport_introspection_c.so" to ""
[5.045s] -- Installing: /home/tejas_bhuta/git/drive_to_survive/install/yolo_msg/lib/libyolo_msg__rosidl_typesupport_c.so
[5.046s] -- Set runtime path of "/home/tejas_bhuta/git/drive_to_survive/install/yolo_msg/lib/libyolo_msg__rosidl_typesupport_c.so" to ""
[5.046s] -- Installing: /home/tejas_bhuta/git/drive_to_survive/install/yolo_msg/lib/libyolo_msg__rosidl_typesupport_introspection_cpp.so
[5.047s] -- Set runtime path of "/home/tejas_bhuta/git/drive_to_survive/install/yolo_msg/lib/libyolo_msg__rosidl_typesupport_introspection_cpp.so" to ""
[5.047s] -- Installing: /home/tejas_bhuta/git/drive_to_survive/install/yolo_msg/lib/libyolo_msg__rosidl_typesupport_cpp.so
[5.048s] -- Set runtime path of "/home/tejas_bhuta/git/drive_to_survive/install/yolo_msg/lib/libyolo_msg__rosidl_typesupport_cpp.so" to ""
[5.107s] Listing '/home/tejas_bhuta/git/drive_to_survive/install/yolo_msg/local/lib/python3.10/dist-packages/yolo_msg'...
[5.107s] Compiling '/home/tejas_bhuta/git/drive_to_survive/install/yolo_msg/local/lib/python3.10/dist-packages/yolo_msg/__init__.py'...
[5.107s] Listing '/home/tejas_bhuta/git/drive_to_survive/install/yolo_msg/local/lib/python3.10/dist-packages/yolo_msg/msg'...
[5.108s] Compiling '/home/tejas_bhuta/git/drive_to_survive/install/yolo_msg/local/lib/python3.10/dist-packages/yolo_msg/msg/__init__.py'...
[5.108s] Compiling '/home/tejas_bhuta/git/drive_to_survive/install/yolo_msg/local/lib/python3.10/dist-packages/yolo_msg/msg/_bounding_box.py'...
[5.108s] Compiling '/home/tejas_bhuta/git/drive_to_survive/install/yolo_msg/local/lib/python3.10/dist-packages/yolo_msg/msg/_yolo_detections.py'...
[5.117s] -- Installing: /home/tejas_bhuta/git/drive_to_survive/install/yolo_msg/lib/libyolo_msg__rosidl_generator_py.so
[5.118s] -- Set runtime path of "/home/tejas_bhuta/git/drive_to_survive/install/yolo_msg/lib/libyolo_msg__rosidl_generator_py.so" to ""
[5.118s] -- Installing: /home/tejas_bhuta/git/drive_to_survive/install/yolo_msg/share/yolo_msg/cmake/export_yolo_msg__rosidl_generator_cExport.cmake
[5.119s] -- Installing: /home/tejas_bhuta/git/drive_to_survive/install/yolo_msg/share/yolo_msg/cmake/export_yolo_msg__rosidl_generator_cExport-noconfig.cmake
[5.119s] -- Installing: /home/tejas_bhuta/git/drive_to_survive/install/yolo_msg/share/yolo_msg/cmake/export_yolo_msg__rosidl_typesupport_fastrtps_cExport.cmake
[5.120s] -- Installing: /home/tejas_bhuta/git/drive_to_survive/install/yolo_msg/share/yolo_msg/cmake/export_yolo_msg__rosidl_typesupport_fastrtps_cExport-noconfig.cmake
[5.120s] -- Installing: /home/tejas_bhuta/git/drive_to_survive/install/yolo_msg/share/yolo_msg/cmake/export_yolo_msg__rosidl_generator_cppExport.cmake
[5.121s] -- Installing: /home/tejas_bhuta/git/drive_to_survive/install/yolo_msg/share/yolo_msg/cmake/export_yolo_msg__rosidl_typesupport_fastrtps_cppExport.cmake
[5.121s] -- Installing: /home/tejas_bhuta/git/drive_to_survive/install/yolo_msg/share/yolo_msg/cmake/export_yolo_msg__rosidl_typesupport_fastrtps_cppExport-noconfig.cmake
[5.121s] -- Installing: /home/tejas_bhuta/git/drive_to_survive/install/yolo_msg/share/yolo_msg/cmake/yolo_msg__rosidl_typesupport_introspection_cExport.cmake
[5.121s] -- Installing: /home/tejas_bhuta/git/drive_to_survive/install/yolo_msg/share/yolo_msg/cmake/yolo_msg__rosidl_typesupport_introspection_cExport-noconfig.cmake
[5.121s] -- Installing: /home/tejas_bhuta/git/drive_to_survive/install/yolo_msg/share/yolo_msg/cmake/yolo_msg__rosidl_typesupport_cExport.cmake
[5.121s] -- Installing: /home/tejas_bhuta/git/drive_to_survive/install/yolo_msg/share/yolo_msg/cmake/yolo_msg__rosidl_typesupport_cExport-noconfig.cmake
[5.122s] -- Installing: /home/tejas_bhuta/git/drive_to_survive/install/yolo_msg/share/yolo_msg/cmake/yolo_msg__rosidl_typesupport_introspection_cppExport.cmake
[5.122s] -- Installing: /home/tejas_bhuta/git/drive_to_survive/install/yolo_msg/share/yolo_msg/cmake/yolo_msg__rosidl_typesupport_introspection_cppExport-noconfig.cmake
[5.122s] -- Installing: /home/tejas_bhuta/git/drive_to_survive/install/yolo_msg/share/yolo_msg/cmake/yolo_msg__rosidl_typesupport_cppExport.cmake
[5.122s] -- Installing: /home/tejas_bhuta/git/drive_to_survive/install/yolo_msg/share/yolo_msg/cmake/yolo_msg__rosidl_typesupport_cppExport-noconfig.cmake
[5.123s] -- Installing: /home/tejas_bhuta/git/drive_to_survive/install/yolo_msg/share/yolo_msg/cmake/export_yolo_msg__rosidl_generator_pyExport.cmake
[5.123s] -- Installing: /home/tejas_bhuta/git/drive_to_survive/install/yolo_msg/share/yolo_msg/cmake/export_yolo_msg__rosidl_generator_pyExport-noconfig.cmake
[5.127s] Invoked command in '/home/tejas_bhuta/git/drive_to_survive/build/yolo_msg' returned '0': CMAKE_PREFIX_PATH=/opt/ros/humble /usr/bin/cmake --install /home/tejas_bhuta/git/drive_to_survive/build/yolo_msg
