[6.437s] Invoking command in '/home/tejas_bhuta/git/drive_to_survive/src/audibot_rl_driver': AMENT_PREFIX_PATH=/home/tejas_bhuta/git/drive_to_survive/install/yolo_msg:${AMENT_PREFIX_PATH} CMAKE_PREFIX_PATH=/home/tejas_bhuta/git/drive_to_survive/install/yolo_msg LD_LIBRARY_PATH=/home/tejas_bhuta/git/drive_to_survive/install/yolo_msg/lib:${LD_LIBRARY_PATH} PYTHONPATH=/home/tejas_bhuta/git/drive_to_survive/build/audibot_rl_driver/prefix_override:/usr/lib/python3/dist-packages/colcon_core/task/python/colcon_distutils_commands:/home/tejas_bhuta/git/drive_to_survive/install/audibot_rl_driver/lib/python3.10/site-packages:/home/tejas_bhuta/git/drive_to_survive/install/yolo_msg/local/lib/python3.10/dist-packages:${PYTHONPATH} /usr/bin/python3 -W ignore:setup.py install is deprecated setup.py egg_info --egg-base ../../build/audibot_rl_driver build --build-base /home/tejas_bhuta/git/drive_to_survive/build/audibot_rl_driver/build install --record /home/tejas_bhuta/git/drive_to_survive/build/audibot_rl_driver/install.log --single-version-externally-managed install_data
[9.703s] running egg_info
[9.730s] writing ../../build/audibot_rl_driver/audibot_rl_driver.egg-info/PKG-INFO
[9.733s] writing dependency_links to ../../build/audibot_rl_driver/audibot_rl_driver.egg-info/dependency_links.txt
[9.733s] writing entry points to ../../build/audibot_rl_driver/audibot_rl_driver.egg-info/entry_points.txt
[9.735s] writing requirements to ../../build/audibot_rl_driver/audibot_rl_driver.egg-info/requires.txt
[9.735s] writing top-level names to ../../build/audibot_rl_driver/audibot_rl_driver.egg-info/top_level.txt
[9.741s] reading manifest file '../../build/audibot_rl_driver/audibot_rl_driver.egg-info/SOURCES.txt'
[9.767s] writing manifest file '../../build/audibot_rl_driver/audibot_rl_driver.egg-info/SOURCES.txt'
[9.768s] running build
[9.768s] running build_py
[9.768s] copying audibot_rl_driver/rl_agent_node.py -> /home/tejas_bhuta/git/drive_to_survive/build/audibot_rl_driver/build/lib/audibot_rl_driver
[9.806s] running install
[9.817s] running install_lib
[9.820s] copying /home/tejas_bhuta/git/drive_to_survive/build/audibot_rl_driver/build/lib/audibot_rl_driver/rl_agent_node.py -> /home/tejas_bhuta/git/drive_to_survive/install/audibot_rl_driver/lib/python3.10/site-packages/audibot_rl_driver
[9.852s] byte-compiling /home/tejas_bhuta/git/drive_to_survive/install/audibot_rl_driver/lib/python3.10/site-packages/audibot_rl_driver/rl_agent_node.py to rl_agent_node.cpython-310.pyc
[9.905s] running install_data
[9.905s] running install_egg_info
[9.908s] removing '/home/tejas_bhuta/git/drive_to_survive/install/audibot_rl_driver/lib/python3.10/site-packages/audibot_rl_driver-0.0.0-py3.10.egg-info' (and everything under it)
[9.966s] Copying ../../build/audibot_rl_driver/audibot_rl_driver.egg-info to /home/tejas_bhuta/git/drive_to_survive/install/audibot_rl_driver/lib/python3.10/site-packages/audibot_rl_driver-0.0.0-py3.10.egg-info
[9.970s] running install_scripts
[10.063s] Installing rl_agent_node script to /home/tejas_bhuta/git/drive_to_survive/install/audibot_rl_driver/lib/audibot_rl_driver
[10.065s] writing list of installed files to '/home/tejas_bhuta/git/drive_to_survive/build/audibot_rl_driver/install.log'
[10.127s] Invoked command in '/home/tejas_bhuta/git/drive_to_survive/src/audibot_rl_driver' returned '0': AMENT_PREFIX_PATH=/home/tejas_bhuta/git/drive_to_survive/install/yolo_msg:${AMENT_PREFIX_PATH} CMAKE_PREFIX_PATH=/home/tejas_bhuta/git/drive_to_survive/install/yolo_msg LD_LIBRARY_PATH=/home/tejas_bhuta/git/drive_to_survive/install/yolo_msg/lib:${LD_LIBRARY_PATH} PYTHONPATH=/home/tejas_bhuta/git/drive_to_survive/build/audibot_rl_driver/prefix_override:/usr/lib/python3/dist-packages/colcon_core/task/python/colcon_distutils_commands:/home/tejas_bhuta/git/drive_to_survive/install/audibot_rl_driver/lib/python3.10/site-packages:/home/tejas_bhuta/git/drive_to_survive/install/yolo_msg/local/lib/python3.10/dist-packages:${PYTHONPATH} /usr/bin/python3 -W ignore:setup.py install is deprecated setup.py egg_info --egg-base ../../build/audibot_rl_driver build --build-base /home/tejas_bhuta/git/drive_to_survive/build/audibot_rl_driver/build install --record /home/tejas_bhuta/git/drive_to_survive/build/audibot_rl_driver/install.log --single-version-externally-managed install_data
