-- Install configuration: ""
-- Execute custom install script
-- Up-to-date symlink: /home/tejas_bhuta/git/drive_to_survive/install/audibot_description/share/audibot_description/meshes/blue_body.dae
-- Up-to-date symlink: /home/tejas_bhuta/git/drive_to_survive/install/audibot_description/share/audibot_description/meshes/body_collision.stl
-- Up-to-date symlink: /home/tejas_bhuta/git/drive_to_survive/install/audibot_description/share/audibot_description/meshes/orange_body.dae
-- Up-to-date symlink: /home/tejas_bhuta/git/drive_to_survive/install/audibot_description/share/audibot_description/meshes/wheel.dae
-- Up-to-date symlink: /home/tejas_bhuta/git/drive_to_survive/install/audibot_description/share/audibot_description/urdf/audibot.urdf.xacro
-- Up-to-date symlink: /home/tejas_bhuta/git/drive_to_survive/install/audibot_description/share/audibot_description/environment/audibot_description.dsv
-- Up-to-date symlink: /home/tejas_bhuta/git/drive_to_survive/install/audibot_description/share/ament_index/resource_index/package_run_dependencies/audibot_description
-- Up-to-date symlink: /home/tejas_bhuta/git/drive_to_survive/install/audibot_description/share/ament_index/resource_index/parent_prefix_path/audibot_description
-- Up-to-date symlink: /home/tejas_bhuta/git/drive_to_survive/install/audibot_description/share/audibot_description/environment/ament_prefix_path.sh
-- Up-to-date symlink: /home/tejas_bhuta/git/drive_to_survive/install/audibot_description/share/audibot_description/environment/ament_prefix_path.dsv
-- Up-to-date symlink: /home/tejas_bhuta/git/drive_to_survive/install/audibot_description/share/audibot_description/environment/path.sh
-- Up-to-date symlink: /home/tejas_bhuta/git/drive_to_survive/install/audibot_description/share/audibot_description/environment/path.dsv
-- Up-to-date symlink: /home/tejas_bhuta/git/drive_to_survive/install/audibot_description/share/audibot_description/local_setup.bash
-- Up-to-date symlink: /home/tejas_bhuta/git/drive_to_survive/install/audibot_description/share/audibot_description/local_setup.sh
-- Up-to-date symlink: /home/tejas_bhuta/git/drive_to_survive/install/audibot_description/share/audibot_description/local_setup.zsh
-- Up-to-date symlink: /home/tejas_bhuta/git/drive_to_survive/install/audibot_description/share/audibot_description/local_setup.dsv
-- Symlinking: /home/tejas_bhuta/git/drive_to_survive/install/audibot_description/share/audibot_description/package.dsv
-- Up-to-date symlink: /home/tejas_bhuta/git/drive_to_survive/install/audibot_description/share/ament_index/resource_index/packages/audibot_description
-- Up-to-date symlink: /home/tejas_bhuta/git/drive_to_survive/install/audibot_description/share/audibot_description/cmake/audibot_descriptionConfig.cmake
-- Up-to-date symlink: /home/tejas_bhuta/git/drive_to_survive/install/audibot_description/share/audibot_description/cmake/audibot_descriptionConfig-version.cmake
-- Up-to-date symlink: /home/tejas_bhuta/git/drive_to_survive/install/audibot_description/share/audibot_description/package.xml
