[0.349s] Invoking command in '/home/tejas_bhuta/git/drive_to_survive/build/audibot_description': CMAKE_PREFIX_PATH=${CMAKE_PREFIX_PATH}:/home/tejas_bhuta/git/drive_to_survive/install/observation_space:/home/tejas_bhuta/git/drive_to_survive/install/cluster_puck:/home/tejas_bhuta/git/drive_to_survive/install/audibot_yolo:/home/tejas_bhuta/git/drive_to_survive/install/audibot_teleop_keys:/opt/ros/humble /usr/bin/cmake --build /home/tejas_bhuta/git/drive_to_survive/build/audibot_description -- -j16 -l16
[6.498s] Invoked command in '/home/tejas_bhuta/git/drive_to_survive/build/audibot_description' returned '0': CMAKE_PREFIX_PATH=${CMAKE_PREFIX_PATH}:/home/tejas_bhuta/git/drive_to_survive/install/observation_space:/home/tejas_bhuta/git/drive_to_survive/install/cluster_puck:/home/tejas_bhuta/git/drive_to_survive/install/audibot_yolo:/home/tejas_bhuta/git/drive_to_survive/install/audibot_teleop_keys:/opt/ros/humble /usr/bin/cmake --build /home/tejas_bhuta/git/drive_to_survive/build/audibot_description -- -j16 -l16
[6.894s] Invoking command in '/home/tejas_bhuta/git/drive_to_survive/build/audibot_description': CMAKE_PREFIX_PATH=${CMAKE_PREFIX_PATH}:/home/tejas_bhuta/git/drive_to_survive/install/observation_space:/home/tejas_bhuta/git/drive_to_survive/install/cluster_puck:/home/tejas_bhuta/git/drive_to_survive/install/audibot_yolo:/home/tejas_bhuta/git/drive_to_survive/install/audibot_teleop_keys:/opt/ros/humble /usr/bin/cmake --install /home/tejas_bhuta/git/drive_to_survive/build/audibot_description
[6.943s] -- Install configuration: ""
[6.946s] -- Execute custom install script
[6.949s] -- Up-to-date symlink: /home/tejas_bhuta/git/drive_to_survive/install/audibot_description/share/audibot_description/meshes/blue_body.dae
[6.950s] -- Up-to-date symlink: /home/tejas_bhuta/git/drive_to_survive/install/audibot_description/share/audibot_description/meshes/body_collision.stl
[6.951s] -- Up-to-date symlink: /home/tejas_bhuta/git/drive_to_survive/install/audibot_description/share/audibot_description/meshes/orange_body.dae
[6.952s] -- Up-to-date symlink: /home/tejas_bhuta/git/drive_to_survive/install/audibot_description/share/audibot_description/meshes/wheel.dae
[6.952s] -- Up-to-date symlink: /home/tejas_bhuta/git/drive_to_survive/install/audibot_description/share/audibot_description/urdf/audibot.urdf.xacro
[6.953s] -- Up-to-date symlink: /home/tejas_bhuta/git/drive_to_survive/install/audibot_description/share/audibot_description/environment/audibot_description.dsv
[6.954s] -- Up-to-date symlink: /home/tejas_bhuta/git/drive_to_survive/install/audibot_description/share/ament_index/resource_index/package_run_dependencies/audibot_description
[6.955s] -- Up-to-date symlink: /home/tejas_bhuta/git/drive_to_survive/install/audibot_description/share/ament_index/resource_index/parent_prefix_path/audibot_description
[6.956s] -- Up-to-date symlink: /home/tejas_bhuta/git/drive_to_survive/install/audibot_description/share/audibot_description/environment/ament_prefix_path.sh
[6.957s] -- Up-to-date symlink: /home/tejas_bhuta/git/drive_to_survive/install/audibot_description/share/audibot_description/environment/ament_prefix_path.dsv
[6.958s] -- Up-to-date symlink: /home/tejas_bhuta/git/drive_to_survive/install/audibot_description/share/audibot_description/environment/path.sh
[6.958s] -- Up-to-date symlink: /home/tejas_bhuta/git/drive_to_survive/install/audibot_description/share/audibot_description/environment/path.dsv
[6.959s] -- Up-to-date symlink: /home/tejas_bhuta/git/drive_to_survive/install/audibot_description/share/audibot_description/local_setup.bash
[6.961s] -- Up-to-date symlink: /home/tejas_bhuta/git/drive_to_survive/install/audibot_description/share/audibot_description/local_setup.sh
[6.966s] -- Up-to-date symlink: /home/tejas_bhuta/git/drive_to_survive/install/audibot_description/share/audibot_description/local_setup.zsh
[6.967s] -- Up-to-date symlink: /home/tejas_bhuta/git/drive_to_survive/install/audibot_description/share/audibot_description/local_setup.dsv
[6.967s] -- Symlinking: /home/tejas_bhuta/git/drive_to_survive/install/audibot_description/share/audibot_description/package.dsv
[7.071s] -- Up-to-date symlink: /home/tejas_bhuta/git/drive_to_survive/install/audibot_description/share/ament_index/resource_index/packages/audibot_description
[7.071s] -- Up-to-date symlink: /home/tejas_bhuta/git/drive_to_survive/install/audibot_description/share/audibot_description/cmake/audibot_descriptionConfig.cmake
[7.071s] -- Up-to-date symlink: /home/tejas_bhuta/git/drive_to_survive/install/audibot_description/share/audibot_description/cmake/audibot_descriptionConfig-version.cmake
[7.072s] -- Up-to-date symlink: /home/tejas_bhuta/git/drive_to_survive/install/audibot_description/share/audibot_description/package.xml
[7.106s] Invoked command in '/home/tejas_bhuta/git/drive_to_survive/build/audibot_description' returned '0': CMAKE_PREFIX_PATH=${CMAKE_PREFIX_PATH}:/home/tejas_bhuta/git/drive_to_survive/install/observation_space:/home/tejas_bhuta/git/drive_to_survive/install/cluster_puck:/home/tejas_bhuta/git/drive_to_survive/install/audibot_yolo:/home/tejas_bhuta/git/drive_to_survive/install/audibot_teleop_keys:/opt/ros/humble /usr/bin/cmake --install /home/tejas_bhuta/git/drive_to_survive/build/audibot_description
