[3.116s] Invoking command in '/home/tejas_bhuta/git/drive_to_survive/build/audibot_yolo': PYTHONPATH=/home/tejas_bhuta/git/drive_to_survive/build/audibot_yolo/prefix_override:/usr/lib/python3/dist-packages/colcon_core/task/python/colcon_distutils_commands:/home/tejas_bhuta/git/drive_to_survive/install/audibot_yolo/lib/python3.10/site-packages:${PYTHONPATH} /usr/bin/python3 -W ignore:setup.py install is deprecated setup.py develop --editable --build-directory /home/tejas_bhuta/git/drive_to_survive/build/audibot_yolo/build --no-deps symlink_data
[3.664s] running develop
[3.665s] /usr/lib/python3/dist-packages/setuptools/command/easy_install.py:158: EasyInstallDeprecationWarning: easy_install command is deprecated. Use build and pip and other standards-based tools.
[3.665s]   warnings.warn(
[4.008s] running egg_info
[4.009s] writing audibot_yolo.egg-info/PKG-INFO
[4.009s] writing dependency_links to audibot_yolo.egg-info/dependency_links.txt
[4.010s] writing entry points to audibot_yolo.egg-info/entry_points.txt
[4.010s] writing requirements to audibot_yolo.egg-info/requires.txt
[4.010s] writing top-level names to audibot_yolo.egg-info/top_level.txt
[4.011s] reading manifest file 'audibot_yolo.egg-info/SOURCES.txt'
[4.013s] writing manifest file 'audibot_yolo.egg-info/SOURCES.txt'
[4.013s] running build_ext
[4.013s] Creating /home/tejas_bhuta/git/drive_to_survive/install/audibot_yolo/lib/python3.10/site-packages/audibot-yolo.egg-link (link to .)
[4.015s] Installing audibot_yolo script to /home/tejas_bhuta/git/drive_to_survive/install/audibot_yolo/lib/audibot_yolo
[4.016s] Installing back_camera_node script to /home/tejas_bhuta/git/drive_to_survive/install/audibot_yolo/lib/audibot_yolo
[4.016s] Installing front_camera_node script to /home/tejas_bhuta/git/drive_to_survive/install/audibot_yolo/lib/audibot_yolo
[4.017s] Installing left_camera_node script to /home/tejas_bhuta/git/drive_to_survive/install/audibot_yolo/lib/audibot_yolo
[4.017s] Installing right_camera_node script to /home/tejas_bhuta/git/drive_to_survive/install/audibot_yolo/lib/audibot_yolo
[4.018s] 
[4.018s] Installed /home/tejas_bhuta/git/drive_to_survive/build/audibot_yolo
[4.019s] running symlink_data
[4.083s] Invoked command in '/home/tejas_bhuta/git/drive_to_survive/build/audibot_yolo' returned '0': PYTHONPATH=/home/tejas_bhuta/git/drive_to_survive/build/audibot_yolo/prefix_override:/usr/lib/python3/dist-packages/colcon_core/task/python/colcon_distutils_commands:/home/tejas_bhuta/git/drive_to_survive/install/audibot_yolo/lib/python3.10/site-packages:${PYTHONPATH} /usr/bin/python3 -W ignore:setup.py install is deprecated setup.py develop --editable --build-directory /home/tejas_bhuta/git/drive_to_survive/build/audibot_yolo/build --no-deps symlink_data
