running develop
/usr/lib/python3/dist-packages/setuptools/command/easy_install.py:158: EasyInstallDeprecationWarning: easy_install command is deprecated. Use build and pip and other standards-based tools.
  warnings.warn(
running egg_info
creating rl_rewards.egg-info
writing rl_rewards.egg-info/PKG-INFO
writing dependency_links to rl_rewards.egg-info/dependency_links.txt
writing entry points to rl_rewards.egg-info/entry_points.txt
writing requirements to rl_rewards.egg-info/requires.txt
writing top-level names to rl_rewards.egg-info/top_level.txt
writing manifest file 'rl_rewards.egg-info/SOURCES.txt'
reading manifest file 'rl_rewards.egg-info/SOURCES.txt'
writing manifest file 'rl_rewards.egg-info/SOURCES.txt'
running build_ext
Creating /home/tejas_bhuta/git/drive_to_survive/install/rl_rewards/lib/python3.10/site-packages/rl-rewards.egg-link (link to .)
Installing rl_rewards script to /home/tejas_bhuta/git/drive_to_survive/install/rl_rewards/lib/observation_space

Installed /home/tejas_bhuta/git/drive_to_survive/build/rl_rewards
running symlink_data
creating /home/tejas_bhuta/git/drive_to_survive/install/rl_rewards/share/ament_index
creating /home/tejas_bhuta/git/drive_to_survive/install/rl_rewards/share/ament_index/resource_index
creating /home/tejas_bhuta/git/drive_to_survive/install/rl_rewards/share/ament_index/resource_index/packages
error: can't copy '/home/tejas_bhuta/git/drive_to_survive/build/rl_rewards/resource/rl_rewards': doesn't exist or not a regular file
