[2.080s] Invoking command in '/home/tejas_bhuta/git/drive_to_survive/build/rl_rewards': PYTHONPATH=/home/tejas_bhuta/git/drive_to_survive/build/rl_rewards/prefix_override:/usr/lib/python3/dist-packages/colcon_core/task/python/colcon_distutils_commands:/home/tejas_bhuta/git/drive_to_survive/install/rl_rewards/lib/python3.10/site-packages:${PYTHONPATH} /usr/bin/python3 -W ignore:setup.py install is deprecated setup.py develop --editable --build-directory /home/tejas_bhuta/git/drive_to_survive/build/rl_rewards/build --no-deps symlink_data
[2.485s] running develop
[2.486s] /usr/lib/python3/dist-packages/setuptools/command/easy_install.py:158: EasyInstallDeprecationWarning: easy_install command is deprecated. Use build and pip and other standards-based tools.
[2.486s]   warnings.warn(
[2.792s] running egg_info
[2.793s] creating rl_rewards.egg-info
[2.793s] writing rl_rewards.egg-info/PKG-INFO
[2.793s] writing dependency_links to rl_rewards.egg-info/dependency_links.txt
[2.793s] writing entry points to rl_rewards.egg-info/entry_points.txt
[2.794s] writing requirements to rl_rewards.egg-info/requires.txt
[2.794s] writing top-level names to rl_rewards.egg-info/top_level.txt
[2.794s] writing manifest file 'rl_rewards.egg-info/SOURCES.txt'
[2.798s] reading manifest file 'rl_rewards.egg-info/SOURCES.txt'
[2.800s] writing manifest file 'rl_rewards.egg-info/SOURCES.txt'
[2.803s] running build_ext
[2.804s] Creating /home/tejas_bhuta/git/drive_to_survive/install/rl_rewards/lib/python3.10/site-packages/rl-rewards.egg-link (link to .)
[2.806s] Installing rl_rewards script to /home/tejas_bhuta/git/drive_to_survive/install/rl_rewards/lib/observation_space
[2.807s] 
[2.808s] Installed /home/tejas_bhuta/git/drive_to_survive/build/rl_rewards
[2.808s] running symlink_data
[2.808s] creating /home/tejas_bhuta/git/drive_to_survive/install/rl_rewards/share/ament_index
[2.809s] creating /home/tejas_bhuta/git/drive_to_survive/install/rl_rewards/share/ament_index/resource_index
[2.810s] creating /home/tejas_bhuta/git/drive_to_survive/install/rl_rewards/share/ament_index/resource_index/packages
[2.810s] error: can't copy '/home/tejas_bhuta/git/drive_to_survive/build/rl_rewards/resource/rl_rewards': doesn't exist or not a regular file
[2.874s] Invoked command in '/home/tejas_bhuta/git/drive_to_survive/build/rl_rewards' returned '1': PYTHONPATH=/home/tejas_bhuta/git/drive_to_survive/build/rl_rewards/prefix_override:/usr/lib/python3/dist-packages/colcon_core/task/python/colcon_distutils_commands:/home/tejas_bhuta/git/drive_to_survive/install/rl_rewards/lib/python3.10/site-packages:${PYTHONPATH} /usr/bin/python3 -W ignore:setup.py install is deprecated setup.py develop --editable --build-directory /home/tejas_bhuta/git/drive_to_survive/build/rl_rewards/build --no-deps symlink_data
