[1.356s] Invoking command in '/home/tejas_bhuta/git/drive_to_survive/build/yolo_msg': CMAKE_PREFIX_PATH=/opt/ros/humble /usr/bin/cmake /home/tejas_bhuta/git/drive_to_survive/src/yolo_msg -DAMENT_CMAKE_SYMLINK_INSTALL=1 -DCMAKE_INSTALL_PREFIX=/home/tejas_bhuta/git/drive_to_survive/install/yolo_msg
[1.553s] -- The C compiler identification is GNU 11.4.0
[2.056s] -- The CXX compiler identification is GNU 11.4.0
[2.249s] -- Detecting C compiler ABI info
[2.439s] -- Detecting C compiler ABI info - done
[2.453s] -- Check for working C compiler: /usr/bin/cc - skipped
[2.453s] -- Detecting C compile features
[2.454s] -- Detecting C compile features - done
[2.458s] -- Detecting CXX compiler ABI info
[2.712s] -- Detecting CXX compiler ABI info - done
[2.728s] -- Check for working CXX compiler: /usr/bin/c++ - skipped
[2.729s] -- Detecting CXX compile features
[2.730s] -- Detecting CXX compile features - done
[2.734s] -- Found ament_cmake: 1.3.10 (/opt/ros/humble/share/ament_cmake/cmake)
[2.962s] -- Found Python3: /usr/bin/python3 (found version "3.10.12") found components: Interpreter 
[3.046s] -- Override CMake install command with custom implementation using symlinks instead of copying resources
[3.073s] -- Found std_msgs: 4.2.4 (/opt/ros/humble/share/std_msgs/cmake)
[3.277s] -- Found rosidl_generator_c: 3.1.5 (/opt/ros/humble/share/rosidl_generator_c/cmake)
[3.282s] -- Found rosidl_adapter: 3.1.5 (/opt/ros/humble/share/rosidl_adapter/cmake)
[3.289s] -- Found rosidl_generator_cpp: 3.1.5 (/opt/ros/humble/share/rosidl_generator_cpp/cmake)
[3.302s] -- Using all available rosidl_typesupport_c: rosidl_typesupport_fastrtps_c;rosidl_typesupport_introspection_c
[3.317s] -- Using all available rosidl_typesupport_cpp: rosidl_typesupport_fastrtps_cpp;rosidl_typesupport_introspection_cpp
[3.346s] -- Found rosidl_default_generators: 1.2.0 (/opt/ros/humble/share/rosidl_default_generators/cmake)
[3.614s] -- Found ament_cmake_ros: 0.10.0 (/opt/ros/humble/share/ament_cmake_ros/cmake)
[3.953s] -- Using all available rosidl_typesupport_c: rosidl_typesupport_fastrtps_c;rosidl_typesupport_introspection_c
[4.113s] -- Using all available rosidl_typesupport_cpp: rosidl_typesupport_fastrtps_cpp;rosidl_typesupport_introspection_cpp
[4.743s] -- Found PythonInterp: /usr/bin/python3 (found suitable version "3.10.12", minimum required is "3.6") 
[4.746s] -- Found python_cmake_module: 0.10.0 (/opt/ros/humble/share/python_cmake_module/cmake)
[4.935s] -- Found PythonLibs: /usr/lib/x86_64-linux-gnu/libpython3.10.so (found suitable version "3.10.12", minimum required is "3.5") 
[4.935s] -- Using PYTHON_EXECUTABLE: /usr/bin/python3
[4.935s] -- Using PYTHON_INCLUDE_DIRS: /usr/include/python3.10
[4.935s] -- Using PYTHON_LIBRARIES: /usr/lib/x86_64-linux-gnu/libpython3.10.so
[4.960s] -- Found PythonExtra: .so  
[5.169s] -- Configuring done
[5.220s] -- Generating done
[5.223s] -- Build files have been written to: /home/tejas_bhuta/git/drive_to_survive/build/yolo_msg
