[6.353s] Invoking command in '/home/tejas_bhuta/git/drive_to_survive/src/audibot_rl_driver': PYTHONPATH=/home/tejas_bhuta/git/drive_to_survive/build/audibot_rl_driver/prefix_override:/usr/lib/python3/dist-packages/colcon_core/task/python/colcon_distutils_commands:/home/tejas_bhuta/git/drive_to_survive/install/audibot_rl_driver/lib/python3.10/site-packages:${PYTHONPATH} /usr/bin/python3 -W ignore:setup.py install is deprecated setup.py egg_info --egg-base ../../build/audibot_rl_driver build --build-base /home/tejas_bhuta/git/drive_to_survive/build/audibot_rl_driver/build install --record /home/tejas_bhuta/git/drive_to_survive/build/audibot_rl_driver/install.log --single-version-externally-managed install_data
[8.069s] running egg_info
[8.072s] writing ../../build/audibot_rl_driver/audibot_rl_driver.egg-info/PKG-INFO
[8.074s] writing dependency_links to ../../build/audibot_rl_driver/audibot_rl_driver.egg-info/dependency_links.txt
[8.076s] writing entry points to ../../build/audibot_rl_driver/audibot_rl_driver.egg-info/entry_points.txt
[8.083s] writing requirements to ../../build/audibot_rl_driver/audibot_rl_driver.egg-info/requires.txt
[8.087s] writing top-level names to ../../build/audibot_rl_driver/audibot_rl_driver.egg-info/top_level.txt
[8.094s] reading manifest file '../../build/audibot_rl_driver/audibot_rl_driver.egg-info/SOURCES.txt'
[8.099s] writing manifest file '../../build/audibot_rl_driver/audibot_rl_driver.egg-info/SOURCES.txt'
[8.121s] running build
[8.123s] running build_py
[8.124s] copying audibot_rl_driver/rl_agent_node.py -> /home/tejas_bhuta/git/drive_to_survive/build/audibot_rl_driver/build/lib/audibot_rl_driver
[8.129s] running install
[8.131s] running install_lib
[8.134s] copying /home/tejas_bhuta/git/drive_to_survive/build/audibot_rl_driver/build/lib/audibot_rl_driver/rl_agent_node.py -> /home/tejas_bhuta/git/drive_to_survive/install/audibot_rl_driver/lib/python3.10/site-packages/audibot_rl_driver
[8.136s] byte-compiling /home/tejas_bhuta/git/drive_to_survive/install/audibot_rl_driver/lib/python3.10/site-packages/audibot_rl_driver/rl_agent_node.py to rl_agent_node.cpython-310.pyc
[8.152s] running install_data
[8.167s] running install_egg_info
[8.179s] removing '/home/tejas_bhuta/git/drive_to_survive/install/audibot_rl_driver/lib/python3.10/site-packages/audibot_rl_driver-0.0.0-py3.10.egg-info' (and everything under it)
[8.181s] Copying ../../build/audibot_rl_driver/audibot_rl_driver.egg-info to /home/tejas_bhuta/git/drive_to_survive/install/audibot_rl_driver/lib/python3.10/site-packages/audibot_rl_driver-0.0.0-py3.10.egg-info
[8.203s] running install_scripts
[8.394s] Installing rl_agent_node script to /home/tejas_bhuta/git/drive_to_survive/install/audibot_rl_driver/lib/audibot_rl_driver
[8.408s] writing list of installed files to '/home/tejas_bhuta/git/drive_to_survive/build/audibot_rl_driver/install.log'
[8.634s] Invoked command in '/home/tejas_bhuta/git/drive_to_survive/src/audibot_rl_driver' returned '0': PYTHONPATH=/home/tejas_bhuta/git/drive_to_survive/build/audibot_rl_driver/prefix_override:/usr/lib/python3/dist-packages/colcon_core/task/python/colcon_distutils_commands:/home/tejas_bhuta/git/drive_to_survive/install/audibot_rl_driver/lib/python3.10/site-packages:${PYTHONPATH} /usr/bin/python3 -W ignore:setup.py install is deprecated setup.py egg_info --egg-base ../../build/audibot_rl_driver build --build-base /home/tejas_bhuta/git/drive_to_survive/build/audibot_rl_driver/build install --record /home/tejas_bhuta/git/drive_to_survive/build/audibot_rl_driver/install.log --single-version-externally-managed install_data
