[0.868s] DEBUG:colcon:Command line arguments: ['/usr/bin/colcon', 'build', '--packages-select', 'audibot_rl_driver']
[0.868s] DEBUG:colcon:Parsed command line arguments: Namespace(log_base=None, log_level=None, verb_name='build', build_base='build', install_base='install', merge_install=False, symlink_install=False, test_result_base=None, continue_on_error=False, executor='parallel', parallel_workers=16, event_handlers=None, ignore_user_meta=False, metas=['./colcon.meta'], base_paths=['.'], packages_ignore=None, packages_ignore_regex=None, paths=None, packages_up_to=None, packages_up_to_regex=None, packages_above=None, packages_above_and_dependencies=None, packages_above_depth=None, packages_select_by_dep=None, packages_skip_by_dep=None, packages_skip_up_to=None, packages_select_build_failed=False, packages_skip_build_finished=False, packages_select_test_failures=False, packages_skip_test_passed=False, packages_select=['audibot_rl_driver'], packages_skip=None, packages_select_regex=None, packages_skip_regex=None, packages_start=None, packages_end=None, allow_overriding=[], cmake_args=None, cmake_target=None, cmake_target_skip_unavailable=False, cmake_clean_cache=False, cmake_clean_first=False, cmake_force_configure=False, ament_cmake_args=None, catkin_cmake_args=None, catkin_skip_building_tests=False, mixin_files=None, mixin=None, verb_parser=<colcon_mixin.mixin.mixin_argument.MixinArgumentDecorator object at 0x7ffbcb2b0e80>, verb_extension=<colcon_core.verb.build.BuildVerb object at 0x7ffbcb445690>, main=<bound method BuildVerb.main of <colcon_core.verb.build.BuildVerb object at 0x7ffbcb445690>>, mixin_verb=('build',))
[1.837s] Level 1:colcon.colcon_core.package_discovery:discover_packages(colcon_meta) check parameters
[1.845s] Level 1:colcon.colcon_core.package_discovery:discover_packages(recursive) check parameters
[1.846s] Level 1:colcon.colcon_core.package_discovery:discover_packages(ignore) check parameters
[1.846s] Level 1:colcon.colcon_core.package_discovery:discover_packages(path) check parameters
[1.846s] Level 1:colcon.colcon_core.package_discovery:discover_packages(colcon_meta) discover
[1.846s] Level 1:colcon.colcon_core.package_discovery:discover_packages(recursive) discover
[1.846s] INFO:colcon.colcon_core.package_discovery:Crawling recursively for packages in '/home/tejas_bhuta/git/drive_to_survive'
[1.847s] Level 1:colcon.colcon_core.package_identification:_identify(.) by extensions ['ignore', 'ignore_ament_install']
[1.847s] Level 1:colcon.colcon_core.package_identification:_identify(.) by extension 'ignore'
[1.847s] Level 1:colcon.colcon_core.package_identification:_identify(.) by extension 'ignore_ament_install'
[1.847s] Level 1:colcon.colcon_core.package_identification:_identify(.) by extensions ['colcon_pkg']
[1.847s] Level 1:colcon.colcon_core.package_identification:_identify(.) by extension 'colcon_pkg'
[1.847s] Level 1:colcon.colcon_core.package_identification:_identify(.) by extensions ['colcon_meta']
[1.848s] Level 1:colcon.colcon_core.package_identification:_identify(.) by extension 'colcon_meta'
[1.848s] Level 1:colcon.colcon_core.package_identification:_identify(.) by extensions ['ros']
[1.848s] Level 1:colcon.colcon_core.package_identification:_identify(.) by extension 'ros'
[1.893s] Level 1:colcon.colcon_core.package_identification:_identify(.) by extensions ['cmake', 'python']
[1.914s] Level 1:colcon.colcon_core.package_identification:_identify(.) by extension 'cmake'
[1.914s] Level 1:colcon.colcon_core.package_identification:_identify(.) by extension 'python'
[1.914s] Level 1:colcon.colcon_core.package_identification:_identify(.) by extensions ['python_setup_py']
[1.915s] Level 1:colcon.colcon_core.package_identification:_identify(.) by extension 'python_setup_py'
[1.916s] Level 1:colcon.colcon_core.package_identification:_identify(build) by extensions ['ignore', 'ignore_ament_install']
[1.916s] Level 1:colcon.colcon_core.package_identification:_identify(build) by extension 'ignore'
[1.916s] Level 1:colcon.colcon_core.package_identification:_identify(build) ignored
[1.916s] Level 1:colcon.colcon_core.package_identification:_identify(dqn_models_audibot) by extensions ['ignore', 'ignore_ament_install']
[1.916s] Level 1:colcon.colcon_core.package_identification:_identify(dqn_models_audibot) by extension 'ignore'
[1.917s] Level 1:colcon.colcon_core.package_identification:_identify(dqn_models_audibot) by extension 'ignore_ament_install'
[1.917s] Level 1:colcon.colcon_core.package_identification:_identify(dqn_models_audibot) by extensions ['colcon_pkg']
[1.917s] Level 1:colcon.colcon_core.package_identification:_identify(dqn_models_audibot) by extension 'colcon_pkg'
[1.917s] Level 1:colcon.colcon_core.package_identification:_identify(dqn_models_audibot) by extensions ['colcon_meta']
[1.917s] Level 1:colcon.colcon_core.package_identification:_identify(dqn_models_audibot) by extension 'colcon_meta'
[1.917s] Level 1:colcon.colcon_core.package_identification:_identify(dqn_models_audibot) by extensions ['ros']
[1.917s] Level 1:colcon.colcon_core.package_identification:_identify(dqn_models_audibot) by extension 'ros'
[1.918s] Level 1:colcon.colcon_core.package_identification:_identify(dqn_models_audibot) by extensions ['cmake', 'python']
[1.918s] Level 1:colcon.colcon_core.package_identification:_identify(dqn_models_audibot) by extension 'cmake'
[1.918s] Level 1:colcon.colcon_core.package_identification:_identify(dqn_models_audibot) by extension 'python'
[1.918s] Level 1:colcon.colcon_core.package_identification:_identify(dqn_models_audibot) by extensions ['python_setup_py']
[1.919s] Level 1:colcon.colcon_core.package_identification:_identify(dqn_models_audibot) by extension 'python_setup_py'
[1.920s] Level 1:colcon.colcon_core.package_identification:_identify(drive_to_survive) by extensions ['ignore', 'ignore_ament_install']
[1.921s] Level 1:colcon.colcon_core.package_identification:_identify(drive_to_survive) by extension 'ignore'
[1.921s] Level 1:colcon.colcon_core.package_identification:_identify(drive_to_survive) by extension 'ignore_ament_install'
[1.921s] Level 1:colcon.colcon_core.package_identification:_identify(drive_to_survive) by extensions ['colcon_pkg']
[1.921s] Level 1:colcon.colcon_core.package_identification:_identify(drive_to_survive) by extension 'colcon_pkg'
[1.922s] Level 1:colcon.colcon_core.package_identification:_identify(drive_to_survive) by extensions ['colcon_meta']
[1.922s] Level 1:colcon.colcon_core.package_identification:_identify(drive_to_survive) by extension 'colcon_meta'
[1.922s] Level 1:colcon.colcon_core.package_identification:_identify(drive_to_survive) by extensions ['ros']
[1.922s] Level 1:colcon.colcon_core.package_identification:_identify(drive_to_survive) by extension 'ros'
[1.922s] Level 1:colcon.colcon_core.package_identification:_identify(drive_to_survive) by extensions ['cmake', 'python']
[1.923s] Level 1:colcon.colcon_core.package_identification:_identify(drive_to_survive) by extension 'cmake'
[1.923s] Level 1:colcon.colcon_core.package_identification:_identify(drive_to_survive) by extension 'python'
[1.923s] Level 1:colcon.colcon_core.package_identification:_identify(drive_to_survive) by extensions ['python_setup_py']
[1.923s] Level 1:colcon.colcon_core.package_identification:_identify(drive_to_survive) by extension 'python_setup_py'
[1.923s] Level 1:colcon.colcon_core.package_identification:_identify(install) by extensions ['ignore', 'ignore_ament_install']
[1.924s] Level 1:colcon.colcon_core.package_identification:_identify(install) by extension 'ignore'
[1.924s] Level 1:colcon.colcon_core.package_identification:_identify(install) ignored
[1.925s] Level 1:colcon.colcon_core.package_identification:_identify(launch) by extensions ['ignore', 'ignore_ament_install']
[1.925s] Level 1:colcon.colcon_core.package_identification:_identify(launch) by extension 'ignore'
[1.926s] Level 1:colcon.colcon_core.package_identification:_identify(launch) by extension 'ignore_ament_install'
[1.927s] Level 1:colcon.colcon_core.package_identification:_identify(launch) by extensions ['colcon_pkg']
[1.927s] Level 1:colcon.colcon_core.package_identification:_identify(launch) by extension 'colcon_pkg'
[1.927s] Level 1:colcon.colcon_core.package_identification:_identify(launch) by extensions ['colcon_meta']
[1.928s] Level 1:colcon.colcon_core.package_identification:_identify(launch) by extension 'colcon_meta'
[1.928s] Level 1:colcon.colcon_core.package_identification:_identify(launch) by extensions ['ros']
[1.929s] Level 1:colcon.colcon_core.package_identification:_identify(launch) by extension 'ros'
[1.929s] Level 1:colcon.colcon_core.package_identification:_identify(launch) by extensions ['cmake', 'python']
[1.930s] Level 1:colcon.colcon_core.package_identification:_identify(launch) by extension 'cmake'
[1.930s] Level 1:colcon.colcon_core.package_identification:_identify(launch) by extension 'python'
[1.930s] Level 1:colcon.colcon_core.package_identification:_identify(launch) by extensions ['python_setup_py']
[1.930s] Level 1:colcon.colcon_core.package_identification:_identify(launch) by extension 'python_setup_py'
[1.930s] Level 1:colcon.colcon_core.package_identification:_identify(launch/__pycache__) by extensions ['ignore', 'ignore_ament_install']
[1.931s] Level 1:colcon.colcon_core.package_identification:_identify(launch/__pycache__) by extension 'ignore'
[1.931s] Level 1:colcon.colcon_core.package_identification:_identify(launch/__pycache__) by extension 'ignore_ament_install'
[1.931s] Level 1:colcon.colcon_core.package_identification:_identify(launch/__pycache__) by extensions ['colcon_pkg']
[1.931s] Level 1:colcon.colcon_core.package_identification:_identify(launch/__pycache__) by extension 'colcon_pkg'
[1.931s] Level 1:colcon.colcon_core.package_identification:_identify(launch/__pycache__) by extensions ['colcon_meta']
[1.932s] Level 1:colcon.colcon_core.package_identification:_identify(launch/__pycache__) by extension 'colcon_meta'
[1.932s] Level 1:colcon.colcon_core.package_identification:_identify(launch/__pycache__) by extensions ['ros']
[1.932s] Level 1:colcon.colcon_core.package_identification:_identify(launch/__pycache__) by extension 'ros'
[1.932s] Level 1:colcon.colcon_core.package_identification:_identify(launch/__pycache__) by extensions ['cmake', 'python']
[1.932s] Level 1:colcon.colcon_core.package_identification:_identify(launch/__pycache__) by extension 'cmake'
[1.932s] Level 1:colcon.colcon_core.package_identification:_identify(launch/__pycache__) by extension 'python'
[1.933s] Level 1:colcon.colcon_core.package_identification:_identify(launch/__pycache__) by extensions ['python_setup_py']
[1.933s] Level 1:colcon.colcon_core.package_identification:_identify(launch/__pycache__) by extension 'python_setup_py'
[1.933s] Level 1:colcon.colcon_core.package_identification:_identify(log) by extensions ['ignore', 'ignore_ament_install']
[1.955s] Level 1:colcon.colcon_core.package_identification:_identify(log) by extension 'ignore'
[1.956s] Level 1:colcon.colcon_core.package_identification:_identify(log) ignored
[1.957s] Level 1:colcon.colcon_core.package_identification:_identify(machine_learning) by extensions ['ignore', 'ignore_ament_install']
[1.958s] Level 1:colcon.colcon_core.package_identification:_identify(machine_learning) by extension 'ignore'
[1.958s] Level 1:colcon.colcon_core.package_identification:_identify(machine_learning) by extension 'ignore_ament_install'
[1.959s] Level 1:colcon.colcon_core.package_identification:_identify(machine_learning) by extensions ['colcon_pkg']
[1.960s] Level 1:colcon.colcon_core.package_identification:_identify(machine_learning) by extension 'colcon_pkg'
[1.960s] Level 1:colcon.colcon_core.package_identification:_identify(machine_learning) by extensions ['colcon_meta']
[1.960s] Level 1:colcon.colcon_core.package_identification:_identify(machine_learning) by extension 'colcon_meta'
[1.960s] Level 1:colcon.colcon_core.package_identification:_identify(machine_learning) by extensions ['ros']
[1.960s] Level 1:colcon.colcon_core.package_identification:_identify(machine_learning) by extension 'ros'
[1.960s] Level 1:colcon.colcon_core.package_identification:_identify(machine_learning) by extensions ['cmake', 'python']
[1.960s] Level 1:colcon.colcon_core.package_identification:_identify(machine_learning) by extension 'cmake'
[1.960s] Level 1:colcon.colcon_core.package_identification:_identify(machine_learning) by extension 'python'
[1.961s] Level 1:colcon.colcon_core.package_identification:_identify(machine_learning) by extensions ['python_setup_py']
[1.961s] Level 1:colcon.colcon_core.package_identification:_identify(machine_learning) by extension 'python_setup_py'
[1.961s] Level 1:colcon.colcon_core.package_identification:_identify(resource) by extensions ['ignore', 'ignore_ament_install']
[1.961s] Level 1:colcon.colcon_core.package_identification:_identify(resource) by extension 'ignore'
[1.961s] Level 1:colcon.colcon_core.package_identification:_identify(resource) by extension 'ignore_ament_install'
[1.961s] Level 1:colcon.colcon_core.package_identification:_identify(resource) by extensions ['colcon_pkg']
[1.962s] Level 1:colcon.colcon_core.package_identification:_identify(resource) by extension 'colcon_pkg'
[1.962s] Level 1:colcon.colcon_core.package_identification:_identify(resource) by extensions ['colcon_meta']
[1.962s] Level 1:colcon.colcon_core.package_identification:_identify(resource) by extension 'colcon_meta'
[1.962s] Level 1:colcon.colcon_core.package_identification:_identify(resource) by extensions ['ros']
[1.962s] Level 1:colcon.colcon_core.package_identification:_identify(resource) by extension 'ros'
[1.962s] Level 1:colcon.colcon_core.package_identification:_identify(resource) by extensions ['cmake', 'python']
[1.962s] Level 1:colcon.colcon_core.package_identification:_identify(resource) by extension 'cmake'
[1.962s] Level 1:colcon.colcon_core.package_identification:_identify(resource) by extension 'python'
[1.963s] Level 1:colcon.colcon_core.package_identification:_identify(resource) by extensions ['python_setup_py']
[1.963s] Level 1:colcon.colcon_core.package_identification:_identify(resource) by extension 'python_setup_py'
[1.963s] Level 1:colcon.colcon_core.package_identification:_identify(resources) by extensions ['ignore', 'ignore_ament_install']
[1.963s] Level 1:colcon.colcon_core.package_identification:_identify(resources) by extension 'ignore'
[1.963s] Level 1:colcon.colcon_core.package_identification:_identify(resources) by extension 'ignore_ament_install'
[1.963s] Level 1:colcon.colcon_core.package_identification:_identify(resources) by extensions ['colcon_pkg']
[1.964s] Level 1:colcon.colcon_core.package_identification:_identify(resources) by extension 'colcon_pkg'
[1.964s] Level 1:colcon.colcon_core.package_identification:_identify(resources) by extensions ['colcon_meta']
[1.964s] Level 1:colcon.colcon_core.package_identification:_identify(resources) by extension 'colcon_meta'
[1.964s] Level 1:colcon.colcon_core.package_identification:_identify(resources) by extensions ['ros']
[1.964s] Level 1:colcon.colcon_core.package_identification:_identify(resources) by extension 'ros'
[1.964s] Level 1:colcon.colcon_core.package_identification:_identify(resources) by extensions ['cmake', 'python']
[1.964s] Level 1:colcon.colcon_core.package_identification:_identify(resources) by extension 'cmake'
[1.964s] Level 1:colcon.colcon_core.package_identification:_identify(resources) by extension 'python'
[1.964s] Level 1:colcon.colcon_core.package_identification:_identify(resources) by extensions ['python_setup_py']
[1.965s] Level 1:colcon.colcon_core.package_identification:_identify(resources) by extension 'python_setup_py'
[1.965s] Level 1:colcon.colcon_core.package_identification:_identify(resources/audibot) by extensions ['ignore', 'ignore_ament_install']
[1.965s] Level 1:colcon.colcon_core.package_identification:_identify(resources/audibot) by extension 'ignore'
[1.965s] Level 1:colcon.colcon_core.package_identification:_identify(resources/audibot) by extension 'ignore_ament_install'
[1.965s] Level 1:colcon.colcon_core.package_identification:_identify(resources/audibot) by extensions ['colcon_pkg']
[1.965s] Level 1:colcon.colcon_core.package_identification:_identify(resources/audibot) by extension 'colcon_pkg'
[1.965s] Level 1:colcon.colcon_core.package_identification:_identify(resources/audibot) by extensions ['colcon_meta']
[1.966s] Level 1:colcon.colcon_core.package_identification:_identify(resources/audibot) by extension 'colcon_meta'
[1.966s] Level 1:colcon.colcon_core.package_identification:_identify(resources/audibot) by extensions ['ros']
[1.966s] Level 1:colcon.colcon_core.package_identification:_identify(resources/audibot) by extension 'ros'
[1.966s] Level 1:colcon.colcon_core.package_identification:_identify(resources/audibot) by extensions ['cmake', 'python']
[1.966s] Level 1:colcon.colcon_core.package_identification:_identify(resources/audibot) by extension 'cmake'
[1.966s] Level 1:colcon.colcon_core.package_identification:_identify(resources/audibot) by extension 'python'
[1.966s] Level 1:colcon.colcon_core.package_identification:_identify(resources/audibot) by extensions ['python_setup_py']
[1.966s] Level 1:colcon.colcon_core.package_identification:_identify(resources/audibot) by extension 'python_setup_py'
[1.967s] Level 1:colcon.colcon_core.package_identification:_identify(resources/audibot/audibot) by extensions ['ignore', 'ignore_ament_install']
[1.967s] Level 1:colcon.colcon_core.package_identification:_identify(resources/audibot/audibot) by extension 'ignore'
[1.967s] Level 1:colcon.colcon_core.package_identification:_identify(resources/audibot/audibot) by extension 'ignore_ament_install'
[1.967s] Level 1:colcon.colcon_core.package_identification:_identify(resources/audibot/audibot) by extensions ['colcon_pkg']
[1.967s] Level 1:colcon.colcon_core.package_identification:_identify(resources/audibot/audibot) by extension 'colcon_pkg'
[1.967s] Level 1:colcon.colcon_core.package_identification:_identify(resources/audibot/audibot) by extensions ['colcon_meta']
[1.967s] Level 1:colcon.colcon_core.package_identification:_identify(resources/audibot/audibot) by extension 'colcon_meta'
[1.967s] Level 1:colcon.colcon_core.package_identification:_identify(resources/audibot/audibot) by extensions ['ros']
[1.968s] Level 1:colcon.colcon_core.package_identification:_identify(resources/audibot/audibot) by extension 'ros'
[1.975s] DEBUG:colcon.colcon_core.package_identification:Package 'resources/audibot/audibot' with type 'ros.ament_cmake' and name 'audibot'
[1.976s] Level 1:colcon.colcon_core.package_identification:_identify(resources/audibot/audibot_description) by extensions ['ignore', 'ignore_ament_install']
[1.976s] Level 1:colcon.colcon_core.package_identification:_identify(resources/audibot/audibot_description) by extension 'ignore'
[1.976s] Level 1:colcon.colcon_core.package_identification:_identify(resources/audibot/audibot_description) by extension 'ignore_ament_install'
[1.976s] Level 1:colcon.colcon_core.package_identification:_identify(resources/audibot/audibot_description) by extensions ['colcon_pkg']
[1.976s] Level 1:colcon.colcon_core.package_identification:_identify(resources/audibot/audibot_description) by extension 'colcon_pkg'
[1.976s] Level 1:colcon.colcon_core.package_identification:_identify(resources/audibot/audibot_description) by extensions ['colcon_meta']
[1.977s] Level 1:colcon.colcon_core.package_identification:_identify(resources/audibot/audibot_description) by extension 'colcon_meta'
[1.978s] Level 1:colcon.colcon_core.package_identification:_identify(resources/audibot/audibot_description) by extensions ['ros']
[1.978s] Level 1:colcon.colcon_core.package_identification:_identify(resources/audibot/audibot_description) by extension 'ros'
[1.979s] DEBUG:colcon.colcon_core.package_identification:Package 'resources/audibot/audibot_description' with type 'ros.ament_cmake' and name 'audibot_description'
[1.979s] Level 1:colcon.colcon_core.package_identification:_identify(resources/audibot/audibot_gazebo) by extensions ['ignore', 'ignore_ament_install']
[1.980s] Level 1:colcon.colcon_core.package_identification:_identify(resources/audibot/audibot_gazebo) by extension 'ignore'
[1.980s] Level 1:colcon.colcon_core.package_identification:_identify(resources/audibot/audibot_gazebo) by extension 'ignore_ament_install'
[1.980s] Level 1:colcon.colcon_core.package_identification:_identify(resources/audibot/audibot_gazebo) by extensions ['colcon_pkg']
[1.980s] Level 1:colcon.colcon_core.package_identification:_identify(resources/audibot/audibot_gazebo) by extension 'colcon_pkg'
[1.980s] Level 1:colcon.colcon_core.package_identification:_identify(resources/audibot/audibot_gazebo) by extensions ['colcon_meta']
[1.980s] Level 1:colcon.colcon_core.package_identification:_identify(resources/audibot/audibot_gazebo) by extension 'colcon_meta'
[1.981s] Level 1:colcon.colcon_core.package_identification:_identify(resources/audibot/audibot_gazebo) by extensions ['ros']
[1.981s] Level 1:colcon.colcon_core.package_identification:_identify(resources/audibot/audibot_gazebo) by extension 'ros'
[1.985s] DEBUG:colcon.colcon_core.package_identification:Package 'resources/audibot/audibot_gazebo' with type 'ros.ament_cmake' and name 'audibot_gazebo'
[2.005s] Level 1:colcon.colcon_core.package_identification:_identify(resources/gazebo_tf) by extensions ['ignore', 'ignore_ament_install']
[2.006s] Level 1:colcon.colcon_core.package_identification:_identify(resources/gazebo_tf) by extension 'ignore'
[2.006s] Level 1:colcon.colcon_core.package_identification:_identify(resources/gazebo_tf) by extension 'ignore_ament_install'
[2.006s] Level 1:colcon.colcon_core.package_identification:_identify(resources/gazebo_tf) by extensions ['colcon_pkg']
[2.006s] Level 1:colcon.colcon_core.package_identification:_identify(resources/gazebo_tf) by extension 'colcon_pkg'
[2.007s] Level 1:colcon.colcon_core.package_identification:_identify(resources/gazebo_tf) by extensions ['colcon_meta']
[2.007s] Level 1:colcon.colcon_core.package_identification:_identify(resources/gazebo_tf) by extension 'colcon_meta'
[2.007s] Level 1:colcon.colcon_core.package_identification:_identify(resources/gazebo_tf) by extensions ['ros']
[2.007s] Level 1:colcon.colcon_core.package_identification:_identify(resources/gazebo_tf) by extension 'ros'
[2.010s] DEBUG:colcon.colcon_core.package_identification:Package 'resources/gazebo_tf' with type 'ros.ament_cmake' and name 'gazebo_tf'
[2.011s] Level 1:colcon.colcon_core.package_identification:_identify(resources/yolo) by extensions ['ignore', 'ignore_ament_install']
[2.011s] Level 1:colcon.colcon_core.package_identification:_identify(resources/yolo) by extension 'ignore'
[2.012s] Level 1:colcon.colcon_core.package_identification:_identify(resources/yolo) by extension 'ignore_ament_install'
[2.012s] Level 1:colcon.colcon_core.package_identification:_identify(resources/yolo) by extensions ['colcon_pkg']
[2.012s] Level 1:colcon.colcon_core.package_identification:_identify(resources/yolo) by extension 'colcon_pkg'
[2.012s] Level 1:colcon.colcon_core.package_identification:_identify(resources/yolo) by extensions ['colcon_meta']
[2.012s] Level 1:colcon.colcon_core.package_identification:_identify(resources/yolo) by extension 'colcon_meta'
[2.012s] Level 1:colcon.colcon_core.package_identification:_identify(resources/yolo) by extensions ['ros']
[2.013s] Level 1:colcon.colcon_core.package_identification:_identify(resources/yolo) by extension 'ros'
[2.013s] Level 1:colcon.colcon_core.package_identification:_identify(resources/yolo) by extensions ['cmake', 'python']
[2.013s] Level 1:colcon.colcon_core.package_identification:_identify(resources/yolo) by extension 'cmake'
[2.013s] Level 1:colcon.colcon_core.package_identification:_identify(resources/yolo) by extension 'python'
[2.013s] Level 1:colcon.colcon_core.package_identification:_identify(resources/yolo) by extensions ['python_setup_py']
[2.013s] Level 1:colcon.colcon_core.package_identification:_identify(resources/yolo) by extension 'python_setup_py'
[2.014s] Level 1:colcon.colcon_core.package_identification:_identify(src) by extensions ['ignore', 'ignore_ament_install']
[2.014s] Level 1:colcon.colcon_core.package_identification:_identify(src) by extension 'ignore'
[2.015s] Level 1:colcon.colcon_core.package_identification:_identify(src) by extension 'ignore_ament_install'
[2.015s] Level 1:colcon.colcon_core.package_identification:_identify(src) by extensions ['colcon_pkg']
[2.016s] Level 1:colcon.colcon_core.package_identification:_identify(src) by extension 'colcon_pkg'
[2.016s] Level 1:colcon.colcon_core.package_identification:_identify(src) by extensions ['colcon_meta']
[2.016s] Level 1:colcon.colcon_core.package_identification:_identify(src) by extension 'colcon_meta'
[2.016s] Level 1:colcon.colcon_core.package_identification:_identify(src) by extensions ['ros']
[2.016s] Level 1:colcon.colcon_core.package_identification:_identify(src) by extension 'ros'
[2.017s] Level 1:colcon.colcon_core.package_identification:_identify(src) by extensions ['cmake', 'python']
[2.017s] Level 1:colcon.colcon_core.package_identification:_identify(src) by extension 'cmake'
[2.017s] Level 1:colcon.colcon_core.package_identification:_identify(src) by extension 'python'
[2.017s] Level 1:colcon.colcon_core.package_identification:_identify(src) by extensions ['python_setup_py']
[2.017s] Level 1:colcon.colcon_core.package_identification:_identify(src) by extension 'python_setup_py'
[2.018s] Level 1:colcon.colcon_core.package_identification:_identify(src/audibot_rl_driver) by extensions ['ignore', 'ignore_ament_install']
[2.018s] Level 1:colcon.colcon_core.package_identification:_identify(src/audibot_rl_driver) by extension 'ignore'
[2.018s] Level 1:colcon.colcon_core.package_identification:_identify(src/audibot_rl_driver) by extension 'ignore_ament_install'
[2.019s] Level 1:colcon.colcon_core.package_identification:_identify(src/audibot_rl_driver) by extensions ['colcon_pkg']
[2.019s] Level 1:colcon.colcon_core.package_identification:_identify(src/audibot_rl_driver) by extension 'colcon_pkg'
[2.024s] Level 1:colcon.colcon_core.package_identification:_identify(src/audibot_rl_driver) by extensions ['colcon_meta']
[2.024s] Level 1:colcon.colcon_core.package_identification:_identify(src/audibot_rl_driver) by extension 'colcon_meta'
[2.025s] Level 1:colcon.colcon_core.package_identification:_identify(src/audibot_rl_driver) by extensions ['ros']
[2.025s] Level 1:colcon.colcon_core.package_identification:_identify(src/audibot_rl_driver) by extension 'ros'
[2.031s] DEBUG:colcon.colcon_core.package_identification:Package 'src/audibot_rl_driver' with type 'ros.ament_python' and name 'audibot_rl_driver'
[2.032s] Level 1:colcon.colcon_core.package_identification:_identify(src/audibot_teleop_keys) by extensions ['ignore', 'ignore_ament_install']
[2.032s] Level 1:colcon.colcon_core.package_identification:_identify(src/audibot_teleop_keys) by extension 'ignore'
[2.045s] Level 1:colcon.colcon_core.package_identification:_identify(src/audibot_teleop_keys) by extension 'ignore_ament_install'
[2.048s] Level 1:colcon.colcon_core.package_identification:_identify(src/audibot_teleop_keys) by extensions ['colcon_pkg']
[2.049s] Level 1:colcon.colcon_core.package_identification:_identify(src/audibot_teleop_keys) by extension 'colcon_pkg'
[2.049s] Level 1:colcon.colcon_core.package_identification:_identify(src/audibot_teleop_keys) by extensions ['colcon_meta']
[2.050s] Level 1:colcon.colcon_core.package_identification:_identify(src/audibot_teleop_keys) by extension 'colcon_meta'
[2.050s] Level 1:colcon.colcon_core.package_identification:_identify(src/audibot_teleop_keys) by extensions ['ros']
[2.050s] Level 1:colcon.colcon_core.package_identification:_identify(src/audibot_teleop_keys) by extension 'ros'
[2.052s] DEBUG:colcon.colcon_core.package_identification:Package 'src/audibot_teleop_keys' with type 'ros.ament_python' and name 'audibot_teleop_keys'
[2.052s] Level 1:colcon.colcon_core.package_identification:_identify(src/audibot_yolo) by extensions ['ignore', 'ignore_ament_install']
[2.053s] Level 1:colcon.colcon_core.package_identification:_identify(src/audibot_yolo) by extension 'ignore'
[2.053s] Level 1:colcon.colcon_core.package_identification:_identify(src/audibot_yolo) by extension 'ignore_ament_install'
[2.053s] Level 1:colcon.colcon_core.package_identification:_identify(src/audibot_yolo) by extensions ['colcon_pkg']
[2.053s] Level 1:colcon.colcon_core.package_identification:_identify(src/audibot_yolo) by extension 'colcon_pkg'
[2.053s] Level 1:colcon.colcon_core.package_identification:_identify(src/audibot_yolo) by extensions ['colcon_meta']
[2.054s] Level 1:colcon.colcon_core.package_identification:_identify(src/audibot_yolo) by extension 'colcon_meta'
[2.054s] Level 1:colcon.colcon_core.package_identification:_identify(src/audibot_yolo) by extensions ['ros']
[2.054s] Level 1:colcon.colcon_core.package_identification:_identify(src/audibot_yolo) by extension 'ros'
[2.056s] DEBUG:colcon.colcon_core.package_identification:Package 'src/audibot_yolo' with type 'ros.ament_python' and name 'audibot_yolo'
[2.057s] Level 1:colcon.colcon_core.package_identification:_identify(src/cluster_puck) by extensions ['ignore', 'ignore_ament_install']
[2.057s] Level 1:colcon.colcon_core.package_identification:_identify(src/cluster_puck) by extension 'ignore'
[2.058s] Level 1:colcon.colcon_core.package_identification:_identify(src/cluster_puck) by extension 'ignore_ament_install'
[2.058s] Level 1:colcon.colcon_core.package_identification:_identify(src/cluster_puck) by extensions ['colcon_pkg']
[2.058s] Level 1:colcon.colcon_core.package_identification:_identify(src/cluster_puck) by extension 'colcon_pkg'
[2.058s] Level 1:colcon.colcon_core.package_identification:_identify(src/cluster_puck) by extensions ['colcon_meta']
[2.058s] Level 1:colcon.colcon_core.package_identification:_identify(src/cluster_puck) by extension 'colcon_meta'
[2.058s] Level 1:colcon.colcon_core.package_identification:_identify(src/cluster_puck) by extensions ['ros']
[2.059s] Level 1:colcon.colcon_core.package_identification:_identify(src/cluster_puck) by extension 'ros'
[2.065s] DEBUG:colcon.colcon_core.package_identification:Package 'src/cluster_puck' with type 'ros.ament_python' and name 'cluster_puck'
[2.082s] Level 1:colcon.colcon_core.package_identification:_identify(src/rl_gym) by extensions ['ignore', 'ignore_ament_install']
[2.083s] Level 1:colcon.colcon_core.package_identification:_identify(src/rl_gym) by extension 'ignore'
[2.083s] Level 1:colcon.colcon_core.package_identification:_identify(src/rl_gym) by extension 'ignore_ament_install'
[2.083s] Level 1:colcon.colcon_core.package_identification:_identify(src/rl_gym) by extensions ['colcon_pkg']
[2.083s] Level 1:colcon.colcon_core.package_identification:_identify(src/rl_gym) by extension 'colcon_pkg'
[2.084s] Level 1:colcon.colcon_core.package_identification:_identify(src/rl_gym) by extensions ['colcon_meta']
[2.084s] Level 1:colcon.colcon_core.package_identification:_identify(src/rl_gym) by extension 'colcon_meta'
[2.084s] Level 1:colcon.colcon_core.package_identification:_identify(src/rl_gym) by extensions ['ros']
[2.084s] Level 1:colcon.colcon_core.package_identification:_identify(src/rl_gym) by extension 'ros'
[2.086s] DEBUG:colcon.colcon_core.package_identification:Package 'src/rl_gym' with type 'ros.ament_python' and name 'rl_gym'
[2.086s] Level 1:colcon.colcon_core.package_identification:_identify(src/rl_rewards) by extensions ['ignore', 'ignore_ament_install']
[2.087s] Level 1:colcon.colcon_core.package_identification:_identify(src/rl_rewards) by extension 'ignore'
[2.087s] Level 1:colcon.colcon_core.package_identification:_identify(src/rl_rewards) by extension 'ignore_ament_install'
[2.087s] Level 1:colcon.colcon_core.package_identification:_identify(src/rl_rewards) by extensions ['colcon_pkg']
[2.087s] Level 1:colcon.colcon_core.package_identification:_identify(src/rl_rewards) by extension 'colcon_pkg'
[2.087s] Level 1:colcon.colcon_core.package_identification:_identify(src/rl_rewards) by extensions ['colcon_meta']
[2.088s] Level 1:colcon.colcon_core.package_identification:_identify(src/rl_rewards) by extension 'colcon_meta'
[2.088s] Level 1:colcon.colcon_core.package_identification:_identify(src/rl_rewards) by extensions ['ros']
[2.088s] Level 1:colcon.colcon_core.package_identification:_identify(src/rl_rewards) by extension 'ros'
[2.095s] DEBUG:colcon.colcon_core.package_identification:Package 'src/rl_rewards' with type 'ros.ament_python' and name 'rl_rewards'
[2.115s] Level 1:colcon.colcon_core.package_identification:_identify(src/yolo_msg) by extensions ['ignore', 'ignore_ament_install']
[2.120s] Level 1:colcon.colcon_core.package_identification:_identify(src/yolo_msg) by extension 'ignore'
[2.120s] Level 1:colcon.colcon_core.package_identification:_identify(src/yolo_msg) by extension 'ignore_ament_install'
[2.121s] Level 1:colcon.colcon_core.package_identification:_identify(src/yolo_msg) by extensions ['colcon_pkg']
[2.121s] Level 1:colcon.colcon_core.package_identification:_identify(src/yolo_msg) by extension 'colcon_pkg'
[2.121s] Level 1:colcon.colcon_core.package_identification:_identify(src/yolo_msg) by extensions ['colcon_meta']
[2.121s] Level 1:colcon.colcon_core.package_identification:_identify(src/yolo_msg) by extension 'colcon_meta'
[2.121s] Level 1:colcon.colcon_core.package_identification:_identify(src/yolo_msg) by extensions ['ros']
[2.121s] Level 1:colcon.colcon_core.package_identification:_identify(src/yolo_msg) by extension 'ros'
[2.123s] DEBUG:colcon.colcon_core.package_identification:Package 'src/yolo_msg' with type 'ros.ament_cmake' and name 'yolo_msg'
[2.123s] Level 1:colcon.colcon_core.package_identification:_identify(validation) by extensions ['ignore', 'ignore_ament_install']
[2.123s] Level 1:colcon.colcon_core.package_identification:_identify(validation) by extension 'ignore'
[2.124s] Level 1:colcon.colcon_core.package_identification:_identify(validation) by extension 'ignore_ament_install'
[2.124s] Level 1:colcon.colcon_core.package_identification:_identify(validation) by extensions ['colcon_pkg']
[2.124s] Level 1:colcon.colcon_core.package_identification:_identify(validation) by extension 'colcon_pkg'
[2.124s] Level 1:colcon.colcon_core.package_identification:_identify(validation) by extensions ['colcon_meta']
[2.124s] Level 1:colcon.colcon_core.package_identification:_identify(validation) by extension 'colcon_meta'
[2.124s] Level 1:colcon.colcon_core.package_identification:_identify(validation) by extensions ['ros']
[2.125s] Level 1:colcon.colcon_core.package_identification:_identify(validation) by extension 'ros'
[2.125s] Level 1:colcon.colcon_core.package_identification:_identify(validation) by extensions ['cmake', 'python']
[2.126s] Level 1:colcon.colcon_core.package_identification:_identify(validation) by extension 'cmake'
[2.127s] Level 1:colcon.colcon_core.package_identification:_identify(validation) by extension 'python'
[2.127s] Level 1:colcon.colcon_core.package_identification:_identify(validation) by extensions ['python_setup_py']
[2.128s] Level 1:colcon.colcon_core.package_identification:_identify(validation) by extension 'python_setup_py'
[2.128s] Level 1:colcon.colcon_core.package_identification:_identify(validation/ground_truths) by extensions ['ignore', 'ignore_ament_install']
[2.128s] Level 1:colcon.colcon_core.package_identification:_identify(validation/ground_truths) by extension 'ignore'
[2.128s] Level 1:colcon.colcon_core.package_identification:_identify(validation/ground_truths) by extension 'ignore_ament_install'
[2.129s] Level 1:colcon.colcon_core.package_identification:_identify(validation/ground_truths) by extensions ['colcon_pkg']
[2.129s] Level 1:colcon.colcon_core.package_identification:_identify(validation/ground_truths) by extension 'colcon_pkg'
[2.129s] Level 1:colcon.colcon_core.package_identification:_identify(validation/ground_truths) by extensions ['colcon_meta']
[2.129s] Level 1:colcon.colcon_core.package_identification:_identify(validation/ground_truths) by extension 'colcon_meta'
[2.129s] Level 1:colcon.colcon_core.package_identification:_identify(validation/ground_truths) by extensions ['ros']
[2.130s] Level 1:colcon.colcon_core.package_identification:_identify(validation/ground_truths) by extension 'ros'
[2.130s] Level 1:colcon.colcon_core.package_identification:_identify(validation/ground_truths) by extensions ['cmake', 'python']
[2.130s] Level 1:colcon.colcon_core.package_identification:_identify(validation/ground_truths) by extension 'cmake'
[2.130s] Level 1:colcon.colcon_core.package_identification:_identify(validation/ground_truths) by extension 'python'
[2.130s] Level 1:colcon.colcon_core.package_identification:_identify(validation/ground_truths) by extensions ['python_setup_py']
[2.130s] Level 1:colcon.colcon_core.package_identification:_identify(validation/ground_truths) by extension 'python_setup_py'
[2.131s] Level 1:colcon.colcon_core.package_identification:_identify(validation/rosbags) by extensions ['ignore', 'ignore_ament_install']
[2.131s] Level 1:colcon.colcon_core.package_identification:_identify(validation/rosbags) by extension 'ignore'
[2.131s] Level 1:colcon.colcon_core.package_identification:_identify(validation/rosbags) by extension 'ignore_ament_install'
[2.131s] Level 1:colcon.colcon_core.package_identification:_identify(validation/rosbags) by extensions ['colcon_pkg']
[2.131s] Level 1:colcon.colcon_core.package_identification:_identify(validation/rosbags) by extension 'colcon_pkg'
[2.132s] Level 1:colcon.colcon_core.package_identification:_identify(validation/rosbags) by extensions ['colcon_meta']
[2.132s] Level 1:colcon.colcon_core.package_identification:_identify(validation/rosbags) by extension 'colcon_meta'
[2.132s] Level 1:colcon.colcon_core.package_identification:_identify(validation/rosbags) by extensions ['ros']
[2.132s] Level 1:colcon.colcon_core.package_identification:_identify(validation/rosbags) by extension 'ros'
[2.132s] Level 1:colcon.colcon_core.package_identification:_identify(validation/rosbags) by extensions ['cmake', 'python']
[2.132s] Level 1:colcon.colcon_core.package_identification:_identify(validation/rosbags) by extension 'cmake'
[2.132s] Level 1:colcon.colcon_core.package_identification:_identify(validation/rosbags) by extension 'python'
[2.133s] Level 1:colcon.colcon_core.package_identification:_identify(validation/rosbags) by extensions ['python_setup_py']
[2.133s] Level 1:colcon.colcon_core.package_identification:_identify(validation/rosbags) by extension 'python_setup_py'
[2.133s] Level 1:colcon.colcon_core.package_identification:_identify(validation/rosbags/lidar_cone_centers) by extensions ['ignore', 'ignore_ament_install']
[2.133s] Level 1:colcon.colcon_core.package_identification:_identify(validation/rosbags/lidar_cone_centers) by extension 'ignore'
[2.133s] Level 1:colcon.colcon_core.package_identification:_identify(validation/rosbags/lidar_cone_centers) by extension 'ignore_ament_install'
[2.134s] Level 1:colcon.colcon_core.package_identification:_identify(validation/rosbags/lidar_cone_centers) by extensions ['colcon_pkg']
[2.134s] Level 1:colcon.colcon_core.package_identification:_identify(validation/rosbags/lidar_cone_centers) by extension 'colcon_pkg'
[2.134s] Level 1:colcon.colcon_core.package_identification:_identify(validation/rosbags/lidar_cone_centers) by extensions ['colcon_meta']
[2.134s] Level 1:colcon.colcon_core.package_identification:_identify(validation/rosbags/lidar_cone_centers) by extension 'colcon_meta'
[2.134s] Level 1:colcon.colcon_core.package_identification:_identify(validation/rosbags/lidar_cone_centers) by extensions ['ros']
[2.134s] Level 1:colcon.colcon_core.package_identification:_identify(validation/rosbags/lidar_cone_centers) by extension 'ros'
[2.134s] Level 1:colcon.colcon_core.package_identification:_identify(validation/rosbags/lidar_cone_centers) by extensions ['cmake', 'python']
[2.134s] Level 1:colcon.colcon_core.package_identification:_identify(validation/rosbags/lidar_cone_centers) by extension 'cmake'
[2.135s] Level 1:colcon.colcon_core.package_identification:_identify(validation/rosbags/lidar_cone_centers) by extension 'python'
[2.135s] Level 1:colcon.colcon_core.package_identification:_identify(validation/rosbags/lidar_cone_centers) by extensions ['python_setup_py']
[2.135s] Level 1:colcon.colcon_core.package_identification:_identify(validation/rosbags/lidar_cone_centers) by extension 'python_setup_py'
[2.135s] Level 1:colcon.colcon_core.package_identification:_identify(validation/testing) by extensions ['ignore', 'ignore_ament_install']
[2.135s] Level 1:colcon.colcon_core.package_identification:_identify(validation/testing) by extension 'ignore'
[2.136s] Level 1:colcon.colcon_core.package_identification:_identify(validation/testing) by extension 'ignore_ament_install'
[2.136s] Level 1:colcon.colcon_core.package_identification:_identify(validation/testing) by extensions ['colcon_pkg']
[2.136s] Level 1:colcon.colcon_core.package_identification:_identify(validation/testing) by extension 'colcon_pkg'
[2.136s] Level 1:colcon.colcon_core.package_identification:_identify(validation/testing) by extensions ['colcon_meta']
[2.136s] Level 1:colcon.colcon_core.package_identification:_identify(validation/testing) by extension 'colcon_meta'
[2.136s] Level 1:colcon.colcon_core.package_identification:_identify(validation/testing) by extensions ['ros']
[2.136s] Level 1:colcon.colcon_core.package_identification:_identify(validation/testing) by extension 'ros'
[2.136s] Level 1:colcon.colcon_core.package_identification:_identify(validation/testing) by extensions ['cmake', 'python']
[2.137s] Level 1:colcon.colcon_core.package_identification:_identify(validation/testing) by extension 'cmake'
[2.137s] Level 1:colcon.colcon_core.package_identification:_identify(validation/testing) by extension 'python'
[2.137s] Level 1:colcon.colcon_core.package_identification:_identify(validation/testing) by extensions ['python_setup_py']
[2.137s] Level 1:colcon.colcon_core.package_identification:_identify(validation/testing) by extension 'python_setup_py'
[2.137s] Level 1:colcon.colcon_core.package_identification:_identify(yolo_training) by extensions ['ignore', 'ignore_ament_install']
[2.137s] Level 1:colcon.colcon_core.package_identification:_identify(yolo_training) by extension 'ignore'
[2.138s] Level 1:colcon.colcon_core.package_identification:_identify(yolo_training) by extension 'ignore_ament_install'
[2.138s] Level 1:colcon.colcon_core.package_identification:_identify(yolo_training) by extensions ['colcon_pkg']
[2.138s] Level 1:colcon.colcon_core.package_identification:_identify(yolo_training) by extension 'colcon_pkg'
[2.138s] Level 1:colcon.colcon_core.package_identification:_identify(yolo_training) by extensions ['colcon_meta']
[2.138s] Level 1:colcon.colcon_core.package_identification:_identify(yolo_training) by extension 'colcon_meta'
[2.138s] Level 1:colcon.colcon_core.package_identification:_identify(yolo_training) by extensions ['ros']
[2.138s] Level 1:colcon.colcon_core.package_identification:_identify(yolo_training) by extension 'ros'
[2.138s] Level 1:colcon.colcon_core.package_identification:_identify(yolo_training) by extensions ['cmake', 'python']
[2.139s] Level 1:colcon.colcon_core.package_identification:_identify(yolo_training) by extension 'cmake'
[2.139s] Level 1:colcon.colcon_core.package_identification:_identify(yolo_training) by extension 'python'
[2.139s] Level 1:colcon.colcon_core.package_identification:_identify(yolo_training) by extensions ['python_setup_py']
[2.139s] Level 1:colcon.colcon_core.package_identification:_identify(yolo_training) by extension 'python_setup_py'
[2.139s] Level 1:colcon.colcon_core.package_identification:_identify(yolo_training/runs) by extensions ['ignore', 'ignore_ament_install']
[2.139s] Level 1:colcon.colcon_core.package_identification:_identify(yolo_training/runs) by extension 'ignore'
[2.140s] Level 1:colcon.colcon_core.package_identification:_identify(yolo_training/runs) by extension 'ignore_ament_install'
[2.140s] Level 1:colcon.colcon_core.package_identification:_identify(yolo_training/runs) by extensions ['colcon_pkg']
[2.140s] Level 1:colcon.colcon_core.package_identification:_identify(yolo_training/runs) by extension 'colcon_pkg'
[2.140s] Level 1:colcon.colcon_core.package_identification:_identify(yolo_training/runs) by extensions ['colcon_meta']
[2.140s] Level 1:colcon.colcon_core.package_identification:_identify(yolo_training/runs) by extension 'colcon_meta'
[2.140s] Level 1:colcon.colcon_core.package_identification:_identify(yolo_training/runs) by extensions ['ros']
[2.140s] Level 1:colcon.colcon_core.package_identification:_identify(yolo_training/runs) by extension 'ros'
[2.141s] Level 1:colcon.colcon_core.package_identification:_identify(yolo_training/runs) by extensions ['cmake', 'python']
[2.141s] Level 1:colcon.colcon_core.package_identification:_identify(yolo_training/runs) by extension 'cmake'
[2.141s] Level 1:colcon.colcon_core.package_identification:_identify(yolo_training/runs) by extension 'python'
[2.141s] Level 1:colcon.colcon_core.package_identification:_identify(yolo_training/runs) by extensions ['python_setup_py']
[2.141s] Level 1:colcon.colcon_core.package_identification:_identify(yolo_training/runs) by extension 'python_setup_py'
[2.141s] Level 1:colcon.colcon_core.package_identification:_identify(yolo_training/runs/detect) by extensions ['ignore', 'ignore_ament_install']
[2.141s] Level 1:colcon.colcon_core.package_identification:_identify(yolo_training/runs/detect) by extension 'ignore'
[2.142s] Level 1:colcon.colcon_core.package_identification:_identify(yolo_training/runs/detect) by extension 'ignore_ament_install'
[2.142s] Level 1:colcon.colcon_core.package_identification:_identify(yolo_training/runs/detect) by extensions ['colcon_pkg']
[2.142s] Level 1:colcon.colcon_core.package_identification:_identify(yolo_training/runs/detect) by extension 'colcon_pkg'
[2.142s] Level 1:colcon.colcon_core.package_identification:_identify(yolo_training/runs/detect) by extensions ['colcon_meta']
[2.142s] Level 1:colcon.colcon_core.package_identification:_identify(yolo_training/runs/detect) by extension 'colcon_meta'
[2.143s] Level 1:colcon.colcon_core.package_identification:_identify(yolo_training/runs/detect) by extensions ['ros']
[2.143s] Level 1:colcon.colcon_core.package_identification:_identify(yolo_training/runs/detect) by extension 'ros'
[2.143s] Level 1:colcon.colcon_core.package_identification:_identify(yolo_training/runs/detect) by extensions ['cmake', 'python']
[2.165s] Level 1:colcon.colcon_core.package_identification:_identify(yolo_training/runs/detect) by extension 'cmake'
[2.166s] Level 1:colcon.colcon_core.package_identification:_identify(yolo_training/runs/detect) by extension 'python'
[2.166s] Level 1:colcon.colcon_core.package_identification:_identify(yolo_training/runs/detect) by extensions ['python_setup_py']
[2.166s] Level 1:colcon.colcon_core.package_identification:_identify(yolo_training/runs/detect) by extension 'python_setup_py'
[2.166s] Level 1:colcon.colcon_core.package_identification:_identify(yolo_training/runs/detect/train) by extensions ['ignore', 'ignore_ament_install']
[2.168s] Level 1:colcon.colcon_core.package_identification:_identify(yolo_training/runs/detect/train) by extension 'ignore'
[2.168s] Level 1:colcon.colcon_core.package_identification:_identify(yolo_training/runs/detect/train) by extension 'ignore_ament_install'
[2.168s] Level 1:colcon.colcon_core.package_identification:_identify(yolo_training/runs/detect/train) by extensions ['colcon_pkg']
[2.169s] Level 1:colcon.colcon_core.package_identification:_identify(yolo_training/runs/detect/train) by extension 'colcon_pkg'
[2.169s] Level 1:colcon.colcon_core.package_identification:_identify(yolo_training/runs/detect/train) by extensions ['colcon_meta']
[2.169s] Level 1:colcon.colcon_core.package_identification:_identify(yolo_training/runs/detect/train) by extension 'colcon_meta'
[2.170s] Level 1:colcon.colcon_core.package_identification:_identify(yolo_training/runs/detect/train) by extensions ['ros']
[2.170s] Level 1:colcon.colcon_core.package_identification:_identify(yolo_training/runs/detect/train) by extension 'ros'
[2.170s] Level 1:colcon.colcon_core.package_identification:_identify(yolo_training/runs/detect/train) by extensions ['cmake', 'python']
[2.170s] Level 1:colcon.colcon_core.package_identification:_identify(yolo_training/runs/detect/train) by extension 'cmake'
[2.170s] Level 1:colcon.colcon_core.package_identification:_identify(yolo_training/runs/detect/train) by extension 'python'
[2.171s] Level 1:colcon.colcon_core.package_identification:_identify(yolo_training/runs/detect/train) by extensions ['python_setup_py']
[2.171s] Level 1:colcon.colcon_core.package_identification:_identify(yolo_training/runs/detect/train) by extension 'python_setup_py'
[2.171s] Level 1:colcon.colcon_core.package_identification:_identify(yolo_training/runs/detect/train/weights) by extensions ['ignore', 'ignore_ament_install']
[2.171s] Level 1:colcon.colcon_core.package_identification:_identify(yolo_training/runs/detect/train/weights) by extension 'ignore'
[2.172s] Level 1:colcon.colcon_core.package_identification:_identify(yolo_training/runs/detect/train/weights) by extension 'ignore_ament_install'
[2.172s] Level 1:colcon.colcon_core.package_identification:_identify(yolo_training/runs/detect/train/weights) by extensions ['colcon_pkg']
[2.172s] Level 1:colcon.colcon_core.package_identification:_identify(yolo_training/runs/detect/train/weights) by extension 'colcon_pkg'
[2.173s] Level 1:colcon.colcon_core.package_identification:_identify(yolo_training/runs/detect/train/weights) by extensions ['colcon_meta']
[2.173s] Level 1:colcon.colcon_core.package_identification:_identify(yolo_training/runs/detect/train/weights) by extension 'colcon_meta'
[2.173s] Level 1:colcon.colcon_core.package_identification:_identify(yolo_training/runs/detect/train/weights) by extensions ['ros']
[2.173s] Level 1:colcon.colcon_core.package_identification:_identify(yolo_training/runs/detect/train/weights) by extension 'ros'
[2.173s] Level 1:colcon.colcon_core.package_identification:_identify(yolo_training/runs/detect/train/weights) by extensions ['cmake', 'python']
[2.173s] Level 1:colcon.colcon_core.package_identification:_identify(yolo_training/runs/detect/train/weights) by extension 'cmake'
[2.174s] Level 1:colcon.colcon_core.package_identification:_identify(yolo_training/runs/detect/train/weights) by extension 'python'
[2.174s] Level 1:colcon.colcon_core.package_identification:_identify(yolo_training/runs/detect/train/weights) by extensions ['python_setup_py']
[2.174s] Level 1:colcon.colcon_core.package_identification:_identify(yolo_training/runs/detect/train/weights) by extension 'python_setup_py'
[2.174s] Level 1:colcon.colcon_core.package_identification:_identify(yolo_training/runs/detect/train5) by extensions ['ignore', 'ignore_ament_install']
[2.174s] Level 1:colcon.colcon_core.package_identification:_identify(yolo_training/runs/detect/train5) by extension 'ignore'
[2.175s] Level 1:colcon.colcon_core.package_identification:_identify(yolo_training/runs/detect/train5) by extension 'ignore_ament_install'
[2.175s] Level 1:colcon.colcon_core.package_identification:_identify(yolo_training/runs/detect/train5) by extensions ['colcon_pkg']
[2.175s] Level 1:colcon.colcon_core.package_identification:_identify(yolo_training/runs/detect/train5) by extension 'colcon_pkg'
[2.175s] Level 1:colcon.colcon_core.package_identification:_identify(yolo_training/runs/detect/train5) by extensions ['colcon_meta']
[2.175s] Level 1:colcon.colcon_core.package_identification:_identify(yolo_training/runs/detect/train5) by extension 'colcon_meta'
[2.175s] Level 1:colcon.colcon_core.package_identification:_identify(yolo_training/runs/detect/train5) by extensions ['ros']
[2.175s] Level 1:colcon.colcon_core.package_identification:_identify(yolo_training/runs/detect/train5) by extension 'ros'
[2.176s] Level 1:colcon.colcon_core.package_identification:_identify(yolo_training/runs/detect/train5) by extensions ['cmake', 'python']
[2.176s] Level 1:colcon.colcon_core.package_identification:_identify(yolo_training/runs/detect/train5) by extension 'cmake'
[2.176s] Level 1:colcon.colcon_core.package_identification:_identify(yolo_training/runs/detect/train5) by extension 'python'
[2.176s] Level 1:colcon.colcon_core.package_identification:_identify(yolo_training/runs/detect/train5) by extensions ['python_setup_py']
[2.176s] Level 1:colcon.colcon_core.package_identification:_identify(yolo_training/runs/detect/train5) by extension 'python_setup_py'
[2.176s] Level 1:colcon.colcon_core.package_discovery:discover_packages(recursive) using defaults
[2.177s] Level 1:colcon.colcon_core.package_discovery:discover_packages(ignore) discover
[2.177s] Level 1:colcon.colcon_core.package_discovery:discover_packages(ignore) using defaults
[2.177s] Level 1:colcon.colcon_core.package_discovery:discover_packages(path) discover
[2.177s] Level 1:colcon.colcon_core.package_discovery:discover_packages(path) using defaults
[2.305s] INFO:colcon.colcon_core.package_selection:Skipping not selected package 'audibot_description' in 'resources/audibot/audibot_description'
[2.306s] INFO:colcon.colcon_core.package_selection:Skipping not selected package 'audibot_teleop_keys' in 'src/audibot_teleop_keys'
[2.306s] INFO:colcon.colcon_core.package_selection:Skipping not selected package 'audibot_yolo' in 'src/audibot_yolo'
[2.306s] INFO:colcon.colcon_core.package_selection:Skipping not selected package 'cluster_puck' in 'src/cluster_puck'
[2.306s] INFO:colcon.colcon_core.package_selection:Skipping not selected package 'gazebo_tf' in 'resources/gazebo_tf'
[2.306s] INFO:colcon.colcon_core.package_selection:Skipping not selected package 'rl_gym' in 'src/rl_gym'
[2.306s] INFO:colcon.colcon_core.package_selection:Skipping not selected package 'rl_rewards' in 'src/rl_rewards'
[2.307s] INFO:colcon.colcon_core.package_selection:Skipping not selected package 'yolo_msg' in 'src/yolo_msg'
[2.307s] INFO:colcon.colcon_core.package_selection:Skipping not selected package 'audibot_gazebo' in 'resources/audibot/audibot_gazebo'
[2.307s] INFO:colcon.colcon_core.package_selection:Skipping not selected package 'audibot' in 'resources/audibot/audibot'
[2.310s] Level 1:colcon.colcon_core.package_discovery:discover_packages(prefix_path) check parameters
[2.325s] Level 1:colcon.colcon_core.package_discovery:discover_packages(prefix_path) discover
[2.332s] DEBUG:colcon.colcon_installed_package_information.package_discovery:Found 12 installed packages in /home/tejas_bhuta/git/drive_to_survive/install
[2.335s] DEBUG:colcon.colcon_installed_package_information.package_discovery:Found 398 installed packages in /opt/ros/humble
[2.339s] Level 1:colcon.colcon_core.package_discovery:discover_packages(prefix_path) using defaults
[2.638s] Level 5:colcon.colcon_core.verb:set package 'audibot_rl_driver' build argument 'cmake_args' from command line to 'None'
[2.655s] Level 5:colcon.colcon_core.verb:set package 'audibot_rl_driver' build argument 'cmake_target' from command line to 'None'
[2.655s] Level 5:colcon.colcon_core.verb:set package 'audibot_rl_driver' build argument 'cmake_target_skip_unavailable' from command line to 'False'
[2.655s] Level 5:colcon.colcon_core.verb:set package 'audibot_rl_driver' build argument 'cmake_clean_cache' from command line to 'False'
[2.655s] Level 5:colcon.colcon_core.verb:set package 'audibot_rl_driver' build argument 'cmake_clean_first' from command line to 'False'
[2.655s] Level 5:colcon.colcon_core.verb:set package 'audibot_rl_driver' build argument 'cmake_force_configure' from command line to 'False'
[2.656s] Level 5:colcon.colcon_core.verb:set package 'audibot_rl_driver' build argument 'ament_cmake_args' from command line to 'None'
[2.656s] Level 5:colcon.colcon_core.verb:set package 'audibot_rl_driver' build argument 'catkin_cmake_args' from command line to 'None'
[2.656s] Level 5:colcon.colcon_core.verb:set package 'audibot_rl_driver' build argument 'catkin_skip_building_tests' from command line to 'False'
[2.656s] DEBUG:colcon.colcon_core.verb:Building package 'audibot_rl_driver' with the following arguments: {'ament_cmake_args': None, 'build_base': '/home/tejas_bhuta/git/drive_to_survive/build/audibot_rl_driver', 'catkin_cmake_args': None, 'catkin_skip_building_tests': False, 'cmake_args': None, 'cmake_clean_cache': False, 'cmake_clean_first': False, 'cmake_force_configure': False, 'cmake_target': None, 'cmake_target_skip_unavailable': False, 'install_base': '/home/tejas_bhuta/git/drive_to_survive/install/audibot_rl_driver', 'merge_install': False, 'path': '/home/tejas_bhuta/git/drive_to_survive/src/audibot_rl_driver', 'symlink_install': False, 'test_result_base': None}
[2.657s] INFO:colcon.colcon_core.executor:Executing jobs using 'parallel' executor
[2.718s] DEBUG:colcon.colcon_parallel_executor.executor.parallel:run_until_complete
[2.718s] INFO:colcon.colcon_ros.task.ament_python.build:Building ROS package in '/home/tejas_bhuta/git/drive_to_survive/src/audibot_rl_driver' with build type 'ament_python'
[2.718s] Level 1:colcon.colcon_core.shell:create_environment_hook('audibot_rl_driver', 'ament_prefix_path')
[2.723s] INFO:colcon.colcon_core.plugin_system:Skipping extension 'colcon_core.shell.bat': Not used on non-Windows systems
[2.724s] INFO:colcon.colcon_core.shell:Creating environment hook '/home/tejas_bhuta/git/drive_to_survive/install/audibot_rl_driver/share/audibot_rl_driver/hook/ament_prefix_path.ps1'
[2.736s] INFO:colcon.colcon_core.shell:Creating environment descriptor '/home/tejas_bhuta/git/drive_to_survive/install/audibot_rl_driver/share/audibot_rl_driver/hook/ament_prefix_path.dsv'
[2.738s] INFO:colcon.colcon_core.shell:Creating environment hook '/home/tejas_bhuta/git/drive_to_survive/install/audibot_rl_driver/share/audibot_rl_driver/hook/ament_prefix_path.sh'
[2.741s] INFO:colcon.colcon_core.shell:Skip shell extension 'powershell' for command environment: Not usable outside of PowerShell
[2.741s] DEBUG:colcon.colcon_core.shell:Skip shell extension 'dsv' for command environment
[5.018s] INFO:colcon.colcon_core.task.python.build:Building Python package in '/home/tejas_bhuta/git/drive_to_survive/src/audibot_rl_driver'
[5.019s] INFO:colcon.colcon_core.shell:Skip shell extension 'powershell' for command environment: Not usable outside of PowerShell
[5.019s] DEBUG:colcon.colcon_core.shell:Skip shell extension 'dsv' for command environment
[9.588s] DEBUG:colcon.colcon_core.event_handler.log_command:Invoking command in '/home/tejas_bhuta/git/drive_to_survive/src/audibot_rl_driver': PYTHONPATH=/home/tejas_bhuta/git/drive_to_survive/build/audibot_rl_driver/prefix_override:/usr/lib/python3/dist-packages/colcon_core/task/python/colcon_distutils_commands:/home/tejas_bhuta/git/drive_to_survive/install/audibot_rl_driver/lib/python3.10/site-packages:${PYTHONPATH} /usr/bin/python3 -W ignore:setup.py install is deprecated setup.py egg_info --egg-base ../../build/audibot_rl_driver build --build-base /home/tejas_bhuta/git/drive_to_survive/build/audibot_rl_driver/build install --record /home/tejas_bhuta/git/drive_to_survive/build/audibot_rl_driver/install.log --single-version-externally-managed install_data
[11.224s] Level 1:colcon.colcon_core.environment:checking '/home/tejas_bhuta/git/drive_to_survive/install/audibot_rl_driver' for CMake module files
[11.250s] DEBUG:colcon.colcon_core.event_handler.log_command:Invoked command in '/home/tejas_bhuta/git/drive_to_survive/src/audibot_rl_driver' returned '0': PYTHONPATH=/home/tejas_bhuta/git/drive_to_survive/build/audibot_rl_driver/prefix_override:/usr/lib/python3/dist-packages/colcon_core/task/python/colcon_distutils_commands:/home/tejas_bhuta/git/drive_to_survive/install/audibot_rl_driver/lib/python3.10/site-packages:${PYTHONPATH} /usr/bin/python3 -W ignore:setup.py install is deprecated setup.py egg_info --egg-base ../../build/audibot_rl_driver build --build-base /home/tejas_bhuta/git/drive_to_survive/build/audibot_rl_driver/build install --record /home/tejas_bhuta/git/drive_to_survive/build/audibot_rl_driver/install.log --single-version-externally-managed install_data
[11.252s] Level 1:colcon.colcon_core.environment:checking '/home/tejas_bhuta/git/drive_to_survive/install/audibot_rl_driver' for CMake config files
[11.255s] Level 1:colcon.colcon_core.environment:checking '/home/tejas_bhuta/git/drive_to_survive/install/audibot_rl_driver/lib'
[11.257s] Level 1:colcon.colcon_core.environment:checking '/home/tejas_bhuta/git/drive_to_survive/install/audibot_rl_driver/bin'
[11.262s] Level 1:colcon.colcon_core.shell:create_environment_hook('audibot_rl_driver', 'path')
[11.286s] INFO:colcon.colcon_core.shell:Creating environment hook '/home/tejas_bhuta/git/drive_to_survive/install/audibot_rl_driver/share/audibot_rl_driver/hook/path.ps1'
[11.289s] INFO:colcon.colcon_core.shell:Creating environment descriptor '/home/tejas_bhuta/git/drive_to_survive/install/audibot_rl_driver/share/audibot_rl_driver/hook/path.dsv'
[11.291s] INFO:colcon.colcon_core.shell:Creating environment hook '/home/tejas_bhuta/git/drive_to_survive/install/audibot_rl_driver/share/audibot_rl_driver/hook/path.sh'
[11.298s] Level 1:colcon.colcon_core.environment:checking '/home/tejas_bhuta/git/drive_to_survive/install/audibot_rl_driver/lib/pkgconfig/audibot_rl_driver.pc'
[11.302s] Level 1:colcon.colcon_core.environment:checking '/home/tejas_bhuta/git/drive_to_survive/install/audibot_rl_driver/lib/python3.10/site-packages'
[11.325s] Level 1:colcon.colcon_core.shell:create_environment_hook('audibot_rl_driver', 'pythonpath')
[11.326s] INFO:colcon.colcon_core.shell:Creating environment hook '/home/tejas_bhuta/git/drive_to_survive/install/audibot_rl_driver/share/audibot_rl_driver/hook/pythonpath.ps1'
[11.329s] INFO:colcon.colcon_core.shell:Creating environment descriptor '/home/tejas_bhuta/git/drive_to_survive/install/audibot_rl_driver/share/audibot_rl_driver/hook/pythonpath.dsv'
[11.333s] INFO:colcon.colcon_core.shell:Creating environment hook '/home/tejas_bhuta/git/drive_to_survive/install/audibot_rl_driver/share/audibot_rl_driver/hook/pythonpath.sh'
[11.338s] Level 1:colcon.colcon_core.environment:checking '/home/tejas_bhuta/git/drive_to_survive/install/audibot_rl_driver/bin'
[11.338s] Level 1:colcon.colcon_core.shell:create_environment_hook('audibot_rl_driver', 'pythonscriptspath')
[11.355s] INFO:colcon.colcon_core.shell:Creating environment hook '/home/tejas_bhuta/git/drive_to_survive/install/audibot_rl_driver/share/audibot_rl_driver/hook/pythonscriptspath.ps1'
[11.357s] INFO:colcon.colcon_core.shell:Creating environment descriptor '/home/tejas_bhuta/git/drive_to_survive/install/audibot_rl_driver/share/audibot_rl_driver/hook/pythonscriptspath.dsv'
[11.359s] INFO:colcon.colcon_core.shell:Creating environment hook '/home/tejas_bhuta/git/drive_to_survive/install/audibot_rl_driver/share/audibot_rl_driver/hook/pythonscriptspath.sh'
[11.361s] Level 1:colcon.colcon_core.environment:create_environment_scripts_only(audibot_rl_driver)
[11.362s] INFO:colcon.colcon_core.shell:Creating package script '/home/tejas_bhuta/git/drive_to_survive/install/audibot_rl_driver/share/audibot_rl_driver/package.ps1'
[11.386s] INFO:colcon.colcon_core.shell:Creating package descriptor '/home/tejas_bhuta/git/drive_to_survive/install/audibot_rl_driver/share/audibot_rl_driver/package.dsv'
[11.394s] INFO:colcon.colcon_core.shell:Creating package script '/home/tejas_bhuta/git/drive_to_survive/install/audibot_rl_driver/share/audibot_rl_driver/package.sh'
[11.398s] INFO:colcon.colcon_core.shell:Creating package script '/home/tejas_bhuta/git/drive_to_survive/install/audibot_rl_driver/share/audibot_rl_driver/package.bash'
[11.406s] INFO:colcon.colcon_core.shell:Creating package script '/home/tejas_bhuta/git/drive_to_survive/install/audibot_rl_driver/share/audibot_rl_driver/package.zsh'
[11.412s] Level 1:colcon.colcon_core.environment:create_file_with_runtime_dependencies(/home/tejas_bhuta/git/drive_to_survive/install/audibot_rl_driver/share/colcon-core/packages/audibot_rl_driver)
[11.416s] DEBUG:colcon.colcon_parallel_executor.executor.parallel:closing loop
[11.417s] DEBUG:colcon.colcon_parallel_executor.executor.parallel:loop closed
[11.417s] DEBUG:colcon.colcon_parallel_executor.executor.parallel:run_until_complete finished with '0'
[11.418s] DEBUG:colcon.colcon_core.event_reactor:joining thread
[11.483s] INFO:colcon.colcon_core.plugin_system:Skipping extension 'colcon_notification.desktop_notification.notify_send': Could not find 'notify-send'
[11.484s] INFO:colcon.colcon_core.plugin_system:Skipping extension 'colcon_notification.desktop_notification.terminal_notifier': Not used on non-Darwin systems
[11.484s] INFO:colcon.colcon_core.plugin_system:Skipping extension 'colcon_notification.desktop_notification.win32': Not used on non-Windows systems
[11.484s] INFO:colcon.colcon_notification.desktop_notification:Sending desktop notification using 'notify2'
[11.488s] DEBUG:colcon.colcon_notification.desktop_notification.notify2:Failed to initialize notify2: org.freedesktop.DBus.Error.ServiceUnknown: The name org.freedesktop.Notifications was not provided by any .service files
[11.489s] DEBUG:colcon.colcon_core.event_reactor:joined thread
[11.490s] INFO:colcon.colcon_core.shell:Creating prefix script '/home/tejas_bhuta/git/drive_to_survive/install/local_setup.ps1'
[11.495s] INFO:colcon.colcon_core.shell:Creating prefix util module '/home/tejas_bhuta/git/drive_to_survive/install/_local_setup_util_ps1.py'
[11.516s] INFO:colcon.colcon_core.shell:Creating prefix chain script '/home/tejas_bhuta/git/drive_to_survive/install/setup.ps1'
[11.522s] INFO:colcon.colcon_core.shell:Creating prefix script '/home/tejas_bhuta/git/drive_to_survive/install/local_setup.sh'
[11.525s] INFO:colcon.colcon_core.shell:Creating prefix util module '/home/tejas_bhuta/git/drive_to_survive/install/_local_setup_util_sh.py'
[11.527s] INFO:colcon.colcon_core.shell:Creating prefix chain script '/home/tejas_bhuta/git/drive_to_survive/install/setup.sh'
[11.571s] INFO:colcon.colcon_core.shell:Creating prefix script '/home/tejas_bhuta/git/drive_to_survive/install/local_setup.bash'
[11.575s] INFO:colcon.colcon_core.shell:Creating prefix chain script '/home/tejas_bhuta/git/drive_to_survive/install/setup.bash'
[11.595s] INFO:colcon.colcon_core.shell:Creating prefix script '/home/tejas_bhuta/git/drive_to_survive/install/local_setup.zsh'
[11.598s] INFO:colcon.colcon_core.shell:Creating prefix chain script '/home/tejas_bhuta/git/drive_to_survive/install/setup.zsh'
