[0.746s] Invoking command in '/home/tejas_bhuta/git/drive_to_survive/src/audibot_rl_driver': PYTHONPATH=/home/tejas_bhuta/git/drive_to_survive/build/audibot_rl_driver/prefix_override:/usr/lib/python3/dist-packages/colcon_core/task/python/colcon_distutils_commands:/home/tejas_bhuta/git/drive_to_survive/install/audibot_rl_driver/lib/python3.10/site-packages:${PYTHONPATH} /usr/bin/python3 -W ignore:setup.py install is deprecated setup.py egg_info --egg-base ../../build/audibot_rl_driver build --build-base /home/tejas_bhuta/git/drive_to_survive/build/audibot_rl_driver/build install --record /home/tejas_bhuta/git/drive_to_survive/build/audibot_rl_driver/install.log --single-version-externally-managed install_data
[0.969s] running egg_info
[0.970s] writing ../../build/audibot_rl_driver/audibot_rl_driver.egg-info/PKG-INFO
[0.970s] writing dependency_links to ../../build/audibot_rl_driver/audibot_rl_driver.egg-info/dependency_links.txt
[0.971s] writing entry points to ../../build/audibot_rl_driver/audibot_rl_driver.egg-info/entry_points.txt
[0.971s] writing requirements to ../../build/audibot_rl_driver/audibot_rl_driver.egg-info/requires.txt
[0.971s] writing top-level names to ../../build/audibot_rl_driver/audibot_rl_driver.egg-info/top_level.txt
[0.973s] reading manifest file '../../build/audibot_rl_driver/audibot_rl_driver.egg-info/SOURCES.txt'
[0.974s] writing manifest file '../../build/audibot_rl_driver/audibot_rl_driver.egg-info/SOURCES.txt'
[0.974s] running build
[0.974s] running build_py
[0.974s] copying audibot_rl_driver/rl_agent_node.py -> /home/tejas_bhuta/git/drive_to_survive/build/audibot_rl_driver/build/lib/audibot_rl_driver
[0.974s] running install
[0.974s] running install_lib
[0.975s] copying /home/tejas_bhuta/git/drive_to_survive/build/audibot_rl_driver/build/lib/audibot_rl_driver/rl_agent_node.py -> /home/tejas_bhuta/git/drive_to_survive/install/audibot_rl_driver/lib/python3.10/site-packages/audibot_rl_driver
[0.976s] byte-compiling /home/tejas_bhuta/git/drive_to_survive/install/audibot_rl_driver/lib/python3.10/site-packages/audibot_rl_driver/rl_agent_node.py to rl_agent_node.cpython-310.pyc
[0.982s] running install_data
[0.982s] running install_egg_info
[0.984s] removing '/home/tejas_bhuta/git/drive_to_survive/install/audibot_rl_driver/lib/python3.10/site-packages/audibot_rl_driver-0.0.0-py3.10.egg-info' (and everything under it)
[0.984s] Copying ../../build/audibot_rl_driver/audibot_rl_driver.egg-info to /home/tejas_bhuta/git/drive_to_survive/install/audibot_rl_driver/lib/python3.10/site-packages/audibot_rl_driver-0.0.0-py3.10.egg-info
[0.985s] running install_scripts
[1.003s] Installing rl_agent_node script to /home/tejas_bhuta/git/drive_to_survive/install/audibot_rl_driver/lib/audibot_rl_driver
[1.003s] writing list of installed files to '/home/tejas_bhuta/git/drive_to_survive/build/audibot_rl_driver/install.log'
[1.029s] Invoked command in '/home/tejas_bhuta/git/drive_to_survive/src/audibot_rl_driver' returned '0': PYTHONPATH=/home/tejas_bhuta/git/drive_to_survive/build/audibot_rl_driver/prefix_override:/usr/lib/python3/dist-packages/colcon_core/task/python/colcon_distutils_commands:/home/tejas_bhuta/git/drive_to_survive/install/audibot_rl_driver/lib/python3.10/site-packages:${PYTHONPATH} /usr/bin/python3 -W ignore:setup.py install is deprecated setup.py egg_info --egg-base ../../build/audibot_rl_driver build --build-base /home/tejas_bhuta/git/drive_to_survive/build/audibot_rl_driver/build install --record /home/tejas_bhuta/git/drive_to_survive/build/audibot_rl_driver/install.log --single-version-externally-managed install_data
