running develop
/usr/lib/python3/dist-packages/setuptools/command/easy_install.py:158: EasyInstallDeprecationWarning: easy_install command is deprecated. Use build and pip and other standards-based tools.
  warnings.warn(
Removing /home/tejas_bhuta/git/drive_to_survive/install/audibot_rl_driver/lib/python3.10/site-packages/audibot-rl-driver.egg-link (link to .)
running egg_info
writing ../../build/audibot_rl_driver/audibot_rl_driver.egg-info/PKG-INFO
writing dependency_links to ../../build/audibot_rl_driver/audibot_rl_driver.egg-info/dependency_links.txt
writing entry points to ../../build/audibot_rl_driver/audibot_rl_driver.egg-info/entry_points.txt
writing requirements to ../../build/audibot_rl_driver/audibot_rl_driver.egg-info/requires.txt
writing top-level names to ../../build/audibot_rl_driver/audibot_rl_driver.egg-info/top_level.txt
reading manifest file '../../build/audibot_rl_driver/audibot_rl_driver.egg-info/SOURCES.txt'
writing manifest file '../../build/audibot_rl_driver/audibot_rl_driver.egg-info/SOURCES.txt'
running build
running build_py
creating /home/tejas_bhuta/git/drive_to_survive/build/audibot_rl_driver/build
creating /home/tejas_bhuta/git/drive_to_survive/build/audibot_rl_driver/build/lib
creating /home/tejas_bhuta/git/drive_to_survive/build/audibot_rl_driver/build/lib/audibot_rl_driver
copying audibot_rl_driver/rl_agent_node.py -> /home/tejas_bhuta/git/drive_to_survive/build/audibot_rl_driver/build/lib/audibot_rl_driver
copying audibot_rl_driver/__init__.py -> /home/tejas_bhuta/git/drive_to_survive/build/audibot_rl_driver/build/lib/audibot_rl_driver
running install
running install_lib
creating /home/tejas_bhuta/git/drive_to_survive/install/audibot_rl_driver/lib/python3.10/site-packages/audibot_rl_driver
copying /home/tejas_bhuta/git/drive_to_survive/build/audibot_rl_driver/build/lib/audibot_rl_driver/rl_agent_node.py -> /home/tejas_bhuta/git/drive_to_survive/install/audibot_rl_driver/lib/python3.10/site-packages/audibot_rl_driver
copying /home/tejas_bhuta/git/drive_to_survive/build/audibot_rl_driver/build/lib/audibot_rl_driver/__init__.py -> /home/tejas_bhuta/git/drive_to_survive/install/audibot_rl_driver/lib/python3.10/site-packages/audibot_rl_driver
byte-compiling /home/tejas_bhuta/git/drive_to_survive/install/audibot_rl_driver/lib/python3.10/site-packages/audibot_rl_driver/rl_agent_node.py to rl_agent_node.cpython-310.pyc
byte-compiling /home/tejas_bhuta/git/drive_to_survive/install/audibot_rl_driver/lib/python3.10/site-packages/audibot_rl_driver/__init__.py to __init__.cpython-310.pyc
running install_data
copying resource/audibot_rl_driver -> /home/tejas_bhuta/git/drive_to_survive/install/audibot_rl_driver/share/ament_index/resource_index/packages
copying package.xml -> /home/tejas_bhuta/git/drive_to_survive/install/audibot_rl_driver/share/audibot_rl_driver
running install_egg_info
Copying ../../build/audibot_rl_driver/audibot_rl_driver.egg-info to /home/tejas_bhuta/git/drive_to_survive/install/audibot_rl_driver/lib/python3.10/site-packages/audibot_rl_driver-0.0.0-py3.10.egg-info
running install_scripts
Installing rl_agent_node script to /home/tejas_bhuta/git/drive_to_survive/install/audibot_rl_driver/bin
writing list of installed files to '/home/tejas_bhuta/git/drive_to_survive/build/audibot_rl_driver/install.log'
