[0.105s] Invoking command in '/home/tejas_bhuta/git/drive_to_survive/build/audibot_description': CMAKE_PREFIX_PATH=${CMAKE_PREFIX_PATH}:/home/tejas_bhuta/git/drive_to_survive/install/audibot_rl_driver:/home/tejas_bhuta/git/drive_to_survive/install/rl_rewards:/home/tejas_bhuta/git/drive_to_survive/install/rl_gym:/home/tejas_bhuta/git/drive_to_survive/install/observation_space:/home/tejas_bhuta/git/drive_to_survive/install/cluster_puck:/home/tejas_bhuta/git/drive_to_survive/install/audibot_yolo:/home/tejas_bhuta/git/drive_to_survive/install/audibot_teleop_keys:/opt/ros/humble /usr/bin/cmake --build /home/tejas_bhuta/git/drive_to_survive/build/audibot_description -- -j16 -l16
[2.139s] Invoked command in '/home/tejas_bhuta/git/drive_to_survive/build/audibot_description' returned '0': CMAKE_PREFIX_PATH=${CMAKE_PREFIX_PATH}:/home/tejas_bhuta/git/drive_to_survive/install/audibot_rl_driver:/home/tejas_bhuta/git/drive_to_survive/install/rl_rewards:/home/tejas_bhuta/git/drive_to_survive/install/rl_gym:/home/tejas_bhuta/git/drive_to_survive/install/observation_space:/home/tejas_bhuta/git/drive_to_survive/install/cluster_puck:/home/tejas_bhuta/git/drive_to_survive/install/audibot_yolo:/home/tejas_bhuta/git/drive_to_survive/install/audibot_teleop_keys:/opt/ros/humble /usr/bin/cmake --build /home/tejas_bhuta/git/drive_to_survive/build/audibot_description -- -j16 -l16
[2.210s] Invoking command in '/home/tejas_bhuta/git/drive_to_survive/build/audibot_description': CMAKE_PREFIX_PATH=${CMAKE_PREFIX_PATH}:/home/tejas_bhuta/git/drive_to_survive/install/audibot_rl_driver:/home/tejas_bhuta/git/drive_to_survive/install/rl_rewards:/home/tejas_bhuta/git/drive_to_survive/install/rl_gym:/home/tejas_bhuta/git/drive_to_survive/install/observation_space:/home/tejas_bhuta/git/drive_to_survive/install/cluster_puck:/home/tejas_bhuta/git/drive_to_survive/install/audibot_yolo:/home/tejas_bhuta/git/drive_to_survive/install/audibot_teleop_keys:/opt/ros/humble /usr/bin/cmake --install /home/tejas_bhuta/git/drive_to_survive/build/audibot_description
[2.233s] -- Install configuration: ""
[2.233s] -- Execute custom install script
[2.240s] -- Up-to-date symlink: /home/tejas_bhuta/git/drive_to_survive/install/audibot_description/share/audibot_description/meshes/blue_body.dae
[2.241s] -- Up-to-date symlink: /home/tejas_bhuta/git/drive_to_survive/install/audibot_description/share/audibot_description/meshes/body_collision.stl
[2.241s] -- Up-to-date symlink: /home/tejas_bhuta/git/drive_to_survive/install/audibot_description/share/audibot_description/meshes/orange_body.dae
[2.241s] -- Up-to-date symlink: /home/tejas_bhuta/git/drive_to_survive/install/audibot_description/share/audibot_description/meshes/wheel.dae
[2.242s] -- Up-to-date symlink: /home/tejas_bhuta/git/drive_to_survive/install/audibot_description/share/audibot_description/urdf/audibot.urdf.xacro
[2.243s] -- Up-to-date symlink: /home/tejas_bhuta/git/drive_to_survive/install/audibot_description/share/audibot_description/environment/audibot_description.dsv
[2.244s] -- Up-to-date symlink: /home/tejas_bhuta/git/drive_to_survive/install/audibot_description/share/ament_index/resource_index/package_run_dependencies/audibot_description
[2.246s] -- Up-to-date symlink: /home/tejas_bhuta/git/drive_to_survive/install/audibot_description/share/ament_index/resource_index/parent_prefix_path/audibot_description
[2.247s] -- Up-to-date symlink: /home/tejas_bhuta/git/drive_to_survive/install/audibot_description/share/audibot_description/environment/ament_prefix_path.sh
[2.248s] -- Up-to-date symlink: /home/tejas_bhuta/git/drive_to_survive/install/audibot_description/share/audibot_description/environment/ament_prefix_path.dsv
[2.251s] -- Up-to-date symlink: /home/tejas_bhuta/git/drive_to_survive/install/audibot_description/share/audibot_description/environment/path.sh
[2.253s] -- Up-to-date symlink: /home/tejas_bhuta/git/drive_to_survive/install/audibot_description/share/audibot_description/environment/path.dsv
[2.255s] -- Up-to-date symlink: /home/tejas_bhuta/git/drive_to_survive/install/audibot_description/share/audibot_description/local_setup.bash
[2.257s] -- Up-to-date symlink: /home/tejas_bhuta/git/drive_to_survive/install/audibot_description/share/audibot_description/local_setup.sh
[2.257s] -- Up-to-date symlink: /home/tejas_bhuta/git/drive_to_survive/install/audibot_description/share/audibot_description/local_setup.zsh
[2.260s] -- Up-to-date symlink: /home/tejas_bhuta/git/drive_to_survive/install/audibot_description/share/audibot_description/local_setup.dsv
[2.261s] -- Symlinking: /home/tejas_bhuta/git/drive_to_survive/install/audibot_description/share/audibot_description/package.dsv
[2.302s] -- Up-to-date symlink: /home/tejas_bhuta/git/drive_to_survive/install/audibot_description/share/ament_index/resource_index/packages/audibot_description
[2.303s] -- Up-to-date symlink: /home/tejas_bhuta/git/drive_to_survive/install/audibot_description/share/audibot_description/cmake/audibot_descriptionConfig.cmake
[2.304s] -- Up-to-date symlink: /home/tejas_bhuta/git/drive_to_survive/install/audibot_description/share/audibot_description/cmake/audibot_descriptionConfig-version.cmake
[2.305s] -- Up-to-date symlink: /home/tejas_bhuta/git/drive_to_survive/install/audibot_description/share/audibot_description/package.xml
[2.341s] Invoked command in '/home/tejas_bhuta/git/drive_to_survive/build/audibot_description' returned '0': CMAKE_PREFIX_PATH=${CMAKE_PREFIX_PATH}:/home/tejas_bhuta/git/drive_to_survive/install/audibot_rl_driver:/home/tejas_bhuta/git/drive_to_survive/install/rl_rewards:/home/tejas_bhuta/git/drive_to_survive/install/rl_gym:/home/tejas_bhuta/git/drive_to_survive/install/observation_space:/home/tejas_bhuta/git/drive_to_survive/install/cluster_puck:/home/tejas_bhuta/git/drive_to_survive/install/audibot_yolo:/home/tejas_bhuta/git/drive_to_survive/install/audibot_teleop_keys:/opt/ros/humble /usr/bin/cmake --install /home/tejas_bhuta/git/drive_to_survive/build/audibot_description
