[0.331s] Invoking command in '/home/tejas_bhuta/git/drive_to_survive/build/yolo_msg': CMAKE_PREFIX_PATH=${CMAKE_PREFIX_PATH}:/home/tejas_bhuta/git/drive_to_survive/install/observation_space:/home/tejas_bhuta/git/drive_to_survive/install/cluster_puck:/home/tejas_bhuta/git/drive_to_survive/install/audibot_yolo:/home/tejas_bhuta/git/drive_to_survive/install/audibot_teleop_keys:/opt/ros/humble /usr/bin/cmake --build /home/tejas_bhuta/git/drive_to_survive/build/yolo_msg -- -j16 -l16
[6.354s] [  2%] Built target yolo_msg__cpp
[6.354s] [  2%] Built target ament_cmake_python_symlink_yolo_msg
[6.354s] [35m[1mConsolidate compiler generated dependencies of target yolo_msg__rosidl_typesupport_introspection_cpp[0m
[6.355s] [ 12%] Built target yolo_msg__rosidl_typesupport_introspection_cpp
[6.355s] running egg_info
[6.355s] writing yolo_msg.egg-info/PKG-INFO
[6.355s] writing dependency_links to yolo_msg.egg-info/dependency_links.txt
[6.355s] writing top-level names to yolo_msg.egg-info/top_level.txt
[6.355s] reading manifest file 'yolo_msg.egg-info/SOURCES.txt'
[6.355s] writing manifest file 'yolo_msg.egg-info/SOURCES.txt'
[6.355s] [ 12%] Built target ament_cmake_python_build_yolo_msg_egg
[6.355s] [35m[1mConsolidate compiler generated dependencies of target yolo_msg__rosidl_typesupport_fastrtps_cpp[0m
[6.355s] [ 23%] Built target yolo_msg__rosidl_typesupport_fastrtps_cpp
[6.355s] [35m[1mConsolidate compiler generated dependencies of target yolo_msg__rosidl_typesupport_cpp[0m
[6.355s] [ 33%] Built target yolo_msg__rosidl_typesupport_cpp
[6.355s] [35m[1mConsolidate compiler generated dependencies of target yolo_msg__rosidl_generator_c[0m
[6.356s] [ 43%] Built target yolo_msg__rosidl_generator_c
[6.356s] [35m[1mConsolidate compiler generated dependencies of target yolo_msg__rosidl_typesupport_fastrtps_c[0m
[6.356s] [ 53%] Built target yolo_msg__rosidl_typesupport_fastrtps_c
[6.356s] [35m[1mConsolidate compiler generated dependencies of target yolo_msg__rosidl_typesupport_c[0m
[6.356s] [ 64%] Built target yolo_msg__rosidl_typesupport_c
[6.356s] [35m[1mConsolidate compiler generated dependencies of target yolo_msg__rosidl_typesupport_introspection_c[0m
[6.356s] [ 74%] Built target yolo_msg__rosidl_typesupport_introspection_c
[6.356s] [ 74%] Built target yolo_msg
[6.356s] [ 76%] Built target yolo_msg__py
[6.356s] [35m[1mConsolidate compiler generated dependencies of target yolo_msg__rosidl_generator_py[0m
[6.357s] [ 84%] Built target yolo_msg__rosidl_generator_py
[6.358s] [35m[1mConsolidate compiler generated dependencies of target yolo_msg__rosidl_typesupport_fastrtps_c__pyext[0m
[6.358s] [ 89%] Built target yolo_msg__rosidl_typesupport_fastrtps_c__pyext
[6.358s] [35m[1mConsolidate compiler generated dependencies of target yolo_msg__rosidl_typesupport_c__pyext[0m
[6.358s] [ 94%] Built target yolo_msg__rosidl_typesupport_c__pyext
[6.358s] [35m[1mConsolidate compiler generated dependencies of target yolo_msg__rosidl_typesupport_introspection_c__pyext[0m
[6.358s] [100%] Built target yolo_msg__rosidl_typesupport_introspection_c__pyext
[6.466s] Invoked command in '/home/tejas_bhuta/git/drive_to_survive/build/yolo_msg' returned '0': CMAKE_PREFIX_PATH=${CMAKE_PREFIX_PATH}:/home/tejas_bhuta/git/drive_to_survive/install/observation_space:/home/tejas_bhuta/git/drive_to_survive/install/cluster_puck:/home/tejas_bhuta/git/drive_to_survive/install/audibot_yolo:/home/tejas_bhuta/git/drive_to_survive/install/audibot_teleop_keys:/opt/ros/humble /usr/bin/cmake --build /home/tejas_bhuta/git/drive_to_survive/build/yolo_msg -- -j16 -l16
[8.114s] Invoking command in '/home/tejas_bhuta/git/drive_to_survive/build/yolo_msg': CMAKE_PREFIX_PATH=${CMAKE_PREFIX_PATH}:/home/tejas_bhuta/git/drive_to_survive/install/observation_space:/home/tejas_bhuta/git/drive_to_survive/install/cluster_puck:/home/tejas_bhuta/git/drive_to_survive/install/audibot_yolo:/home/tejas_bhuta/git/drive_to_survive/install/audibot_teleop_keys:/opt/ros/humble /usr/bin/cmake --install /home/tejas_bhuta/git/drive_to_survive/build/yolo_msg
[8.176s] -- Install configuration: ""
[8.193s] -- Execute custom install script
[8.195s] -- Up-to-date symlink: /home/tejas_bhuta/git/drive_to_survive/install/yolo_msg/share/ament_index/resource_index/rosidl_interfaces/yolo_msg
[8.197s] -- Up-to-date symlink: /home/tejas_bhuta/git/drive_to_survive/install/yolo_msg/include/yolo_msg/yolo_msg/msg/bounding_box.h
[8.199s] -- Up-to-date symlink: /home/tejas_bhuta/git/drive_to_survive/install/yolo_msg/include/yolo_msg/yolo_msg/msg/detail/bounding_box__functions.h
[8.201s] -- Up-to-date symlink: /home/tejas_bhuta/git/drive_to_survive/install/yolo_msg/include/yolo_msg/yolo_msg/msg/detail/bounding_box__struct.h
[8.202s] -- Up-to-date symlink: /home/tejas_bhuta/git/drive_to_survive/install/yolo_msg/include/yolo_msg/yolo_msg/msg/detail/bounding_box__type_support.h
[8.203s] -- Up-to-date symlink: /home/tejas_bhuta/git/drive_to_survive/install/yolo_msg/include/yolo_msg/yolo_msg/msg/detail/yolo_detections__functions.h
[8.204s] -- Up-to-date symlink: /home/tejas_bhuta/git/drive_to_survive/install/yolo_msg/include/yolo_msg/yolo_msg/msg/detail/yolo_detections__struct.h
[8.206s] -- Up-to-date symlink: /home/tejas_bhuta/git/drive_to_survive/install/yolo_msg/include/yolo_msg/yolo_msg/msg/detail/yolo_detections__type_support.h
[8.224s] -- Up-to-date symlink: /home/tejas_bhuta/git/drive_to_survive/install/yolo_msg/include/yolo_msg/yolo_msg/msg/rosidl_generator_c__visibility_control.h
[8.225s] -- Up-to-date symlink: /home/tejas_bhuta/git/drive_to_survive/install/yolo_msg/include/yolo_msg/yolo_msg/msg/yolo_detections.h
[8.228s] -- Up-to-date symlink: /home/tejas_bhuta/git/drive_to_survive/install/yolo_msg/share/yolo_msg/environment/library_path.sh
[8.229s] -- Up-to-date symlink: /home/tejas_bhuta/git/drive_to_survive/install/yolo_msg/share/yolo_msg/environment/library_path.dsv
[8.231s] -- Up-to-date symlink: /home/tejas_bhuta/git/drive_to_survive/install/yolo_msg/include/yolo_msg/yolo_msg/msg/detail/bounding_box__rosidl_typesupport_fastrtps_c.h
[8.232s] -- Up-to-date symlink: /home/tejas_bhuta/git/drive_to_survive/install/yolo_msg/include/yolo_msg/yolo_msg/msg/detail/yolo_detections__rosidl_typesupport_fastrtps_c.h
[8.233s] -- Up-to-date symlink: /home/tejas_bhuta/git/drive_to_survive/install/yolo_msg/include/yolo_msg/yolo_msg/msg/rosidl_typesupport_fastrtps_c__visibility_control.h
[8.235s] -- Up-to-date symlink: /home/tejas_bhuta/git/drive_to_survive/install/yolo_msg/include/yolo_msg/yolo_msg/msg/bounding_box.hpp
[8.239s] -- Up-to-date symlink: /home/tejas_bhuta/git/drive_to_survive/install/yolo_msg/include/yolo_msg/yolo_msg/msg/detail/bounding_box__builder.hpp
[8.245s] -- Up-to-date symlink: /home/tejas_bhuta/git/drive_to_survive/install/yolo_msg/include/yolo_msg/yolo_msg/msg/detail/bounding_box__struct.hpp
[8.246s] -- Up-to-date symlink: /home/tejas_bhuta/git/drive_to_survive/install/yolo_msg/include/yolo_msg/yolo_msg/msg/detail/bounding_box__traits.hpp
[8.247s] -- Up-to-date symlink: /home/tejas_bhuta/git/drive_to_survive/install/yolo_msg/include/yolo_msg/yolo_msg/msg/detail/yolo_detections__builder.hpp
[8.265s] -- Up-to-date symlink: /home/tejas_bhuta/git/drive_to_survive/install/yolo_msg/include/yolo_msg/yolo_msg/msg/detail/yolo_detections__struct.hpp
[8.266s] -- Up-to-date symlink: /home/tejas_bhuta/git/drive_to_survive/install/yolo_msg/include/yolo_msg/yolo_msg/msg/detail/yolo_detections__traits.hpp
[8.268s] -- Up-to-date symlink: /home/tejas_bhuta/git/drive_to_survive/install/yolo_msg/include/yolo_msg/yolo_msg/msg/yolo_detections.hpp
[8.270s] -- Up-to-date symlink: /home/tejas_bhuta/git/drive_to_survive/install/yolo_msg/include/yolo_msg/yolo_msg/msg/detail/bounding_box__rosidl_typesupport_fastrtps_cpp.hpp
[8.271s] -- Up-to-date symlink: /home/tejas_bhuta/git/drive_to_survive/install/yolo_msg/include/yolo_msg/yolo_msg/msg/detail/yolo_detections__rosidl_typesupport_fastrtps_cpp.hpp
[8.272s] -- Up-to-date symlink: /home/tejas_bhuta/git/drive_to_survive/install/yolo_msg/include/yolo_msg/yolo_msg/msg/rosidl_typesupport_fastrtps_cpp__visibility_control.h
[8.274s] -- Up-to-date symlink: /home/tejas_bhuta/git/drive_to_survive/install/yolo_msg/include/yolo_msg/yolo_msg/msg/detail/bounding_box__rosidl_typesupport_introspection_c.h
[8.275s] -- Up-to-date symlink: /home/tejas_bhuta/git/drive_to_survive/install/yolo_msg/include/yolo_msg/yolo_msg/msg/detail/yolo_detections__rosidl_typesupport_introspection_c.h
[8.276s] -- Up-to-date symlink: /home/tejas_bhuta/git/drive_to_survive/install/yolo_msg/include/yolo_msg/yolo_msg/msg/rosidl_typesupport_introspection_c__visibility_control.h
[8.279s] -- Up-to-date symlink: /home/tejas_bhuta/git/drive_to_survive/install/yolo_msg/include/yolo_msg/yolo_msg/msg/detail/bounding_box__rosidl_typesupport_introspection_cpp.hpp
[8.281s] -- Up-to-date symlink: /home/tejas_bhuta/git/drive_to_survive/install/yolo_msg/include/yolo_msg/yolo_msg/msg/detail/yolo_detections__rosidl_typesupport_introspection_cpp.hpp
[8.282s] -- Up-to-date symlink: /home/tejas_bhuta/git/drive_to_survive/install/yolo_msg/share/yolo_msg/environment/pythonpath.sh
[8.283s] -- Up-to-date symlink: /home/tejas_bhuta/git/drive_to_survive/install/yolo_msg/share/yolo_msg/environment/pythonpath.dsv
[8.285s] -- Up-to-date symlink: /home/tejas_bhuta/git/drive_to_survive/install/yolo_msg/local/lib/python3.10/dist-packages/yolo_msg-0.0.0-py3.10.egg-info/PKG-INFO
[8.286s] -- Up-to-date symlink: /home/tejas_bhuta/git/drive_to_survive/install/yolo_msg/local/lib/python3.10/dist-packages/yolo_msg-0.0.0-py3.10.egg-info/SOURCES.txt
[8.290s] -- Up-to-date symlink: /home/tejas_bhuta/git/drive_to_survive/install/yolo_msg/local/lib/python3.10/dist-packages/yolo_msg-0.0.0-py3.10.egg-info/dependency_links.txt
[8.292s] -- Up-to-date symlink: /home/tejas_bhuta/git/drive_to_survive/install/yolo_msg/local/lib/python3.10/dist-packages/yolo_msg-0.0.0-py3.10.egg-info/top_level.txt
[8.296s] -- Up-to-date symlink: /home/tejas_bhuta/git/drive_to_survive/install/yolo_msg/local/lib/python3.10/dist-packages/yolo_msg/__init__.py
[8.298s] -- Up-to-date symlink: /home/tejas_bhuta/git/drive_to_survive/install/yolo_msg/local/lib/python3.10/dist-packages/yolo_msg/_yolo_msg_s.ep.rosidl_typesupport_c.c
[8.299s] -- Up-to-date symlink: /home/tejas_bhuta/git/drive_to_survive/install/yolo_msg/local/lib/python3.10/dist-packages/yolo_msg/_yolo_msg_s.ep.rosidl_typesupport_fastrtps_c.c
[8.300s] -- Up-to-date symlink: /home/tejas_bhuta/git/drive_to_survive/install/yolo_msg/local/lib/python3.10/dist-packages/yolo_msg/_yolo_msg_s.ep.rosidl_typesupport_introspection_c.c
[8.301s] -- Up-to-date symlink: /home/tejas_bhuta/git/drive_to_survive/install/yolo_msg/local/lib/python3.10/dist-packages/yolo_msg/libyolo_msg__rosidl_generator_py.so
[8.302s] -- Up-to-date symlink: /home/tejas_bhuta/git/drive_to_survive/install/yolo_msg/local/lib/python3.10/dist-packages/yolo_msg/msg/__init__.py
[8.319s] -- Up-to-date symlink: /home/tejas_bhuta/git/drive_to_survive/install/yolo_msg/local/lib/python3.10/dist-packages/yolo_msg/msg/_bounding_box.py
[8.320s] -- Up-to-date symlink: /home/tejas_bhuta/git/drive_to_survive/install/yolo_msg/local/lib/python3.10/dist-packages/yolo_msg/msg/_bounding_box_s.c
[8.322s] -- Up-to-date symlink: /home/tejas_bhuta/git/drive_to_survive/install/yolo_msg/local/lib/python3.10/dist-packages/yolo_msg/msg/_yolo_detections.py
[8.323s] -- Up-to-date symlink: /home/tejas_bhuta/git/drive_to_survive/install/yolo_msg/local/lib/python3.10/dist-packages/yolo_msg/msg/_yolo_detections_s.c
[8.324s] -- Up-to-date symlink: /home/tejas_bhuta/git/drive_to_survive/install/yolo_msg/local/lib/python3.10/dist-packages/yolo_msg/yolo_msg_s__rosidl_typesupport_c.cpython-310-x86_64-linux-gnu.so
[8.325s] -- Up-to-date symlink: /home/tejas_bhuta/git/drive_to_survive/install/yolo_msg/local/lib/python3.10/dist-packages/yolo_msg/yolo_msg_s__rosidl_typesupport_fastrtps_c.cpython-310-x86_64-linux-gnu.so
[8.326s] -- Up-to-date symlink: /home/tejas_bhuta/git/drive_to_survive/install/yolo_msg/local/lib/python3.10/dist-packages/yolo_msg/yolo_msg_s__rosidl_typesupport_introspection_c.cpython-310-x86_64-linux-gnu.so
[8.329s] -- Up-to-date symlink: /home/tejas_bhuta/git/drive_to_survive/install/yolo_msg/local/lib/python3.10/dist-packages/yolo_msg/yolo_msg_s__rosidl_typesupport_fastrtps_c.cpython-310-x86_64-linux-gnu.so
[8.331s] -- Up-to-date symlink: /home/tejas_bhuta/git/drive_to_survive/install/yolo_msg/local/lib/python3.10/dist-packages/yolo_msg/yolo_msg_s__rosidl_typesupport_introspection_c.cpython-310-x86_64-linux-gnu.so
[8.338s] -- Up-to-date symlink: /home/tejas_bhuta/git/drive_to_survive/install/yolo_msg/local/lib/python3.10/dist-packages/yolo_msg/yolo_msg_s__rosidl_typesupport_c.cpython-310-x86_64-linux-gnu.so
[8.338s] -- Up-to-date symlink: /home/tejas_bhuta/git/drive_to_survive/install/yolo_msg/share/yolo_msg/msg/BoundingBox.idl
[8.338s] -- Up-to-date symlink: /home/tejas_bhuta/git/drive_to_survive/install/yolo_msg/share/yolo_msg/msg/YoloDetections.idl
[8.338s] -- Up-to-date symlink: /home/tejas_bhuta/git/drive_to_survive/install/yolo_msg/share/yolo_msg/msg/BoundingBox.msg
[8.338s] -- Up-to-date symlink: /home/tejas_bhuta/git/drive_to_survive/install/yolo_msg/share/yolo_msg/msg/YoloDetections.msg
[8.338s] -- Up-to-date symlink: /home/tejas_bhuta/git/drive_to_survive/install/yolo_msg/share/ament_index/resource_index/package_run_dependencies/yolo_msg
[8.339s] -- Up-to-date symlink: /home/tejas_bhuta/git/drive_to_survive/install/yolo_msg/share/ament_index/resource_index/parent_prefix_path/yolo_msg
[8.339s] -- Up-to-date symlink: /home/tejas_bhuta/git/drive_to_survive/install/yolo_msg/share/yolo_msg/environment/ament_prefix_path.sh
[8.339s] -- Up-to-date symlink: /home/tejas_bhuta/git/drive_to_survive/install/yolo_msg/share/yolo_msg/environment/ament_prefix_path.dsv
[8.339s] -- Up-to-date symlink: /home/tejas_bhuta/git/drive_to_survive/install/yolo_msg/share/yolo_msg/environment/path.sh
[8.339s] -- Up-to-date symlink: /home/tejas_bhuta/git/drive_to_survive/install/yolo_msg/share/yolo_msg/environment/path.dsv
[8.340s] -- Up-to-date symlink: /home/tejas_bhuta/git/drive_to_survive/install/yolo_msg/share/yolo_msg/local_setup.bash
[8.340s] -- Up-to-date symlink: /home/tejas_bhuta/git/drive_to_survive/install/yolo_msg/share/yolo_msg/local_setup.sh
[8.340s] -- Up-to-date symlink: /home/tejas_bhuta/git/drive_to_survive/install/yolo_msg/share/yolo_msg/local_setup.zsh
[8.340s] -- Up-to-date symlink: /home/tejas_bhuta/git/drive_to_survive/install/yolo_msg/share/yolo_msg/local_setup.dsv
[8.340s] -- Symlinking: /home/tejas_bhuta/git/drive_to_survive/install/yolo_msg/share/yolo_msg/package.dsv
[8.391s] -- Up-to-date symlink: /home/tejas_bhuta/git/drive_to_survive/install/yolo_msg/share/ament_index/resource_index/packages/yolo_msg
[8.392s] -- Up-to-date symlink: /home/tejas_bhuta/git/drive_to_survive/install/yolo_msg/share/yolo_msg/cmake/rosidl_cmake-extras.cmake
[8.392s] -- Up-to-date symlink: /home/tejas_bhuta/git/drive_to_survive/install/yolo_msg/share/yolo_msg/cmake/ament_cmake_export_dependencies-extras.cmake
[8.392s] -- Up-to-date symlink: /home/tejas_bhuta/git/drive_to_survive/install/yolo_msg/share/yolo_msg/cmake/ament_cmake_export_include_directories-extras.cmake
[8.392s] -- Up-to-date symlink: /home/tejas_bhuta/git/drive_to_survive/install/yolo_msg/share/yolo_msg/cmake/ament_cmake_export_libraries-extras.cmake
[8.392s] -- Up-to-date symlink: /home/tejas_bhuta/git/drive_to_survive/install/yolo_msg/share/yolo_msg/cmake/ament_cmake_export_targets-extras.cmake
[8.392s] -- Up-to-date symlink: /home/tejas_bhuta/git/drive_to_survive/install/yolo_msg/share/yolo_msg/cmake/rosidl_cmake_export_typesupport_targets-extras.cmake
[8.392s] -- Up-to-date symlink: /home/tejas_bhuta/git/drive_to_survive/install/yolo_msg/share/yolo_msg/cmake/rosidl_cmake_export_typesupport_libraries-extras.cmake
[8.392s] -- Up-to-date symlink: /home/tejas_bhuta/git/drive_to_survive/install/yolo_msg/share/yolo_msg/cmake/yolo_msgConfig.cmake
[8.392s] -- Up-to-date symlink: /home/tejas_bhuta/git/drive_to_survive/install/yolo_msg/share/yolo_msg/cmake/yolo_msgConfig-version.cmake
[8.392s] -- Up-to-date symlink: /home/tejas_bhuta/git/drive_to_survive/install/yolo_msg/share/yolo_msg/package.xml
[8.393s] -- Up-to-date: /home/tejas_bhuta/git/drive_to_survive/install/yolo_msg/lib/libyolo_msg__rosidl_generator_c.so
[8.393s] -- Up-to-date: /home/tejas_bhuta/git/drive_to_survive/install/yolo_msg/lib/libyolo_msg__rosidl_typesupport_fastrtps_c.so
[8.398s] -- Up-to-date: /home/tejas_bhuta/git/drive_to_survive/install/yolo_msg/lib/libyolo_msg__rosidl_typesupport_fastrtps_cpp.so
[8.398s] -- Up-to-date: /home/tejas_bhuta/git/drive_to_survive/install/yolo_msg/lib/libyolo_msg__rosidl_typesupport_introspection_c.so
[8.398s] -- Up-to-date: /home/tejas_bhuta/git/drive_to_survive/install/yolo_msg/lib/libyolo_msg__rosidl_typesupport_c.so
[8.400s] -- Up-to-date: /home/tejas_bhuta/git/drive_to_survive/install/yolo_msg/lib/libyolo_msg__rosidl_typesupport_introspection_cpp.so
[8.402s] -- Up-to-date: /home/tejas_bhuta/git/drive_to_survive/install/yolo_msg/lib/libyolo_msg__rosidl_typesupport_cpp.so
[8.640s] Listing '/home/tejas_bhuta/git/drive_to_survive/install/yolo_msg/local/lib/python3.10/dist-packages/yolo_msg'...
[8.640s] Listing '/home/tejas_bhuta/git/drive_to_survive/install/yolo_msg/local/lib/python3.10/dist-packages/yolo_msg/msg'...
[8.705s] -- Up-to-date: /home/tejas_bhuta/git/drive_to_survive/install/yolo_msg/lib/libyolo_msg__rosidl_generator_py.so
[8.708s] -- Up-to-date: /home/tejas_bhuta/git/drive_to_survive/install/yolo_msg/share/yolo_msg/cmake/export_yolo_msg__rosidl_generator_cExport.cmake
[8.708s] -- Up-to-date: /home/tejas_bhuta/git/drive_to_survive/install/yolo_msg/share/yolo_msg/cmake/export_yolo_msg__rosidl_generator_cExport-noconfig.cmake
[8.711s] -- Up-to-date: /home/tejas_bhuta/git/drive_to_survive/install/yolo_msg/share/yolo_msg/cmake/export_yolo_msg__rosidl_typesupport_fastrtps_cExport.cmake
[8.711s] -- Up-to-date: /home/tejas_bhuta/git/drive_to_survive/install/yolo_msg/share/yolo_msg/cmake/export_yolo_msg__rosidl_typesupport_fastrtps_cExport-noconfig.cmake
[8.718s] -- Up-to-date: /home/tejas_bhuta/git/drive_to_survive/install/yolo_msg/share/yolo_msg/cmake/export_yolo_msg__rosidl_generator_cppExport.cmake
[8.720s] -- Up-to-date: /home/tejas_bhuta/git/drive_to_survive/install/yolo_msg/share/yolo_msg/cmake/export_yolo_msg__rosidl_typesupport_fastrtps_cppExport.cmake
[8.721s] -- Up-to-date: /home/tejas_bhuta/git/drive_to_survive/install/yolo_msg/share/yolo_msg/cmake/export_yolo_msg__rosidl_typesupport_fastrtps_cppExport-noconfig.cmake
[8.724s] -- Up-to-date: /home/tejas_bhuta/git/drive_to_survive/install/yolo_msg/share/yolo_msg/cmake/yolo_msg__rosidl_typesupport_introspection_cExport.cmake
[8.724s] -- Up-to-date: /home/tejas_bhuta/git/drive_to_survive/install/yolo_msg/share/yolo_msg/cmake/yolo_msg__rosidl_typesupport_introspection_cExport-noconfig.cmake
[8.726s] -- Up-to-date: /home/tejas_bhuta/git/drive_to_survive/install/yolo_msg/share/yolo_msg/cmake/yolo_msg__rosidl_typesupport_cExport.cmake
[8.726s] -- Up-to-date: /home/tejas_bhuta/git/drive_to_survive/install/yolo_msg/share/yolo_msg/cmake/yolo_msg__rosidl_typesupport_cExport-noconfig.cmake
[8.730s] -- Up-to-date: /home/tejas_bhuta/git/drive_to_survive/install/yolo_msg/share/yolo_msg/cmake/yolo_msg__rosidl_typesupport_introspection_cppExport.cmake
[8.730s] -- Up-to-date: /home/tejas_bhuta/git/drive_to_survive/install/yolo_msg/share/yolo_msg/cmake/yolo_msg__rosidl_typesupport_introspection_cppExport-noconfig.cmake
[8.732s] -- Up-to-date: /home/tejas_bhuta/git/drive_to_survive/install/yolo_msg/share/yolo_msg/cmake/yolo_msg__rosidl_typesupport_cppExport.cmake
[8.733s] -- Up-to-date: /home/tejas_bhuta/git/drive_to_survive/install/yolo_msg/share/yolo_msg/cmake/yolo_msg__rosidl_typesupport_cppExport-noconfig.cmake
[8.736s] -- Up-to-date: /home/tejas_bhuta/git/drive_to_survive/install/yolo_msg/share/yolo_msg/cmake/export_yolo_msg__rosidl_generator_pyExport.cmake
[8.736s] -- Up-to-date: /home/tejas_bhuta/git/drive_to_survive/install/yolo_msg/share/yolo_msg/cmake/export_yolo_msg__rosidl_generator_pyExport-noconfig.cmake
[8.751s] Invoked command in '/home/tejas_bhuta/git/drive_to_survive/build/yolo_msg' returned '0': CMAKE_PREFIX_PATH=${CMAKE_PREFIX_PATH}:/home/tejas_bhuta/git/drive_to_survive/install/observation_space:/home/tejas_bhuta/git/drive_to_survive/install/cluster_puck:/home/tejas_bhuta/git/drive_to_survive/install/audibot_yolo:/home/tejas_bhuta/git/drive_to_survive/install/audibot_teleop_keys:/opt/ros/humble /usr/bin/cmake --install /home/tejas_bhuta/git/drive_to_survive/build/yolo_msg
