running develop
/usr/lib/python3/dist-packages/setuptools/command/easy_install.py:158: EasyInstallDeprecationWarning: easy_install command is deprecated. Use build and pip and other standards-based tools.
  warnings.warn(
running egg_info
creating cluster_puck.egg-info
writing cluster_puck.egg-info/PKG-INFO
writing dependency_links to cluster_puck.egg-info/dependency_links.txt
writing entry points to cluster_puck.egg-info/entry_points.txt
writing requirements to cluster_puck.egg-info/requires.txt
writing top-level names to cluster_puck.egg-info/top_level.txt
writing manifest file 'cluster_puck.egg-info/SOURCES.txt'
reading manifest file 'cluster_puck.egg-info/SOURCES.txt'
writing manifest file 'cluster_puck.egg-info/SOURCES.txt'
running build_ext
Creating /home/tejas_bhuta/git/drive_to_survive/install/cluster_puck/lib/python3.10/site-packages/cluster-puck.egg-link (link to .)
Installing lidar_processing script to /home/tejas_bhuta/git/drive_to_survive/install/cluster_puck/lib/cluster_puck

Installed /home/tejas_bhuta/git/drive_to_survive/build/cluster_puck
running symlink_data
creating /home/tejas_bhuta/git/drive_to_survive/install/cluster_puck/share/ament_index
creating /home/tejas_bhuta/git/drive_to_survive/install/cluster_puck/share/ament_index/resource_index
creating /home/tejas_bhuta/git/drive_to_survive/install/cluster_puck/share/ament_index/resource_index/packages
symbolically linking /home/tejas_bhuta/git/drive_to_survive/build/cluster_puck/resource/cluster_puck -> /home/tejas_bhuta/git/drive_to_survive/install/cluster_puck/share/ament_index/resource_index/packages
symbolically linking /home/tejas_bhuta/git/drive_to_survive/build/cluster_puck/package.xml -> /home/tejas_bhuta/git/drive_to_survive/install/cluster_puck/share/cluster_puck
