[0.058s] Invoking command in '/home/tejas_bhuta/git/drive_to_survive/build/audibot_gazebo': CMAKE_PREFIX_PATH=/home/tejas_bhuta/git/drive_to_survive/install/audibot_description:/home/tejas_bhuta/git/drive_to_survive/install/yolo_msg:/home/tejas_bhuta/git/drive_to_survive/install/gazebo_tf:/home/tejas_bhuta/git/drive_to_survive/install/audibot:/home/tejas_bhuta/git/drive_to_survive/install/audibot_gazebo:/home/tejas_bhuta/git/drive_to_survive/install/audibot_rl_driver:/home/tejas_bhuta/git/drive_to_survive/install/rl_rewards:/home/tejas_bhuta/git/drive_to_survive/install/rl_gym:/home/tejas_bhuta/git/drive_to_survive/install/observation_space:/home/tejas_bhuta/git/drive_to_survive/install/cluster_puck:/home/tejas_bhuta/git/drive_to_survive/install/audibot_yolo:/home/tejas_bhuta/git/drive_to_survive/install/audibot_teleop_keys:/opt/ros/humble /usr/bin/cmake --build /home/tejas_bhuta/git/drive_to_survive/build/audibot_gazebo -- -j16 -l16
[0.257s] [100%] Built target audibot_interface_plugin
[0.278s] Invoked command in '/home/tejas_bhuta/git/drive_to_survive/build/audibot_gazebo' returned '0': CMAKE_PREFIX_PATH=/home/tejas_bhuta/git/drive_to_survive/install/audibot_description:/home/tejas_bhuta/git/drive_to_survive/install/yolo_msg:/home/tejas_bhuta/git/drive_to_survive/install/gazebo_tf:/home/tejas_bhuta/git/drive_to_survive/install/audibot:/home/tejas_bhuta/git/drive_to_survive/install/audibot_gazebo:/home/tejas_bhuta/git/drive_to_survive/install/audibot_rl_driver:/home/tejas_bhuta/git/drive_to_survive/install/rl_rewards:/home/tejas_bhuta/git/drive_to_survive/install/rl_gym:/home/tejas_bhuta/git/drive_to_survive/install/observation_space:/home/tejas_bhuta/git/drive_to_survive/install/cluster_puck:/home/tejas_bhuta/git/drive_to_survive/install/audibot_yolo:/home/tejas_bhuta/git/drive_to_survive/install/audibot_teleop_keys:/opt/ros/humble /usr/bin/cmake --build /home/tejas_bhuta/git/drive_to_survive/build/audibot_gazebo -- -j16 -l16
[0.675s] Invoking command in '/home/tejas_bhuta/git/drive_to_survive/build/audibot_gazebo': CMAKE_PREFIX_PATH=/home/tejas_bhuta/git/drive_to_survive/install/audibot_description:/home/tejas_bhuta/git/drive_to_survive/install/yolo_msg:/home/tejas_bhuta/git/drive_to_survive/install/gazebo_tf:/home/tejas_bhuta/git/drive_to_survive/install/audibot:/home/tejas_bhuta/git/drive_to_survive/install/audibot_gazebo:/home/tejas_bhuta/git/drive_to_survive/install/audibot_rl_driver:/home/tejas_bhuta/git/drive_to_survive/install/rl_rewards:/home/tejas_bhuta/git/drive_to_survive/install/rl_gym:/home/tejas_bhuta/git/drive_to_survive/install/observation_space:/home/tejas_bhuta/git/drive_to_survive/install/cluster_puck:/home/tejas_bhuta/git/drive_to_survive/install/audibot_yolo:/home/tejas_bhuta/git/drive_to_survive/install/audibot_teleop_keys:/opt/ros/humble /usr/bin/cmake --install /home/tejas_bhuta/git/drive_to_survive/build/audibot_gazebo
[0.744s] -- Install configuration: ""
[0.744s] -- Execute custom install script
[0.744s] -- Up-to-date symlink: /home/tejas_bhuta/git/drive_to_survive/install/audibot_gazebo/lib/libaudibot_interface_plugin.so
[0.744s] -- Up-to-date symlink: /home/tejas_bhuta/git/drive_to_survive/install/audibot_gazebo/share/audibot_gazebo/launch/audibot_robot.launch.py
[0.745s] -- Up-to-date symlink: /home/tejas_bhuta/git/drive_to_survive/install/audibot_gazebo/share/audibot_gazebo/launch/single_vehicle_example.launch.py
[0.745s] -- Up-to-date symlink: /home/tejas_bhuta/git/drive_to_survive/install/audibot_gazebo/share/audibot_gazebo/launch/two_vehicle_example.launch.py
[0.746s] -- Up-to-date symlink: /home/tejas_bhuta/git/drive_to_survive/install/audibot_gazebo/share/audibot_gazebo/rviz/single_vehicle_example.rviz
[0.747s] -- Up-to-date symlink: /home/tejas_bhuta/git/drive_to_survive/install/audibot_gazebo/share/audibot_gazebo/rviz/two_vehicle_example.rviz
[0.747s] -- Up-to-date symlink: /home/tejas_bhuta/git/drive_to_survive/install/audibot_gazebo/share/ament_index/resource_index/package_run_dependencies/audibot_gazebo
[0.748s] -- Up-to-date symlink: /home/tejas_bhuta/git/drive_to_survive/install/audibot_gazebo/share/ament_index/resource_index/parent_prefix_path/audibot_gazebo
[0.748s] -- Up-to-date symlink: /home/tejas_bhuta/git/drive_to_survive/install/audibot_gazebo/share/audibot_gazebo/environment/ament_prefix_path.sh
[0.749s] -- Up-to-date symlink: /home/tejas_bhuta/git/drive_to_survive/install/audibot_gazebo/share/audibot_gazebo/environment/ament_prefix_path.dsv
[0.750s] -- Up-to-date symlink: /home/tejas_bhuta/git/drive_to_survive/install/audibot_gazebo/share/audibot_gazebo/environment/path.sh
[0.750s] -- Up-to-date symlink: /home/tejas_bhuta/git/drive_to_survive/install/audibot_gazebo/share/audibot_gazebo/environment/path.dsv
[0.751s] -- Up-to-date symlink: /home/tejas_bhuta/git/drive_to_survive/install/audibot_gazebo/share/audibot_gazebo/local_setup.bash
[0.752s] -- Up-to-date symlink: /home/tejas_bhuta/git/drive_to_survive/install/audibot_gazebo/share/audibot_gazebo/local_setup.sh
[0.752s] -- Up-to-date symlink: /home/tejas_bhuta/git/drive_to_survive/install/audibot_gazebo/share/audibot_gazebo/local_setup.zsh
[0.753s] -- Up-to-date symlink: /home/tejas_bhuta/git/drive_to_survive/install/audibot_gazebo/share/audibot_gazebo/local_setup.dsv
[0.753s] -- Symlinking: /home/tejas_bhuta/git/drive_to_survive/install/audibot_gazebo/share/audibot_gazebo/package.dsv
[0.753s] -- Up-to-date symlink: /home/tejas_bhuta/git/drive_to_survive/install/audibot_gazebo/share/ament_index/resource_index/packages/audibot_gazebo
[0.754s] -- Up-to-date symlink: /home/tejas_bhuta/git/drive_to_survive/install/audibot_gazebo/share/audibot_gazebo/cmake/audibot_gazeboConfig.cmake
[0.755s] -- Up-to-date symlink: /home/tejas_bhuta/git/drive_to_survive/install/audibot_gazebo/share/audibot_gazebo/cmake/audibot_gazeboConfig-version.cmake
[0.755s] -- Up-to-date symlink: /home/tejas_bhuta/git/drive_to_survive/install/audibot_gazebo/share/audibot_gazebo/package.xml
[0.756s] Invoked command in '/home/tejas_bhuta/git/drive_to_survive/build/audibot_gazebo' returned '0': CMAKE_PREFIX_PATH=/home/tejas_bhuta/git/drive_to_survive/install/audibot_description:/home/tejas_bhuta/git/drive_to_survive/install/yolo_msg:/home/tejas_bhuta/git/drive_to_survive/install/gazebo_tf:/home/tejas_bhuta/git/drive_to_survive/install/audibot:/home/tejas_bhuta/git/drive_to_survive/install/audibot_gazebo:/home/tejas_bhuta/git/drive_to_survive/install/audibot_rl_driver:/home/tejas_bhuta/git/drive_to_survive/install/rl_rewards:/home/tejas_bhuta/git/drive_to_survive/install/rl_gym:/home/tejas_bhuta/git/drive_to_survive/install/observation_space:/home/tejas_bhuta/git/drive_to_survive/install/cluster_puck:/home/tejas_bhuta/git/drive_to_survive/install/audibot_yolo:/home/tejas_bhuta/git/drive_to_survive/install/audibot_teleop_keys:/opt/ros/humble /usr/bin/cmake --install /home/tejas_bhuta/git/drive_to_survive/build/audibot_gazebo
