[  2%] Built target yolo_msg__cpp
[  2%] Built target ament_cmake_python_symlink_yolo_msg
[ 12%] Built target yolo_msg__rosidl_generator_c
[ 23%] Built target yolo_msg__rosidl_typesupport_cpp
[ 33%] Built target yolo_msg__rosidl_typesupport_fastrtps_cpp
[ 43%] Built target yolo_msg__rosidl_typesupport_introspection_cpp
[ 53%] Built target yolo_msg__rosidl_typesupport_introspection_c
[ 64%] Built target yolo_msg__rosidl_typesupport_fastrtps_c
[ 74%] Built target yolo_msg__rosidl_typesupport_c
[ 74%] Built target yolo_msg
[ 76%] Built target yolo_msg__py
[ 84%] Built target yolo_msg__rosidl_generator_py
[ 89%] Built target yolo_msg__rosidl_typesupport_fastrtps_c__pyext
[ 94%] Built target yolo_msg__rosidl_typesupport_introspection_c__pyext
[100%] Built target yolo_msg__rosidl_typesupport_c__pyext
running egg_info
writing yolo_msg.egg-info/PKG-INFO
writing dependency_links to yolo_msg.egg-info/dependency_links.txt
writing top-level names to yolo_msg.egg-info/top_level.txt
reading manifest file 'yolo_msg.egg-info/SOURCES.txt'
writing manifest file 'yolo_msg.egg-info/SOURCES.txt'
[100%] Built target ament_cmake_python_build_yolo_msg_egg
-- Install configuration: ""
-- Execute custom install script
-- Up-to-date symlink: /home/tejas_bhuta/git/drive_to_survive/install/yolo_msg/share/ament_index/resource_index/rosidl_interfaces/yolo_msg
-- Up-to-date symlink: /home/tejas_bhuta/git/drive_to_survive/install/yolo_msg/include/yolo_msg/yolo_msg/msg/bounding_box.h
-- Up-to-date symlink: /home/tejas_bhuta/git/drive_to_survive/install/yolo_msg/include/yolo_msg/yolo_msg/msg/detail/bounding_box__functions.h
-- Up-to-date symlink: /home/tejas_bhuta/git/drive_to_survive/install/yolo_msg/include/yolo_msg/yolo_msg/msg/detail/bounding_box__struct.h
-- Up-to-date symlink: /home/tejas_bhuta/git/drive_to_survive/install/yolo_msg/include/yolo_msg/yolo_msg/msg/detail/bounding_box__type_support.h
-- Up-to-date symlink: /home/tejas_bhuta/git/drive_to_survive/install/yolo_msg/include/yolo_msg/yolo_msg/msg/detail/yolo_detections__functions.h
-- Up-to-date symlink: /home/tejas_bhuta/git/drive_to_survive/install/yolo_msg/include/yolo_msg/yolo_msg/msg/detail/yolo_detections__struct.h
-- Up-to-date symlink: /home/tejas_bhuta/git/drive_to_survive/install/yolo_msg/include/yolo_msg/yolo_msg/msg/detail/yolo_detections__type_support.h
-- Up-to-date symlink: /home/tejas_bhuta/git/drive_to_survive/install/yolo_msg/include/yolo_msg/yolo_msg/msg/rosidl_generator_c__visibility_control.h
-- Up-to-date symlink: /home/tejas_bhuta/git/drive_to_survive/install/yolo_msg/include/yolo_msg/yolo_msg/msg/yolo_detections.h
-- Up-to-date symlink: /home/tejas_bhuta/git/drive_to_survive/install/yolo_msg/share/yolo_msg/environment/library_path.sh
-- Up-to-date symlink: /home/tejas_bhuta/git/drive_to_survive/install/yolo_msg/share/yolo_msg/environment/library_path.dsv
-- Up-to-date symlink: /home/tejas_bhuta/git/drive_to_survive/install/yolo_msg/include/yolo_msg/yolo_msg/msg/detail/bounding_box__rosidl_typesupport_fastrtps_c.h
-- Up-to-date symlink: /home/tejas_bhuta/git/drive_to_survive/install/yolo_msg/include/yolo_msg/yolo_msg/msg/detail/yolo_detections__rosidl_typesupport_fastrtps_c.h
-- Up-to-date symlink: /home/tejas_bhuta/git/drive_to_survive/install/yolo_msg/include/yolo_msg/yolo_msg/msg/rosidl_typesupport_fastrtps_c__visibility_control.h
-- Up-to-date symlink: /home/tejas_bhuta/git/drive_to_survive/install/yolo_msg/include/yolo_msg/yolo_msg/msg/bounding_box.hpp
-- Up-to-date symlink: /home/tejas_bhuta/git/drive_to_survive/install/yolo_msg/include/yolo_msg/yolo_msg/msg/detail/bounding_box__builder.hpp
-- Up-to-date symlink: /home/tejas_bhuta/git/drive_to_survive/install/yolo_msg/include/yolo_msg/yolo_msg/msg/detail/bounding_box__struct.hpp
-- Up-to-date symlink: /home/tejas_bhuta/git/drive_to_survive/install/yolo_msg/include/yolo_msg/yolo_msg/msg/detail/bounding_box__traits.hpp
-- Up-to-date symlink: /home/tejas_bhuta/git/drive_to_survive/install/yolo_msg/include/yolo_msg/yolo_msg/msg/detail/yolo_detections__builder.hpp
-- Up-to-date symlink: /home/tejas_bhuta/git/drive_to_survive/install/yolo_msg/include/yolo_msg/yolo_msg/msg/detail/yolo_detections__struct.hpp
-- Up-to-date symlink: /home/tejas_bhuta/git/drive_to_survive/install/yolo_msg/include/yolo_msg/yolo_msg/msg/detail/yolo_detections__traits.hpp
-- Up-to-date symlink: /home/tejas_bhuta/git/drive_to_survive/install/yolo_msg/include/yolo_msg/yolo_msg/msg/yolo_detections.hpp
-- Up-to-date symlink: /home/tejas_bhuta/git/drive_to_survive/install/yolo_msg/include/yolo_msg/yolo_msg/msg/detail/bounding_box__rosidl_typesupport_fastrtps_cpp.hpp
-- Up-to-date symlink: /home/tejas_bhuta/git/drive_to_survive/install/yolo_msg/include/yolo_msg/yolo_msg/msg/detail/yolo_detections__rosidl_typesupport_fastrtps_cpp.hpp
-- Up-to-date symlink: /home/tejas_bhuta/git/drive_to_survive/install/yolo_msg/include/yolo_msg/yolo_msg/msg/rosidl_typesupport_fastrtps_cpp__visibility_control.h
-- Up-to-date symlink: /home/tejas_bhuta/git/drive_to_survive/install/yolo_msg/include/yolo_msg/yolo_msg/msg/detail/bounding_box__rosidl_typesupport_introspection_c.h
-- Up-to-date symlink: /home/tejas_bhuta/git/drive_to_survive/install/yolo_msg/include/yolo_msg/yolo_msg/msg/detail/yolo_detections__rosidl_typesupport_introspection_c.h
-- Up-to-date symlink: /home/tejas_bhuta/git/drive_to_survive/install/yolo_msg/include/yolo_msg/yolo_msg/msg/rosidl_typesupport_introspection_c__visibility_control.h
-- Up-to-date symlink: /home/tejas_bhuta/git/drive_to_survive/install/yolo_msg/include/yolo_msg/yolo_msg/msg/detail/bounding_box__rosidl_typesupport_introspection_cpp.hpp
-- Up-to-date symlink: /home/tejas_bhuta/git/drive_to_survive/install/yolo_msg/include/yolo_msg/yolo_msg/msg/detail/yolo_detections__rosidl_typesupport_introspection_cpp.hpp
-- Up-to-date symlink: /home/tejas_bhuta/git/drive_to_survive/install/yolo_msg/share/yolo_msg/environment/pythonpath.sh
-- Up-to-date symlink: /home/tejas_bhuta/git/drive_to_survive/install/yolo_msg/share/yolo_msg/environment/pythonpath.dsv
-- Up-to-date symlink: /home/tejas_bhuta/git/drive_to_survive/install/yolo_msg/local/lib/python3.10/dist-packages/yolo_msg-0.0.0-py3.10.egg-info/PKG-INFO
-- Up-to-date symlink: /home/tejas_bhuta/git/drive_to_survive/install/yolo_msg/local/lib/python3.10/dist-packages/yolo_msg-0.0.0-py3.10.egg-info/SOURCES.txt
-- Up-to-date symlink: /home/tejas_bhuta/git/drive_to_survive/install/yolo_msg/local/lib/python3.10/dist-packages/yolo_msg-0.0.0-py3.10.egg-info/dependency_links.txt
-- Up-to-date symlink: /home/tejas_bhuta/git/drive_to_survive/install/yolo_msg/local/lib/python3.10/dist-packages/yolo_msg-0.0.0-py3.10.egg-info/top_level.txt
-- Up-to-date symlink: /home/tejas_bhuta/git/drive_to_survive/install/yolo_msg/local/lib/python3.10/dist-packages/yolo_msg/__init__.py
-- Up-to-date symlink: /home/tejas_bhuta/git/drive_to_survive/install/yolo_msg/local/lib/python3.10/dist-packages/yolo_msg/_yolo_msg_s.ep.rosidl_typesupport_c.c
-- Up-to-date symlink: /home/tejas_bhuta/git/drive_to_survive/install/yolo_msg/local/lib/python3.10/dist-packages/yolo_msg/_yolo_msg_s.ep.rosidl_typesupport_fastrtps_c.c
-- Up-to-date symlink: /home/tejas_bhuta/git/drive_to_survive/install/yolo_msg/local/lib/python3.10/dist-packages/yolo_msg/_yolo_msg_s.ep.rosidl_typesupport_introspection_c.c
-- Up-to-date symlink: /home/tejas_bhuta/git/drive_to_survive/install/yolo_msg/local/lib/python3.10/dist-packages/yolo_msg/libyolo_msg__rosidl_generator_py.so
-- Up-to-date symlink: /home/tejas_bhuta/git/drive_to_survive/install/yolo_msg/local/lib/python3.10/dist-packages/yolo_msg/msg/__init__.py
-- Up-to-date symlink: /home/tejas_bhuta/git/drive_to_survive/install/yolo_msg/local/lib/python3.10/dist-packages/yolo_msg/msg/_bounding_box.py
-- Up-to-date symlink: /home/tejas_bhuta/git/drive_to_survive/install/yolo_msg/local/lib/python3.10/dist-packages/yolo_msg/msg/_bounding_box_s.c
-- Up-to-date symlink: /home/tejas_bhuta/git/drive_to_survive/install/yolo_msg/local/lib/python3.10/dist-packages/yolo_msg/msg/_yolo_detections.py
-- Up-to-date symlink: /home/tejas_bhuta/git/drive_to_survive/install/yolo_msg/local/lib/python3.10/dist-packages/yolo_msg/msg/_yolo_detections_s.c
-- Up-to-date symlink: /home/tejas_bhuta/git/drive_to_survive/install/yolo_msg/local/lib/python3.10/dist-packages/yolo_msg/yolo_msg_s__rosidl_typesupport_c.cpython-310-x86_64-linux-gnu.so
-- Up-to-date symlink: /home/tejas_bhuta/git/drive_to_survive/install/yolo_msg/local/lib/python3.10/dist-packages/yolo_msg/yolo_msg_s__rosidl_typesupport_fastrtps_c.cpython-310-x86_64-linux-gnu.so
-- Up-to-date symlink: /home/tejas_bhuta/git/drive_to_survive/install/yolo_msg/local/lib/python3.10/dist-packages/yolo_msg/yolo_msg_s__rosidl_typesupport_introspection_c.cpython-310-x86_64-linux-gnu.so
-- Up-to-date symlink: /home/tejas_bhuta/git/drive_to_survive/install/yolo_msg/local/lib/python3.10/dist-packages/yolo_msg/yolo_msg_s__rosidl_typesupport_fastrtps_c.cpython-310-x86_64-linux-gnu.so
-- Up-to-date symlink: /home/tejas_bhuta/git/drive_to_survive/install/yolo_msg/local/lib/python3.10/dist-packages/yolo_msg/yolo_msg_s__rosidl_typesupport_introspection_c.cpython-310-x86_64-linux-gnu.so
-- Up-to-date symlink: /home/tejas_bhuta/git/drive_to_survive/install/yolo_msg/local/lib/python3.10/dist-packages/yolo_msg/yolo_msg_s__rosidl_typesupport_c.cpython-310-x86_64-linux-gnu.so
-- Up-to-date symlink: /home/tejas_bhuta/git/drive_to_survive/install/yolo_msg/share/yolo_msg/msg/BoundingBox.idl
-- Up-to-date symlink: /home/tejas_bhuta/git/drive_to_survive/install/yolo_msg/share/yolo_msg/msg/YoloDetections.idl
-- Up-to-date symlink: /home/tejas_bhuta/git/drive_to_survive/install/yolo_msg/share/yolo_msg/msg/BoundingBox.msg
-- Up-to-date symlink: /home/tejas_bhuta/git/drive_to_survive/install/yolo_msg/share/yolo_msg/msg/YoloDetections.msg
-- Up-to-date symlink: /home/tejas_bhuta/git/drive_to_survive/install/yolo_msg/share/ament_index/resource_index/package_run_dependencies/yolo_msg
-- Up-to-date symlink: /home/tejas_bhuta/git/drive_to_survive/install/yolo_msg/share/ament_index/resource_index/parent_prefix_path/yolo_msg
-- Up-to-date symlink: /home/tejas_bhuta/git/drive_to_survive/install/yolo_msg/share/yolo_msg/environment/ament_prefix_path.sh
-- Up-to-date symlink: /home/tejas_bhuta/git/drive_to_survive/install/yolo_msg/share/yolo_msg/environment/ament_prefix_path.dsv
-- Up-to-date symlink: /home/tejas_bhuta/git/drive_to_survive/install/yolo_msg/share/yolo_msg/environment/path.sh
-- Up-to-date symlink: /home/tejas_bhuta/git/drive_to_survive/install/yolo_msg/share/yolo_msg/environment/path.dsv
-- Up-to-date symlink: /home/tejas_bhuta/git/drive_to_survive/install/yolo_msg/share/yolo_msg/local_setup.bash
-- Up-to-date symlink: /home/tejas_bhuta/git/drive_to_survive/install/yolo_msg/share/yolo_msg/local_setup.sh
-- Up-to-date symlink: /home/tejas_bhuta/git/drive_to_survive/install/yolo_msg/share/yolo_msg/local_setup.zsh
-- Up-to-date symlink: /home/tejas_bhuta/git/drive_to_survive/install/yolo_msg/share/yolo_msg/local_setup.dsv
-- Symlinking: /home/tejas_bhuta/git/drive_to_survive/install/yolo_msg/share/yolo_msg/package.dsv
-- Up-to-date symlink: /home/tejas_bhuta/git/drive_to_survive/install/yolo_msg/share/ament_index/resource_index/packages/yolo_msg
-- Up-to-date symlink: /home/tejas_bhuta/git/drive_to_survive/install/yolo_msg/share/yolo_msg/cmake/rosidl_cmake-extras.cmake
-- Up-to-date symlink: /home/tejas_bhuta/git/drive_to_survive/install/yolo_msg/share/yolo_msg/cmake/ament_cmake_export_dependencies-extras.cmake
-- Up-to-date symlink: /home/tejas_bhuta/git/drive_to_survive/install/yolo_msg/share/yolo_msg/cmake/ament_cmake_export_include_directories-extras.cmake
-- Up-to-date symlink: /home/tejas_bhuta/git/drive_to_survive/install/yolo_msg/share/yolo_msg/cmake/ament_cmake_export_libraries-extras.cmake
-- Up-to-date symlink: /home/tejas_bhuta/git/drive_to_survive/install/yolo_msg/share/yolo_msg/cmake/ament_cmake_export_targets-extras.cmake
-- Up-to-date symlink: /home/tejas_bhuta/git/drive_to_survive/install/yolo_msg/share/yolo_msg/cmake/rosidl_cmake_export_typesupport_targets-extras.cmake
-- Up-to-date symlink: /home/tejas_bhuta/git/drive_to_survive/install/yolo_msg/share/yolo_msg/cmake/rosidl_cmake_export_typesupport_libraries-extras.cmake
-- Up-to-date symlink: /home/tejas_bhuta/git/drive_to_survive/install/yolo_msg/share/yolo_msg/cmake/yolo_msgConfig.cmake
-- Up-to-date symlink: /home/tejas_bhuta/git/drive_to_survive/install/yolo_msg/share/yolo_msg/cmake/yolo_msgConfig-version.cmake
-- Up-to-date symlink: /home/tejas_bhuta/git/drive_to_survive/install/yolo_msg/share/yolo_msg/package.xml
-- Up-to-date: /home/tejas_bhuta/git/drive_to_survive/install/yolo_msg/lib/libyolo_msg__rosidl_generator_c.so
-- Up-to-date: /home/tejas_bhuta/git/drive_to_survive/install/yolo_msg/lib/libyolo_msg__rosidl_typesupport_fastrtps_c.so
-- Up-to-date: /home/tejas_bhuta/git/drive_to_survive/install/yolo_msg/lib/libyolo_msg__rosidl_typesupport_fastrtps_cpp.so
-- Up-to-date: /home/tejas_bhuta/git/drive_to_survive/install/yolo_msg/lib/libyolo_msg__rosidl_typesupport_introspection_c.so
-- Up-to-date: /home/tejas_bhuta/git/drive_to_survive/install/yolo_msg/lib/libyolo_msg__rosidl_typesupport_c.so
-- Up-to-date: /home/tejas_bhuta/git/drive_to_survive/install/yolo_msg/lib/libyolo_msg__rosidl_typesupport_introspection_cpp.so
-- Up-to-date: /home/tejas_bhuta/git/drive_to_survive/install/yolo_msg/lib/libyolo_msg__rosidl_typesupport_cpp.so
Listing '/home/tejas_bhuta/git/drive_to_survive/install/yolo_msg/local/lib/python3.10/dist-packages/yolo_msg'...
Listing '/home/tejas_bhuta/git/drive_to_survive/install/yolo_msg/local/lib/python3.10/dist-packages/yolo_msg/msg'...
-- Up-to-date: /home/tejas_bhuta/git/drive_to_survive/install/yolo_msg/lib/libyolo_msg__rosidl_generator_py.so
-- Up-to-date: /home/tejas_bhuta/git/drive_to_survive/install/yolo_msg/share/yolo_msg/cmake/export_yolo_msg__rosidl_generator_cExport.cmake
-- Up-to-date: /home/tejas_bhuta/git/drive_to_survive/install/yolo_msg/share/yolo_msg/cmake/export_yolo_msg__rosidl_generator_cExport-noconfig.cmake
-- Up-to-date: /home/tejas_bhuta/git/drive_to_survive/install/yolo_msg/share/yolo_msg/cmake/export_yolo_msg__rosidl_typesupport_fastrtps_cExport.cmake
-- Up-to-date: /home/tejas_bhuta/git/drive_to_survive/install/yolo_msg/share/yolo_msg/cmake/export_yolo_msg__rosidl_typesupport_fastrtps_cExport-noconfig.cmake
-- Up-to-date: /home/tejas_bhuta/git/drive_to_survive/install/yolo_msg/share/yolo_msg/cmake/export_yolo_msg__rosidl_generator_cppExport.cmake
-- Up-to-date: /home/tejas_bhuta/git/drive_to_survive/install/yolo_msg/share/yolo_msg/cmake/export_yolo_msg__rosidl_typesupport_fastrtps_cppExport.cmake
-- Up-to-date: /home/tejas_bhuta/git/drive_to_survive/install/yolo_msg/share/yolo_msg/cmake/export_yolo_msg__rosidl_typesupport_fastrtps_cppExport-noconfig.cmake
-- Up-to-date: /home/tejas_bhuta/git/drive_to_survive/install/yolo_msg/share/yolo_msg/cmake/yolo_msg__rosidl_typesupport_introspection_cExport.cmake
-- Up-to-date: /home/tejas_bhuta/git/drive_to_survive/install/yolo_msg/share/yolo_msg/cmake/yolo_msg__rosidl_typesupport_introspection_cExport-noconfig.cmake
-- Up-to-date: /home/tejas_bhuta/git/drive_to_survive/install/yolo_msg/share/yolo_msg/cmake/yolo_msg__rosidl_typesupport_cExport.cmake
-- Up-to-date: /home/tejas_bhuta/git/drive_to_survive/install/yolo_msg/share/yolo_msg/cmake/yolo_msg__rosidl_typesupport_cExport-noconfig.cmake
-- Up-to-date: /home/tejas_bhuta/git/drive_to_survive/install/yolo_msg/share/yolo_msg/cmake/yolo_msg__rosidl_typesupport_introspection_cppExport.cmake
-- Up-to-date: /home/tejas_bhuta/git/drive_to_survive/install/yolo_msg/share/yolo_msg/cmake/yolo_msg__rosidl_typesupport_introspection_cppExport-noconfig.cmake
-- Up-to-date: /home/tejas_bhuta/git/drive_to_survive/install/yolo_msg/share/yolo_msg/cmake/yolo_msg__rosidl_typesupport_cppExport.cmake
-- Up-to-date: /home/tejas_bhuta/git/drive_to_survive/install/yolo_msg/share/yolo_msg/cmake/yolo_msg__rosidl_typesupport_cppExport-noconfig.cmake
-- Up-to-date: /home/tejas_bhuta/git/drive_to_survive/install/yolo_msg/share/yolo_msg/cmake/export_yolo_msg__rosidl_generator_pyExport.cmake
-- Up-to-date: /home/tejas_bhuta/git/drive_to_survive/install/yolo_msg/share/yolo_msg/cmake/export_yolo_msg__rosidl_generator_pyExport-noconfig.cmake
