[0.101s] Invoking command in '/home/tejas_bhuta/git/drive_to_survive/build/yolo_msg': CMAKE_PREFIX_PATH=${CMAKE_PREFIX_PATH}:/home/tejas_bhuta/git/drive_to_survive/install/audibot_rl_driver:/home/tejas_bhuta/git/drive_to_survive/install/rl_rewards:/home/tejas_bhuta/git/drive_to_survive/install/rl_gym:/home/tejas_bhuta/git/drive_to_survive/install/observation_space:/home/tejas_bhuta/git/drive_to_survive/install/cluster_puck:/home/tejas_bhuta/git/drive_to_survive/install/audibot_yolo:/home/tejas_bhuta/git/drive_to_survive/install/audibot_teleop_keys:/opt/ros/humble /usr/bin/cmake --build /home/tejas_bhuta/git/drive_to_survive/build/yolo_msg -- -j16 -l16
[2.115s] [  2%] Built target yolo_msg__cpp
[2.116s] [  2%] Built target ament_cmake_python_symlink_yolo_msg
[2.116s] [ 12%] Built target yolo_msg__rosidl_generator_c
[2.116s] [ 23%] Built target yolo_msg__rosidl_typesupport_cpp
[2.116s] [ 33%] Built target yolo_msg__rosidl_typesupport_fastrtps_cpp
[2.116s] [ 43%] Built target yolo_msg__rosidl_typesupport_introspection_cpp
[2.117s] [ 53%] Built target yolo_msg__rosidl_typesupport_introspection_c
[2.117s] [ 64%] Built target yolo_msg__rosidl_typesupport_fastrtps_c
[2.117s] [ 74%] Built target yolo_msg__rosidl_typesupport_c
[2.117s] [ 74%] Built target yolo_msg
[2.118s] [ 76%] Built target yolo_msg__py
[2.119s] [ 84%] Built target yolo_msg__rosidl_generator_py
[2.119s] [ 89%] Built target yolo_msg__rosidl_typesupport_fastrtps_c__pyext
[2.120s] [ 94%] Built target yolo_msg__rosidl_typesupport_introspection_c__pyext
[2.120s] [100%] Built target yolo_msg__rosidl_typesupport_c__pyext
[2.120s] running egg_info
[2.120s] writing yolo_msg.egg-info/PKG-INFO
[2.120s] writing dependency_links to yolo_msg.egg-info/dependency_links.txt
[2.120s] writing top-level names to yolo_msg.egg-info/top_level.txt
[2.120s] reading manifest file 'yolo_msg.egg-info/SOURCES.txt'
[2.121s] writing manifest file 'yolo_msg.egg-info/SOURCES.txt'
[2.121s] [100%] Built target ament_cmake_python_build_yolo_msg_egg
[2.127s] Invoked command in '/home/tejas_bhuta/git/drive_to_survive/build/yolo_msg' returned '0': CMAKE_PREFIX_PATH=${CMAKE_PREFIX_PATH}:/home/tejas_bhuta/git/drive_to_survive/install/audibot_rl_driver:/home/tejas_bhuta/git/drive_to_survive/install/rl_rewards:/home/tejas_bhuta/git/drive_to_survive/install/rl_gym:/home/tejas_bhuta/git/drive_to_survive/install/observation_space:/home/tejas_bhuta/git/drive_to_survive/install/cluster_puck:/home/tejas_bhuta/git/drive_to_survive/install/audibot_yolo:/home/tejas_bhuta/git/drive_to_survive/install/audibot_teleop_keys:/opt/ros/humble /usr/bin/cmake --build /home/tejas_bhuta/git/drive_to_survive/build/yolo_msg -- -j16 -l16
[2.348s] Invoking command in '/home/tejas_bhuta/git/drive_to_survive/build/yolo_msg': CMAKE_PREFIX_PATH=${CMAKE_PREFIX_PATH}:/home/tejas_bhuta/git/drive_to_survive/install/audibot_rl_driver:/home/tejas_bhuta/git/drive_to_survive/install/rl_rewards:/home/tejas_bhuta/git/drive_to_survive/install/rl_gym:/home/tejas_bhuta/git/drive_to_survive/install/observation_space:/home/tejas_bhuta/git/drive_to_survive/install/cluster_puck:/home/tejas_bhuta/git/drive_to_survive/install/audibot_yolo:/home/tejas_bhuta/git/drive_to_survive/install/audibot_teleop_keys:/opt/ros/humble /usr/bin/cmake --install /home/tejas_bhuta/git/drive_to_survive/build/yolo_msg
[2.360s] -- Install configuration: ""
[2.363s] -- Execute custom install script
[2.363s] -- Up-to-date symlink: /home/tejas_bhuta/git/drive_to_survive/install/yolo_msg/share/ament_index/resource_index/rosidl_interfaces/yolo_msg
[2.367s] -- Up-to-date symlink: /home/tejas_bhuta/git/drive_to_survive/install/yolo_msg/include/yolo_msg/yolo_msg/msg/bounding_box.h
[2.369s] -- Up-to-date symlink: /home/tejas_bhuta/git/drive_to_survive/install/yolo_msg/include/yolo_msg/yolo_msg/msg/detail/bounding_box__functions.h
[2.370s] -- Up-to-date symlink: /home/tejas_bhuta/git/drive_to_survive/install/yolo_msg/include/yolo_msg/yolo_msg/msg/detail/bounding_box__struct.h
[2.370s] -- Up-to-date symlink: /home/tejas_bhuta/git/drive_to_survive/install/yolo_msg/include/yolo_msg/yolo_msg/msg/detail/bounding_box__type_support.h
[2.371s] -- Up-to-date symlink: /home/tejas_bhuta/git/drive_to_survive/install/yolo_msg/include/yolo_msg/yolo_msg/msg/detail/yolo_detections__functions.h
[2.371s] -- Up-to-date symlink: /home/tejas_bhuta/git/drive_to_survive/install/yolo_msg/include/yolo_msg/yolo_msg/msg/detail/yolo_detections__struct.h
[2.372s] -- Up-to-date symlink: /home/tejas_bhuta/git/drive_to_survive/install/yolo_msg/include/yolo_msg/yolo_msg/msg/detail/yolo_detections__type_support.h
[2.372s] -- Up-to-date symlink: /home/tejas_bhuta/git/drive_to_survive/install/yolo_msg/include/yolo_msg/yolo_msg/msg/rosidl_generator_c__visibility_control.h
[2.372s] -- Up-to-date symlink: /home/tejas_bhuta/git/drive_to_survive/install/yolo_msg/include/yolo_msg/yolo_msg/msg/yolo_detections.h
[2.373s] -- Up-to-date symlink: /home/tejas_bhuta/git/drive_to_survive/install/yolo_msg/share/yolo_msg/environment/library_path.sh
[2.373s] -- Up-to-date symlink: /home/tejas_bhuta/git/drive_to_survive/install/yolo_msg/share/yolo_msg/environment/library_path.dsv
[2.375s] -- Up-to-date symlink: /home/tejas_bhuta/git/drive_to_survive/install/yolo_msg/include/yolo_msg/yolo_msg/msg/detail/bounding_box__rosidl_typesupport_fastrtps_c.h
[2.375s] -- Up-to-date symlink: /home/tejas_bhuta/git/drive_to_survive/install/yolo_msg/include/yolo_msg/yolo_msg/msg/detail/yolo_detections__rosidl_typesupport_fastrtps_c.h
[2.375s] -- Up-to-date symlink: /home/tejas_bhuta/git/drive_to_survive/install/yolo_msg/include/yolo_msg/yolo_msg/msg/rosidl_typesupport_fastrtps_c__visibility_control.h
[2.379s] -- Up-to-date symlink: /home/tejas_bhuta/git/drive_to_survive/install/yolo_msg/include/yolo_msg/yolo_msg/msg/bounding_box.hpp
[2.379s] -- Up-to-date symlink: /home/tejas_bhuta/git/drive_to_survive/install/yolo_msg/include/yolo_msg/yolo_msg/msg/detail/bounding_box__builder.hpp
[2.380s] -- Up-to-date symlink: /home/tejas_bhuta/git/drive_to_survive/install/yolo_msg/include/yolo_msg/yolo_msg/msg/detail/bounding_box__struct.hpp
[2.380s] -- Up-to-date symlink: /home/tejas_bhuta/git/drive_to_survive/install/yolo_msg/include/yolo_msg/yolo_msg/msg/detail/bounding_box__traits.hpp
[2.381s] -- Up-to-date symlink: /home/tejas_bhuta/git/drive_to_survive/install/yolo_msg/include/yolo_msg/yolo_msg/msg/detail/yolo_detections__builder.hpp
[2.382s] -- Up-to-date symlink: /home/tejas_bhuta/git/drive_to_survive/install/yolo_msg/include/yolo_msg/yolo_msg/msg/detail/yolo_detections__struct.hpp
[2.382s] -- Up-to-date symlink: /home/tejas_bhuta/git/drive_to_survive/install/yolo_msg/include/yolo_msg/yolo_msg/msg/detail/yolo_detections__traits.hpp
[2.383s] -- Up-to-date symlink: /home/tejas_bhuta/git/drive_to_survive/install/yolo_msg/include/yolo_msg/yolo_msg/msg/yolo_detections.hpp
[2.384s] -- Up-to-date symlink: /home/tejas_bhuta/git/drive_to_survive/install/yolo_msg/include/yolo_msg/yolo_msg/msg/detail/bounding_box__rosidl_typesupport_fastrtps_cpp.hpp
[2.385s] -- Up-to-date symlink: /home/tejas_bhuta/git/drive_to_survive/install/yolo_msg/include/yolo_msg/yolo_msg/msg/detail/yolo_detections__rosidl_typesupport_fastrtps_cpp.hpp
[2.387s] -- Up-to-date symlink: /home/tejas_bhuta/git/drive_to_survive/install/yolo_msg/include/yolo_msg/yolo_msg/msg/rosidl_typesupport_fastrtps_cpp__visibility_control.h
[2.387s] -- Up-to-date symlink: /home/tejas_bhuta/git/drive_to_survive/install/yolo_msg/include/yolo_msg/yolo_msg/msg/detail/bounding_box__rosidl_typesupport_introspection_c.h
[2.387s] -- Up-to-date symlink: /home/tejas_bhuta/git/drive_to_survive/install/yolo_msg/include/yolo_msg/yolo_msg/msg/detail/yolo_detections__rosidl_typesupport_introspection_c.h
[2.388s] -- Up-to-date symlink: /home/tejas_bhuta/git/drive_to_survive/install/yolo_msg/include/yolo_msg/yolo_msg/msg/rosidl_typesupport_introspection_c__visibility_control.h
[2.388s] -- Up-to-date symlink: /home/tejas_bhuta/git/drive_to_survive/install/yolo_msg/include/yolo_msg/yolo_msg/msg/detail/bounding_box__rosidl_typesupport_introspection_cpp.hpp
[2.389s] -- Up-to-date symlink: /home/tejas_bhuta/git/drive_to_survive/install/yolo_msg/include/yolo_msg/yolo_msg/msg/detail/yolo_detections__rosidl_typesupport_introspection_cpp.hpp
[2.389s] -- Up-to-date symlink: /home/tejas_bhuta/git/drive_to_survive/install/yolo_msg/share/yolo_msg/environment/pythonpath.sh
[2.390s] -- Up-to-date symlink: /home/tejas_bhuta/git/drive_to_survive/install/yolo_msg/share/yolo_msg/environment/pythonpath.dsv
[2.391s] -- Up-to-date symlink: /home/tejas_bhuta/git/drive_to_survive/install/yolo_msg/local/lib/python3.10/dist-packages/yolo_msg-0.0.0-py3.10.egg-info/PKG-INFO
[2.391s] -- Up-to-date symlink: /home/tejas_bhuta/git/drive_to_survive/install/yolo_msg/local/lib/python3.10/dist-packages/yolo_msg-0.0.0-py3.10.egg-info/SOURCES.txt
[2.391s] -- Up-to-date symlink: /home/tejas_bhuta/git/drive_to_survive/install/yolo_msg/local/lib/python3.10/dist-packages/yolo_msg-0.0.0-py3.10.egg-info/dependency_links.txt
[2.392s] -- Up-to-date symlink: /home/tejas_bhuta/git/drive_to_survive/install/yolo_msg/local/lib/python3.10/dist-packages/yolo_msg-0.0.0-py3.10.egg-info/top_level.txt
[2.393s] -- Up-to-date symlink: /home/tejas_bhuta/git/drive_to_survive/install/yolo_msg/local/lib/python3.10/dist-packages/yolo_msg/__init__.py
[2.393s] -- Up-to-date symlink: /home/tejas_bhuta/git/drive_to_survive/install/yolo_msg/local/lib/python3.10/dist-packages/yolo_msg/_yolo_msg_s.ep.rosidl_typesupport_c.c
[2.393s] -- Up-to-date symlink: /home/tejas_bhuta/git/drive_to_survive/install/yolo_msg/local/lib/python3.10/dist-packages/yolo_msg/_yolo_msg_s.ep.rosidl_typesupport_fastrtps_c.c
[2.393s] -- Up-to-date symlink: /home/tejas_bhuta/git/drive_to_survive/install/yolo_msg/local/lib/python3.10/dist-packages/yolo_msg/_yolo_msg_s.ep.rosidl_typesupport_introspection_c.c
[2.394s] -- Up-to-date symlink: /home/tejas_bhuta/git/drive_to_survive/install/yolo_msg/local/lib/python3.10/dist-packages/yolo_msg/libyolo_msg__rosidl_generator_py.so
[2.395s] -- Up-to-date symlink: /home/tejas_bhuta/git/drive_to_survive/install/yolo_msg/local/lib/python3.10/dist-packages/yolo_msg/msg/__init__.py
[2.395s] -- Up-to-date symlink: /home/tejas_bhuta/git/drive_to_survive/install/yolo_msg/local/lib/python3.10/dist-packages/yolo_msg/msg/_bounding_box.py
[2.395s] -- Up-to-date symlink: /home/tejas_bhuta/git/drive_to_survive/install/yolo_msg/local/lib/python3.10/dist-packages/yolo_msg/msg/_bounding_box_s.c
[2.395s] -- Up-to-date symlink: /home/tejas_bhuta/git/drive_to_survive/install/yolo_msg/local/lib/python3.10/dist-packages/yolo_msg/msg/_yolo_detections.py
[2.395s] -- Up-to-date symlink: /home/tejas_bhuta/git/drive_to_survive/install/yolo_msg/local/lib/python3.10/dist-packages/yolo_msg/msg/_yolo_detections_s.c
[2.396s] -- Up-to-date symlink: /home/tejas_bhuta/git/drive_to_survive/install/yolo_msg/local/lib/python3.10/dist-packages/yolo_msg/yolo_msg_s__rosidl_typesupport_c.cpython-310-x86_64-linux-gnu.so
[2.396s] -- Up-to-date symlink: /home/tejas_bhuta/git/drive_to_survive/install/yolo_msg/local/lib/python3.10/dist-packages/yolo_msg/yolo_msg_s__rosidl_typesupport_fastrtps_c.cpython-310-x86_64-linux-gnu.so
[2.397s] -- Up-to-date symlink: /home/tejas_bhuta/git/drive_to_survive/install/yolo_msg/local/lib/python3.10/dist-packages/yolo_msg/yolo_msg_s__rosidl_typesupport_introspection_c.cpython-310-x86_64-linux-gnu.so
[2.397s] -- Up-to-date symlink: /home/tejas_bhuta/git/drive_to_survive/install/yolo_msg/local/lib/python3.10/dist-packages/yolo_msg/yolo_msg_s__rosidl_typesupport_fastrtps_c.cpython-310-x86_64-linux-gnu.so
[2.397s] -- Up-to-date symlink: /home/tejas_bhuta/git/drive_to_survive/install/yolo_msg/local/lib/python3.10/dist-packages/yolo_msg/yolo_msg_s__rosidl_typesupport_introspection_c.cpython-310-x86_64-linux-gnu.so
[2.399s] -- Up-to-date symlink: /home/tejas_bhuta/git/drive_to_survive/install/yolo_msg/local/lib/python3.10/dist-packages/yolo_msg/yolo_msg_s__rosidl_typesupport_c.cpython-310-x86_64-linux-gnu.so
[2.400s] -- Up-to-date symlink: /home/tejas_bhuta/git/drive_to_survive/install/yolo_msg/share/yolo_msg/msg/BoundingBox.idl
[2.401s] -- Up-to-date symlink: /home/tejas_bhuta/git/drive_to_survive/install/yolo_msg/share/yolo_msg/msg/YoloDetections.idl
[2.402s] -- Up-to-date symlink: /home/tejas_bhuta/git/drive_to_survive/install/yolo_msg/share/yolo_msg/msg/BoundingBox.msg
[2.405s] -- Up-to-date symlink: /home/tejas_bhuta/git/drive_to_survive/install/yolo_msg/share/yolo_msg/msg/YoloDetections.msg
[2.405s] -- Up-to-date symlink: /home/tejas_bhuta/git/drive_to_survive/install/yolo_msg/share/ament_index/resource_index/package_run_dependencies/yolo_msg
[2.406s] -- Up-to-date symlink: /home/tejas_bhuta/git/drive_to_survive/install/yolo_msg/share/ament_index/resource_index/parent_prefix_path/yolo_msg
[2.407s] -- Up-to-date symlink: /home/tejas_bhuta/git/drive_to_survive/install/yolo_msg/share/yolo_msg/environment/ament_prefix_path.sh
[2.411s] -- Up-to-date symlink: /home/tejas_bhuta/git/drive_to_survive/install/yolo_msg/share/yolo_msg/environment/ament_prefix_path.dsv
[2.412s] -- Up-to-date symlink: /home/tejas_bhuta/git/drive_to_survive/install/yolo_msg/share/yolo_msg/environment/path.sh
[2.412s] -- Up-to-date symlink: /home/tejas_bhuta/git/drive_to_survive/install/yolo_msg/share/yolo_msg/environment/path.dsv
[2.412s] -- Up-to-date symlink: /home/tejas_bhuta/git/drive_to_survive/install/yolo_msg/share/yolo_msg/local_setup.bash
[2.413s] -- Up-to-date symlink: /home/tejas_bhuta/git/drive_to_survive/install/yolo_msg/share/yolo_msg/local_setup.sh
[2.413s] -- Up-to-date symlink: /home/tejas_bhuta/git/drive_to_survive/install/yolo_msg/share/yolo_msg/local_setup.zsh
[2.414s] -- Up-to-date symlink: /home/tejas_bhuta/git/drive_to_survive/install/yolo_msg/share/yolo_msg/local_setup.dsv
[2.414s] -- Symlinking: /home/tejas_bhuta/git/drive_to_survive/install/yolo_msg/share/yolo_msg/package.dsv
[2.415s] -- Up-to-date symlink: /home/tejas_bhuta/git/drive_to_survive/install/yolo_msg/share/ament_index/resource_index/packages/yolo_msg
[2.415s] -- Up-to-date symlink: /home/tejas_bhuta/git/drive_to_survive/install/yolo_msg/share/yolo_msg/cmake/rosidl_cmake-extras.cmake
[2.417s] -- Up-to-date symlink: /home/tejas_bhuta/git/drive_to_survive/install/yolo_msg/share/yolo_msg/cmake/ament_cmake_export_dependencies-extras.cmake
[2.417s] -- Up-to-date symlink: /home/tejas_bhuta/git/drive_to_survive/install/yolo_msg/share/yolo_msg/cmake/ament_cmake_export_include_directories-extras.cmake
[2.418s] -- Up-to-date symlink: /home/tejas_bhuta/git/drive_to_survive/install/yolo_msg/share/yolo_msg/cmake/ament_cmake_export_libraries-extras.cmake
[2.418s] -- Up-to-date symlink: /home/tejas_bhuta/git/drive_to_survive/install/yolo_msg/share/yolo_msg/cmake/ament_cmake_export_targets-extras.cmake
[2.419s] -- Up-to-date symlink: /home/tejas_bhuta/git/drive_to_survive/install/yolo_msg/share/yolo_msg/cmake/rosidl_cmake_export_typesupport_targets-extras.cmake
[2.419s] -- Up-to-date symlink: /home/tejas_bhuta/git/drive_to_survive/install/yolo_msg/share/yolo_msg/cmake/rosidl_cmake_export_typesupport_libraries-extras.cmake
[2.420s] -- Up-to-date symlink: /home/tejas_bhuta/git/drive_to_survive/install/yolo_msg/share/yolo_msg/cmake/yolo_msgConfig.cmake
[2.420s] -- Up-to-date symlink: /home/tejas_bhuta/git/drive_to_survive/install/yolo_msg/share/yolo_msg/cmake/yolo_msgConfig-version.cmake
[2.421s] -- Up-to-date symlink: /home/tejas_bhuta/git/drive_to_survive/install/yolo_msg/share/yolo_msg/package.xml
[2.421s] -- Up-to-date: /home/tejas_bhuta/git/drive_to_survive/install/yolo_msg/lib/libyolo_msg__rosidl_generator_c.so
[2.422s] -- Up-to-date: /home/tejas_bhuta/git/drive_to_survive/install/yolo_msg/lib/libyolo_msg__rosidl_typesupport_fastrtps_c.so
[2.423s] -- Up-to-date: /home/tejas_bhuta/git/drive_to_survive/install/yolo_msg/lib/libyolo_msg__rosidl_typesupport_fastrtps_cpp.so
[2.423s] -- Up-to-date: /home/tejas_bhuta/git/drive_to_survive/install/yolo_msg/lib/libyolo_msg__rosidl_typesupport_introspection_c.so
[2.423s] -- Up-to-date: /home/tejas_bhuta/git/drive_to_survive/install/yolo_msg/lib/libyolo_msg__rosidl_typesupport_c.so
[2.423s] -- Up-to-date: /home/tejas_bhuta/git/drive_to_survive/install/yolo_msg/lib/libyolo_msg__rosidl_typesupport_introspection_cpp.so
[2.423s] -- Up-to-date: /home/tejas_bhuta/git/drive_to_survive/install/yolo_msg/lib/libyolo_msg__rosidl_typesupport_cpp.so
[2.464s] Listing '/home/tejas_bhuta/git/drive_to_survive/install/yolo_msg/local/lib/python3.10/dist-packages/yolo_msg'...
[2.466s] Listing '/home/tejas_bhuta/git/drive_to_survive/install/yolo_msg/local/lib/python3.10/dist-packages/yolo_msg/msg'...
[2.469s] -- Up-to-date: /home/tejas_bhuta/git/drive_to_survive/install/yolo_msg/lib/libyolo_msg__rosidl_generator_py.so
[2.471s] -- Up-to-date: /home/tejas_bhuta/git/drive_to_survive/install/yolo_msg/share/yolo_msg/cmake/export_yolo_msg__rosidl_generator_cExport.cmake
[2.471s] -- Up-to-date: /home/tejas_bhuta/git/drive_to_survive/install/yolo_msg/share/yolo_msg/cmake/export_yolo_msg__rosidl_generator_cExport-noconfig.cmake
[2.475s] -- Up-to-date: /home/tejas_bhuta/git/drive_to_survive/install/yolo_msg/share/yolo_msg/cmake/export_yolo_msg__rosidl_typesupport_fastrtps_cExport.cmake
[2.476s] -- Up-to-date: /home/tejas_bhuta/git/drive_to_survive/install/yolo_msg/share/yolo_msg/cmake/export_yolo_msg__rosidl_typesupport_fastrtps_cExport-noconfig.cmake
[2.476s] -- Up-to-date: /home/tejas_bhuta/git/drive_to_survive/install/yolo_msg/share/yolo_msg/cmake/export_yolo_msg__rosidl_generator_cppExport.cmake
[2.476s] -- Up-to-date: /home/tejas_bhuta/git/drive_to_survive/install/yolo_msg/share/yolo_msg/cmake/export_yolo_msg__rosidl_typesupport_fastrtps_cppExport.cmake
[2.477s] -- Up-to-date: /home/tejas_bhuta/git/drive_to_survive/install/yolo_msg/share/yolo_msg/cmake/export_yolo_msg__rosidl_typesupport_fastrtps_cppExport-noconfig.cmake
[2.478s] -- Up-to-date: /home/tejas_bhuta/git/drive_to_survive/install/yolo_msg/share/yolo_msg/cmake/yolo_msg__rosidl_typesupport_introspection_cExport.cmake
[2.478s] -- Up-to-date: /home/tejas_bhuta/git/drive_to_survive/install/yolo_msg/share/yolo_msg/cmake/yolo_msg__rosidl_typesupport_introspection_cExport-noconfig.cmake
[2.480s] -- Up-to-date: /home/tejas_bhuta/git/drive_to_survive/install/yolo_msg/share/yolo_msg/cmake/yolo_msg__rosidl_typesupport_cExport.cmake
[2.480s] -- Up-to-date: /home/tejas_bhuta/git/drive_to_survive/install/yolo_msg/share/yolo_msg/cmake/yolo_msg__rosidl_typesupport_cExport-noconfig.cmake
[2.481s] -- Up-to-date: /home/tejas_bhuta/git/drive_to_survive/install/yolo_msg/share/yolo_msg/cmake/yolo_msg__rosidl_typesupport_introspection_cppExport.cmake
[2.481s] -- Up-to-date: /home/tejas_bhuta/git/drive_to_survive/install/yolo_msg/share/yolo_msg/cmake/yolo_msg__rosidl_typesupport_introspection_cppExport-noconfig.cmake
[2.481s] -- Up-to-date: /home/tejas_bhuta/git/drive_to_survive/install/yolo_msg/share/yolo_msg/cmake/yolo_msg__rosidl_typesupport_cppExport.cmake
[2.482s] -- Up-to-date: /home/tejas_bhuta/git/drive_to_survive/install/yolo_msg/share/yolo_msg/cmake/yolo_msg__rosidl_typesupport_cppExport-noconfig.cmake
[2.482s] -- Up-to-date: /home/tejas_bhuta/git/drive_to_survive/install/yolo_msg/share/yolo_msg/cmake/export_yolo_msg__rosidl_generator_pyExport.cmake
[2.483s] -- Up-to-date: /home/tejas_bhuta/git/drive_to_survive/install/yolo_msg/share/yolo_msg/cmake/export_yolo_msg__rosidl_generator_pyExport-noconfig.cmake
[2.498s] Invoked command in '/home/tejas_bhuta/git/drive_to_survive/build/yolo_msg' returned '0': CMAKE_PREFIX_PATH=${CMAKE_PREFIX_PATH}:/home/tejas_bhuta/git/drive_to_survive/install/audibot_rl_driver:/home/tejas_bhuta/git/drive_to_survive/install/rl_rewards:/home/tejas_bhuta/git/drive_to_survive/install/rl_gym:/home/tejas_bhuta/git/drive_to_survive/install/observation_space:/home/tejas_bhuta/git/drive_to_survive/install/cluster_puck:/home/tejas_bhuta/git/drive_to_survive/install/audibot_yolo:/home/tejas_bhuta/git/drive_to_survive/install/audibot_teleop_keys:/opt/ros/humble /usr/bin/cmake --install /home/tejas_bhuta/git/drive_to_survive/build/yolo_msg
