[0.332s] DEBUG:colcon:Command line arguments: ['/usr/bin/colcon', 'build', '--packages-select', 'audibot_rl_driver']
[0.332s] DEBUG:colcon:Parsed command line arguments: Namespace(log_base=None, log_level=None, verb_name='build', build_base='build', install_base='install', merge_install=False, symlink_install=False, test_result_base=None, continue_on_error=False, executor='parallel', parallel_workers=16, event_handlers=None, ignore_user_meta=False, metas=['./colcon.meta'], base_paths=['.'], packages_ignore=None, packages_ignore_regex=None, paths=None, packages_up_to=None, packages_up_to_regex=None, packages_above=None, packages_above_and_dependencies=None, packages_above_depth=None, packages_select_by_dep=None, packages_skip_by_dep=None, packages_skip_up_to=None, packages_select_build_failed=False, packages_skip_build_finished=False, packages_select_test_failures=False, packages_skip_test_passed=False, packages_select=['audibot_rl_driver'], packages_skip=None, packages_select_regex=None, packages_skip_regex=None, packages_start=None, packages_end=None, allow_overriding=[], cmake_args=None, cmake_target=None, cmake_target_skip_unavailable=False, cmake_clean_cache=False, cmake_clean_first=False, cmake_force_configure=False, ament_cmake_args=None, catkin_cmake_args=None, catkin_skip_building_tests=False, mixin_files=None, mixin=None, verb_parser=<colcon_mixin.mixin.mixin_argument.MixinArgumentDecorator object at 0x7f652220e440>, verb_extension=<colcon_core.verb.build.BuildVerb object at 0x7f652238ece0>, main=<bound method BuildVerb.main of <colcon_core.verb.build.BuildVerb object at 0x7f652238ece0>>, mixin_verb=('build',))
[0.696s] Level 1:colcon.colcon_core.package_discovery:discover_packages(colcon_meta) check parameters
[0.697s] Level 1:colcon.colcon_core.package_discovery:discover_packages(recursive) check parameters
[0.697s] Level 1:colcon.colcon_core.package_discovery:discover_packages(ignore) check parameters
[0.697s] Level 1:colcon.colcon_core.package_discovery:discover_packages(path) check parameters
[0.697s] Level 1:colcon.colcon_core.package_discovery:discover_packages(colcon_meta) discover
[0.697s] Level 1:colcon.colcon_core.package_discovery:discover_packages(recursive) discover
[0.697s] INFO:colcon.colcon_core.package_discovery:Crawling recursively for packages in '/home/tejas_bhuta/git/drive_to_survive'
[0.697s] Level 1:colcon.colcon_core.package_identification:_identify(.) by extensions ['ignore', 'ignore_ament_install']
[0.697s] Level 1:colcon.colcon_core.package_identification:_identify(.) by extension 'ignore'
[0.697s] Level 1:colcon.colcon_core.package_identification:_identify(.) by extension 'ignore_ament_install'
[0.697s] Level 1:colcon.colcon_core.package_identification:_identify(.) by extensions ['colcon_pkg']
[0.697s] Level 1:colcon.colcon_core.package_identification:_identify(.) by extension 'colcon_pkg'
[0.697s] Level 1:colcon.colcon_core.package_identification:_identify(.) by extensions ['colcon_meta']
[0.697s] Level 1:colcon.colcon_core.package_identification:_identify(.) by extension 'colcon_meta'
[0.697s] Level 1:colcon.colcon_core.package_identification:_identify(.) by extensions ['ros']
[0.697s] Level 1:colcon.colcon_core.package_identification:_identify(.) by extension 'ros'
[0.721s] Level 1:colcon.colcon_core.package_identification:_identify(.) by extensions ['cmake', 'python']
[0.721s] Level 1:colcon.colcon_core.package_identification:_identify(.) by extension 'cmake'
[0.721s] Level 1:colcon.colcon_core.package_identification:_identify(.) by extension 'python'
[0.721s] Level 1:colcon.colcon_core.package_identification:_identify(.) by extensions ['python_setup_py']
[0.721s] Level 1:colcon.colcon_core.package_identification:_identify(.) by extension 'python_setup_py'
[0.721s] Level 1:colcon.colcon_core.package_identification:_identify(build) by extensions ['ignore', 'ignore_ament_install']
[0.721s] Level 1:colcon.colcon_core.package_identification:_identify(build) by extension 'ignore'
[0.721s] Level 1:colcon.colcon_core.package_identification:_identify(build) ignored
[0.722s] Level 1:colcon.colcon_core.package_identification:_identify(dqn_models_audibot) by extensions ['ignore', 'ignore_ament_install']
[0.722s] Level 1:colcon.colcon_core.package_identification:_identify(dqn_models_audibot) by extension 'ignore'
[0.722s] Level 1:colcon.colcon_core.package_identification:_identify(dqn_models_audibot) by extension 'ignore_ament_install'
[0.722s] Level 1:colcon.colcon_core.package_identification:_identify(dqn_models_audibot) by extensions ['colcon_pkg']
[0.722s] Level 1:colcon.colcon_core.package_identification:_identify(dqn_models_audibot) by extension 'colcon_pkg'
[0.722s] Level 1:colcon.colcon_core.package_identification:_identify(dqn_models_audibot) by extensions ['colcon_meta']
[0.722s] Level 1:colcon.colcon_core.package_identification:_identify(dqn_models_audibot) by extension 'colcon_meta'
[0.722s] Level 1:colcon.colcon_core.package_identification:_identify(dqn_models_audibot) by extensions ['ros']
[0.722s] Level 1:colcon.colcon_core.package_identification:_identify(dqn_models_audibot) by extension 'ros'
[0.722s] Level 1:colcon.colcon_core.package_identification:_identify(dqn_models_audibot) by extensions ['cmake', 'python']
[0.722s] Level 1:colcon.colcon_core.package_identification:_identify(dqn_models_audibot) by extension 'cmake'
[0.722s] Level 1:colcon.colcon_core.package_identification:_identify(dqn_models_audibot) by extension 'python'
[0.723s] Level 1:colcon.colcon_core.package_identification:_identify(dqn_models_audibot) by extensions ['python_setup_py']
[0.723s] Level 1:colcon.colcon_core.package_identification:_identify(dqn_models_audibot) by extension 'python_setup_py'
[0.723s] Level 1:colcon.colcon_core.package_identification:_identify(drive_to_survive) by extensions ['ignore', 'ignore_ament_install']
[0.723s] Level 1:colcon.colcon_core.package_identification:_identify(drive_to_survive) by extension 'ignore'
[0.723s] Level 1:colcon.colcon_core.package_identification:_identify(drive_to_survive) by extension 'ignore_ament_install'
[0.723s] Level 1:colcon.colcon_core.package_identification:_identify(drive_to_survive) by extensions ['colcon_pkg']
[0.723s] Level 1:colcon.colcon_core.package_identification:_identify(drive_to_survive) by extension 'colcon_pkg'
[0.723s] Level 1:colcon.colcon_core.package_identification:_identify(drive_to_survive) by extensions ['colcon_meta']
[0.723s] Level 1:colcon.colcon_core.package_identification:_identify(drive_to_survive) by extension 'colcon_meta'
[0.723s] Level 1:colcon.colcon_core.package_identification:_identify(drive_to_survive) by extensions ['ros']
[0.723s] Level 1:colcon.colcon_core.package_identification:_identify(drive_to_survive) by extension 'ros'
[0.723s] Level 1:colcon.colcon_core.package_identification:_identify(drive_to_survive) by extensions ['cmake', 'python']
[0.723s] Level 1:colcon.colcon_core.package_identification:_identify(drive_to_survive) by extension 'cmake'
[0.724s] Level 1:colcon.colcon_core.package_identification:_identify(drive_to_survive) by extension 'python'
[0.724s] Level 1:colcon.colcon_core.package_identification:_identify(drive_to_survive) by extensions ['python_setup_py']
[0.724s] Level 1:colcon.colcon_core.package_identification:_identify(drive_to_survive) by extension 'python_setup_py'
[0.724s] Level 1:colcon.colcon_core.package_identification:_identify(install) by extensions ['ignore', 'ignore_ament_install']
[0.724s] Level 1:colcon.colcon_core.package_identification:_identify(install) by extension 'ignore'
[0.724s] Level 1:colcon.colcon_core.package_identification:_identify(install) ignored
[0.724s] Level 1:colcon.colcon_core.package_identification:_identify(launch) by extensions ['ignore', 'ignore_ament_install']
[0.724s] Level 1:colcon.colcon_core.package_identification:_identify(launch) by extension 'ignore'
[0.725s] Level 1:colcon.colcon_core.package_identification:_identify(launch) by extension 'ignore_ament_install'
[0.725s] Level 1:colcon.colcon_core.package_identification:_identify(launch) by extensions ['colcon_pkg']
[0.725s] Level 1:colcon.colcon_core.package_identification:_identify(launch) by extension 'colcon_pkg'
[0.725s] Level 1:colcon.colcon_core.package_identification:_identify(launch) by extensions ['colcon_meta']
[0.725s] Level 1:colcon.colcon_core.package_identification:_identify(launch) by extension 'colcon_meta'
[0.725s] Level 1:colcon.colcon_core.package_identification:_identify(launch) by extensions ['ros']
[0.725s] Level 1:colcon.colcon_core.package_identification:_identify(launch) by extension 'ros'
[0.725s] Level 1:colcon.colcon_core.package_identification:_identify(launch) by extensions ['cmake', 'python']
[0.725s] Level 1:colcon.colcon_core.package_identification:_identify(launch) by extension 'cmake'
[0.725s] Level 1:colcon.colcon_core.package_identification:_identify(launch) by extension 'python'
[0.725s] Level 1:colcon.colcon_core.package_identification:_identify(launch) by extensions ['python_setup_py']
[0.725s] Level 1:colcon.colcon_core.package_identification:_identify(launch) by extension 'python_setup_py'
[0.725s] Level 1:colcon.colcon_core.package_identification:_identify(launch/__pycache__) by extensions ['ignore', 'ignore_ament_install']
[0.725s] Level 1:colcon.colcon_core.package_identification:_identify(launch/__pycache__) by extension 'ignore'
[0.726s] Level 1:colcon.colcon_core.package_identification:_identify(launch/__pycache__) by extension 'ignore_ament_install'
[0.726s] Level 1:colcon.colcon_core.package_identification:_identify(launch/__pycache__) by extensions ['colcon_pkg']
[0.726s] Level 1:colcon.colcon_core.package_identification:_identify(launch/__pycache__) by extension 'colcon_pkg'
[0.726s] Level 1:colcon.colcon_core.package_identification:_identify(launch/__pycache__) by extensions ['colcon_meta']
[0.726s] Level 1:colcon.colcon_core.package_identification:_identify(launch/__pycache__) by extension 'colcon_meta'
[0.726s] Level 1:colcon.colcon_core.package_identification:_identify(launch/__pycache__) by extensions ['ros']
[0.726s] Level 1:colcon.colcon_core.package_identification:_identify(launch/__pycache__) by extension 'ros'
[0.726s] Level 1:colcon.colcon_core.package_identification:_identify(launch/__pycache__) by extensions ['cmake', 'python']
[0.726s] Level 1:colcon.colcon_core.package_identification:_identify(launch/__pycache__) by extension 'cmake'
[0.726s] Level 1:colcon.colcon_core.package_identification:_identify(launch/__pycache__) by extension 'python'
[0.726s] Level 1:colcon.colcon_core.package_identification:_identify(launch/__pycache__) by extensions ['python_setup_py']
[0.726s] Level 1:colcon.colcon_core.package_identification:_identify(launch/__pycache__) by extension 'python_setup_py'
[0.726s] Level 1:colcon.colcon_core.package_identification:_identify(log) by extensions ['ignore', 'ignore_ament_install']
[0.726s] Level 1:colcon.colcon_core.package_identification:_identify(log) by extension 'ignore'
[0.726s] Level 1:colcon.colcon_core.package_identification:_identify(log) ignored
[0.727s] Level 1:colcon.colcon_core.package_identification:_identify(machine_learning) by extensions ['ignore', 'ignore_ament_install']
[0.727s] Level 1:colcon.colcon_core.package_identification:_identify(machine_learning) by extension 'ignore'
[0.727s] Level 1:colcon.colcon_core.package_identification:_identify(machine_learning) by extension 'ignore_ament_install'
[0.727s] Level 1:colcon.colcon_core.package_identification:_identify(machine_learning) by extensions ['colcon_pkg']
[0.727s] Level 1:colcon.colcon_core.package_identification:_identify(machine_learning) by extension 'colcon_pkg'
[0.727s] Level 1:colcon.colcon_core.package_identification:_identify(machine_learning) by extensions ['colcon_meta']
[0.727s] Level 1:colcon.colcon_core.package_identification:_identify(machine_learning) by extension 'colcon_meta'
[0.727s] Level 1:colcon.colcon_core.package_identification:_identify(machine_learning) by extensions ['ros']
[0.727s] Level 1:colcon.colcon_core.package_identification:_identify(machine_learning) by extension 'ros'
[0.727s] Level 1:colcon.colcon_core.package_identification:_identify(machine_learning) by extensions ['cmake', 'python']
[0.727s] Level 1:colcon.colcon_core.package_identification:_identify(machine_learning) by extension 'cmake'
[0.727s] Level 1:colcon.colcon_core.package_identification:_identify(machine_learning) by extension 'python'
[0.727s] Level 1:colcon.colcon_core.package_identification:_identify(machine_learning) by extensions ['python_setup_py']
[0.727s] Level 1:colcon.colcon_core.package_identification:_identify(machine_learning) by extension 'python_setup_py'
[0.727s] Level 1:colcon.colcon_core.package_identification:_identify(resource) by extensions ['ignore', 'ignore_ament_install']
[0.727s] Level 1:colcon.colcon_core.package_identification:_identify(resource) by extension 'ignore'
[0.727s] Level 1:colcon.colcon_core.package_identification:_identify(resource) by extension 'ignore_ament_install'
[0.727s] Level 1:colcon.colcon_core.package_identification:_identify(resource) by extensions ['colcon_pkg']
[0.727s] Level 1:colcon.colcon_core.package_identification:_identify(resource) by extension 'colcon_pkg'
[0.727s] Level 1:colcon.colcon_core.package_identification:_identify(resource) by extensions ['colcon_meta']
[0.727s] Level 1:colcon.colcon_core.package_identification:_identify(resource) by extension 'colcon_meta'
[0.727s] Level 1:colcon.colcon_core.package_identification:_identify(resource) by extensions ['ros']
[0.727s] Level 1:colcon.colcon_core.package_identification:_identify(resource) by extension 'ros'
[0.727s] Level 1:colcon.colcon_core.package_identification:_identify(resource) by extensions ['cmake', 'python']
[0.727s] Level 1:colcon.colcon_core.package_identification:_identify(resource) by extension 'cmake'
[0.727s] Level 1:colcon.colcon_core.package_identification:_identify(resource) by extension 'python'
[0.727s] Level 1:colcon.colcon_core.package_identification:_identify(resource) by extensions ['python_setup_py']
[0.727s] Level 1:colcon.colcon_core.package_identification:_identify(resource) by extension 'python_setup_py'
[0.728s] Level 1:colcon.colcon_core.package_identification:_identify(resources) by extensions ['ignore', 'ignore_ament_install']
[0.728s] Level 1:colcon.colcon_core.package_identification:_identify(resources) by extension 'ignore'
[0.728s] Level 1:colcon.colcon_core.package_identification:_identify(resources) by extension 'ignore_ament_install'
[0.728s] Level 1:colcon.colcon_core.package_identification:_identify(resources) by extensions ['colcon_pkg']
[0.728s] Level 1:colcon.colcon_core.package_identification:_identify(resources) by extension 'colcon_pkg'
[0.728s] Level 1:colcon.colcon_core.package_identification:_identify(resources) by extensions ['colcon_meta']
[0.728s] Level 1:colcon.colcon_core.package_identification:_identify(resources) by extension 'colcon_meta'
[0.728s] Level 1:colcon.colcon_core.package_identification:_identify(resources) by extensions ['ros']
[0.728s] Level 1:colcon.colcon_core.package_identification:_identify(resources) by extension 'ros'
[0.728s] Level 1:colcon.colcon_core.package_identification:_identify(resources) by extensions ['cmake', 'python']
[0.728s] Level 1:colcon.colcon_core.package_identification:_identify(resources) by extension 'cmake'
[0.728s] Level 1:colcon.colcon_core.package_identification:_identify(resources) by extension 'python'
[0.728s] Level 1:colcon.colcon_core.package_identification:_identify(resources) by extensions ['python_setup_py']
[0.728s] Level 1:colcon.colcon_core.package_identification:_identify(resources) by extension 'python_setup_py'
[0.728s] Level 1:colcon.colcon_core.package_identification:_identify(resources/audibot) by extensions ['ignore', 'ignore_ament_install']
[0.728s] Level 1:colcon.colcon_core.package_identification:_identify(resources/audibot) by extension 'ignore'
[0.728s] Level 1:colcon.colcon_core.package_identification:_identify(resources/audibot) by extension 'ignore_ament_install'
[0.728s] Level 1:colcon.colcon_core.package_identification:_identify(resources/audibot) by extensions ['colcon_pkg']
[0.728s] Level 1:colcon.colcon_core.package_identification:_identify(resources/audibot) by extension 'colcon_pkg'
[0.728s] Level 1:colcon.colcon_core.package_identification:_identify(resources/audibot) by extensions ['colcon_meta']
[0.728s] Level 1:colcon.colcon_core.package_identification:_identify(resources/audibot) by extension 'colcon_meta'
[0.728s] Level 1:colcon.colcon_core.package_identification:_identify(resources/audibot) by extensions ['ros']
[0.728s] Level 1:colcon.colcon_core.package_identification:_identify(resources/audibot) by extension 'ros'
[0.729s] Level 1:colcon.colcon_core.package_identification:_identify(resources/audibot) by extensions ['cmake', 'python']
[0.729s] Level 1:colcon.colcon_core.package_identification:_identify(resources/audibot) by extension 'cmake'
[0.729s] Level 1:colcon.colcon_core.package_identification:_identify(resources/audibot) by extension 'python'
[0.729s] Level 1:colcon.colcon_core.package_identification:_identify(resources/audibot) by extensions ['python_setup_py']
[0.729s] Level 1:colcon.colcon_core.package_identification:_identify(resources/audibot) by extension 'python_setup_py'
[0.729s] Level 1:colcon.colcon_core.package_identification:_identify(resources/audibot/audibot) by extensions ['ignore', 'ignore_ament_install']
[0.729s] Level 1:colcon.colcon_core.package_identification:_identify(resources/audibot/audibot) by extension 'ignore'
[0.729s] Level 1:colcon.colcon_core.package_identification:_identify(resources/audibot/audibot) by extension 'ignore_ament_install'
[0.729s] Level 1:colcon.colcon_core.package_identification:_identify(resources/audibot/audibot) by extensions ['colcon_pkg']
[0.729s] Level 1:colcon.colcon_core.package_identification:_identify(resources/audibot/audibot) by extension 'colcon_pkg'
[0.729s] Level 1:colcon.colcon_core.package_identification:_identify(resources/audibot/audibot) by extensions ['colcon_meta']
[0.729s] Level 1:colcon.colcon_core.package_identification:_identify(resources/audibot/audibot) by extension 'colcon_meta'
[0.729s] Level 1:colcon.colcon_core.package_identification:_identify(resources/audibot/audibot) by extensions ['ros']
[0.729s] Level 1:colcon.colcon_core.package_identification:_identify(resources/audibot/audibot) by extension 'ros'
[0.735s] DEBUG:colcon.colcon_core.package_identification:Package 'resources/audibot/audibot' with type 'ros.ament_cmake' and name 'audibot'
[0.735s] Level 1:colcon.colcon_core.package_identification:_identify(resources/audibot/audibot_description) by extensions ['ignore', 'ignore_ament_install']
[0.735s] Level 1:colcon.colcon_core.package_identification:_identify(resources/audibot/audibot_description) by extension 'ignore'
[0.735s] Level 1:colcon.colcon_core.package_identification:_identify(resources/audibot/audibot_description) by extension 'ignore_ament_install'
[0.735s] Level 1:colcon.colcon_core.package_identification:_identify(resources/audibot/audibot_description) by extensions ['colcon_pkg']
[0.735s] Level 1:colcon.colcon_core.package_identification:_identify(resources/audibot/audibot_description) by extension 'colcon_pkg'
[0.735s] Level 1:colcon.colcon_core.package_identification:_identify(resources/audibot/audibot_description) by extensions ['colcon_meta']
[0.735s] Level 1:colcon.colcon_core.package_identification:_identify(resources/audibot/audibot_description) by extension 'colcon_meta'
[0.735s] Level 1:colcon.colcon_core.package_identification:_identify(resources/audibot/audibot_description) by extensions ['ros']
[0.735s] Level 1:colcon.colcon_core.package_identification:_identify(resources/audibot/audibot_description) by extension 'ros'
[0.736s] DEBUG:colcon.colcon_core.package_identification:Package 'resources/audibot/audibot_description' with type 'ros.ament_cmake' and name 'audibot_description'
[0.736s] Level 1:colcon.colcon_core.package_identification:_identify(resources/audibot/audibot_gazebo) by extensions ['ignore', 'ignore_ament_install']
[0.737s] Level 1:colcon.colcon_core.package_identification:_identify(resources/audibot/audibot_gazebo) by extension 'ignore'
[0.737s] Level 1:colcon.colcon_core.package_identification:_identify(resources/audibot/audibot_gazebo) by extension 'ignore_ament_install'
[0.737s] Level 1:colcon.colcon_core.package_identification:_identify(resources/audibot/audibot_gazebo) by extensions ['colcon_pkg']
[0.737s] Level 1:colcon.colcon_core.package_identification:_identify(resources/audibot/audibot_gazebo) by extension 'colcon_pkg'
[0.737s] Level 1:colcon.colcon_core.package_identification:_identify(resources/audibot/audibot_gazebo) by extensions ['colcon_meta']
[0.737s] Level 1:colcon.colcon_core.package_identification:_identify(resources/audibot/audibot_gazebo) by extension 'colcon_meta'
[0.737s] Level 1:colcon.colcon_core.package_identification:_identify(resources/audibot/audibot_gazebo) by extensions ['ros']
[0.737s] Level 1:colcon.colcon_core.package_identification:_identify(resources/audibot/audibot_gazebo) by extension 'ros'
[0.738s] DEBUG:colcon.colcon_core.package_identification:Package 'resources/audibot/audibot_gazebo' with type 'ros.ament_cmake' and name 'audibot_gazebo'
[0.738s] Level 1:colcon.colcon_core.package_identification:_identify(resources/gazebo_tf) by extensions ['ignore', 'ignore_ament_install']
[0.738s] Level 1:colcon.colcon_core.package_identification:_identify(resources/gazebo_tf) by extension 'ignore'
[0.738s] Level 1:colcon.colcon_core.package_identification:_identify(resources/gazebo_tf) by extension 'ignore_ament_install'
[0.739s] Level 1:colcon.colcon_core.package_identification:_identify(resources/gazebo_tf) by extensions ['colcon_pkg']
[0.739s] Level 1:colcon.colcon_core.package_identification:_identify(resources/gazebo_tf) by extension 'colcon_pkg'
[0.739s] Level 1:colcon.colcon_core.package_identification:_identify(resources/gazebo_tf) by extensions ['colcon_meta']
[0.739s] Level 1:colcon.colcon_core.package_identification:_identify(resources/gazebo_tf) by extension 'colcon_meta'
[0.740s] Level 1:colcon.colcon_core.package_identification:_identify(resources/gazebo_tf) by extensions ['ros']
[0.740s] Level 1:colcon.colcon_core.package_identification:_identify(resources/gazebo_tf) by extension 'ros'
[0.741s] DEBUG:colcon.colcon_core.package_identification:Package 'resources/gazebo_tf' with type 'ros.ament_cmake' and name 'gazebo_tf'
[0.741s] Level 1:colcon.colcon_core.package_identification:_identify(resources/yolo) by extensions ['ignore', 'ignore_ament_install']
[0.741s] Level 1:colcon.colcon_core.package_identification:_identify(resources/yolo) by extension 'ignore'
[0.741s] Level 1:colcon.colcon_core.package_identification:_identify(resources/yolo) by extension 'ignore_ament_install'
[0.741s] Level 1:colcon.colcon_core.package_identification:_identify(resources/yolo) by extensions ['colcon_pkg']
[0.741s] Level 1:colcon.colcon_core.package_identification:_identify(resources/yolo) by extension 'colcon_pkg'
[0.741s] Level 1:colcon.colcon_core.package_identification:_identify(resources/yolo) by extensions ['colcon_meta']
[0.741s] Level 1:colcon.colcon_core.package_identification:_identify(resources/yolo) by extension 'colcon_meta'
[0.741s] Level 1:colcon.colcon_core.package_identification:_identify(resources/yolo) by extensions ['ros']
[0.741s] Level 1:colcon.colcon_core.package_identification:_identify(resources/yolo) by extension 'ros'
[0.742s] Level 1:colcon.colcon_core.package_identification:_identify(resources/yolo) by extensions ['cmake', 'python']
[0.742s] Level 1:colcon.colcon_core.package_identification:_identify(resources/yolo) by extension 'cmake'
[0.742s] Level 1:colcon.colcon_core.package_identification:_identify(resources/yolo) by extension 'python'
[0.742s] Level 1:colcon.colcon_core.package_identification:_identify(resources/yolo) by extensions ['python_setup_py']
[0.742s] Level 1:colcon.colcon_core.package_identification:_identify(resources/yolo) by extension 'python_setup_py'
[0.742s] Level 1:colcon.colcon_core.package_identification:_identify(src) by extensions ['ignore', 'ignore_ament_install']
[0.742s] Level 1:colcon.colcon_core.package_identification:_identify(src) by extension 'ignore'
[0.742s] Level 1:colcon.colcon_core.package_identification:_identify(src) by extension 'ignore_ament_install'
[0.742s] Level 1:colcon.colcon_core.package_identification:_identify(src) by extensions ['colcon_pkg']
[0.742s] Level 1:colcon.colcon_core.package_identification:_identify(src) by extension 'colcon_pkg'
[0.742s] Level 1:colcon.colcon_core.package_identification:_identify(src) by extensions ['colcon_meta']
[0.742s] Level 1:colcon.colcon_core.package_identification:_identify(src) by extension 'colcon_meta'
[0.742s] Level 1:colcon.colcon_core.package_identification:_identify(src) by extensions ['ros']
[0.742s] Level 1:colcon.colcon_core.package_identification:_identify(src) by extension 'ros'
[0.742s] Level 1:colcon.colcon_core.package_identification:_identify(src) by extensions ['cmake', 'python']
[0.742s] Level 1:colcon.colcon_core.package_identification:_identify(src) by extension 'cmake'
[0.742s] Level 1:colcon.colcon_core.package_identification:_identify(src) by extension 'python'
[0.742s] Level 1:colcon.colcon_core.package_identification:_identify(src) by extensions ['python_setup_py']
[0.742s] Level 1:colcon.colcon_core.package_identification:_identify(src) by extension 'python_setup_py'
[0.743s] Level 1:colcon.colcon_core.package_identification:_identify(src/audibot_rl_driver) by extensions ['ignore', 'ignore_ament_install']
[0.743s] Level 1:colcon.colcon_core.package_identification:_identify(src/audibot_rl_driver) by extension 'ignore'
[0.743s] Level 1:colcon.colcon_core.package_identification:_identify(src/audibot_rl_driver) by extension 'ignore_ament_install'
[0.743s] Level 1:colcon.colcon_core.package_identification:_identify(src/audibot_rl_driver) by extensions ['colcon_pkg']
[0.743s] Level 1:colcon.colcon_core.package_identification:_identify(src/audibot_rl_driver) by extension 'colcon_pkg'
[0.743s] Level 1:colcon.colcon_core.package_identification:_identify(src/audibot_rl_driver) by extensions ['colcon_meta']
[0.743s] Level 1:colcon.colcon_core.package_identification:_identify(src/audibot_rl_driver) by extension 'colcon_meta'
[0.743s] Level 1:colcon.colcon_core.package_identification:_identify(src/audibot_rl_driver) by extensions ['ros']
[0.743s] Level 1:colcon.colcon_core.package_identification:_identify(src/audibot_rl_driver) by extension 'ros'
[0.744s] DEBUG:colcon.colcon_core.package_identification:Package 'src/audibot_rl_driver' with type 'ros.ament_python' and name 'audibot_rl_driver'
[0.745s] Level 1:colcon.colcon_core.package_identification:_identify(src/audibot_teleop_keys) by extensions ['ignore', 'ignore_ament_install']
[0.745s] Level 1:colcon.colcon_core.package_identification:_identify(src/audibot_teleop_keys) by extension 'ignore'
[0.745s] Level 1:colcon.colcon_core.package_identification:_identify(src/audibot_teleop_keys) by extension 'ignore_ament_install'
[0.745s] Level 1:colcon.colcon_core.package_identification:_identify(src/audibot_teleop_keys) by extensions ['colcon_pkg']
[0.745s] Level 1:colcon.colcon_core.package_identification:_identify(src/audibot_teleop_keys) by extension 'colcon_pkg'
[0.745s] Level 1:colcon.colcon_core.package_identification:_identify(src/audibot_teleop_keys) by extensions ['colcon_meta']
[0.745s] Level 1:colcon.colcon_core.package_identification:_identify(src/audibot_teleop_keys) by extension 'colcon_meta'
[0.745s] Level 1:colcon.colcon_core.package_identification:_identify(src/audibot_teleop_keys) by extensions ['ros']
[0.745s] Level 1:colcon.colcon_core.package_identification:_identify(src/audibot_teleop_keys) by extension 'ros'
[0.746s] DEBUG:colcon.colcon_core.package_identification:Package 'src/audibot_teleop_keys' with type 'ros.ament_python' and name 'audibot_teleop_keys'
[0.746s] Level 1:colcon.colcon_core.package_identification:_identify(src/audibot_yolo) by extensions ['ignore', 'ignore_ament_install']
[0.746s] Level 1:colcon.colcon_core.package_identification:_identify(src/audibot_yolo) by extension 'ignore'
[0.746s] Level 1:colcon.colcon_core.package_identification:_identify(src/audibot_yolo) by extension 'ignore_ament_install'
[0.746s] Level 1:colcon.colcon_core.package_identification:_identify(src/audibot_yolo) by extensions ['colcon_pkg']
[0.746s] Level 1:colcon.colcon_core.package_identification:_identify(src/audibot_yolo) by extension 'colcon_pkg'
[0.746s] Level 1:colcon.colcon_core.package_identification:_identify(src/audibot_yolo) by extensions ['colcon_meta']
[0.746s] Level 1:colcon.colcon_core.package_identification:_identify(src/audibot_yolo) by extension 'colcon_meta'
[0.746s] Level 1:colcon.colcon_core.package_identification:_identify(src/audibot_yolo) by extensions ['ros']
[0.747s] Level 1:colcon.colcon_core.package_identification:_identify(src/audibot_yolo) by extension 'ros'
[0.747s] DEBUG:colcon.colcon_core.package_identification:Package 'src/audibot_yolo' with type 'ros.ament_python' and name 'audibot_yolo'
[0.747s] Level 1:colcon.colcon_core.package_identification:_identify(src/cluster_puck) by extensions ['ignore', 'ignore_ament_install']
[0.748s] Level 1:colcon.colcon_core.package_identification:_identify(src/cluster_puck) by extension 'ignore'
[0.748s] Level 1:colcon.colcon_core.package_identification:_identify(src/cluster_puck) by extension 'ignore_ament_install'
[0.748s] Level 1:colcon.colcon_core.package_identification:_identify(src/cluster_puck) by extensions ['colcon_pkg']
[0.748s] Level 1:colcon.colcon_core.package_identification:_identify(src/cluster_puck) by extension 'colcon_pkg'
[0.748s] Level 1:colcon.colcon_core.package_identification:_identify(src/cluster_puck) by extensions ['colcon_meta']
[0.748s] Level 1:colcon.colcon_core.package_identification:_identify(src/cluster_puck) by extension 'colcon_meta'
[0.748s] Level 1:colcon.colcon_core.package_identification:_identify(src/cluster_puck) by extensions ['ros']
[0.748s] Level 1:colcon.colcon_core.package_identification:_identify(src/cluster_puck) by extension 'ros'
[0.749s] DEBUG:colcon.colcon_core.package_identification:Package 'src/cluster_puck' with type 'ros.ament_python' and name 'cluster_puck'
[0.749s] Level 1:colcon.colcon_core.package_identification:_identify(src/rl_gym) by extensions ['ignore', 'ignore_ament_install']
[0.749s] Level 1:colcon.colcon_core.package_identification:_identify(src/rl_gym) by extension 'ignore'
[0.749s] Level 1:colcon.colcon_core.package_identification:_identify(src/rl_gym) by extension 'ignore_ament_install'
[0.749s] Level 1:colcon.colcon_core.package_identification:_identify(src/rl_gym) by extensions ['colcon_pkg']
[0.749s] Level 1:colcon.colcon_core.package_identification:_identify(src/rl_gym) by extension 'colcon_pkg'
[0.749s] Level 1:colcon.colcon_core.package_identification:_identify(src/rl_gym) by extensions ['colcon_meta']
[0.749s] Level 1:colcon.colcon_core.package_identification:_identify(src/rl_gym) by extension 'colcon_meta'
[0.749s] Level 1:colcon.colcon_core.package_identification:_identify(src/rl_gym) by extensions ['ros']
[0.749s] Level 1:colcon.colcon_core.package_identification:_identify(src/rl_gym) by extension 'ros'
[0.750s] DEBUG:colcon.colcon_core.package_identification:Package 'src/rl_gym' with type 'ros.ament_python' and name 'rl_gym'
[0.750s] Level 1:colcon.colcon_core.package_identification:_identify(src/rl_rewards) by extensions ['ignore', 'ignore_ament_install']
[0.750s] Level 1:colcon.colcon_core.package_identification:_identify(src/rl_rewards) by extension 'ignore'
[0.750s] Level 1:colcon.colcon_core.package_identification:_identify(src/rl_rewards) by extension 'ignore_ament_install'
[0.750s] Level 1:colcon.colcon_core.package_identification:_identify(src/rl_rewards) by extensions ['colcon_pkg']
[0.750s] Level 1:colcon.colcon_core.package_identification:_identify(src/rl_rewards) by extension 'colcon_pkg'
[0.751s] Level 1:colcon.colcon_core.package_identification:_identify(src/rl_rewards) by extensions ['colcon_meta']
[0.751s] Level 1:colcon.colcon_core.package_identification:_identify(src/rl_rewards) by extension 'colcon_meta'
[0.751s] Level 1:colcon.colcon_core.package_identification:_identify(src/rl_rewards) by extensions ['ros']
[0.751s] Level 1:colcon.colcon_core.package_identification:_identify(src/rl_rewards) by extension 'ros'
[0.751s] DEBUG:colcon.colcon_core.package_identification:Package 'src/rl_rewards' with type 'ros.ament_python' and name 'rl_rewards'
[0.752s] Level 1:colcon.colcon_core.package_identification:_identify(src/yolo_msg) by extensions ['ignore', 'ignore_ament_install']
[0.752s] Level 1:colcon.colcon_core.package_identification:_identify(src/yolo_msg) by extension 'ignore'
[0.752s] Level 1:colcon.colcon_core.package_identification:_identify(src/yolo_msg) by extension 'ignore_ament_install'
[0.752s] Level 1:colcon.colcon_core.package_identification:_identify(src/yolo_msg) by extensions ['colcon_pkg']
[0.752s] Level 1:colcon.colcon_core.package_identification:_identify(src/yolo_msg) by extension 'colcon_pkg'
[0.752s] Level 1:colcon.colcon_core.package_identification:_identify(src/yolo_msg) by extensions ['colcon_meta']
[0.752s] Level 1:colcon.colcon_core.package_identification:_identify(src/yolo_msg) by extension 'colcon_meta'
[0.752s] Level 1:colcon.colcon_core.package_identification:_identify(src/yolo_msg) by extensions ['ros']
[0.752s] Level 1:colcon.colcon_core.package_identification:_identify(src/yolo_msg) by extension 'ros'
[0.753s] DEBUG:colcon.colcon_core.package_identification:Package 'src/yolo_msg' with type 'ros.ament_cmake' and name 'yolo_msg'
[0.753s] Level 1:colcon.colcon_core.package_identification:_identify(validation) by extensions ['ignore', 'ignore_ament_install']
[0.753s] Level 1:colcon.colcon_core.package_identification:_identify(validation) by extension 'ignore'
[0.753s] Level 1:colcon.colcon_core.package_identification:_identify(validation) by extension 'ignore_ament_install'
[0.753s] Level 1:colcon.colcon_core.package_identification:_identify(validation) by extensions ['colcon_pkg']
[0.753s] Level 1:colcon.colcon_core.package_identification:_identify(validation) by extension 'colcon_pkg'
[0.753s] Level 1:colcon.colcon_core.package_identification:_identify(validation) by extensions ['colcon_meta']
[0.753s] Level 1:colcon.colcon_core.package_identification:_identify(validation) by extension 'colcon_meta'
[0.753s] Level 1:colcon.colcon_core.package_identification:_identify(validation) by extensions ['ros']
[0.753s] Level 1:colcon.colcon_core.package_identification:_identify(validation) by extension 'ros'
[0.753s] Level 1:colcon.colcon_core.package_identification:_identify(validation) by extensions ['cmake', 'python']
[0.753s] Level 1:colcon.colcon_core.package_identification:_identify(validation) by extension 'cmake'
[0.753s] Level 1:colcon.colcon_core.package_identification:_identify(validation) by extension 'python'
[0.753s] Level 1:colcon.colcon_core.package_identification:_identify(validation) by extensions ['python_setup_py']
[0.753s] Level 1:colcon.colcon_core.package_identification:_identify(validation) by extension 'python_setup_py'
[0.753s] Level 1:colcon.colcon_core.package_identification:_identify(validation/ground_truths) by extensions ['ignore', 'ignore_ament_install']
[0.753s] Level 1:colcon.colcon_core.package_identification:_identify(validation/ground_truths) by extension 'ignore'
[0.753s] Level 1:colcon.colcon_core.package_identification:_identify(validation/ground_truths) by extension 'ignore_ament_install'
[0.753s] Level 1:colcon.colcon_core.package_identification:_identify(validation/ground_truths) by extensions ['colcon_pkg']
[0.753s] Level 1:colcon.colcon_core.package_identification:_identify(validation/ground_truths) by extension 'colcon_pkg'
[0.753s] Level 1:colcon.colcon_core.package_identification:_identify(validation/ground_truths) by extensions ['colcon_meta']
[0.753s] Level 1:colcon.colcon_core.package_identification:_identify(validation/ground_truths) by extension 'colcon_meta'
[0.753s] Level 1:colcon.colcon_core.package_identification:_identify(validation/ground_truths) by extensions ['ros']
[0.753s] Level 1:colcon.colcon_core.package_identification:_identify(validation/ground_truths) by extension 'ros'
[0.754s] Level 1:colcon.colcon_core.package_identification:_identify(validation/ground_truths) by extensions ['cmake', 'python']
[0.754s] Level 1:colcon.colcon_core.package_identification:_identify(validation/ground_truths) by extension 'cmake'
[0.754s] Level 1:colcon.colcon_core.package_identification:_identify(validation/ground_truths) by extension 'python'
[0.754s] Level 1:colcon.colcon_core.package_identification:_identify(validation/ground_truths) by extensions ['python_setup_py']
[0.754s] Level 1:colcon.colcon_core.package_identification:_identify(validation/ground_truths) by extension 'python_setup_py'
[0.754s] Level 1:colcon.colcon_core.package_identification:_identify(validation/rosbags) by extensions ['ignore', 'ignore_ament_install']
[0.754s] Level 1:colcon.colcon_core.package_identification:_identify(validation/rosbags) by extension 'ignore'
[0.754s] Level 1:colcon.colcon_core.package_identification:_identify(validation/rosbags) by extension 'ignore_ament_install'
[0.754s] Level 1:colcon.colcon_core.package_identification:_identify(validation/rosbags) by extensions ['colcon_pkg']
[0.754s] Level 1:colcon.colcon_core.package_identification:_identify(validation/rosbags) by extension 'colcon_pkg'
[0.754s] Level 1:colcon.colcon_core.package_identification:_identify(validation/rosbags) by extensions ['colcon_meta']
[0.754s] Level 1:colcon.colcon_core.package_identification:_identify(validation/rosbags) by extension 'colcon_meta'
[0.754s] Level 1:colcon.colcon_core.package_identification:_identify(validation/rosbags) by extensions ['ros']
[0.754s] Level 1:colcon.colcon_core.package_identification:_identify(validation/rosbags) by extension 'ros'
[0.754s] Level 1:colcon.colcon_core.package_identification:_identify(validation/rosbags) by extensions ['cmake', 'python']
[0.754s] Level 1:colcon.colcon_core.package_identification:_identify(validation/rosbags) by extension 'cmake'
[0.754s] Level 1:colcon.colcon_core.package_identification:_identify(validation/rosbags) by extension 'python'
[0.754s] Level 1:colcon.colcon_core.package_identification:_identify(validation/rosbags) by extensions ['python_setup_py']
[0.754s] Level 1:colcon.colcon_core.package_identification:_identify(validation/rosbags) by extension 'python_setup_py'
[0.754s] Level 1:colcon.colcon_core.package_identification:_identify(validation/rosbags/lidar_cone_centers) by extensions ['ignore', 'ignore_ament_install']
[0.754s] Level 1:colcon.colcon_core.package_identification:_identify(validation/rosbags/lidar_cone_centers) by extension 'ignore'
[0.754s] Level 1:colcon.colcon_core.package_identification:_identify(validation/rosbags/lidar_cone_centers) by extension 'ignore_ament_install'
[0.754s] Level 1:colcon.colcon_core.package_identification:_identify(validation/rosbags/lidar_cone_centers) by extensions ['colcon_pkg']
[0.754s] Level 1:colcon.colcon_core.package_identification:_identify(validation/rosbags/lidar_cone_centers) by extension 'colcon_pkg'
[0.754s] Level 1:colcon.colcon_core.package_identification:_identify(validation/rosbags/lidar_cone_centers) by extensions ['colcon_meta']
[0.754s] Level 1:colcon.colcon_core.package_identification:_identify(validation/rosbags/lidar_cone_centers) by extension 'colcon_meta'
[0.754s] Level 1:colcon.colcon_core.package_identification:_identify(validation/rosbags/lidar_cone_centers) by extensions ['ros']
[0.755s] Level 1:colcon.colcon_core.package_identification:_identify(validation/rosbags/lidar_cone_centers) by extension 'ros'
[0.755s] Level 1:colcon.colcon_core.package_identification:_identify(validation/rosbags/lidar_cone_centers) by extensions ['cmake', 'python']
[0.755s] Level 1:colcon.colcon_core.package_identification:_identify(validation/rosbags/lidar_cone_centers) by extension 'cmake'
[0.755s] Level 1:colcon.colcon_core.package_identification:_identify(validation/rosbags/lidar_cone_centers) by extension 'python'
[0.755s] Level 1:colcon.colcon_core.package_identification:_identify(validation/rosbags/lidar_cone_centers) by extensions ['python_setup_py']
[0.755s] Level 1:colcon.colcon_core.package_identification:_identify(validation/rosbags/lidar_cone_centers) by extension 'python_setup_py'
[0.755s] Level 1:colcon.colcon_core.package_identification:_identify(validation/testing) by extensions ['ignore', 'ignore_ament_install']
[0.755s] Level 1:colcon.colcon_core.package_identification:_identify(validation/testing) by extension 'ignore'
[0.755s] Level 1:colcon.colcon_core.package_identification:_identify(validation/testing) by extension 'ignore_ament_install'
[0.755s] Level 1:colcon.colcon_core.package_identification:_identify(validation/testing) by extensions ['colcon_pkg']
[0.755s] Level 1:colcon.colcon_core.package_identification:_identify(validation/testing) by extension 'colcon_pkg'
[0.755s] Level 1:colcon.colcon_core.package_identification:_identify(validation/testing) by extensions ['colcon_meta']
[0.755s] Level 1:colcon.colcon_core.package_identification:_identify(validation/testing) by extension 'colcon_meta'
[0.755s] Level 1:colcon.colcon_core.package_identification:_identify(validation/testing) by extensions ['ros']
[0.755s] Level 1:colcon.colcon_core.package_identification:_identify(validation/testing) by extension 'ros'
[0.755s] Level 1:colcon.colcon_core.package_identification:_identify(validation/testing) by extensions ['cmake', 'python']
[0.755s] Level 1:colcon.colcon_core.package_identification:_identify(validation/testing) by extension 'cmake'
[0.755s] Level 1:colcon.colcon_core.package_identification:_identify(validation/testing) by extension 'python'
[0.755s] Level 1:colcon.colcon_core.package_identification:_identify(validation/testing) by extensions ['python_setup_py']
[0.755s] Level 1:colcon.colcon_core.package_identification:_identify(validation/testing) by extension 'python_setup_py'
[0.755s] Level 1:colcon.colcon_core.package_identification:_identify(yolo_training) by extensions ['ignore', 'ignore_ament_install']
[0.755s] Level 1:colcon.colcon_core.package_identification:_identify(yolo_training) by extension 'ignore'
[0.755s] Level 1:colcon.colcon_core.package_identification:_identify(yolo_training) by extension 'ignore_ament_install'
[0.755s] Level 1:colcon.colcon_core.package_identification:_identify(yolo_training) by extensions ['colcon_pkg']
[0.755s] Level 1:colcon.colcon_core.package_identification:_identify(yolo_training) by extension 'colcon_pkg'
[0.755s] Level 1:colcon.colcon_core.package_identification:_identify(yolo_training) by extensions ['colcon_meta']
[0.755s] Level 1:colcon.colcon_core.package_identification:_identify(yolo_training) by extension 'colcon_meta'
[0.755s] Level 1:colcon.colcon_core.package_identification:_identify(yolo_training) by extensions ['ros']
[0.755s] Level 1:colcon.colcon_core.package_identification:_identify(yolo_training) by extension 'ros'
[0.756s] Level 1:colcon.colcon_core.package_identification:_identify(yolo_training) by extensions ['cmake', 'python']
[0.756s] Level 1:colcon.colcon_core.package_identification:_identify(yolo_training) by extension 'cmake'
[0.756s] Level 1:colcon.colcon_core.package_identification:_identify(yolo_training) by extension 'python'
[0.756s] Level 1:colcon.colcon_core.package_identification:_identify(yolo_training) by extensions ['python_setup_py']
[0.756s] Level 1:colcon.colcon_core.package_identification:_identify(yolo_training) by extension 'python_setup_py'
[0.756s] Level 1:colcon.colcon_core.package_identification:_identify(yolo_training/runs) by extensions ['ignore', 'ignore_ament_install']
[0.756s] Level 1:colcon.colcon_core.package_identification:_identify(yolo_training/runs) by extension 'ignore'
[0.756s] Level 1:colcon.colcon_core.package_identification:_identify(yolo_training/runs) by extension 'ignore_ament_install'
[0.756s] Level 1:colcon.colcon_core.package_identification:_identify(yolo_training/runs) by extensions ['colcon_pkg']
[0.756s] Level 1:colcon.colcon_core.package_identification:_identify(yolo_training/runs) by extension 'colcon_pkg'
[0.756s] Level 1:colcon.colcon_core.package_identification:_identify(yolo_training/runs) by extensions ['colcon_meta']
[0.756s] Level 1:colcon.colcon_core.package_identification:_identify(yolo_training/runs) by extension 'colcon_meta'
[0.756s] Level 1:colcon.colcon_core.package_identification:_identify(yolo_training/runs) by extensions ['ros']
[0.756s] Level 1:colcon.colcon_core.package_identification:_identify(yolo_training/runs) by extension 'ros'
[0.756s] Level 1:colcon.colcon_core.package_identification:_identify(yolo_training/runs) by extensions ['cmake', 'python']
[0.756s] Level 1:colcon.colcon_core.package_identification:_identify(yolo_training/runs) by extension 'cmake'
[0.756s] Level 1:colcon.colcon_core.package_identification:_identify(yolo_training/runs) by extension 'python'
[0.756s] Level 1:colcon.colcon_core.package_identification:_identify(yolo_training/runs) by extensions ['python_setup_py']
[0.756s] Level 1:colcon.colcon_core.package_identification:_identify(yolo_training/runs) by extension 'python_setup_py'
[0.756s] Level 1:colcon.colcon_core.package_identification:_identify(yolo_training/runs/detect) by extensions ['ignore', 'ignore_ament_install']
[0.756s] Level 1:colcon.colcon_core.package_identification:_identify(yolo_training/runs/detect) by extension 'ignore'
[0.756s] Level 1:colcon.colcon_core.package_identification:_identify(yolo_training/runs/detect) by extension 'ignore_ament_install'
[0.756s] Level 1:colcon.colcon_core.package_identification:_identify(yolo_training/runs/detect) by extensions ['colcon_pkg']
[0.756s] Level 1:colcon.colcon_core.package_identification:_identify(yolo_training/runs/detect) by extension 'colcon_pkg'
[0.756s] Level 1:colcon.colcon_core.package_identification:_identify(yolo_training/runs/detect) by extensions ['colcon_meta']
[0.756s] Level 1:colcon.colcon_core.package_identification:_identify(yolo_training/runs/detect) by extension 'colcon_meta'
[0.756s] Level 1:colcon.colcon_core.package_identification:_identify(yolo_training/runs/detect) by extensions ['ros']
[0.756s] Level 1:colcon.colcon_core.package_identification:_identify(yolo_training/runs/detect) by extension 'ros'
[0.757s] Level 1:colcon.colcon_core.package_identification:_identify(yolo_training/runs/detect) by extensions ['cmake', 'python']
[0.757s] Level 1:colcon.colcon_core.package_identification:_identify(yolo_training/runs/detect) by extension 'cmake'
[0.757s] Level 1:colcon.colcon_core.package_identification:_identify(yolo_training/runs/detect) by extension 'python'
[0.757s] Level 1:colcon.colcon_core.package_identification:_identify(yolo_training/runs/detect) by extensions ['python_setup_py']
[0.757s] Level 1:colcon.colcon_core.package_identification:_identify(yolo_training/runs/detect) by extension 'python_setup_py'
[0.757s] Level 1:colcon.colcon_core.package_identification:_identify(yolo_training/runs/detect/train) by extensions ['ignore', 'ignore_ament_install']
[0.757s] Level 1:colcon.colcon_core.package_identification:_identify(yolo_training/runs/detect/train) by extension 'ignore'
[0.757s] Level 1:colcon.colcon_core.package_identification:_identify(yolo_training/runs/detect/train) by extension 'ignore_ament_install'
[0.757s] Level 1:colcon.colcon_core.package_identification:_identify(yolo_training/runs/detect/train) by extensions ['colcon_pkg']
[0.757s] Level 1:colcon.colcon_core.package_identification:_identify(yolo_training/runs/detect/train) by extension 'colcon_pkg'
[0.757s] Level 1:colcon.colcon_core.package_identification:_identify(yolo_training/runs/detect/train) by extensions ['colcon_meta']
[0.757s] Level 1:colcon.colcon_core.package_identification:_identify(yolo_training/runs/detect/train) by extension 'colcon_meta'
[0.757s] Level 1:colcon.colcon_core.package_identification:_identify(yolo_training/runs/detect/train) by extensions ['ros']
[0.757s] Level 1:colcon.colcon_core.package_identification:_identify(yolo_training/runs/detect/train) by extension 'ros'
[0.757s] Level 1:colcon.colcon_core.package_identification:_identify(yolo_training/runs/detect/train) by extensions ['cmake', 'python']
[0.757s] Level 1:colcon.colcon_core.package_identification:_identify(yolo_training/runs/detect/train) by extension 'cmake'
[0.757s] Level 1:colcon.colcon_core.package_identification:_identify(yolo_training/runs/detect/train) by extension 'python'
[0.757s] Level 1:colcon.colcon_core.package_identification:_identify(yolo_training/runs/detect/train) by extensions ['python_setup_py']
[0.757s] Level 1:colcon.colcon_core.package_identification:_identify(yolo_training/runs/detect/train) by extension 'python_setup_py'
[0.757s] Level 1:colcon.colcon_core.package_identification:_identify(yolo_training/runs/detect/train/weights) by extensions ['ignore', 'ignore_ament_install']
[0.757s] Level 1:colcon.colcon_core.package_identification:_identify(yolo_training/runs/detect/train/weights) by extension 'ignore'
[0.757s] Level 1:colcon.colcon_core.package_identification:_identify(yolo_training/runs/detect/train/weights) by extension 'ignore_ament_install'
[0.757s] Level 1:colcon.colcon_core.package_identification:_identify(yolo_training/runs/detect/train/weights) by extensions ['colcon_pkg']
[0.757s] Level 1:colcon.colcon_core.package_identification:_identify(yolo_training/runs/detect/train/weights) by extension 'colcon_pkg'
[0.757s] Level 1:colcon.colcon_core.package_identification:_identify(yolo_training/runs/detect/train/weights) by extensions ['colcon_meta']
[0.757s] Level 1:colcon.colcon_core.package_identification:_identify(yolo_training/runs/detect/train/weights) by extension 'colcon_meta'
[0.757s] Level 1:colcon.colcon_core.package_identification:_identify(yolo_training/runs/detect/train/weights) by extensions ['ros']
[0.758s] Level 1:colcon.colcon_core.package_identification:_identify(yolo_training/runs/detect/train/weights) by extension 'ros'
[0.758s] Level 1:colcon.colcon_core.package_identification:_identify(yolo_training/runs/detect/train/weights) by extensions ['cmake', 'python']
[0.758s] Level 1:colcon.colcon_core.package_identification:_identify(yolo_training/runs/detect/train/weights) by extension 'cmake'
[0.758s] Level 1:colcon.colcon_core.package_identification:_identify(yolo_training/runs/detect/train/weights) by extension 'python'
[0.758s] Level 1:colcon.colcon_core.package_identification:_identify(yolo_training/runs/detect/train/weights) by extensions ['python_setup_py']
[0.758s] Level 1:colcon.colcon_core.package_identification:_identify(yolo_training/runs/detect/train/weights) by extension 'python_setup_py'
[0.758s] Level 1:colcon.colcon_core.package_identification:_identify(yolo_training/runs/detect/train5) by extensions ['ignore', 'ignore_ament_install']
[0.758s] Level 1:colcon.colcon_core.package_identification:_identify(yolo_training/runs/detect/train5) by extension 'ignore'
[0.758s] Level 1:colcon.colcon_core.package_identification:_identify(yolo_training/runs/detect/train5) by extension 'ignore_ament_install'
[0.758s] Level 1:colcon.colcon_core.package_identification:_identify(yolo_training/runs/detect/train5) by extensions ['colcon_pkg']
[0.758s] Level 1:colcon.colcon_core.package_identification:_identify(yolo_training/runs/detect/train5) by extension 'colcon_pkg'
[0.758s] Level 1:colcon.colcon_core.package_identification:_identify(yolo_training/runs/detect/train5) by extensions ['colcon_meta']
[0.758s] Level 1:colcon.colcon_core.package_identification:_identify(yolo_training/runs/detect/train5) by extension 'colcon_meta'
[0.758s] Level 1:colcon.colcon_core.package_identification:_identify(yolo_training/runs/detect/train5) by extensions ['ros']
[0.758s] Level 1:colcon.colcon_core.package_identification:_identify(yolo_training/runs/detect/train5) by extension 'ros'
[0.758s] Level 1:colcon.colcon_core.package_identification:_identify(yolo_training/runs/detect/train5) by extensions ['cmake', 'python']
[0.758s] Level 1:colcon.colcon_core.package_identification:_identify(yolo_training/runs/detect/train5) by extension 'cmake'
[0.758s] Level 1:colcon.colcon_core.package_identification:_identify(yolo_training/runs/detect/train5) by extension 'python'
[0.758s] Level 1:colcon.colcon_core.package_identification:_identify(yolo_training/runs/detect/train5) by extensions ['python_setup_py']
[0.758s] Level 1:colcon.colcon_core.package_identification:_identify(yolo_training/runs/detect/train5) by extension 'python_setup_py'
[0.758s] Level 1:colcon.colcon_core.package_discovery:discover_packages(recursive) using defaults
[0.758s] Level 1:colcon.colcon_core.package_discovery:discover_packages(ignore) discover
[0.758s] Level 1:colcon.colcon_core.package_discovery:discover_packages(ignore) using defaults
[0.758s] Level 1:colcon.colcon_core.package_discovery:discover_packages(path) discover
[0.759s] Level 1:colcon.colcon_core.package_discovery:discover_packages(path) using defaults
[0.788s] INFO:colcon.colcon_core.package_selection:Skipping not selected package 'audibot_description' in 'resources/audibot/audibot_description'
[0.789s] INFO:colcon.colcon_core.package_selection:Skipping not selected package 'audibot_teleop_keys' in 'src/audibot_teleop_keys'
[0.789s] INFO:colcon.colcon_core.package_selection:Skipping not selected package 'audibot_yolo' in 'src/audibot_yolo'
[0.789s] INFO:colcon.colcon_core.package_selection:Skipping not selected package 'cluster_puck' in 'src/cluster_puck'
[0.789s] INFO:colcon.colcon_core.package_selection:Skipping not selected package 'gazebo_tf' in 'resources/gazebo_tf'
[0.789s] INFO:colcon.colcon_core.package_selection:Skipping not selected package 'rl_gym' in 'src/rl_gym'
[0.789s] INFO:colcon.colcon_core.package_selection:Skipping not selected package 'rl_rewards' in 'src/rl_rewards'
[0.789s] INFO:colcon.colcon_core.package_selection:Skipping not selected package 'yolo_msg' in 'src/yolo_msg'
[0.789s] INFO:colcon.colcon_core.package_selection:Skipping not selected package 'audibot_gazebo' in 'resources/audibot/audibot_gazebo'
[0.789s] INFO:colcon.colcon_core.package_selection:Skipping not selected package 'audibot' in 'resources/audibot/audibot'
[0.789s] Level 1:colcon.colcon_core.package_discovery:discover_packages(prefix_path) check parameters
[0.789s] Level 1:colcon.colcon_core.package_discovery:discover_packages(prefix_path) discover
[0.793s] DEBUG:colcon.colcon_installed_package_information.package_discovery:Found 398 installed packages in /opt/ros/humble
[0.798s] Level 1:colcon.colcon_core.package_discovery:discover_packages(prefix_path) using defaults
[0.899s] Level 5:colcon.colcon_core.verb:set package 'audibot_rl_driver' build argument 'cmake_args' from command line to 'None'
[0.899s] Level 5:colcon.colcon_core.verb:set package 'audibot_rl_driver' build argument 'cmake_target' from command line to 'None'
[0.899s] Level 5:colcon.colcon_core.verb:set package 'audibot_rl_driver' build argument 'cmake_target_skip_unavailable' from command line to 'False'
[0.899s] Level 5:colcon.colcon_core.verb:set package 'audibot_rl_driver' build argument 'cmake_clean_cache' from command line to 'False'
[0.899s] Level 5:colcon.colcon_core.verb:set package 'audibot_rl_driver' build argument 'cmake_clean_first' from command line to 'False'
[0.899s] Level 5:colcon.colcon_core.verb:set package 'audibot_rl_driver' build argument 'cmake_force_configure' from command line to 'False'
[0.899s] Level 5:colcon.colcon_core.verb:set package 'audibot_rl_driver' build argument 'ament_cmake_args' from command line to 'None'
[0.899s] Level 5:colcon.colcon_core.verb:set package 'audibot_rl_driver' build argument 'catkin_cmake_args' from command line to 'None'
[0.900s] Level 5:colcon.colcon_core.verb:set package 'audibot_rl_driver' build argument 'catkin_skip_building_tests' from command line to 'False'
[0.900s] DEBUG:colcon.colcon_core.verb:Building package 'audibot_rl_driver' with the following arguments: {'ament_cmake_args': None, 'build_base': '/home/tejas_bhuta/git/drive_to_survive/build/audibot_rl_driver', 'catkin_cmake_args': None, 'catkin_skip_building_tests': False, 'cmake_args': None, 'cmake_clean_cache': False, 'cmake_clean_first': False, 'cmake_force_configure': False, 'cmake_target': None, 'cmake_target_skip_unavailable': False, 'install_base': '/home/tejas_bhuta/git/drive_to_survive/install/audibot_rl_driver', 'merge_install': False, 'path': '/home/tejas_bhuta/git/drive_to_survive/src/audibot_rl_driver', 'symlink_install': False, 'test_result_base': None}
[0.900s] INFO:colcon.colcon_core.executor:Executing jobs using 'parallel' executor
[0.901s] DEBUG:colcon.colcon_parallel_executor.executor.parallel:run_until_complete
[0.903s] INFO:colcon.colcon_ros.task.ament_python.build:Building ROS package in '/home/tejas_bhuta/git/drive_to_survive/src/audibot_rl_driver' with build type 'ament_python'
[0.903s] Level 1:colcon.colcon_core.shell:create_environment_hook('audibot_rl_driver', 'ament_prefix_path')
[0.909s] INFO:colcon.colcon_core.plugin_system:Skipping extension 'colcon_core.shell.bat': Not used on non-Windows systems
[0.910s] INFO:colcon.colcon_core.shell:Creating environment hook '/home/tejas_bhuta/git/drive_to_survive/install/audibot_rl_driver/share/audibot_rl_driver/hook/ament_prefix_path.ps1'
[0.911s] INFO:colcon.colcon_core.shell:Creating environment descriptor '/home/tejas_bhuta/git/drive_to_survive/install/audibot_rl_driver/share/audibot_rl_driver/hook/ament_prefix_path.dsv'
[0.913s] INFO:colcon.colcon_core.shell:Creating environment hook '/home/tejas_bhuta/git/drive_to_survive/install/audibot_rl_driver/share/audibot_rl_driver/hook/ament_prefix_path.sh'
[0.914s] INFO:colcon.colcon_core.shell:Skip shell extension 'powershell' for command environment: Not usable outside of PowerShell
[0.914s] DEBUG:colcon.colcon_core.shell:Skip shell extension 'dsv' for command environment
[1.210s] INFO:colcon.colcon_core.task.python.build:Building Python package in '/home/tejas_bhuta/git/drive_to_survive/src/audibot_rl_driver'
[1.211s] INFO:colcon.colcon_core.shell:Skip shell extension 'powershell' for command environment: Not usable outside of PowerShell
[1.211s] DEBUG:colcon.colcon_core.shell:Skip shell extension 'dsv' for command environment
[1.938s] DEBUG:colcon.colcon_core.event_handler.log_command:Invoking command in '/home/tejas_bhuta/git/drive_to_survive/src/audibot_rl_driver': AMENT_PREFIX_PATH=/home/tejas_bhuta/git/drive_to_survive/install/yolo_msg:${AMENT_PREFIX_PATH} CMAKE_PREFIX_PATH=/home/tejas_bhuta/git/drive_to_survive/install/yolo_msg LD_LIBRARY_PATH=/home/tejas_bhuta/git/drive_to_survive/install/yolo_msg/lib:${LD_LIBRARY_PATH} PYTHONPATH=/home/tejas_bhuta/git/drive_to_survive/build/audibot_rl_driver/prefix_override:/usr/lib/python3/dist-packages/colcon_core/task/python/colcon_distutils_commands:/home/tejas_bhuta/git/drive_to_survive/install/audibot_rl_driver/lib/python3.10/site-packages:/home/tejas_bhuta/git/drive_to_survive/install/yolo_msg/local/lib/python3.10/dist-packages:${PYTHONPATH} /usr/bin/python3 -W ignore:setup.py install is deprecated setup.py egg_info --egg-base ../../build/audibot_rl_driver build --build-base /home/tejas_bhuta/git/drive_to_survive/build/audibot_rl_driver/build install --record /home/tejas_bhuta/git/drive_to_survive/build/audibot_rl_driver/install.log --single-version-externally-managed install_data
[2.227s] DEBUG:colcon.colcon_core.event_handler.log_command:Invoked command in '/home/tejas_bhuta/git/drive_to_survive/src/audibot_rl_driver' returned '0': AMENT_PREFIX_PATH=/home/tejas_bhuta/git/drive_to_survive/install/yolo_msg:${AMENT_PREFIX_PATH} CMAKE_PREFIX_PATH=/home/tejas_bhuta/git/drive_to_survive/install/yolo_msg LD_LIBRARY_PATH=/home/tejas_bhuta/git/drive_to_survive/install/yolo_msg/lib:${LD_LIBRARY_PATH} PYTHONPATH=/home/tejas_bhuta/git/drive_to_survive/build/audibot_rl_driver/prefix_override:/usr/lib/python3/dist-packages/colcon_core/task/python/colcon_distutils_commands:/home/tejas_bhuta/git/drive_to_survive/install/audibot_rl_driver/lib/python3.10/site-packages:/home/tejas_bhuta/git/drive_to_survive/install/yolo_msg/local/lib/python3.10/dist-packages:${PYTHONPATH} /usr/bin/python3 -W ignore:setup.py install is deprecated setup.py egg_info --egg-base ../../build/audibot_rl_driver build --build-base /home/tejas_bhuta/git/drive_to_survive/build/audibot_rl_driver/build install --record /home/tejas_bhuta/git/drive_to_survive/build/audibot_rl_driver/install.log --single-version-externally-managed install_data
[2.235s] Level 1:colcon.colcon_core.environment:checking '/home/tejas_bhuta/git/drive_to_survive/install/audibot_rl_driver' for CMake module files
[2.237s] Level 1:colcon.colcon_core.environment:checking '/home/tejas_bhuta/git/drive_to_survive/install/audibot_rl_driver' for CMake config files
[2.239s] Level 1:colcon.colcon_core.environment:checking '/home/tejas_bhuta/git/drive_to_survive/install/audibot_rl_driver/lib'
[2.240s] Level 1:colcon.colcon_core.environment:checking '/home/tejas_bhuta/git/drive_to_survive/install/audibot_rl_driver/bin'
[2.240s] Level 1:colcon.colcon_core.shell:create_environment_hook('audibot_rl_driver', 'path')
[2.241s] INFO:colcon.colcon_core.shell:Creating environment hook '/home/tejas_bhuta/git/drive_to_survive/install/audibot_rl_driver/share/audibot_rl_driver/hook/path.ps1'
[2.243s] INFO:colcon.colcon_core.shell:Creating environment descriptor '/home/tejas_bhuta/git/drive_to_survive/install/audibot_rl_driver/share/audibot_rl_driver/hook/path.dsv'
[2.245s] INFO:colcon.colcon_core.shell:Creating environment hook '/home/tejas_bhuta/git/drive_to_survive/install/audibot_rl_driver/share/audibot_rl_driver/hook/path.sh'
[2.248s] Level 1:colcon.colcon_core.environment:checking '/home/tejas_bhuta/git/drive_to_survive/install/audibot_rl_driver/lib/pkgconfig/audibot_rl_driver.pc'
[2.249s] Level 1:colcon.colcon_core.environment:checking '/home/tejas_bhuta/git/drive_to_survive/install/audibot_rl_driver/lib/python3.10/site-packages'
[2.250s] Level 1:colcon.colcon_core.shell:create_environment_hook('audibot_rl_driver', 'pythonpath')
[2.250s] INFO:colcon.colcon_core.shell:Creating environment hook '/home/tejas_bhuta/git/drive_to_survive/install/audibot_rl_driver/share/audibot_rl_driver/hook/pythonpath.ps1'
[2.251s] INFO:colcon.colcon_core.shell:Creating environment descriptor '/home/tejas_bhuta/git/drive_to_survive/install/audibot_rl_driver/share/audibot_rl_driver/hook/pythonpath.dsv'
[2.251s] INFO:colcon.colcon_core.shell:Creating environment hook '/home/tejas_bhuta/git/drive_to_survive/install/audibot_rl_driver/share/audibot_rl_driver/hook/pythonpath.sh'
[2.252s] Level 1:colcon.colcon_core.environment:checking '/home/tejas_bhuta/git/drive_to_survive/install/audibot_rl_driver/bin'
[2.252s] Level 1:colcon.colcon_core.shell:create_environment_hook('audibot_rl_driver', 'pythonscriptspath')
[2.253s] INFO:colcon.colcon_core.shell:Creating environment hook '/home/tejas_bhuta/git/drive_to_survive/install/audibot_rl_driver/share/audibot_rl_driver/hook/pythonscriptspath.ps1'
[2.254s] INFO:colcon.colcon_core.shell:Creating environment descriptor '/home/tejas_bhuta/git/drive_to_survive/install/audibot_rl_driver/share/audibot_rl_driver/hook/pythonscriptspath.dsv'
[2.254s] INFO:colcon.colcon_core.shell:Creating environment hook '/home/tejas_bhuta/git/drive_to_survive/install/audibot_rl_driver/share/audibot_rl_driver/hook/pythonscriptspath.sh'
[2.255s] Level 1:colcon.colcon_core.environment:create_environment_scripts_only(audibot_rl_driver)
[2.255s] INFO:colcon.colcon_core.shell:Creating package script '/home/tejas_bhuta/git/drive_to_survive/install/audibot_rl_driver/share/audibot_rl_driver/package.ps1'
[2.257s] INFO:colcon.colcon_core.shell:Creating package descriptor '/home/tejas_bhuta/git/drive_to_survive/install/audibot_rl_driver/share/audibot_rl_driver/package.dsv'
[2.258s] INFO:colcon.colcon_core.shell:Creating package script '/home/tejas_bhuta/git/drive_to_survive/install/audibot_rl_driver/share/audibot_rl_driver/package.sh'
[2.259s] INFO:colcon.colcon_core.shell:Creating package script '/home/tejas_bhuta/git/drive_to_survive/install/audibot_rl_driver/share/audibot_rl_driver/package.bash'
[2.260s] INFO:colcon.colcon_core.shell:Creating package script '/home/tejas_bhuta/git/drive_to_survive/install/audibot_rl_driver/share/audibot_rl_driver/package.zsh'
[2.261s] Level 1:colcon.colcon_core.environment:create_file_with_runtime_dependencies(/home/tejas_bhuta/git/drive_to_survive/install/audibot_rl_driver/share/colcon-core/packages/audibot_rl_driver)
[2.262s] DEBUG:colcon.colcon_parallel_executor.executor.parallel:closing loop
[2.263s] DEBUG:colcon.colcon_parallel_executor.executor.parallel:loop closed
[2.264s] DEBUG:colcon.colcon_parallel_executor.executor.parallel:run_until_complete finished with '0'
[2.265s] DEBUG:colcon.colcon_core.event_reactor:joining thread
[2.299s] INFO:colcon.colcon_core.plugin_system:Skipping extension 'colcon_notification.desktop_notification.notify_send': Could not find 'notify-send'
[2.299s] INFO:colcon.colcon_core.plugin_system:Skipping extension 'colcon_notification.desktop_notification.terminal_notifier': Not used on non-Darwin systems
[2.299s] INFO:colcon.colcon_core.plugin_system:Skipping extension 'colcon_notification.desktop_notification.win32': Not used on non-Windows systems
[2.299s] INFO:colcon.colcon_notification.desktop_notification:Sending desktop notification using 'notify2'
[2.302s] DEBUG:colcon.colcon_notification.desktop_notification.notify2:Failed to initialize notify2: org.freedesktop.DBus.Error.ServiceUnknown: The name org.freedesktop.Notifications was not provided by any .service files
[2.302s] DEBUG:colcon.colcon_core.event_reactor:joined thread
[2.303s] INFO:colcon.colcon_core.shell:Creating prefix script '/home/tejas_bhuta/git/drive_to_survive/install/local_setup.ps1'
[2.307s] INFO:colcon.colcon_core.shell:Creating prefix util module '/home/tejas_bhuta/git/drive_to_survive/install/_local_setup_util_ps1.py'
[2.309s] INFO:colcon.colcon_core.shell:Creating prefix chain script '/home/tejas_bhuta/git/drive_to_survive/install/setup.ps1'
[2.312s] INFO:colcon.colcon_core.shell:Creating prefix script '/home/tejas_bhuta/git/drive_to_survive/install/local_setup.sh'
[2.314s] INFO:colcon.colcon_core.shell:Creating prefix util module '/home/tejas_bhuta/git/drive_to_survive/install/_local_setup_util_sh.py'
[2.315s] INFO:colcon.colcon_core.shell:Creating prefix chain script '/home/tejas_bhuta/git/drive_to_survive/install/setup.sh'
[2.317s] INFO:colcon.colcon_core.shell:Creating prefix script '/home/tejas_bhuta/git/drive_to_survive/install/local_setup.bash'
[2.318s] INFO:colcon.colcon_core.shell:Creating prefix chain script '/home/tejas_bhuta/git/drive_to_survive/install/setup.bash'
[2.320s] INFO:colcon.colcon_core.shell:Creating prefix script '/home/tejas_bhuta/git/drive_to_survive/install/local_setup.zsh'
[2.321s] INFO:colcon.colcon_core.shell:Creating prefix chain script '/home/tejas_bhuta/git/drive_to_survive/install/setup.zsh'
