[0.679s] DEBUG:colcon:Command line arguments: ['/usr/bin/colcon', 'build', '--packages-select', 'audibot_rl_driver']
[0.680s] DEBUG:colcon:Parsed command line arguments: Namespace(log_base=None, log_level=None, verb_name='build', build_base='build', install_base='install', merge_install=False, symlink_install=False, test_result_base=None, continue_on_error=False, executor='parallel', parallel_workers=16, event_handlers=None, ignore_user_meta=False, metas=['./colcon.meta'], base_paths=['.'], packages_ignore=None, packages_ignore_regex=None, paths=None, packages_up_to=None, packages_up_to_regex=None, packages_above=None, packages_above_and_dependencies=None, packages_above_depth=None, packages_select_by_dep=None, packages_skip_by_dep=None, packages_skip_up_to=None, packages_select_build_failed=False, packages_skip_build_finished=False, packages_select_test_failures=False, packages_skip_test_passed=False, packages_select=['audibot_rl_driver'], packages_skip=None, packages_select_regex=None, packages_skip_regex=None, packages_start=None, packages_end=None, allow_overriding=[], cmake_args=None, cmake_target=None, cmake_target_skip_unavailable=False, cmake_clean_cache=False, cmake_clean_first=False, cmake_force_configure=False, ament_cmake_args=None, catkin_cmake_args=None, catkin_skip_building_tests=False, mixin_files=None, mixin=None, verb_parser=<colcon_mixin.mixin.mixin_argument.MixinArgumentDecorator object at 0x7fe758f14e80>, verb_extension=<colcon_core.verb.build.BuildVerb object at 0x7fe75909d690>, main=<bound method BuildVerb.main of <colcon_core.verb.build.BuildVerb object at 0x7fe75909d690>>, mixin_verb=('build',))
[1.722s] Level 1:colcon.colcon_core.package_discovery:discover_packages(colcon_meta) check parameters
[1.729s] Level 1:colcon.colcon_core.package_discovery:discover_packages(recursive) check parameters
[1.729s] Level 1:colcon.colcon_core.package_discovery:discover_packages(ignore) check parameters
[1.729s] Level 1:colcon.colcon_core.package_discovery:discover_packages(path) check parameters
[1.730s] Level 1:colcon.colcon_core.package_discovery:discover_packages(colcon_meta) discover
[1.730s] Level 1:colcon.colcon_core.package_discovery:discover_packages(recursive) discover
[1.730s] INFO:colcon.colcon_core.package_discovery:Crawling recursively for packages in '/home/tejas_bhuta/git/drive_to_survive'
[1.730s] Level 1:colcon.colcon_core.package_identification:_identify(.) by extensions ['ignore', 'ignore_ament_install']
[1.731s] Level 1:colcon.colcon_core.package_identification:_identify(.) by extension 'ignore'
[1.731s] Level 1:colcon.colcon_core.package_identification:_identify(.) by extension 'ignore_ament_install'
[1.731s] Level 1:colcon.colcon_core.package_identification:_identify(.) by extensions ['colcon_pkg']
[1.731s] Level 1:colcon.colcon_core.package_identification:_identify(.) by extension 'colcon_pkg'
[1.731s] Level 1:colcon.colcon_core.package_identification:_identify(.) by extensions ['colcon_meta']
[1.731s] Level 1:colcon.colcon_core.package_identification:_identify(.) by extension 'colcon_meta'
[1.732s] Level 1:colcon.colcon_core.package_identification:_identify(.) by extensions ['ros']
[1.732s] Level 1:colcon.colcon_core.package_identification:_identify(.) by extension 'ros'
[1.796s] Level 1:colcon.colcon_core.package_identification:_identify(.) by extensions ['cmake', 'python']
[1.800s] Level 1:colcon.colcon_core.package_identification:_identify(.) by extension 'cmake'
[1.801s] Level 1:colcon.colcon_core.package_identification:_identify(.) by extension 'python'
[1.802s] Level 1:colcon.colcon_core.package_identification:_identify(.) by extensions ['python_setup_py']
[1.805s] Level 1:colcon.colcon_core.package_identification:_identify(.) by extension 'python_setup_py'
[1.805s] Level 1:colcon.colcon_core.package_identification:_identify(build) by extensions ['ignore', 'ignore_ament_install']
[1.805s] Level 1:colcon.colcon_core.package_identification:_identify(build) by extension 'ignore'
[1.806s] Level 1:colcon.colcon_core.package_identification:_identify(build) ignored
[1.806s] Level 1:colcon.colcon_core.package_identification:_identify(drive_to_survive) by extensions ['ignore', 'ignore_ament_install']
[1.806s] Level 1:colcon.colcon_core.package_identification:_identify(drive_to_survive) by extension 'ignore'
[1.807s] Level 1:colcon.colcon_core.package_identification:_identify(drive_to_survive) by extension 'ignore_ament_install'
[1.809s] Level 1:colcon.colcon_core.package_identification:_identify(drive_to_survive) by extensions ['colcon_pkg']
[1.809s] Level 1:colcon.colcon_core.package_identification:_identify(drive_to_survive) by extension 'colcon_pkg'
[1.810s] Level 1:colcon.colcon_core.package_identification:_identify(drive_to_survive) by extensions ['colcon_meta']
[1.810s] Level 1:colcon.colcon_core.package_identification:_identify(drive_to_survive) by extension 'colcon_meta'
[1.810s] Level 1:colcon.colcon_core.package_identification:_identify(drive_to_survive) by extensions ['ros']
[1.816s] Level 1:colcon.colcon_core.package_identification:_identify(drive_to_survive) by extension 'ros'
[1.817s] Level 1:colcon.colcon_core.package_identification:_identify(drive_to_survive) by extensions ['cmake', 'python']
[1.817s] Level 1:colcon.colcon_core.package_identification:_identify(drive_to_survive) by extension 'cmake'
[1.817s] Level 1:colcon.colcon_core.package_identification:_identify(drive_to_survive) by extension 'python'
[1.817s] Level 1:colcon.colcon_core.package_identification:_identify(drive_to_survive) by extensions ['python_setup_py']
[1.821s] Level 1:colcon.colcon_core.package_identification:_identify(drive_to_survive) by extension 'python_setup_py'
[1.822s] Level 1:colcon.colcon_core.package_identification:_identify(install) by extensions ['ignore', 'ignore_ament_install']
[1.822s] Level 1:colcon.colcon_core.package_identification:_identify(install) by extension 'ignore'
[1.823s] Level 1:colcon.colcon_core.package_identification:_identify(install) ignored
[1.823s] Level 1:colcon.colcon_core.package_identification:_identify(launch) by extensions ['ignore', 'ignore_ament_install']
[1.823s] Level 1:colcon.colcon_core.package_identification:_identify(launch) by extension 'ignore'
[1.824s] Level 1:colcon.colcon_core.package_identification:_identify(launch) by extension 'ignore_ament_install'
[1.824s] Level 1:colcon.colcon_core.package_identification:_identify(launch) by extensions ['colcon_pkg']
[1.824s] Level 1:colcon.colcon_core.package_identification:_identify(launch) by extension 'colcon_pkg'
[1.824s] Level 1:colcon.colcon_core.package_identification:_identify(launch) by extensions ['colcon_meta']
[1.825s] Level 1:colcon.colcon_core.package_identification:_identify(launch) by extension 'colcon_meta'
[1.825s] Level 1:colcon.colcon_core.package_identification:_identify(launch) by extensions ['ros']
[1.825s] Level 1:colcon.colcon_core.package_identification:_identify(launch) by extension 'ros'
[1.834s] Level 1:colcon.colcon_core.package_identification:_identify(launch) by extensions ['cmake', 'python']
[1.835s] Level 1:colcon.colcon_core.package_identification:_identify(launch) by extension 'cmake'
[1.835s] Level 1:colcon.colcon_core.package_identification:_identify(launch) by extension 'python'
[1.835s] Level 1:colcon.colcon_core.package_identification:_identify(launch) by extensions ['python_setup_py']
[1.836s] Level 1:colcon.colcon_core.package_identification:_identify(launch) by extension 'python_setup_py'
[1.837s] Level 1:colcon.colcon_core.package_identification:_identify(launch/__pycache__) by extensions ['ignore', 'ignore_ament_install']
[1.837s] Level 1:colcon.colcon_core.package_identification:_identify(launch/__pycache__) by extension 'ignore'
[1.837s] Level 1:colcon.colcon_core.package_identification:_identify(launch/__pycache__) by extension 'ignore_ament_install'
[1.837s] Level 1:colcon.colcon_core.package_identification:_identify(launch/__pycache__) by extensions ['colcon_pkg']
[1.838s] Level 1:colcon.colcon_core.package_identification:_identify(launch/__pycache__) by extension 'colcon_pkg'
[1.838s] Level 1:colcon.colcon_core.package_identification:_identify(launch/__pycache__) by extensions ['colcon_meta']
[1.838s] Level 1:colcon.colcon_core.package_identification:_identify(launch/__pycache__) by extension 'colcon_meta'
[1.838s] Level 1:colcon.colcon_core.package_identification:_identify(launch/__pycache__) by extensions ['ros']
[1.838s] Level 1:colcon.colcon_core.package_identification:_identify(launch/__pycache__) by extension 'ros'
[1.838s] Level 1:colcon.colcon_core.package_identification:_identify(launch/__pycache__) by extensions ['cmake', 'python']
[1.839s] Level 1:colcon.colcon_core.package_identification:_identify(launch/__pycache__) by extension 'cmake'
[1.839s] Level 1:colcon.colcon_core.package_identification:_identify(launch/__pycache__) by extension 'python'
[1.839s] Level 1:colcon.colcon_core.package_identification:_identify(launch/__pycache__) by extensions ['python_setup_py']
[1.840s] Level 1:colcon.colcon_core.package_identification:_identify(launch/__pycache__) by extension 'python_setup_py'
[1.840s] Level 1:colcon.colcon_core.package_identification:_identify(log) by extensions ['ignore', 'ignore_ament_install']
[1.841s] Level 1:colcon.colcon_core.package_identification:_identify(log) by extension 'ignore'
[1.841s] Level 1:colcon.colcon_core.package_identification:_identify(log) ignored
[1.841s] Level 1:colcon.colcon_core.package_identification:_identify(machine_learning) by extensions ['ignore', 'ignore_ament_install']
[1.842s] Level 1:colcon.colcon_core.package_identification:_identify(machine_learning) by extension 'ignore'
[1.842s] Level 1:colcon.colcon_core.package_identification:_identify(machine_learning) by extension 'ignore_ament_install'
[1.842s] Level 1:colcon.colcon_core.package_identification:_identify(machine_learning) by extensions ['colcon_pkg']
[1.842s] Level 1:colcon.colcon_core.package_identification:_identify(machine_learning) by extension 'colcon_pkg'
[1.842s] Level 1:colcon.colcon_core.package_identification:_identify(machine_learning) by extensions ['colcon_meta']
[1.842s] Level 1:colcon.colcon_core.package_identification:_identify(machine_learning) by extension 'colcon_meta'
[1.842s] Level 1:colcon.colcon_core.package_identification:_identify(machine_learning) by extensions ['ros']
[1.842s] Level 1:colcon.colcon_core.package_identification:_identify(machine_learning) by extension 'ros'
[1.843s] Level 1:colcon.colcon_core.package_identification:_identify(machine_learning) by extensions ['cmake', 'python']
[1.843s] Level 1:colcon.colcon_core.package_identification:_identify(machine_learning) by extension 'cmake'
[1.843s] Level 1:colcon.colcon_core.package_identification:_identify(machine_learning) by extension 'python'
[1.843s] Level 1:colcon.colcon_core.package_identification:_identify(machine_learning) by extensions ['python_setup_py']
[1.843s] Level 1:colcon.colcon_core.package_identification:_identify(machine_learning) by extension 'python_setup_py'
[1.843s] Level 1:colcon.colcon_core.package_identification:_identify(resource) by extensions ['ignore', 'ignore_ament_install']
[1.843s] Level 1:colcon.colcon_core.package_identification:_identify(resource) by extension 'ignore'
[1.843s] Level 1:colcon.colcon_core.package_identification:_identify(resource) by extension 'ignore_ament_install'
[1.844s] Level 1:colcon.colcon_core.package_identification:_identify(resource) by extensions ['colcon_pkg']
[1.844s] Level 1:colcon.colcon_core.package_identification:_identify(resource) by extension 'colcon_pkg'
[1.844s] Level 1:colcon.colcon_core.package_identification:_identify(resource) by extensions ['colcon_meta']
[1.844s] Level 1:colcon.colcon_core.package_identification:_identify(resource) by extension 'colcon_meta'
[1.844s] Level 1:colcon.colcon_core.package_identification:_identify(resource) by extensions ['ros']
[1.844s] Level 1:colcon.colcon_core.package_identification:_identify(resource) by extension 'ros'
[1.844s] Level 1:colcon.colcon_core.package_identification:_identify(resource) by extensions ['cmake', 'python']
[1.845s] Level 1:colcon.colcon_core.package_identification:_identify(resource) by extension 'cmake'
[1.845s] Level 1:colcon.colcon_core.package_identification:_identify(resource) by extension 'python'
[1.845s] Level 1:colcon.colcon_core.package_identification:_identify(resource) by extensions ['python_setup_py']
[1.845s] Level 1:colcon.colcon_core.package_identification:_identify(resource) by extension 'python_setup_py'
[1.845s] Level 1:colcon.colcon_core.package_identification:_identify(resources) by extensions ['ignore', 'ignore_ament_install']
[1.845s] Level 1:colcon.colcon_core.package_identification:_identify(resources) by extension 'ignore'
[1.846s] Level 1:colcon.colcon_core.package_identification:_identify(resources) by extension 'ignore_ament_install'
[1.846s] Level 1:colcon.colcon_core.package_identification:_identify(resources) by extensions ['colcon_pkg']
[1.846s] Level 1:colcon.colcon_core.package_identification:_identify(resources) by extension 'colcon_pkg'
[1.846s] Level 1:colcon.colcon_core.package_identification:_identify(resources) by extensions ['colcon_meta']
[1.846s] Level 1:colcon.colcon_core.package_identification:_identify(resources) by extension 'colcon_meta'
[1.846s] Level 1:colcon.colcon_core.package_identification:_identify(resources) by extensions ['ros']
[1.847s] Level 1:colcon.colcon_core.package_identification:_identify(resources) by extension 'ros'
[1.847s] Level 1:colcon.colcon_core.package_identification:_identify(resources) by extensions ['cmake', 'python']
[1.847s] Level 1:colcon.colcon_core.package_identification:_identify(resources) by extension 'cmake'
[1.847s] Level 1:colcon.colcon_core.package_identification:_identify(resources) by extension 'python'
[1.847s] Level 1:colcon.colcon_core.package_identification:_identify(resources) by extensions ['python_setup_py']
[1.847s] Level 1:colcon.colcon_core.package_identification:_identify(resources) by extension 'python_setup_py'
[1.847s] Level 1:colcon.colcon_core.package_identification:_identify(resources/audibot) by extensions ['ignore', 'ignore_ament_install']
[1.850s] Level 1:colcon.colcon_core.package_identification:_identify(resources/audibot) by extension 'ignore'
[1.865s] Level 1:colcon.colcon_core.package_identification:_identify(resources/audibot) by extension 'ignore_ament_install'
[1.866s] Level 1:colcon.colcon_core.package_identification:_identify(resources/audibot) by extensions ['colcon_pkg']
[1.866s] Level 1:colcon.colcon_core.package_identification:_identify(resources/audibot) by extension 'colcon_pkg'
[1.867s] Level 1:colcon.colcon_core.package_identification:_identify(resources/audibot) by extensions ['colcon_meta']
[1.867s] Level 1:colcon.colcon_core.package_identification:_identify(resources/audibot) by extension 'colcon_meta'
[1.867s] Level 1:colcon.colcon_core.package_identification:_identify(resources/audibot) by extensions ['ros']
[1.867s] Level 1:colcon.colcon_core.package_identification:_identify(resources/audibot) by extension 'ros'
[1.867s] Level 1:colcon.colcon_core.package_identification:_identify(resources/audibot) by extensions ['cmake', 'python']
[1.867s] Level 1:colcon.colcon_core.package_identification:_identify(resources/audibot) by extension 'cmake'
[1.868s] Level 1:colcon.colcon_core.package_identification:_identify(resources/audibot) by extension 'python'
[1.868s] Level 1:colcon.colcon_core.package_identification:_identify(resources/audibot) by extensions ['python_setup_py']
[1.868s] Level 1:colcon.colcon_core.package_identification:_identify(resources/audibot) by extension 'python_setup_py'
[1.868s] Level 1:colcon.colcon_core.package_identification:_identify(resources/audibot/audibot) by extensions ['ignore', 'ignore_ament_install']
[1.868s] Level 1:colcon.colcon_core.package_identification:_identify(resources/audibot/audibot) by extension 'ignore'
[1.869s] Level 1:colcon.colcon_core.package_identification:_identify(resources/audibot/audibot) by extension 'ignore_ament_install'
[1.869s] Level 1:colcon.colcon_core.package_identification:_identify(resources/audibot/audibot) by extensions ['colcon_pkg']
[1.869s] Level 1:colcon.colcon_core.package_identification:_identify(resources/audibot/audibot) by extension 'colcon_pkg'
[1.869s] Level 1:colcon.colcon_core.package_identification:_identify(resources/audibot/audibot) by extensions ['colcon_meta']
[1.869s] Level 1:colcon.colcon_core.package_identification:_identify(resources/audibot/audibot) by extension 'colcon_meta'
[1.870s] Level 1:colcon.colcon_core.package_identification:_identify(resources/audibot/audibot) by extensions ['ros']
[1.870s] Level 1:colcon.colcon_core.package_identification:_identify(resources/audibot/audibot) by extension 'ros'
[1.877s] DEBUG:colcon.colcon_core.package_identification:Package 'resources/audibot/audibot' with type 'ros.ament_cmake' and name 'audibot'
[1.878s] Level 1:colcon.colcon_core.package_identification:_identify(resources/audibot/audibot_description) by extensions ['ignore', 'ignore_ament_install']
[1.878s] Level 1:colcon.colcon_core.package_identification:_identify(resources/audibot/audibot_description) by extension 'ignore'
[1.879s] Level 1:colcon.colcon_core.package_identification:_identify(resources/audibot/audibot_description) by extension 'ignore_ament_install'
[1.882s] Level 1:colcon.colcon_core.package_identification:_identify(resources/audibot/audibot_description) by extensions ['colcon_pkg']
[1.882s] Level 1:colcon.colcon_core.package_identification:_identify(resources/audibot/audibot_description) by extension 'colcon_pkg'
[1.882s] Level 1:colcon.colcon_core.package_identification:_identify(resources/audibot/audibot_description) by extensions ['colcon_meta']
[1.882s] Level 1:colcon.colcon_core.package_identification:_identify(resources/audibot/audibot_description) by extension 'colcon_meta'
[1.883s] Level 1:colcon.colcon_core.package_identification:_identify(resources/audibot/audibot_description) by extensions ['ros']
[1.883s] Level 1:colcon.colcon_core.package_identification:_identify(resources/audibot/audibot_description) by extension 'ros'
[1.884s] DEBUG:colcon.colcon_core.package_identification:Package 'resources/audibot/audibot_description' with type 'ros.ament_cmake' and name 'audibot_description'
[1.891s] Level 1:colcon.colcon_core.package_identification:_identify(resources/audibot/audibot_gazebo) by extensions ['ignore', 'ignore_ament_install']
[1.892s] Level 1:colcon.colcon_core.package_identification:_identify(resources/audibot/audibot_gazebo) by extension 'ignore'
[1.892s] Level 1:colcon.colcon_core.package_identification:_identify(resources/audibot/audibot_gazebo) by extension 'ignore_ament_install'
[1.892s] Level 1:colcon.colcon_core.package_identification:_identify(resources/audibot/audibot_gazebo) by extensions ['colcon_pkg']
[1.892s] Level 1:colcon.colcon_core.package_identification:_identify(resources/audibot/audibot_gazebo) by extension 'colcon_pkg'
[1.892s] Level 1:colcon.colcon_core.package_identification:_identify(resources/audibot/audibot_gazebo) by extensions ['colcon_meta']
[1.892s] Level 1:colcon.colcon_core.package_identification:_identify(resources/audibot/audibot_gazebo) by extension 'colcon_meta'
[1.893s] Level 1:colcon.colcon_core.package_identification:_identify(resources/audibot/audibot_gazebo) by extensions ['ros']
[1.893s] Level 1:colcon.colcon_core.package_identification:_identify(resources/audibot/audibot_gazebo) by extension 'ros'
[1.896s] DEBUG:colcon.colcon_core.package_identification:Package 'resources/audibot/audibot_gazebo' with type 'ros.ament_cmake' and name 'audibot_gazebo'
[1.901s] Level 1:colcon.colcon_core.package_identification:_identify(resources/gazebo_tf) by extensions ['ignore', 'ignore_ament_install']
[1.902s] Level 1:colcon.colcon_core.package_identification:_identify(resources/gazebo_tf) by extension 'ignore'
[1.902s] Level 1:colcon.colcon_core.package_identification:_identify(resources/gazebo_tf) by extension 'ignore_ament_install'
[1.902s] Level 1:colcon.colcon_core.package_identification:_identify(resources/gazebo_tf) by extensions ['colcon_pkg']
[1.903s] Level 1:colcon.colcon_core.package_identification:_identify(resources/gazebo_tf) by extension 'colcon_pkg'
[1.903s] Level 1:colcon.colcon_core.package_identification:_identify(resources/gazebo_tf) by extensions ['colcon_meta']
[1.903s] Level 1:colcon.colcon_core.package_identification:_identify(resources/gazebo_tf) by extension 'colcon_meta'
[1.903s] Level 1:colcon.colcon_core.package_identification:_identify(resources/gazebo_tf) by extensions ['ros']
[1.903s] Level 1:colcon.colcon_core.package_identification:_identify(resources/gazebo_tf) by extension 'ros'
[1.905s] DEBUG:colcon.colcon_core.package_identification:Package 'resources/gazebo_tf' with type 'ros.ament_cmake' and name 'gazebo_tf'
[1.913s] Level 1:colcon.colcon_core.package_identification:_identify(resources/yolo) by extensions ['ignore', 'ignore_ament_install']
[1.914s] Level 1:colcon.colcon_core.package_identification:_identify(resources/yolo) by extension 'ignore'
[1.914s] Level 1:colcon.colcon_core.package_identification:_identify(resources/yolo) by extension 'ignore_ament_install'
[1.914s] Level 1:colcon.colcon_core.package_identification:_identify(resources/yolo) by extensions ['colcon_pkg']
[1.915s] Level 1:colcon.colcon_core.package_identification:_identify(resources/yolo) by extension 'colcon_pkg'
[1.915s] Level 1:colcon.colcon_core.package_identification:_identify(resources/yolo) by extensions ['colcon_meta']
[1.915s] Level 1:colcon.colcon_core.package_identification:_identify(resources/yolo) by extension 'colcon_meta'
[1.915s] Level 1:colcon.colcon_core.package_identification:_identify(resources/yolo) by extensions ['ros']
[1.916s] Level 1:colcon.colcon_core.package_identification:_identify(resources/yolo) by extension 'ros'
[1.916s] Level 1:colcon.colcon_core.package_identification:_identify(resources/yolo) by extensions ['cmake', 'python']
[1.916s] Level 1:colcon.colcon_core.package_identification:_identify(resources/yolo) by extension 'cmake'
[1.916s] Level 1:colcon.colcon_core.package_identification:_identify(resources/yolo) by extension 'python'
[1.916s] Level 1:colcon.colcon_core.package_identification:_identify(resources/yolo) by extensions ['python_setup_py']
[1.916s] Level 1:colcon.colcon_core.package_identification:_identify(resources/yolo) by extension 'python_setup_py'
[1.917s] Level 1:colcon.colcon_core.package_identification:_identify(src) by extensions ['ignore', 'ignore_ament_install']
[1.917s] Level 1:colcon.colcon_core.package_identification:_identify(src) by extension 'ignore'
[1.917s] Level 1:colcon.colcon_core.package_identification:_identify(src) by extension 'ignore_ament_install'
[1.917s] Level 1:colcon.colcon_core.package_identification:_identify(src) by extensions ['colcon_pkg']
[1.918s] Level 1:colcon.colcon_core.package_identification:_identify(src) by extension 'colcon_pkg'
[1.918s] Level 1:colcon.colcon_core.package_identification:_identify(src) by extensions ['colcon_meta']
[1.918s] Level 1:colcon.colcon_core.package_identification:_identify(src) by extension 'colcon_meta'
[1.918s] Level 1:colcon.colcon_core.package_identification:_identify(src) by extensions ['ros']
[1.918s] Level 1:colcon.colcon_core.package_identification:_identify(src) by extension 'ros'
[1.918s] Level 1:colcon.colcon_core.package_identification:_identify(src) by extensions ['cmake', 'python']
[1.918s] Level 1:colcon.colcon_core.package_identification:_identify(src) by extension 'cmake'
[1.919s] Level 1:colcon.colcon_core.package_identification:_identify(src) by extension 'python'
[1.919s] Level 1:colcon.colcon_core.package_identification:_identify(src) by extensions ['python_setup_py']
[1.919s] Level 1:colcon.colcon_core.package_identification:_identify(src) by extension 'python_setup_py'
[1.919s] Level 1:colcon.colcon_core.package_identification:_identify(src/audibot_rl_driver) by extensions ['ignore', 'ignore_ament_install']
[1.919s] Level 1:colcon.colcon_core.package_identification:_identify(src/audibot_rl_driver) by extension 'ignore'
[1.920s] Level 1:colcon.colcon_core.package_identification:_identify(src/audibot_rl_driver) by extension 'ignore_ament_install'
[1.920s] Level 1:colcon.colcon_core.package_identification:_identify(src/audibot_rl_driver) by extensions ['colcon_pkg']
[1.920s] Level 1:colcon.colcon_core.package_identification:_identify(src/audibot_rl_driver) by extension 'colcon_pkg'
[1.920s] Level 1:colcon.colcon_core.package_identification:_identify(src/audibot_rl_driver) by extensions ['colcon_meta']
[1.920s] Level 1:colcon.colcon_core.package_identification:_identify(src/audibot_rl_driver) by extension 'colcon_meta'
[1.920s] Level 1:colcon.colcon_core.package_identification:_identify(src/audibot_rl_driver) by extensions ['ros']
[1.920s] Level 1:colcon.colcon_core.package_identification:_identify(src/audibot_rl_driver) by extension 'ros'
[1.923s] DEBUG:colcon.colcon_core.package_identification:Package 'src/audibot_rl_driver' with type 'ros.ament_python' and name 'audibot_rl_driver'
[1.936s] Level 1:colcon.colcon_core.package_identification:_identify(src/audibot_teleop_keys) by extensions ['ignore', 'ignore_ament_install']
[1.936s] Level 1:colcon.colcon_core.package_identification:_identify(src/audibot_teleop_keys) by extension 'ignore'
[1.937s] Level 1:colcon.colcon_core.package_identification:_identify(src/audibot_teleop_keys) by extension 'ignore_ament_install'
[1.937s] Level 1:colcon.colcon_core.package_identification:_identify(src/audibot_teleop_keys) by extensions ['colcon_pkg']
[1.937s] Level 1:colcon.colcon_core.package_identification:_identify(src/audibot_teleop_keys) by extension 'colcon_pkg'
[1.938s] Level 1:colcon.colcon_core.package_identification:_identify(src/audibot_teleop_keys) by extensions ['colcon_meta']
[1.938s] Level 1:colcon.colcon_core.package_identification:_identify(src/audibot_teleop_keys) by extension 'colcon_meta'
[1.938s] Level 1:colcon.colcon_core.package_identification:_identify(src/audibot_teleop_keys) by extensions ['ros']
[1.938s] Level 1:colcon.colcon_core.package_identification:_identify(src/audibot_teleop_keys) by extension 'ros'
[1.940s] DEBUG:colcon.colcon_core.package_identification:Package 'src/audibot_teleop_keys' with type 'ros.ament_python' and name 'audibot_teleop_keys'
[1.941s] Level 1:colcon.colcon_core.package_identification:_identify(src/audibot_yolo) by extensions ['ignore', 'ignore_ament_install']
[1.941s] Level 1:colcon.colcon_core.package_identification:_identify(src/audibot_yolo) by extension 'ignore'
[1.941s] Level 1:colcon.colcon_core.package_identification:_identify(src/audibot_yolo) by extension 'ignore_ament_install'
[1.941s] Level 1:colcon.colcon_core.package_identification:_identify(src/audibot_yolo) by extensions ['colcon_pkg']
[1.942s] Level 1:colcon.colcon_core.package_identification:_identify(src/audibot_yolo) by extension 'colcon_pkg'
[1.942s] Level 1:colcon.colcon_core.package_identification:_identify(src/audibot_yolo) by extensions ['colcon_meta']
[1.942s] Level 1:colcon.colcon_core.package_identification:_identify(src/audibot_yolo) by extension 'colcon_meta'
[1.942s] Level 1:colcon.colcon_core.package_identification:_identify(src/audibot_yolo) by extensions ['ros']
[1.942s] Level 1:colcon.colcon_core.package_identification:_identify(src/audibot_yolo) by extension 'ros'
[1.944s] DEBUG:colcon.colcon_core.package_identification:Package 'src/audibot_yolo' with type 'ros.ament_python' and name 'audibot_yolo'
[1.944s] Level 1:colcon.colcon_core.package_identification:_identify(src/cluster_puck) by extensions ['ignore', 'ignore_ament_install']
[1.944s] Level 1:colcon.colcon_core.package_identification:_identify(src/cluster_puck) by extension 'ignore'
[1.944s] Level 1:colcon.colcon_core.package_identification:_identify(src/cluster_puck) by extension 'ignore_ament_install'
[1.945s] Level 1:colcon.colcon_core.package_identification:_identify(src/cluster_puck) by extensions ['colcon_pkg']
[1.945s] Level 1:colcon.colcon_core.package_identification:_identify(src/cluster_puck) by extension 'colcon_pkg'
[1.945s] Level 1:colcon.colcon_core.package_identification:_identify(src/cluster_puck) by extensions ['colcon_meta']
[1.945s] Level 1:colcon.colcon_core.package_identification:_identify(src/cluster_puck) by extension 'colcon_meta'
[1.946s] Level 1:colcon.colcon_core.package_identification:_identify(src/cluster_puck) by extensions ['ros']
[1.946s] Level 1:colcon.colcon_core.package_identification:_identify(src/cluster_puck) by extension 'ros'
[1.948s] DEBUG:colcon.colcon_core.package_identification:Package 'src/cluster_puck' with type 'ros.ament_python' and name 'cluster_puck'
[1.950s] Level 1:colcon.colcon_core.package_identification:_identify(src/rl_gym) by extensions ['ignore', 'ignore_ament_install']
[1.952s] Level 1:colcon.colcon_core.package_identification:_identify(src/rl_gym) by extension 'ignore'
[1.952s] Level 1:colcon.colcon_core.package_identification:_identify(src/rl_gym) by extension 'ignore_ament_install'
[1.953s] Level 1:colcon.colcon_core.package_identification:_identify(src/rl_gym) by extensions ['colcon_pkg']
[1.953s] Level 1:colcon.colcon_core.package_identification:_identify(src/rl_gym) by extension 'colcon_pkg'
[1.953s] Level 1:colcon.colcon_core.package_identification:_identify(src/rl_gym) by extensions ['colcon_meta']
[1.953s] Level 1:colcon.colcon_core.package_identification:_identify(src/rl_gym) by extension 'colcon_meta'
[1.953s] Level 1:colcon.colcon_core.package_identification:_identify(src/rl_gym) by extensions ['ros']
[1.953s] Level 1:colcon.colcon_core.package_identification:_identify(src/rl_gym) by extension 'ros'
[1.961s] DEBUG:colcon.colcon_core.package_identification:Package 'src/rl_gym' with type 'ros.ament_python' and name 'rl_gym'
[1.962s] Level 1:colcon.colcon_core.package_identification:_identify(src/rl_rewards) by extensions ['ignore', 'ignore_ament_install']
[1.962s] Level 1:colcon.colcon_core.package_identification:_identify(src/rl_rewards) by extension 'ignore'
[1.962s] Level 1:colcon.colcon_core.package_identification:_identify(src/rl_rewards) by extension 'ignore_ament_install'
[1.962s] Level 1:colcon.colcon_core.package_identification:_identify(src/rl_rewards) by extensions ['colcon_pkg']
[1.962s] Level 1:colcon.colcon_core.package_identification:_identify(src/rl_rewards) by extension 'colcon_pkg'
[1.963s] Level 1:colcon.colcon_core.package_identification:_identify(src/rl_rewards) by extensions ['colcon_meta']
[1.963s] Level 1:colcon.colcon_core.package_identification:_identify(src/rl_rewards) by extension 'colcon_meta'
[1.963s] Level 1:colcon.colcon_core.package_identification:_identify(src/rl_rewards) by extensions ['ros']
[1.963s] Level 1:colcon.colcon_core.package_identification:_identify(src/rl_rewards) by extension 'ros'
[1.965s] DEBUG:colcon.colcon_core.package_identification:Package 'src/rl_rewards' with type 'ros.ament_python' and name 'rl_rewards'
[1.973s] Level 1:colcon.colcon_core.package_identification:_identify(src/yolo_msg) by extensions ['ignore', 'ignore_ament_install']
[1.978s] Level 1:colcon.colcon_core.package_identification:_identify(src/yolo_msg) by extension 'ignore'
[1.978s] Level 1:colcon.colcon_core.package_identification:_identify(src/yolo_msg) by extension 'ignore_ament_install'
[1.978s] Level 1:colcon.colcon_core.package_identification:_identify(src/yolo_msg) by extensions ['colcon_pkg']
[1.979s] Level 1:colcon.colcon_core.package_identification:_identify(src/yolo_msg) by extension 'colcon_pkg'
[1.979s] Level 1:colcon.colcon_core.package_identification:_identify(src/yolo_msg) by extensions ['colcon_meta']
[1.979s] Level 1:colcon.colcon_core.package_identification:_identify(src/yolo_msg) by extension 'colcon_meta'
[1.979s] Level 1:colcon.colcon_core.package_identification:_identify(src/yolo_msg) by extensions ['ros']
[1.979s] Level 1:colcon.colcon_core.package_identification:_identify(src/yolo_msg) by extension 'ros'
[1.982s] DEBUG:colcon.colcon_core.package_identification:Package 'src/yolo_msg' with type 'ros.ament_cmake' and name 'yolo_msg'
[1.983s] Level 1:colcon.colcon_core.package_identification:_identify(validation) by extensions ['ignore', 'ignore_ament_install']
[1.985s] Level 1:colcon.colcon_core.package_identification:_identify(validation) by extension 'ignore'
[1.986s] Level 1:colcon.colcon_core.package_identification:_identify(validation) by extension 'ignore_ament_install'
[1.987s] Level 1:colcon.colcon_core.package_identification:_identify(validation) by extensions ['colcon_pkg']
[1.987s] Level 1:colcon.colcon_core.package_identification:_identify(validation) by extension 'colcon_pkg'
[1.990s] Level 1:colcon.colcon_core.package_identification:_identify(validation) by extensions ['colcon_meta']
[1.990s] Level 1:colcon.colcon_core.package_identification:_identify(validation) by extension 'colcon_meta'
[1.991s] Level 1:colcon.colcon_core.package_identification:_identify(validation) by extensions ['ros']
[1.991s] Level 1:colcon.colcon_core.package_identification:_identify(validation) by extension 'ros'
[1.991s] Level 1:colcon.colcon_core.package_identification:_identify(validation) by extensions ['cmake', 'python']
[1.991s] Level 1:colcon.colcon_core.package_identification:_identify(validation) by extension 'cmake'
[1.991s] Level 1:colcon.colcon_core.package_identification:_identify(validation) by extension 'python'
[1.991s] Level 1:colcon.colcon_core.package_identification:_identify(validation) by extensions ['python_setup_py']
[1.992s] Level 1:colcon.colcon_core.package_identification:_identify(validation) by extension 'python_setup_py'
[1.992s] Level 1:colcon.colcon_core.package_identification:_identify(validation/ground_truths) by extensions ['ignore', 'ignore_ament_install']
[1.992s] Level 1:colcon.colcon_core.package_identification:_identify(validation/ground_truths) by extension 'ignore'
[1.992s] Level 1:colcon.colcon_core.package_identification:_identify(validation/ground_truths) by extension 'ignore_ament_install'
[1.993s] Level 1:colcon.colcon_core.package_identification:_identify(validation/ground_truths) by extensions ['colcon_pkg']
[1.993s] Level 1:colcon.colcon_core.package_identification:_identify(validation/ground_truths) by extension 'colcon_pkg'
[1.993s] Level 1:colcon.colcon_core.package_identification:_identify(validation/ground_truths) by extensions ['colcon_meta']
[1.993s] Level 1:colcon.colcon_core.package_identification:_identify(validation/ground_truths) by extension 'colcon_meta'
[1.993s] Level 1:colcon.colcon_core.package_identification:_identify(validation/ground_truths) by extensions ['ros']
[1.993s] Level 1:colcon.colcon_core.package_identification:_identify(validation/ground_truths) by extension 'ros'
[1.993s] Level 1:colcon.colcon_core.package_identification:_identify(validation/ground_truths) by extensions ['cmake', 'python']
[1.995s] Level 1:colcon.colcon_core.package_identification:_identify(validation/ground_truths) by extension 'cmake'
[1.995s] Level 1:colcon.colcon_core.package_identification:_identify(validation/ground_truths) by extension 'python'
[1.996s] Level 1:colcon.colcon_core.package_identification:_identify(validation/ground_truths) by extensions ['python_setup_py']
[1.996s] Level 1:colcon.colcon_core.package_identification:_identify(validation/ground_truths) by extension 'python_setup_py'
[1.996s] Level 1:colcon.colcon_core.package_identification:_identify(validation/rosbags) by extensions ['ignore', 'ignore_ament_install']
[1.997s] Level 1:colcon.colcon_core.package_identification:_identify(validation/rosbags) by extension 'ignore'
[1.998s] Level 1:colcon.colcon_core.package_identification:_identify(validation/rosbags) by extension 'ignore_ament_install'
[1.998s] Level 1:colcon.colcon_core.package_identification:_identify(validation/rosbags) by extensions ['colcon_pkg']
[1.998s] Level 1:colcon.colcon_core.package_identification:_identify(validation/rosbags) by extension 'colcon_pkg'
[1.998s] Level 1:colcon.colcon_core.package_identification:_identify(validation/rosbags) by extensions ['colcon_meta']
[2.001s] Level 1:colcon.colcon_core.package_identification:_identify(validation/rosbags) by extension 'colcon_meta'
[2.002s] Level 1:colcon.colcon_core.package_identification:_identify(validation/rosbags) by extensions ['ros']
[2.002s] Level 1:colcon.colcon_core.package_identification:_identify(validation/rosbags) by extension 'ros'
[2.003s] Level 1:colcon.colcon_core.package_identification:_identify(validation/rosbags) by extensions ['cmake', 'python']
[2.003s] Level 1:colcon.colcon_core.package_identification:_identify(validation/rosbags) by extension 'cmake'
[2.004s] Level 1:colcon.colcon_core.package_identification:_identify(validation/rosbags) by extension 'python'
[2.005s] Level 1:colcon.colcon_core.package_identification:_identify(validation/rosbags) by extensions ['python_setup_py']
[2.006s] Level 1:colcon.colcon_core.package_identification:_identify(validation/rosbags) by extension 'python_setup_py'
[2.006s] Level 1:colcon.colcon_core.package_identification:_identify(validation/rosbags/lidar_cone_centers) by extensions ['ignore', 'ignore_ament_install']
[2.007s] Level 1:colcon.colcon_core.package_identification:_identify(validation/rosbags/lidar_cone_centers) by extension 'ignore'
[2.007s] Level 1:colcon.colcon_core.package_identification:_identify(validation/rosbags/lidar_cone_centers) by extension 'ignore_ament_install'
[2.007s] Level 1:colcon.colcon_core.package_identification:_identify(validation/rosbags/lidar_cone_centers) by extensions ['colcon_pkg']
[2.007s] Level 1:colcon.colcon_core.package_identification:_identify(validation/rosbags/lidar_cone_centers) by extension 'colcon_pkg'
[2.008s] Level 1:colcon.colcon_core.package_identification:_identify(validation/rosbags/lidar_cone_centers) by extensions ['colcon_meta']
[2.010s] Level 1:colcon.colcon_core.package_identification:_identify(validation/rosbags/lidar_cone_centers) by extension 'colcon_meta'
[2.010s] Level 1:colcon.colcon_core.package_identification:_identify(validation/rosbags/lidar_cone_centers) by extensions ['ros']
[2.010s] Level 1:colcon.colcon_core.package_identification:_identify(validation/rosbags/lidar_cone_centers) by extension 'ros'
[2.010s] Level 1:colcon.colcon_core.package_identification:_identify(validation/rosbags/lidar_cone_centers) by extensions ['cmake', 'python']
[2.010s] Level 1:colcon.colcon_core.package_identification:_identify(validation/rosbags/lidar_cone_centers) by extension 'cmake'
[2.010s] Level 1:colcon.colcon_core.package_identification:_identify(validation/rosbags/lidar_cone_centers) by extension 'python'
[2.011s] Level 1:colcon.colcon_core.package_identification:_identify(validation/rosbags/lidar_cone_centers) by extensions ['python_setup_py']
[2.011s] Level 1:colcon.colcon_core.package_identification:_identify(validation/rosbags/lidar_cone_centers) by extension 'python_setup_py'
[2.011s] Level 1:colcon.colcon_core.package_identification:_identify(validation/testing) by extensions ['ignore', 'ignore_ament_install']
[2.011s] Level 1:colcon.colcon_core.package_identification:_identify(validation/testing) by extension 'ignore'
[2.011s] Level 1:colcon.colcon_core.package_identification:_identify(validation/testing) by extension 'ignore_ament_install'
[2.011s] Level 1:colcon.colcon_core.package_identification:_identify(validation/testing) by extensions ['colcon_pkg']
[2.011s] Level 1:colcon.colcon_core.package_identification:_identify(validation/testing) by extension 'colcon_pkg'
[2.012s] Level 1:colcon.colcon_core.package_identification:_identify(validation/testing) by extensions ['colcon_meta']
[2.012s] Level 1:colcon.colcon_core.package_identification:_identify(validation/testing) by extension 'colcon_meta'
[2.012s] Level 1:colcon.colcon_core.package_identification:_identify(validation/testing) by extensions ['ros']
[2.012s] Level 1:colcon.colcon_core.package_identification:_identify(validation/testing) by extension 'ros'
[2.018s] Level 1:colcon.colcon_core.package_identification:_identify(validation/testing) by extensions ['cmake', 'python']
[2.020s] Level 1:colcon.colcon_core.package_identification:_identify(validation/testing) by extension 'cmake'
[2.020s] Level 1:colcon.colcon_core.package_identification:_identify(validation/testing) by extension 'python'
[2.020s] Level 1:colcon.colcon_core.package_identification:_identify(validation/testing) by extensions ['python_setup_py']
[2.021s] Level 1:colcon.colcon_core.package_identification:_identify(validation/testing) by extension 'python_setup_py'
[2.021s] Level 1:colcon.colcon_core.package_identification:_identify(yolo_training) by extensions ['ignore', 'ignore_ament_install']
[2.021s] Level 1:colcon.colcon_core.package_identification:_identify(yolo_training) by extension 'ignore'
[2.021s] Level 1:colcon.colcon_core.package_identification:_identify(yolo_training) by extension 'ignore_ament_install'
[2.021s] Level 1:colcon.colcon_core.package_identification:_identify(yolo_training) by extensions ['colcon_pkg']
[2.024s] Level 1:colcon.colcon_core.package_identification:_identify(yolo_training) by extension 'colcon_pkg'
[2.024s] Level 1:colcon.colcon_core.package_identification:_identify(yolo_training) by extensions ['colcon_meta']
[2.024s] Level 1:colcon.colcon_core.package_identification:_identify(yolo_training) by extension 'colcon_meta'
[2.024s] Level 1:colcon.colcon_core.package_identification:_identify(yolo_training) by extensions ['ros']
[2.024s] Level 1:colcon.colcon_core.package_identification:_identify(yolo_training) by extension 'ros'
[2.024s] Level 1:colcon.colcon_core.package_identification:_identify(yolo_training) by extensions ['cmake', 'python']
[2.025s] Level 1:colcon.colcon_core.package_identification:_identify(yolo_training) by extension 'cmake'
[2.025s] Level 1:colcon.colcon_core.package_identification:_identify(yolo_training) by extension 'python'
[2.025s] Level 1:colcon.colcon_core.package_identification:_identify(yolo_training) by extensions ['python_setup_py']
[2.025s] Level 1:colcon.colcon_core.package_identification:_identify(yolo_training) by extension 'python_setup_py'
[2.025s] Level 1:colcon.colcon_core.package_identification:_identify(yolo_training/runs) by extensions ['ignore', 'ignore_ament_install']
[2.025s] Level 1:colcon.colcon_core.package_identification:_identify(yolo_training/runs) by extension 'ignore'
[2.025s] Level 1:colcon.colcon_core.package_identification:_identify(yolo_training/runs) by extension 'ignore_ament_install'
[2.026s] Level 1:colcon.colcon_core.package_identification:_identify(yolo_training/runs) by extensions ['colcon_pkg']
[2.026s] Level 1:colcon.colcon_core.package_identification:_identify(yolo_training/runs) by extension 'colcon_pkg'
[2.026s] Level 1:colcon.colcon_core.package_identification:_identify(yolo_training/runs) by extensions ['colcon_meta']
[2.026s] Level 1:colcon.colcon_core.package_identification:_identify(yolo_training/runs) by extension 'colcon_meta'
[2.026s] Level 1:colcon.colcon_core.package_identification:_identify(yolo_training/runs) by extensions ['ros']
[2.026s] Level 1:colcon.colcon_core.package_identification:_identify(yolo_training/runs) by extension 'ros'
[2.026s] Level 1:colcon.colcon_core.package_identification:_identify(yolo_training/runs) by extensions ['cmake', 'python']
[2.026s] Level 1:colcon.colcon_core.package_identification:_identify(yolo_training/runs) by extension 'cmake'
[2.026s] Level 1:colcon.colcon_core.package_identification:_identify(yolo_training/runs) by extension 'python'
[2.026s] Level 1:colcon.colcon_core.package_identification:_identify(yolo_training/runs) by extensions ['python_setup_py']
[2.027s] Level 1:colcon.colcon_core.package_identification:_identify(yolo_training/runs) by extension 'python_setup_py'
[2.027s] Level 1:colcon.colcon_core.package_identification:_identify(yolo_training/runs/detect) by extensions ['ignore', 'ignore_ament_install']
[2.027s] Level 1:colcon.colcon_core.package_identification:_identify(yolo_training/runs/detect) by extension 'ignore'
[2.027s] Level 1:colcon.colcon_core.package_identification:_identify(yolo_training/runs/detect) by extension 'ignore_ament_install'
[2.028s] Level 1:colcon.colcon_core.package_identification:_identify(yolo_training/runs/detect) by extensions ['colcon_pkg']
[2.028s] Level 1:colcon.colcon_core.package_identification:_identify(yolo_training/runs/detect) by extension 'colcon_pkg'
[2.028s] Level 1:colcon.colcon_core.package_identification:_identify(yolo_training/runs/detect) by extensions ['colcon_meta']
[2.028s] Level 1:colcon.colcon_core.package_identification:_identify(yolo_training/runs/detect) by extension 'colcon_meta'
[2.028s] Level 1:colcon.colcon_core.package_identification:_identify(yolo_training/runs/detect) by extensions ['ros']
[2.028s] Level 1:colcon.colcon_core.package_identification:_identify(yolo_training/runs/detect) by extension 'ros'
[2.028s] Level 1:colcon.colcon_core.package_identification:_identify(yolo_training/runs/detect) by extensions ['cmake', 'python']
[2.029s] Level 1:colcon.colcon_core.package_identification:_identify(yolo_training/runs/detect) by extension 'cmake'
[2.030s] Level 1:colcon.colcon_core.package_identification:_identify(yolo_training/runs/detect) by extension 'python'
[2.030s] Level 1:colcon.colcon_core.package_identification:_identify(yolo_training/runs/detect) by extensions ['python_setup_py']
[2.030s] Level 1:colcon.colcon_core.package_identification:_identify(yolo_training/runs/detect) by extension 'python_setup_py'
[2.030s] Level 1:colcon.colcon_core.package_identification:_identify(yolo_training/runs/detect/train) by extensions ['ignore', 'ignore_ament_install']
[2.030s] Level 1:colcon.colcon_core.package_identification:_identify(yolo_training/runs/detect/train) by extension 'ignore'
[2.030s] Level 1:colcon.colcon_core.package_identification:_identify(yolo_training/runs/detect/train) by extension 'ignore_ament_install'
[2.031s] Level 1:colcon.colcon_core.package_identification:_identify(yolo_training/runs/detect/train) by extensions ['colcon_pkg']
[2.031s] Level 1:colcon.colcon_core.package_identification:_identify(yolo_training/runs/detect/train) by extension 'colcon_pkg'
[2.031s] Level 1:colcon.colcon_core.package_identification:_identify(yolo_training/runs/detect/train) by extensions ['colcon_meta']
[2.031s] Level 1:colcon.colcon_core.package_identification:_identify(yolo_training/runs/detect/train) by extension 'colcon_meta'
[2.031s] Level 1:colcon.colcon_core.package_identification:_identify(yolo_training/runs/detect/train) by extensions ['ros']
[2.031s] Level 1:colcon.colcon_core.package_identification:_identify(yolo_training/runs/detect/train) by extension 'ros'
[2.040s] Level 1:colcon.colcon_core.package_identification:_identify(yolo_training/runs/detect/train) by extensions ['cmake', 'python']
[2.040s] Level 1:colcon.colcon_core.package_identification:_identify(yolo_training/runs/detect/train) by extension 'cmake'
[2.040s] Level 1:colcon.colcon_core.package_identification:_identify(yolo_training/runs/detect/train) by extension 'python'
[2.040s] Level 1:colcon.colcon_core.package_identification:_identify(yolo_training/runs/detect/train) by extensions ['python_setup_py']
[2.040s] Level 1:colcon.colcon_core.package_identification:_identify(yolo_training/runs/detect/train) by extension 'python_setup_py'
[2.045s] Level 1:colcon.colcon_core.package_identification:_identify(yolo_training/runs/detect/train/weights) by extensions ['ignore', 'ignore_ament_install']
[2.046s] Level 1:colcon.colcon_core.package_identification:_identify(yolo_training/runs/detect/train/weights) by extension 'ignore'
[2.047s] Level 1:colcon.colcon_core.package_identification:_identify(yolo_training/runs/detect/train/weights) by extension 'ignore_ament_install'
[2.047s] Level 1:colcon.colcon_core.package_identification:_identify(yolo_training/runs/detect/train/weights) by extensions ['colcon_pkg']
[2.050s] Level 1:colcon.colcon_core.package_identification:_identify(yolo_training/runs/detect/train/weights) by extension 'colcon_pkg'
[2.050s] Level 1:colcon.colcon_core.package_identification:_identify(yolo_training/runs/detect/train/weights) by extensions ['colcon_meta']
[2.050s] Level 1:colcon.colcon_core.package_identification:_identify(yolo_training/runs/detect/train/weights) by extension 'colcon_meta'
[2.051s] Level 1:colcon.colcon_core.package_identification:_identify(yolo_training/runs/detect/train/weights) by extensions ['ros']
[2.051s] Level 1:colcon.colcon_core.package_identification:_identify(yolo_training/runs/detect/train/weights) by extension 'ros'
[2.051s] Level 1:colcon.colcon_core.package_identification:_identify(yolo_training/runs/detect/train/weights) by extensions ['cmake', 'python']
[2.051s] Level 1:colcon.colcon_core.package_identification:_identify(yolo_training/runs/detect/train/weights) by extension 'cmake'
[2.052s] Level 1:colcon.colcon_core.package_identification:_identify(yolo_training/runs/detect/train/weights) by extension 'python'
[2.052s] Level 1:colcon.colcon_core.package_identification:_identify(yolo_training/runs/detect/train/weights) by extensions ['python_setup_py']
[2.052s] Level 1:colcon.colcon_core.package_identification:_identify(yolo_training/runs/detect/train/weights) by extension 'python_setup_py'
[2.053s] Level 1:colcon.colcon_core.package_identification:_identify(yolo_training/runs/detect/train5) by extensions ['ignore', 'ignore_ament_install']
[2.053s] Level 1:colcon.colcon_core.package_identification:_identify(yolo_training/runs/detect/train5) by extension 'ignore'
[2.053s] Level 1:colcon.colcon_core.package_identification:_identify(yolo_training/runs/detect/train5) by extension 'ignore_ament_install'
[2.054s] Level 1:colcon.colcon_core.package_identification:_identify(yolo_training/runs/detect/train5) by extensions ['colcon_pkg']
[2.054s] Level 1:colcon.colcon_core.package_identification:_identify(yolo_training/runs/detect/train5) by extension 'colcon_pkg'
[2.054s] Level 1:colcon.colcon_core.package_identification:_identify(yolo_training/runs/detect/train5) by extensions ['colcon_meta']
[2.056s] Level 1:colcon.colcon_core.package_identification:_identify(yolo_training/runs/detect/train5) by extension 'colcon_meta'
[2.056s] Level 1:colcon.colcon_core.package_identification:_identify(yolo_training/runs/detect/train5) by extensions ['ros']
[2.057s] Level 1:colcon.colcon_core.package_identification:_identify(yolo_training/runs/detect/train5) by extension 'ros'
[2.057s] Level 1:colcon.colcon_core.package_identification:_identify(yolo_training/runs/detect/train5) by extensions ['cmake', 'python']
[2.057s] Level 1:colcon.colcon_core.package_identification:_identify(yolo_training/runs/detect/train5) by extension 'cmake'
[2.057s] Level 1:colcon.colcon_core.package_identification:_identify(yolo_training/runs/detect/train5) by extension 'python'
[2.057s] Level 1:colcon.colcon_core.package_identification:_identify(yolo_training/runs/detect/train5) by extensions ['python_setup_py']
[2.057s] Level 1:colcon.colcon_core.package_identification:_identify(yolo_training/runs/detect/train5) by extension 'python_setup_py'
[2.057s] Level 1:colcon.colcon_core.package_discovery:discover_packages(recursive) using defaults
[2.058s] Level 1:colcon.colcon_core.package_discovery:discover_packages(ignore) discover
[2.058s] Level 1:colcon.colcon_core.package_discovery:discover_packages(ignore) using defaults
[2.058s] Level 1:colcon.colcon_core.package_discovery:discover_packages(path) discover
[2.058s] Level 1:colcon.colcon_core.package_discovery:discover_packages(path) using defaults
[2.175s] INFO:colcon.colcon_core.package_selection:Skipping not selected package 'audibot_description' in 'resources/audibot/audibot_description'
[2.176s] INFO:colcon.colcon_core.package_selection:Skipping not selected package 'audibot_teleop_keys' in 'src/audibot_teleop_keys'
[2.176s] INFO:colcon.colcon_core.package_selection:Skipping not selected package 'audibot_yolo' in 'src/audibot_yolo'
[2.177s] INFO:colcon.colcon_core.package_selection:Skipping not selected package 'cluster_puck' in 'src/cluster_puck'
[2.177s] INFO:colcon.colcon_core.package_selection:Skipping not selected package 'gazebo_tf' in 'resources/gazebo_tf'
[2.177s] INFO:colcon.colcon_core.package_selection:Skipping not selected package 'rl_gym' in 'src/rl_gym'
[2.177s] INFO:colcon.colcon_core.package_selection:Skipping not selected package 'rl_rewards' in 'src/rl_rewards'
[2.177s] INFO:colcon.colcon_core.package_selection:Skipping not selected package 'yolo_msg' in 'src/yolo_msg'
[2.178s] INFO:colcon.colcon_core.package_selection:Skipping not selected package 'audibot_gazebo' in 'resources/audibot/audibot_gazebo'
[2.178s] INFO:colcon.colcon_core.package_selection:Skipping not selected package 'audibot' in 'resources/audibot/audibot'
[2.190s] Level 1:colcon.colcon_core.package_discovery:discover_packages(prefix_path) check parameters
[2.192s] Level 1:colcon.colcon_core.package_discovery:discover_packages(prefix_path) discover
[2.215s] DEBUG:colcon.colcon_installed_package_information.package_discovery:Found 12 installed packages in /home/tejas_bhuta/git/drive_to_survive/install
[2.222s] DEBUG:colcon.colcon_installed_package_information.package_discovery:Found 398 installed packages in /opt/ros/humble
[2.241s] Level 1:colcon.colcon_core.package_discovery:discover_packages(prefix_path) using defaults
[2.516s] Level 5:colcon.colcon_core.verb:set package 'audibot_rl_driver' build argument 'cmake_args' from command line to 'None'
[2.516s] Level 5:colcon.colcon_core.verb:set package 'audibot_rl_driver' build argument 'cmake_target' from command line to 'None'
[2.517s] Level 5:colcon.colcon_core.verb:set package 'audibot_rl_driver' build argument 'cmake_target_skip_unavailable' from command line to 'False'
[2.517s] Level 5:colcon.colcon_core.verb:set package 'audibot_rl_driver' build argument 'cmake_clean_cache' from command line to 'False'
[2.517s] Level 5:colcon.colcon_core.verb:set package 'audibot_rl_driver' build argument 'cmake_clean_first' from command line to 'False'
[2.518s] Level 5:colcon.colcon_core.verb:set package 'audibot_rl_driver' build argument 'cmake_force_configure' from command line to 'False'
[2.518s] Level 5:colcon.colcon_core.verb:set package 'audibot_rl_driver' build argument 'ament_cmake_args' from command line to 'None'
[2.518s] Level 5:colcon.colcon_core.verb:set package 'audibot_rl_driver' build argument 'catkin_cmake_args' from command line to 'None'
[2.518s] Level 5:colcon.colcon_core.verb:set package 'audibot_rl_driver' build argument 'catkin_skip_building_tests' from command line to 'False'
[2.519s] DEBUG:colcon.colcon_core.verb:Building package 'audibot_rl_driver' with the following arguments: {'ament_cmake_args': None, 'build_base': '/home/tejas_bhuta/git/drive_to_survive/build/audibot_rl_driver', 'catkin_cmake_args': None, 'catkin_skip_building_tests': False, 'cmake_args': None, 'cmake_clean_cache': False, 'cmake_clean_first': False, 'cmake_force_configure': False, 'cmake_target': None, 'cmake_target_skip_unavailable': False, 'install_base': '/home/tejas_bhuta/git/drive_to_survive/install/audibot_rl_driver', 'merge_install': False, 'path': '/home/tejas_bhuta/git/drive_to_survive/src/audibot_rl_driver', 'symlink_install': False, 'test_result_base': None}
[2.519s] INFO:colcon.colcon_core.executor:Executing jobs using 'parallel' executor
[2.533s] DEBUG:colcon.colcon_parallel_executor.executor.parallel:run_until_complete
[2.533s] INFO:colcon.colcon_ros.task.ament_python.build:Building ROS package in '/home/tejas_bhuta/git/drive_to_survive/src/audibot_rl_driver' with build type 'ament_python'
[2.533s] Level 1:colcon.colcon_core.shell:create_environment_hook('audibot_rl_driver', 'ament_prefix_path')
[2.537s] INFO:colcon.colcon_core.plugin_system:Skipping extension 'colcon_core.shell.bat': Not used on non-Windows systems
[2.538s] INFO:colcon.colcon_core.shell:Creating environment hook '/home/tejas_bhuta/git/drive_to_survive/install/audibot_rl_driver/share/audibot_rl_driver/hook/ament_prefix_path.ps1'
[2.539s] INFO:colcon.colcon_core.shell:Creating environment descriptor '/home/tejas_bhuta/git/drive_to_survive/install/audibot_rl_driver/share/audibot_rl_driver/hook/ament_prefix_path.dsv'
[2.541s] INFO:colcon.colcon_core.shell:Creating environment hook '/home/tejas_bhuta/git/drive_to_survive/install/audibot_rl_driver/share/audibot_rl_driver/hook/ament_prefix_path.sh'
[2.544s] INFO:colcon.colcon_core.shell:Skip shell extension 'powershell' for command environment: Not usable outside of PowerShell
[2.544s] DEBUG:colcon.colcon_core.shell:Skip shell extension 'dsv' for command environment
[3.953s] INFO:colcon.colcon_core.task.python.build:Building Python package in '/home/tejas_bhuta/git/drive_to_survive/src/audibot_rl_driver'
[3.953s] INFO:colcon.colcon_core.shell:Skip shell extension 'powershell' for command environment: Not usable outside of PowerShell
[3.954s] DEBUG:colcon.colcon_core.shell:Skip shell extension 'dsv' for command environment
[6.278s] DEBUG:colcon.colcon_core.event_handler.log_command:Invoking command in '/home/tejas_bhuta/git/drive_to_survive/src/audibot_rl_driver': PYTHONPATH=/home/tejas_bhuta/git/drive_to_survive/build/audibot_rl_driver/prefix_override:/usr/lib/python3/dist-packages/colcon_core/task/python/colcon_distutils_commands:/home/tejas_bhuta/git/drive_to_survive/install/audibot_rl_driver/lib/python3.10/site-packages:${PYTHONPATH} /usr/bin/python3 -W ignore:setup.py install is deprecated setup.py egg_info --egg-base ../../build/audibot_rl_driver build --build-base /home/tejas_bhuta/git/drive_to_survive/build/audibot_rl_driver/build install --record /home/tejas_bhuta/git/drive_to_survive/build/audibot_rl_driver/install.log --single-version-externally-managed install_data
[7.786s] DEBUG:colcon.colcon_core.event_handler.log_command:Invoked command in '/home/tejas_bhuta/git/drive_to_survive/src/audibot_rl_driver' returned '0': PYTHONPATH=/home/tejas_bhuta/git/drive_to_survive/build/audibot_rl_driver/prefix_override:/usr/lib/python3/dist-packages/colcon_core/task/python/colcon_distutils_commands:/home/tejas_bhuta/git/drive_to_survive/install/audibot_rl_driver/lib/python3.10/site-packages:${PYTHONPATH} /usr/bin/python3 -W ignore:setup.py install is deprecated setup.py egg_info --egg-base ../../build/audibot_rl_driver build --build-base /home/tejas_bhuta/git/drive_to_survive/build/audibot_rl_driver/build install --record /home/tejas_bhuta/git/drive_to_survive/build/audibot_rl_driver/install.log --single-version-externally-managed install_data
[7.792s] Level 1:colcon.colcon_core.environment:checking '/home/tejas_bhuta/git/drive_to_survive/install/audibot_rl_driver' for CMake module files
[7.795s] Level 1:colcon.colcon_core.environment:checking '/home/tejas_bhuta/git/drive_to_survive/install/audibot_rl_driver' for CMake config files
[7.796s] Level 1:colcon.colcon_core.environment:checking '/home/tejas_bhuta/git/drive_to_survive/install/audibot_rl_driver/lib'
[7.797s] Level 1:colcon.colcon_core.environment:checking '/home/tejas_bhuta/git/drive_to_survive/install/audibot_rl_driver/bin'
[7.797s] Level 1:colcon.colcon_core.shell:create_environment_hook('audibot_rl_driver', 'path')
[7.798s] INFO:colcon.colcon_core.shell:Creating environment hook '/home/tejas_bhuta/git/drive_to_survive/install/audibot_rl_driver/share/audibot_rl_driver/hook/path.ps1'
[7.799s] INFO:colcon.colcon_core.shell:Creating environment descriptor '/home/tejas_bhuta/git/drive_to_survive/install/audibot_rl_driver/share/audibot_rl_driver/hook/path.dsv'
[7.800s] INFO:colcon.colcon_core.shell:Creating environment hook '/home/tejas_bhuta/git/drive_to_survive/install/audibot_rl_driver/share/audibot_rl_driver/hook/path.sh'
[7.804s] Level 1:colcon.colcon_core.environment:checking '/home/tejas_bhuta/git/drive_to_survive/install/audibot_rl_driver/lib/pkgconfig/audibot_rl_driver.pc'
[7.822s] Level 1:colcon.colcon_core.environment:checking '/home/tejas_bhuta/git/drive_to_survive/install/audibot_rl_driver/lib/python3.10/site-packages'
[7.823s] Level 1:colcon.colcon_core.shell:create_environment_hook('audibot_rl_driver', 'pythonpath')
[7.824s] INFO:colcon.colcon_core.shell:Creating environment hook '/home/tejas_bhuta/git/drive_to_survive/install/audibot_rl_driver/share/audibot_rl_driver/hook/pythonpath.ps1'
[7.826s] INFO:colcon.colcon_core.shell:Creating environment descriptor '/home/tejas_bhuta/git/drive_to_survive/install/audibot_rl_driver/share/audibot_rl_driver/hook/pythonpath.dsv'
[7.827s] INFO:colcon.colcon_core.shell:Creating environment hook '/home/tejas_bhuta/git/drive_to_survive/install/audibot_rl_driver/share/audibot_rl_driver/hook/pythonpath.sh'
[7.828s] Level 1:colcon.colcon_core.environment:checking '/home/tejas_bhuta/git/drive_to_survive/install/audibot_rl_driver/bin'
[7.828s] Level 1:colcon.colcon_core.shell:create_environment_hook('audibot_rl_driver', 'pythonscriptspath')
[7.829s] INFO:colcon.colcon_core.shell:Creating environment hook '/home/tejas_bhuta/git/drive_to_survive/install/audibot_rl_driver/share/audibot_rl_driver/hook/pythonscriptspath.ps1'
[7.830s] INFO:colcon.colcon_core.shell:Creating environment descriptor '/home/tejas_bhuta/git/drive_to_survive/install/audibot_rl_driver/share/audibot_rl_driver/hook/pythonscriptspath.dsv'
[7.832s] INFO:colcon.colcon_core.shell:Creating environment hook '/home/tejas_bhuta/git/drive_to_survive/install/audibot_rl_driver/share/audibot_rl_driver/hook/pythonscriptspath.sh'
[7.833s] Level 1:colcon.colcon_core.environment:create_environment_scripts_only(audibot_rl_driver)
[7.834s] INFO:colcon.colcon_core.shell:Creating package script '/home/tejas_bhuta/git/drive_to_survive/install/audibot_rl_driver/share/audibot_rl_driver/package.ps1'
[7.838s] INFO:colcon.colcon_core.shell:Creating package descriptor '/home/tejas_bhuta/git/drive_to_survive/install/audibot_rl_driver/share/audibot_rl_driver/package.dsv'
[7.857s] INFO:colcon.colcon_core.shell:Creating package script '/home/tejas_bhuta/git/drive_to_survive/install/audibot_rl_driver/share/audibot_rl_driver/package.sh'
[7.863s] INFO:colcon.colcon_core.shell:Creating package script '/home/tejas_bhuta/git/drive_to_survive/install/audibot_rl_driver/share/audibot_rl_driver/package.bash'
[7.865s] INFO:colcon.colcon_core.shell:Creating package script '/home/tejas_bhuta/git/drive_to_survive/install/audibot_rl_driver/share/audibot_rl_driver/package.zsh'
[7.868s] Level 1:colcon.colcon_core.environment:create_file_with_runtime_dependencies(/home/tejas_bhuta/git/drive_to_survive/install/audibot_rl_driver/share/colcon-core/packages/audibot_rl_driver)
[7.870s] DEBUG:colcon.colcon_parallel_executor.executor.parallel:closing loop
[7.871s] DEBUG:colcon.colcon_parallel_executor.executor.parallel:loop closed
[7.871s] DEBUG:colcon.colcon_parallel_executor.executor.parallel:run_until_complete finished with '0'
[7.871s] DEBUG:colcon.colcon_core.event_reactor:joining thread
[7.912s] INFO:colcon.colcon_core.plugin_system:Skipping extension 'colcon_notification.desktop_notification.notify_send': Could not find 'notify-send'
[7.912s] INFO:colcon.colcon_core.plugin_system:Skipping extension 'colcon_notification.desktop_notification.terminal_notifier': Not used on non-Darwin systems
[7.913s] INFO:colcon.colcon_core.plugin_system:Skipping extension 'colcon_notification.desktop_notification.win32': Not used on non-Windows systems
[7.913s] INFO:colcon.colcon_notification.desktop_notification:Sending desktop notification using 'notify2'
[7.915s] DEBUG:colcon.colcon_notification.desktop_notification.notify2:Failed to initialize notify2: org.freedesktop.DBus.Error.ServiceUnknown: The name org.freedesktop.Notifications was not provided by any .service files
[7.915s] DEBUG:colcon.colcon_core.event_reactor:joined thread
[7.916s] INFO:colcon.colcon_core.shell:Creating prefix script '/home/tejas_bhuta/git/drive_to_survive/install/local_setup.ps1'
[7.917s] INFO:colcon.colcon_core.shell:Creating prefix util module '/home/tejas_bhuta/git/drive_to_survive/install/_local_setup_util_ps1.py'
[7.920s] INFO:colcon.colcon_core.shell:Creating prefix chain script '/home/tejas_bhuta/git/drive_to_survive/install/setup.ps1'
[7.922s] INFO:colcon.colcon_core.shell:Creating prefix script '/home/tejas_bhuta/git/drive_to_survive/install/local_setup.sh'
[7.923s] INFO:colcon.colcon_core.shell:Creating prefix util module '/home/tejas_bhuta/git/drive_to_survive/install/_local_setup_util_sh.py'
[7.924s] INFO:colcon.colcon_core.shell:Creating prefix chain script '/home/tejas_bhuta/git/drive_to_survive/install/setup.sh'
[7.927s] INFO:colcon.colcon_core.shell:Creating prefix script '/home/tejas_bhuta/git/drive_to_survive/install/local_setup.bash'
[7.929s] INFO:colcon.colcon_core.shell:Creating prefix chain script '/home/tejas_bhuta/git/drive_to_survive/install/setup.bash'
[7.934s] INFO:colcon.colcon_core.shell:Creating prefix script '/home/tejas_bhuta/git/drive_to_survive/install/local_setup.zsh'
[7.935s] INFO:colcon.colcon_core.shell:Creating prefix chain script '/home/tejas_bhuta/git/drive_to_survive/install/setup.zsh'
