[1.840s] Invoking command in '/home/tejas_bhuta/git/drive_to_survive/build/audibot_yolo': PYTHONPATH=/home/tejas_bhuta/git/drive_to_survive/build/audibot_yolo/prefix_override:/usr/lib/python3/dist-packages/colcon_core/task/python/colcon_distutils_commands:/home/tejas_bhuta/git/drive_to_survive/install/audibot_yolo/lib/python3.10/site-packages:${PYTHONPATH} /usr/bin/python3 -W ignore:setup.py install is deprecated setup.py develop --editable --build-directory /home/tejas_bhuta/git/drive_to_survive/build/audibot_yolo/build --no-deps symlink_data
[2.223s] /usr/lib/python3/dist-packages/setuptools/command/easy_install.py:158: EasyInstallDeprecationWarning: easy_install command is deprecated. Use build and pip and other standards-based tools.
[2.223s]   warnings.warn(
[2.223s] running develop
[2.552s] running egg_info
[2.552s] writing audibot_yolo.egg-info/PKG-INFO
[2.554s] writing dependency_links to audibot_yolo.egg-info/dependency_links.txt
[2.554s] writing entry points to audibot_yolo.egg-info/entry_points.txt
[2.554s] writing requirements to audibot_yolo.egg-info/requires.txt
[2.554s] writing top-level names to audibot_yolo.egg-info/top_level.txt
[2.559s] reading manifest file 'audibot_yolo.egg-info/SOURCES.txt'
[2.560s] writing manifest file 'audibot_yolo.egg-info/SOURCES.txt'
[2.562s] running build_ext
[2.563s] Creating /home/tejas_bhuta/git/drive_to_survive/install/audibot_yolo/lib/python3.10/site-packages/audibot-yolo.egg-link (link to .)
[2.563s] Installing audibot_yolo script to /home/tejas_bhuta/git/drive_to_survive/install/audibot_yolo/lib/audibot_yolo
[2.564s] Installing back_camera_node script to /home/tejas_bhuta/git/drive_to_survive/install/audibot_yolo/lib/audibot_yolo
[2.564s] Installing front_camera_node script to /home/tejas_bhuta/git/drive_to_survive/install/audibot_yolo/lib/audibot_yolo
[2.565s] Installing left_camera_node script to /home/tejas_bhuta/git/drive_to_survive/install/audibot_yolo/lib/audibot_yolo
[2.565s] Installing right_camera_node script to /home/tejas_bhuta/git/drive_to_survive/install/audibot_yolo/lib/audibot_yolo
[2.566s] 
[2.566s] Installed /home/tejas_bhuta/git/drive_to_survive/build/audibot_yolo
[2.566s] running symlink_data
[2.627s] Invoked command in '/home/tejas_bhuta/git/drive_to_survive/build/audibot_yolo' returned '0': PYTHONPATH=/home/tejas_bhuta/git/drive_to_survive/build/audibot_yolo/prefix_override:/usr/lib/python3/dist-packages/colcon_core/task/python/colcon_distutils_commands:/home/tejas_bhuta/git/drive_to_survive/install/audibot_yolo/lib/python3.10/site-packages:${PYTHONPATH} /usr/bin/python3 -W ignore:setup.py install is deprecated setup.py develop --editable --build-directory /home/tejas_bhuta/git/drive_to_survive/build/audibot_yolo/build --no-deps symlink_data
