[3.744s] Invoking command in '/home/tejas_bhuta/git/drive_to_survive/src/audibot_rl_driver': PYTHONPATH=/home/tejas_bhuta/git/drive_to_survive/build/audibot_rl_driver/prefix_override:/usr/lib/python3/dist-packages/colcon_core/task/python/colcon_distutils_commands:/home/tejas_bhuta/git/drive_to_survive/install/audibot_rl_driver/lib/python3.10/site-packages:${PYTHONPATH} /usr/bin/python3 -W ignore:setup.py install is deprecated setup.py egg_info --egg-base ../../build/audibot_rl_driver build --build-base /home/tejas_bhuta/git/drive_to_survive/build/audibot_rl_driver/build install --record /home/tejas_bhuta/git/drive_to_survive/build/audibot_rl_driver/install.log --single-version-externally-managed install_data
[4.914s] running egg_info
[4.942s] writing ../../build/audibot_rl_driver/audibot_rl_driver.egg-info/PKG-INFO
[4.945s] writing dependency_links to ../../build/audibot_rl_driver/audibot_rl_driver.egg-info/dependency_links.txt
[4.947s] writing entry points to ../../build/audibot_rl_driver/audibot_rl_driver.egg-info/entry_points.txt
[4.948s] writing requirements to ../../build/audibot_rl_driver/audibot_rl_driver.egg-info/requires.txt
[4.949s] writing top-level names to ../../build/audibot_rl_driver/audibot_rl_driver.egg-info/top_level.txt
[4.952s] reading manifest file '../../build/audibot_rl_driver/audibot_rl_driver.egg-info/SOURCES.txt'
[4.954s] writing manifest file '../../build/audibot_rl_driver/audibot_rl_driver.egg-info/SOURCES.txt'
[4.955s] running build
[4.955s] running build_py
[4.957s] copying audibot_rl_driver/rl_agent_node.py -> /home/tejas_bhuta/git/drive_to_survive/build/audibot_rl_driver/build/lib/audibot_rl_driver
[4.960s] running install
[4.961s] running install_lib
[4.963s] copying /home/tejas_bhuta/git/drive_to_survive/build/audibot_rl_driver/build/lib/audibot_rl_driver/rl_agent_node.py -> /home/tejas_bhuta/git/drive_to_survive/install/audibot_rl_driver/lib/python3.10/site-packages/audibot_rl_driver
[4.965s] byte-compiling /home/tejas_bhuta/git/drive_to_survive/install/audibot_rl_driver/lib/python3.10/site-packages/audibot_rl_driver/rl_agent_node.py to rl_agent_node.cpython-310.pyc
[4.977s] running install_data
[4.986s] running install_egg_info
[4.994s] removing '/home/tejas_bhuta/git/drive_to_survive/install/audibot_rl_driver/lib/python3.10/site-packages/audibot_rl_driver-0.0.0-py3.10.egg-info' (and everything under it)
[5.002s] Copying ../../build/audibot_rl_driver/audibot_rl_driver.egg-info to /home/tejas_bhuta/git/drive_to_survive/install/audibot_rl_driver/lib/python3.10/site-packages/audibot_rl_driver-0.0.0-py3.10.egg-info
[5.006s] running install_scripts
[5.102s] Installing rl_agent_node script to /home/tejas_bhuta/git/drive_to_survive/install/audibot_rl_driver/lib/audibot_rl_driver
[5.122s] writing list of installed files to '/home/tejas_bhuta/git/drive_to_survive/build/audibot_rl_driver/install.log'
[5.252s] Invoked command in '/home/tejas_bhuta/git/drive_to_survive/src/audibot_rl_driver' returned '0': PYTHONPATH=/home/tejas_bhuta/git/drive_to_survive/build/audibot_rl_driver/prefix_override:/usr/lib/python3/dist-packages/colcon_core/task/python/colcon_distutils_commands:/home/tejas_bhuta/git/drive_to_survive/install/audibot_rl_driver/lib/python3.10/site-packages:${PYTHONPATH} /usr/bin/python3 -W ignore:setup.py install is deprecated setup.py egg_info --egg-base ../../build/audibot_rl_driver build --build-base /home/tejas_bhuta/git/drive_to_survive/build/audibot_rl_driver/build install --record /home/tejas_bhuta/git/drive_to_survive/build/audibot_rl_driver/install.log --single-version-externally-managed install_data
