-- The C compiler identification is GNU 11.4.0
-- The CXX compiler identification is GNU 11.4.0
-- Detecting C compiler ABI info
-- Detecting C compiler ABI info - done
-- Check for working C compiler: /usr/bin/cc - skipped
-- Detecting C compile features
-- Detecting C compile features - done
-- Detecting CXX compiler ABI info
-- Detecting CXX compiler ABI info - done
-- Check for working CXX compiler: /usr/bin/c++ - skipped
-- Detecting CXX compile features
-- Detecting CXX compile features - done
-- Found ament_cmake: 1.3.10 (/opt/ros/humble/share/ament_cmake/cmake)
-- Found Python3: /usr/bin/python3 (found version "3.10.12") found components: Interpreter 
-- Override CMake install command with custom implementation using symlinks instead of copying resources
-- Configuring done
-- Generating done
-- Build files have been written to: /home/tejas_bhuta/git/drive_to_survive/build/audibot
-- Install configuration: ""
-- Execute custom install script
-- Symlinking: /home/tejas_bhuta/git/drive_to_survive/install/audibot/share/ament_index/resource_index/package_run_dependencies/audibot
-- Symlinking: /home/tejas_bhuta/git/drive_to_survive/install/audibot/share/ament_index/resource_index/parent_prefix_path/audibot
-- Symlinking: /home/tejas_bhuta/git/drive_to_survive/install/audibot/share/audibot/environment/ament_prefix_path.sh
-- Symlinking: /home/tejas_bhuta/git/drive_to_survive/install/audibot/share/audibot/environment/ament_prefix_path.dsv
-- Symlinking: /home/tejas_bhuta/git/drive_to_survive/install/audibot/share/audibot/environment/path.sh
-- Symlinking: /home/tejas_bhuta/git/drive_to_survive/install/audibot/share/audibot/environment/path.dsv
-- Symlinking: /home/tejas_bhuta/git/drive_to_survive/install/audibot/share/audibot/local_setup.bash
-- Symlinking: /home/tejas_bhuta/git/drive_to_survive/install/audibot/share/audibot/local_setup.sh
-- Symlinking: /home/tejas_bhuta/git/drive_to_survive/install/audibot/share/audibot/local_setup.zsh
-- Symlinking: /home/tejas_bhuta/git/drive_to_survive/install/audibot/share/audibot/local_setup.dsv
-- Symlinking: /home/tejas_bhuta/git/drive_to_survive/install/audibot/share/audibot/package.dsv
-- Symlinking: /home/tejas_bhuta/git/drive_to_survive/install/audibot/share/ament_index/resource_index/packages/audibot
-- Symlinking: /home/tejas_bhuta/git/drive_to_survive/install/audibot/share/audibot/cmake/audibotConfig.cmake
-- Symlinking: /home/tejas_bhuta/git/drive_to_survive/install/audibot/share/audibot/cmake/audibotConfig-version.cmake
-- Symlinking: /home/tejas_bhuta/git/drive_to_survive/install/audibot/share/audibot/package.xml
