[0.270s] Invoking command in '/home/tejas_bhuta/git/drive_to_survive/build/audibot': CMAKE_PREFIX_PATH=/home/tejas_bhuta/git/drive_to_survive/install/audibot_gazebo:/home/tejas_bhuta/git/drive_to_survive/install/audibot_description:/home/tejas_bhuta/git/drive_to_survive/install/yolo_msg:/home/tejas_bhuta/git/drive_to_survive/install/gazebo_tf:/home/tejas_bhuta/git/drive_to_survive/install/observation_space:/home/tejas_bhuta/git/drive_to_survive/install/cluster_puck:/home/tejas_bhuta/git/drive_to_survive/install/audibot_yolo:/home/tejas_bhuta/git/drive_to_survive/install/audibot_teleop_keys:/opt/ros/humble LD_LIBRARY_PATH=/home/tejas_bhuta/git/drive_to_survive/install/audibot_gazebo/lib:/home/tejas_bhuta/git/drive_to_survive/install/yolo_msg/lib:/usr/lib/x86_64-linux-gnu/gazebo-11/plugins:/opt/ros/humble/opt/rviz_ogre_vendor/lib:/opt/ros/humble/lib/x86_64-linux-gnu:/opt/ros/humble/lib:/usr/lib/x86_64-linux-gnu/gazebo-11/plugins:/opt/ros/humble/lib /usr/bin/cmake /home/tejas_bhuta/git/drive_to_survive/resources/audibot/audibot -DAMENT_CMAKE_SYMLINK_INSTALL=1 -DCMAKE_INSTALL_PREFIX=/home/tejas_bhuta/git/drive_to_survive/install/audibot
[1.108s] -- The C compiler identification is GNU 11.4.0
[1.999s] -- The CXX compiler identification is GNU 11.4.0
[2.396s] -- Detecting C compiler ABI info
[3.007s] -- Detecting C compiler ABI info - done
[3.008s] -- Check for working C compiler: /usr/bin/cc - skipped
[3.008s] -- Detecting C compile features
[3.015s] -- Detecting C compile features - done
[3.044s] -- Detecting CXX compiler ABI info
[3.809s] -- Detecting CXX compiler ABI info - done
[3.810s] -- Check for working CXX compiler: /usr/bin/c++ - skipped
[3.810s] -- Detecting CXX compile features
[3.810s] -- Detecting CXX compile features - done
[3.829s] -- Found ament_cmake: 1.3.10 (/opt/ros/humble/share/ament_cmake/cmake)
[4.576s] -- Found Python3: /usr/bin/python3 (found version "3.10.12") found components: Interpreter 
[4.843s] -- Override CMake install command with custom implementation using symlinks instead of copying resources
[5.194s] -- Configuring done
[5.201s] -- Generating done
[5.218s] -- Build files have been written to: /home/tejas_bhuta/git/drive_to_survive/build/audibot
[5.246s] Invoked command in '/home/tejas_bhuta/git/drive_to_survive/build/audibot' returned '0': CMAKE_PREFIX_PATH=/home/tejas_bhuta/git/drive_to_survive/install/audibot_gazebo:/home/tejas_bhuta/git/drive_to_survive/install/audibot_description:/home/tejas_bhuta/git/drive_to_survive/install/yolo_msg:/home/tejas_bhuta/git/drive_to_survive/install/gazebo_tf:/home/tejas_bhuta/git/drive_to_survive/install/observation_space:/home/tejas_bhuta/git/drive_to_survive/install/cluster_puck:/home/tejas_bhuta/git/drive_to_survive/install/audibot_yolo:/home/tejas_bhuta/git/drive_to_survive/install/audibot_teleop_keys:/opt/ros/humble LD_LIBRARY_PATH=/home/tejas_bhuta/git/drive_to_survive/install/audibot_gazebo/lib:/home/tejas_bhuta/git/drive_to_survive/install/yolo_msg/lib:/usr/lib/x86_64-linux-gnu/gazebo-11/plugins:/opt/ros/humble/opt/rviz_ogre_vendor/lib:/opt/ros/humble/lib/x86_64-linux-gnu:/opt/ros/humble/lib:/usr/lib/x86_64-linux-gnu/gazebo-11/plugins:/opt/ros/humble/lib /usr/bin/cmake /home/tejas_bhuta/git/drive_to_survive/resources/audibot/audibot -DAMENT_CMAKE_SYMLINK_INSTALL=1 -DCMAKE_INSTALL_PREFIX=/home/tejas_bhuta/git/drive_to_survive/install/audibot
[5.247s] Invoking command in '/home/tejas_bhuta/git/drive_to_survive/build/audibot': CMAKE_PREFIX_PATH=/home/tejas_bhuta/git/drive_to_survive/install/audibot_gazebo:/home/tejas_bhuta/git/drive_to_survive/install/audibot_description:/home/tejas_bhuta/git/drive_to_survive/install/yolo_msg:/home/tejas_bhuta/git/drive_to_survive/install/gazebo_tf:/home/tejas_bhuta/git/drive_to_survive/install/observation_space:/home/tejas_bhuta/git/drive_to_survive/install/cluster_puck:/home/tejas_bhuta/git/drive_to_survive/install/audibot_yolo:/home/tejas_bhuta/git/drive_to_survive/install/audibot_teleop_keys:/opt/ros/humble LD_LIBRARY_PATH=/home/tejas_bhuta/git/drive_to_survive/install/audibot_gazebo/lib:/home/tejas_bhuta/git/drive_to_survive/install/yolo_msg/lib:/usr/lib/x86_64-linux-gnu/gazebo-11/plugins:/opt/ros/humble/opt/rviz_ogre_vendor/lib:/opt/ros/humble/lib/x86_64-linux-gnu:/opt/ros/humble/lib:/usr/lib/x86_64-linux-gnu/gazebo-11/plugins:/opt/ros/humble/lib /usr/bin/cmake --build /home/tejas_bhuta/git/drive_to_survive/build/audibot -- -j16 -l16
[5.481s] Invoked command in '/home/tejas_bhuta/git/drive_to_survive/build/audibot' returned '0': CMAKE_PREFIX_PATH=/home/tejas_bhuta/git/drive_to_survive/install/audibot_gazebo:/home/tejas_bhuta/git/drive_to_survive/install/audibot_description:/home/tejas_bhuta/git/drive_to_survive/install/yolo_msg:/home/tejas_bhuta/git/drive_to_survive/install/gazebo_tf:/home/tejas_bhuta/git/drive_to_survive/install/observation_space:/home/tejas_bhuta/git/drive_to_survive/install/cluster_puck:/home/tejas_bhuta/git/drive_to_survive/install/audibot_yolo:/home/tejas_bhuta/git/drive_to_survive/install/audibot_teleop_keys:/opt/ros/humble LD_LIBRARY_PATH=/home/tejas_bhuta/git/drive_to_survive/install/audibot_gazebo/lib:/home/tejas_bhuta/git/drive_to_survive/install/yolo_msg/lib:/usr/lib/x86_64-linux-gnu/gazebo-11/plugins:/opt/ros/humble/opt/rviz_ogre_vendor/lib:/opt/ros/humble/lib/x86_64-linux-gnu:/opt/ros/humble/lib:/usr/lib/x86_64-linux-gnu/gazebo-11/plugins:/opt/ros/humble/lib /usr/bin/cmake --build /home/tejas_bhuta/git/drive_to_survive/build/audibot -- -j16 -l16
[5.776s] Invoking command in '/home/tejas_bhuta/git/drive_to_survive/build/audibot': CMAKE_PREFIX_PATH=/home/tejas_bhuta/git/drive_to_survive/install/audibot_gazebo:/home/tejas_bhuta/git/drive_to_survive/install/audibot_description:/home/tejas_bhuta/git/drive_to_survive/install/yolo_msg:/home/tejas_bhuta/git/drive_to_survive/install/gazebo_tf:/home/tejas_bhuta/git/drive_to_survive/install/observation_space:/home/tejas_bhuta/git/drive_to_survive/install/cluster_puck:/home/tejas_bhuta/git/drive_to_survive/install/audibot_yolo:/home/tejas_bhuta/git/drive_to_survive/install/audibot_teleop_keys:/opt/ros/humble LD_LIBRARY_PATH=/home/tejas_bhuta/git/drive_to_survive/install/audibot_gazebo/lib:/home/tejas_bhuta/git/drive_to_survive/install/yolo_msg/lib:/usr/lib/x86_64-linux-gnu/gazebo-11/plugins:/opt/ros/humble/opt/rviz_ogre_vendor/lib:/opt/ros/humble/lib/x86_64-linux-gnu:/opt/ros/humble/lib:/usr/lib/x86_64-linux-gnu/gazebo-11/plugins:/opt/ros/humble/lib /usr/bin/cmake --install /home/tejas_bhuta/git/drive_to_survive/build/audibot
[5.807s] -- Install configuration: ""
[5.808s] -- Execute custom install script
[5.822s] -- Symlinking: /home/tejas_bhuta/git/drive_to_survive/install/audibot/share/ament_index/resource_index/package_run_dependencies/audibot
[5.865s] -- Symlinking: /home/tejas_bhuta/git/drive_to_survive/install/audibot/share/ament_index/resource_index/parent_prefix_path/audibot
[5.900s] -- Symlinking: /home/tejas_bhuta/git/drive_to_survive/install/audibot/share/audibot/environment/ament_prefix_path.sh
[5.938s] -- Symlinking: /home/tejas_bhuta/git/drive_to_survive/install/audibot/share/audibot/environment/ament_prefix_path.dsv
[5.977s] -- Symlinking: /home/tejas_bhuta/git/drive_to_survive/install/audibot/share/audibot/environment/path.sh
[6.051s] -- Symlinking: /home/tejas_bhuta/git/drive_to_survive/install/audibot/share/audibot/environment/path.dsv
[6.094s] -- Symlinking: /home/tejas_bhuta/git/drive_to_survive/install/audibot/share/audibot/local_setup.bash
[6.149s] -- Symlinking: /home/tejas_bhuta/git/drive_to_survive/install/audibot/share/audibot/local_setup.sh
[6.189s] -- Symlinking: /home/tejas_bhuta/git/drive_to_survive/install/audibot/share/audibot/local_setup.zsh
[6.230s] -- Symlinking: /home/tejas_bhuta/git/drive_to_survive/install/audibot/share/audibot/local_setup.dsv
[6.280s] -- Symlinking: /home/tejas_bhuta/git/drive_to_survive/install/audibot/share/audibot/package.dsv
[6.318s] -- Symlinking: /home/tejas_bhuta/git/drive_to_survive/install/audibot/share/ament_index/resource_index/packages/audibot
[6.363s] -- Symlinking: /home/tejas_bhuta/git/drive_to_survive/install/audibot/share/audibot/cmake/audibotConfig.cmake
[6.420s] -- Symlinking: /home/tejas_bhuta/git/drive_to_survive/install/audibot/share/audibot/cmake/audibotConfig-version.cmake
[6.461s] -- Symlinking: /home/tejas_bhuta/git/drive_to_survive/install/audibot/share/audibot/package.xml
[6.504s] Invoked command in '/home/tejas_bhuta/git/drive_to_survive/build/audibot' returned '0': CMAKE_PREFIX_PATH=/home/tejas_bhuta/git/drive_to_survive/install/audibot_gazebo:/home/tejas_bhuta/git/drive_to_survive/install/audibot_description:/home/tejas_bhuta/git/drive_to_survive/install/yolo_msg:/home/tejas_bhuta/git/drive_to_survive/install/gazebo_tf:/home/tejas_bhuta/git/drive_to_survive/install/observation_space:/home/tejas_bhuta/git/drive_to_survive/install/cluster_puck:/home/tejas_bhuta/git/drive_to_survive/install/audibot_yolo:/home/tejas_bhuta/git/drive_to_survive/install/audibot_teleop_keys:/opt/ros/humble LD_LIBRARY_PATH=/home/tejas_bhuta/git/drive_to_survive/install/audibot_gazebo/lib:/home/tejas_bhuta/git/drive_to_survive/install/yolo_msg/lib:/usr/lib/x86_64-linux-gnu/gazebo-11/plugins:/opt/ros/humble/opt/rviz_ogre_vendor/lib:/opt/ros/humble/lib/x86_64-linux-gnu:/opt/ros/humble/lib:/usr/lib/x86_64-linux-gnu/gazebo-11/plugins:/opt/ros/humble/lib /usr/bin/cmake --install /home/tejas_bhuta/git/drive_to_survive/build/audibot
